Arguments received: ['run_exp.py', 'base', 'WN18RR', '20', '5e-3', 'zscore', '128', '128', '500', '0', '1', 'simple', '1', 's_deg', '1']
loading dataset
WN18RR
X_p: torch.Size([86835, 22])
n_local: 21
X_p: torch.Size([2924, 22])
n_local: 21
X_p: torch.Size([2824, 22])
n_local: 21
Using a total of 21 features
done loading dataset
loading filters
done loading filters
loading negative samplers
init negative sampler with args
	use_2_hop_fts: True
	fts_blacklist: {'s_deg'}
done loading negative samplers
Running in hyperparameter evaluation mode
TWIG will be evaulaited on the validation set
and will not be tested each epoch on the validation set
Creating a new model from scratch
loading NN
done loading NN
running training and eval
TWIGI_Base(
  (linear_struct_1): Linear(in_features=21, out_features=10, bias=True)
  (relu_1): ReLU()
  (dropout_1): Dropout(p=0.01, inplace=False)
  (linear_struct_2): Linear(in_features=10, out_features=10, bias=True)
  (relu_2): ReLU()
  (dropout_2): Dropout(p=0.01, inplace=False)
  (linear_final): Linear(in_features=10, out_features=1, bias=True)
  (sigmoid_final): Sigmoid()
)
REC: Training with epochs = 20
Epoch 1 -- batch 0 / 679 loss: 0.0009618301992304623
batch 500 / 679 loss: 9.076010610442609e-05
Epoch 2 -- batch 0 / 679 loss: 1.840057120716665e-05
batch 500 / 679 loss: 1.6191324903047644e-05
Epoch 3 -- batch 0 / 679 loss: 1.2573401363624725e-05
batch 500 / 679 loss: 4.1787687223404646e-05
Epoch 4 -- batch 0 / 679 loss: 7.509440365538467e-06
batch 500 / 679 loss: 2.7233309083385393e-05
Epoch 5 -- batch 0 / 679 loss: 1.6134559700731188e-05
batch 500 / 679 loss: 2.3362732463283464e-05
Saving checkpoint at epoch 5; prefix = chkpt-ID_7610663684036277
Epoch 6 -- batch 0 / 679 loss: 5.036001311964355e-06
batch 500 / 679 loss: 2.597854472696781e-05
Epoch 7 -- batch 0 / 679 loss: 5.763821263826685e-06
batch 500 / 679 loss: 2.616210258565843e-05
Epoch 8 -- batch 0 / 679 loss: 1.1798302693932783e-05
batch 500 / 679 loss: 1.2327805961831473e-05
Epoch 9 -- batch 0 / 679 loss: 1.5233757949317805e-05
batch 500 / 679 loss: 1.817546035454143e-05
Epoch 10 -- batch 0 / 679 loss: 1.011368294712156e-05
batch 500 / 679 loss: 1.6116297047119588e-05
Saving checkpoint at epoch 10; prefix = chkpt-ID_7610663684036277
Epoch 11 -- batch 0 / 679 loss: 8.125613931042608e-06
batch 500 / 679 loss: 2.0819665223825723e-05
Epoch 12 -- batch 0 / 679 loss: 1.463834814785514e-05
batch 500 / 679 loss: 2.2851723770145327e-05
Epoch 13 -- batch 0 / 679 loss: 5.219470494921552e-06
batch 500 / 679 loss: 1.3407304322754499e-05
Epoch 14 -- batch 0 / 679 loss: 1.6493631846969947e-05
batch 500 / 679 loss: 2.481951014488004e-05
Epoch 15 -- batch 0 / 679 loss: 1.5675093891331926e-05
batch 500 / 679 loss: 1.999847881961614e-05
Saving checkpoint at epoch 15; prefix = chkpt-ID_7610663684036277
Epoch 16 -- batch 0 / 679 loss: 5.3411540648085065e-06
batch 500 / 679 loss: 2.1383651983342133e-05
Epoch 17 -- batch 0 / 679 loss: 1.0475881936145015e-05
batch 500 / 679 loss: 2.3209862774820067e-05
Epoch 18 -- batch 0 / 679 loss: 1.6696896636858582e-05
batch 500 / 679 loss: 1.2200863238831516e-05
Epoch 19 -- batch 0 / 679 loss: 5.82121219849796e-06
batch 500 / 679 loss: 9.59733733907342e-05
Epoch 20 -- batch 0 / 679 loss: 7.067937985993922e-06
batch 500 / 679 loss: 3.104681309196167e-05
Saving checkpoint at epoch 20; prefix = chkpt-ID_7610663684036277
Done Training!

==================================
Testing (cite this): dataloader for dataset WN18RR
Testing (cite this): batch 0 / 23
batch 0 / 23 loss: 0.10003860294818878
Testing (cite this): batch 1 / 23
Testing (cite this): batch 2 / 23
Testing (cite this): batch 3 / 23
Testing (cite this): batch 4 / 23
Testing (cite this): batch 5 / 23
Testing (cite this): batch 6 / 23
Testing (cite this): batch 7 / 23
Testing (cite this): batch 8 / 23
Testing (cite this): batch 9 / 23
Testing (cite this): batch 10 / 23
Testing (cite this): batch 11 / 23
Testing (cite this): batch 12 / 23
Testing (cite this): batch 13 / 23
Testing (cite this): batch 14 / 23
Testing (cite this): batch 15 / 23
Testing (cite this): batch 16 / 23
Testing (cite this): batch 17 / 23
Testing (cite this): batch 18 / 23
Testing (cite this): batch 19 / 23
Testing (cite this): batch 20 / 23
Testing (cite this): batch 21 / 23
Testing (cite this): batch 22 / 23
total number of ranks, torch.Size([5648])
====== Ranks ======
ranks size: torch.Size([5648])
test_loss: 2.291472762823105
mr: 18247.6875
mrr: 0.027858495712280273
h1: 0.012924929149448872
h3: 0.039305947721004486
h5: 0.04621104896068573
h10: 0.04868980124592781
==================================

Done Testing!
done with training and eval
Experiments took 8787 seconds on 
