Arguments received: ['run_exp.py', 'base', 'WN18RR', '20', '5e-3', 'zscore', '128', '128', '500', '0', '1', 'simple', '1', 's_deg o_deg p_freq s_p_cofreq o_p_cofreq s_o_cofreq', '1']
loading dataset
WN18RR
X_p: torch.Size([86835, 17])
n_local: 16
X_p: torch.Size([2924, 17])
n_local: 16
X_p: torch.Size([2824, 17])
n_local: 16
Using a total of 16 features
done loading dataset
loading filters
done loading filters
loading negative samplers
init negative sampler with args
	use_2_hop_fts: True
	fts_blacklist: {'s_o_cofreq', 'o_deg', 'o_p_cofreq', 's_deg', 'p_freq', 's_p_cofreq'}
done loading negative samplers
Running in hyperparameter evaluation mode
TWIG will be evaulaited on the validation set
and will not be tested each epoch on the validation set
Creating a new model from scratch
loading NN
done loading NN
running training and eval
TWIGI_Base(
  (linear_struct_1): Linear(in_features=16, out_features=10, bias=True)
  (relu_1): ReLU()
  (dropout_1): Dropout(p=0.01, inplace=False)
  (linear_struct_2): Linear(in_features=10, out_features=10, bias=True)
  (relu_2): ReLU()
  (dropout_2): Dropout(p=0.01, inplace=False)
  (linear_final): Linear(in_features=10, out_features=1, bias=True)
  (sigmoid_final): Sigmoid()
)
REC: Training with epochs = 20
Epoch 1 -- batch 0 / 679 loss: 0.10331106185913086
batch 500 / 679 loss: 0.008618135005235672
Epoch 2 -- batch 0 / 679 loss: 0.06789660453796387
batch 500 / 679 loss: 0.011187629774212837
Epoch 3 -- batch 0 / 679 loss: 0.05227421224117279
batch 500 / 679 loss: 0.014197181910276413
Epoch 4 -- batch 0 / 679 loss: 0.047042325139045715
batch 500 / 679 loss: 0.012808075174689293
Epoch 5 -- batch 0 / 679 loss: 0.04473287612199783
batch 500 / 679 loss: 0.0103401904925704
Saving checkpoint at epoch 5; prefix = chkpt-ID_3790257370265414
Epoch 6 -- batch 0 / 679 loss: 0.04444393515586853
batch 500 / 679 loss: 0.010774802416563034
Epoch 7 -- batch 0 / 679 loss: 0.04528969153761864
batch 500 / 679 loss: 0.00997752696275711
Epoch 8 -- batch 0 / 679 loss: 0.04678346961736679
batch 500 / 679 loss: 0.007972145453095436
Epoch 9 -- batch 0 / 679 loss: 0.047154054045677185
batch 500 / 679 loss: 0.00662161223590374
Epoch 10 -- batch 0 / 679 loss: 0.0475049763917923
batch 500 / 679 loss: 0.005567152984440327
Saving checkpoint at epoch 10; prefix = chkpt-ID_3790257370265414
Epoch 11 -- batch 0 / 679 loss: 0.042517200112342834
batch 500 / 679 loss: 0.005477313883602619
Epoch 12 -- batch 0 / 679 loss: 0.039145056158304214
batch 500 / 679 loss: 0.005364314652979374
Epoch 13 -- batch 0 / 679 loss: 0.040015775710344315
batch 500 / 679 loss: 0.005553435999900103
Epoch 14 -- batch 0 / 679 loss: 0.038868650794029236
batch 500 / 679 loss: 0.005335720721632242
Epoch 15 -- batch 0 / 679 loss: 0.03767071291804314
batch 500 / 679 loss: 0.00636755395680666
Saving checkpoint at epoch 15; prefix = chkpt-ID_3790257370265414
Epoch 16 -- batch 0 / 679 loss: 0.0386485829949379
batch 500 / 679 loss: 0.005280828103423119
Epoch 17 -- batch 0 / 679 loss: 0.03414355218410492
batch 500 / 679 loss: 0.005425428971648216
Epoch 18 -- batch 0 / 679 loss: 0.03434368222951889
batch 500 / 679 loss: 0.005728954449295998
Epoch 19 -- batch 0 / 679 loss: 0.03225017338991165
batch 500 / 679 loss: 0.004914791323244572
Epoch 20 -- batch 0 / 679 loss: 0.03244452923536301
batch 500 / 679 loss: 0.004833444021642208
Saving checkpoint at epoch 20; prefix = chkpt-ID_3790257370265414
Done Training!

==================================
Testing (cite this): dataloader for dataset WN18RR
Testing (cite this): batch 0 / 23
batch 0 / 23 loss: 0.2781938314437866
Testing (cite this): batch 1 / 23
Testing (cite this): batch 2 / 23
Testing (cite this): batch 3 / 23
Testing (cite this): batch 4 / 23
Testing (cite this): batch 5 / 23
Testing (cite this): batch 6 / 23
Testing (cite this): batch 7 / 23
Testing (cite this): batch 8 / 23
Testing (cite this): batch 9 / 23
Testing (cite this): batch 10 / 23
Testing (cite this): batch 11 / 23
Testing (cite this): batch 12 / 23
Testing (cite this): batch 13 / 23
Testing (cite this): batch 14 / 23
Testing (cite this): batch 15 / 23
Testing (cite this): batch 16 / 23
Testing (cite this): batch 17 / 23
Testing (cite this): batch 18 / 23
Testing (cite this): batch 19 / 23
Testing (cite this): batch 20 / 23
Testing (cite this): batch 21 / 23
Testing (cite this): batch 22 / 23
total number of ranks, torch.Size([5648])
====== Ranks ======
ranks size: torch.Size([5648])
test_loss: 6.137381345033646
mr: 29873.353515625
mrr: 0.0032482792157679796
h1: 0.0023016997147351503
h3: 0.0031869688536971807
h5: 0.0031869688536971807
h10: 0.004603399429470301
==================================

Done Testing!
done with training and eval
Experiments took 8533 seconds on 
