Arguments received: ['run_exp.py', 'base', 'UMLS', '10', '5e-3', 'zscore', '64', '64', '100', '0', '1', 'simple', 'None', '1']
loading dataset
UMLS
X_p: torch.Size([5216, 23])
n_local: 22
X_p: torch.Size([661, 23])
n_local: 22
X_p: torch.Size([652, 23])
n_local: 22
Using a total of 22 features
done loading dataset
loading filters
done loading filters
loading negative samplers
init negative sampler with args
	fts_blacklist: {'None'}
done loading negative samplers
Running in hyperparameter evaluation mode
TWIG will be evaulaited on the validation set
and will not be tested each epoch on the validation set
Creating a new model from scratch
loading NN
done loading NN
running training and eval
TWIGI_Base(
  (linear_struct_1): Linear(in_features=22, out_features=10, bias=True)
  (relu_1): ReLU()
  (dropout_1): Dropout(p=0.01, inplace=False)
  (linear_struct_2): Linear(in_features=10, out_features=10, bias=True)
  (relu_2): ReLU()
  (dropout_2): Dropout(p=0.01, inplace=False)
  (linear_final): Linear(in_features=10, out_features=1, bias=True)
  (sigmoid_final): Sigmoid()
)
REC: Training with epochs = 10
Epoch 1 -- batch 0 / 82 loss: 0.10152703523635864
Epoch 2 -- batch 0 / 82 loss: 0.02606811933219433
Epoch 3 -- batch 0 / 82 loss: 0.02388951927423477
Epoch 4 -- batch 0 / 82 loss: 0.024765945971012115
Epoch 5 -- batch 0 / 82 loss: 0.01035461574792862
Saving checkpoint at epoch 5; prefix = chkpt-ID_5910861883470747
Epoch 6 -- batch 0 / 82 loss: 0.016274889931082726
Epoch 7 -- batch 0 / 82 loss: 0.01578555442392826
Epoch 8 -- batch 0 / 82 loss: 0.02001725323498249
Epoch 9 -- batch 0 / 82 loss: 0.012590058147907257
Epoch 10 -- batch 0 / 82 loss: 0.0030626594088971615
Saving checkpoint at epoch 10; prefix = chkpt-ID_5910861883470747
Done Training!

==================================
Testing (cite this): dataloader for dataset UMLS
Testing (cite this): batch 0 / 11
batch 0 / 11 loss: 3.9546324842376634e-05
Testing (cite this): batch 1 / 11
Testing (cite this): batch 2 / 11
Testing (cite this): batch 3 / 11
Testing (cite this): batch 4 / 11
Testing (cite this): batch 5 / 11
Testing (cite this): batch 6 / 11
Testing (cite this): batch 7 / 11
Testing (cite this): batch 8 / 11
Testing (cite this): batch 9 / 11
Testing (cite this): batch 10 / 11
total number of ranks, torch.Size([1304])
====== Ranks ======
ranks size: torch.Size([1304])
test_loss: 0.00029342306379476213
mr: 1.0398772954940796
mrr: 0.9972089529037476
h1: 0.9961656332015991
h3: 0.9976993799209595
h5: 0.9984662532806396
h10: 0.9984662532806396
==================================

Done Testing!
done with training and eval
Experiments took 64 seconds on 
