Arguments received: ['run_exp.py', 'base', 'FB15k237', '20', '5e-4', 'zscore', '128', '128', '100', '0', '1', 'simple', '1', 'o_mean_freq_rel s_mean_freq_rel', '1']
loading dataset
FB15k237
X_p: torch.Size([272115, 21])
n_local: 20
X_p: torch.Size([20438, 21])
n_local: 20
X_p: torch.Size([17526, 21])
n_local: 20
Using a total of 20 features
done loading dataset
loading filters
done loading filters
loading negative samplers
init negative sampler with args
	use_2_hop_fts: True
	fts_blacklist: {'s_mean_freq_rel', 'o_mean_freq_rel'}
done loading negative samplers
Running in hyperparameter evaluation mode
TWIG will be evaulaited on the validation set
and will not be tested each epoch on the validation set
Creating a new model from scratch
loading NN
done loading NN
running training and eval
TWIGI_Base(
  (linear_struct_1): Linear(in_features=20, out_features=10, bias=True)
  (relu_1): ReLU()
  (dropout_1): Dropout(p=0.01, inplace=False)
  (linear_struct_2): Linear(in_features=10, out_features=10, bias=True)
  (relu_2): ReLU()
  (dropout_2): Dropout(p=0.01, inplace=False)
  (linear_final): Linear(in_features=10, out_features=1, bias=True)
  (sigmoid_final): Sigmoid()
)
REC: Training with epochs = 20
Epoch 1 -- batch 0 / 2126 loss: 0.08604446053504944
batch 500 / 2126 loss: 0.0016984211979433894
batch 1000 / 2126 loss: 0.0010339305736124516
batch 1500 / 2126 loss: 0.0015493467217311263
batch 2000 / 2126 loss: 0.0009939484298229218
Epoch 2 -- batch 0 / 2126 loss: 0.0008850724552758038
batch 500 / 2126 loss: 0.0002850850869435817
batch 1000 / 2126 loss: 0.0007723880698904395
batch 1500 / 2126 loss: 0.0006947404472157359
batch 2000 / 2126 loss: 0.0006217377376742661
Epoch 3 -- batch 0 / 2126 loss: 0.0004474841698538512
batch 500 / 2126 loss: 0.00018308853032067418
batch 1000 / 2126 loss: 0.0007598624797537923
batch 1500 / 2126 loss: 0.0006464748294092715
batch 2000 / 2126 loss: 0.0004743472672998905
Epoch 4 -- batch 0 / 2126 loss: 0.00016088869597297162
batch 500 / 2126 loss: 0.00016410654643550515
batch 1000 / 2126 loss: 0.0004989212029613554
batch 1500 / 2126 loss: 0.00043864973122254014
batch 2000 / 2126 loss: 0.00038695012335665524
Epoch 5 -- batch 0 / 2126 loss: 7.858422031858936e-05
batch 500 / 2126 loss: 0.00010075534373754635
batch 1000 / 2126 loss: 0.00034129220875911415
batch 1500 / 2126 loss: 0.00014563022705260664
batch 2000 / 2126 loss: 0.00037763238651677966
Saving checkpoint at epoch 5; prefix = chkpt-ID_4747899621887437
Epoch 6 -- batch 0 / 2126 loss: 3.1175546610029414e-05
batch 500 / 2126 loss: 6.1022226873319596e-05
batch 1000 / 2126 loss: 0.00015329726738855243
batch 1500 / 2126 loss: 0.0002410686283838004
batch 2000 / 2126 loss: 0.0001574268244439736
Epoch 7 -- batch 0 / 2126 loss: 2.6643443561624736e-05
batch 500 / 2126 loss: 6.102069892222062e-05
batch 1000 / 2126 loss: 5.171988232177682e-05
batch 1500 / 2126 loss: 0.00020086461154278368
batch 2000 / 2126 loss: 0.00013029783440288156
Epoch 8 -- batch 0 / 2126 loss: 8.230050298152491e-05
batch 500 / 2126 loss: 5.3984811529517174e-05
batch 1000 / 2126 loss: 5.086274177301675e-05
batch 1500 / 2126 loss: 0.00018809104221872985
batch 2000 / 2126 loss: 0.00013671506894752383
Epoch 9 -- batch 0 / 2126 loss: 4.012744739156915e-06
batch 500 / 2126 loss: 5.981160938972607e-05
batch 1000 / 2126 loss: 2.4281476726173423e-05
batch 1500 / 2126 loss: 8.855158375808969e-05
batch 2000 / 2126 loss: 7.810288661858067e-05
Epoch 10 -- batch 0 / 2126 loss: 3.944028139812872e-05
batch 500 / 2126 loss: 6.327299342956394e-05
batch 1000 / 2126 loss: 4.2060873965965584e-05
batch 1500 / 2126 loss: 0.00016402149049099535
batch 2000 / 2126 loss: 6.58787612337619e-05
Saving checkpoint at epoch 10; prefix = chkpt-ID_4747899621887437
Epoch 11 -- batch 0 / 2126 loss: 5.225456698099151e-05
batch 500 / 2126 loss: 7.251299393828958e-05
batch 1000 / 2126 loss: 7.223228021757677e-05
batch 1500 / 2126 loss: 0.00016592151951044798
batch 2000 / 2126 loss: 7.430796540575102e-05
Epoch 12 -- batch 0 / 2126 loss: 5.088279522169614e-06
batch 500 / 2126 loss: 0.0001316302368650213
batch 1000 / 2126 loss: 2.136606053682044e-05
batch 1500 / 2126 loss: 0.00015251815784722567
batch 2000 / 2126 loss: 0.00012794701615348458
Epoch 13 -- batch 0 / 2126 loss: 1.184054599434603e-05
batch 500 / 2126 loss: 4.485296813072637e-05
batch 1000 / 2126 loss: 8.474451533402316e-06
batch 1500 / 2126 loss: 8.649733354104683e-05
batch 2000 / 2126 loss: 8.189833897631615e-05
Epoch 14 -- batch 0 / 2126 loss: 3.946421202272177e-05
batch 500 / 2126 loss: 6.803848373237997e-05
batch 1000 / 2126 loss: 5.390614387579262e-05
batch 1500 / 2126 loss: 0.00017274217680096626
batch 2000 / 2126 loss: 7.866707892389968e-05
Epoch 15 -- batch 0 / 2126 loss: 2.186876372434199e-06
batch 500 / 2126 loss: 4.806337528862059e-05
batch 1000 / 2126 loss: 5.041862459620461e-05
batch 1500 / 2126 loss: 0.00012503858306445181
batch 2000 / 2126 loss: 7.807065412634984e-05
Saving checkpoint at epoch 15; prefix = chkpt-ID_4747899621887437
Epoch 16 -- batch 0 / 2126 loss: 7.0224905357463285e-06
batch 500 / 2126 loss: 9.407295874552801e-05
batch 1000 / 2126 loss: 5.816018165205605e-05
batch 1500 / 2126 loss: 0.0001426761009497568
batch 2000 / 2126 loss: 5.6745848269201815e-05
Epoch 17 -- batch 0 / 2126 loss: 3.1130928164202487e-06
batch 500 / 2126 loss: 0.00010012206621468067
batch 1000 / 2126 loss: 3.0306176995509304e-05
batch 1500 / 2126 loss: 0.00014048622688278556
batch 2000 / 2126 loss: 6.220147770363837e-05
Epoch 18 -- batch 0 / 2126 loss: 8.455879651592113e-06
batch 500 / 2126 loss: 9.206355753121898e-05
batch 1000 / 2126 loss: 4.868895121035166e-05
batch 1500 / 2126 loss: 0.00017241535533685237
batch 2000 / 2126 loss: 9.627574763726443e-05
Epoch 19 -- batch 0 / 2126 loss: 4.787649231730029e-06
batch 500 / 2126 loss: 8.789966523181647e-05
batch 1000 / 2126 loss: 3.4553628211142495e-05
batch 1500 / 2126 loss: 0.00012765817518811673
batch 2000 / 2126 loss: 5.6401186157017946e-05
Epoch 20 -- batch 0 / 2126 loss: 7.411146270897007e-06
batch 500 / 2126 loss: 1.5264491594280116e-05
batch 1000 / 2126 loss: 2.870521529985126e-05
batch 1500 / 2126 loss: 0.0001478866906836629
batch 2000 / 2126 loss: 0.00010328707867302
Saving checkpoint at epoch 20; prefix = chkpt-ID_4747899621887437
Done Training!

==================================
Testing (cite this): dataloader for dataset FB15k237
Testing (cite this): batch 0 / 137
batch 0 / 137 loss: 0.07251553237438202
Testing (cite this): batch 1 / 137
Testing (cite this): batch 2 / 137
Testing (cite this): batch 3 / 137
Testing (cite this): batch 4 / 137
Testing (cite this): batch 5 / 137
Testing (cite this): batch 6 / 137
Testing (cite this): batch 7 / 137
Testing (cite this): batch 8 / 137
Testing (cite this): batch 9 / 137
Testing (cite this): batch 10 / 137
Testing (cite this): batch 11 / 137
Testing (cite this): batch 12 / 137
Testing (cite this): batch 13 / 137
Testing (cite this): batch 14 / 137
Testing (cite this): batch 15 / 137
Testing (cite this): batch 16 / 137
Testing (cite this): batch 17 / 137
Testing (cite this): batch 18 / 137
Testing (cite this): batch 19 / 137
Testing (cite this): batch 20 / 137
Testing (cite this): batch 21 / 137
Testing (cite this): batch 22 / 137
Testing (cite this): batch 23 / 137
Testing (cite this): batch 24 / 137
Testing (cite this): batch 25 / 137
Testing (cite this): batch 26 / 137
Testing (cite this): batch 27 / 137
Testing (cite this): batch 28 / 137
Testing (cite this): batch 29 / 137
Testing (cite this): batch 30 / 137
Testing (cite this): batch 31 / 137
Testing (cite this): batch 32 / 137
Testing (cite this): batch 33 / 137
Testing (cite this): batch 34 / 137
Testing (cite this): batch 35 / 137
Testing (cite this): batch 36 / 137
Testing (cite this): batch 37 / 137
Testing (cite this): batch 38 / 137
Testing (cite this): batch 39 / 137
Testing (cite this): batch 40 / 137
Testing (cite this): batch 41 / 137
Testing (cite this): batch 42 / 137
Testing (cite this): batch 43 / 137
Testing (cite this): batch 44 / 137
Testing (cite this): batch 45 / 137
Testing (cite this): batch 46 / 137
Testing (cite this): batch 47 / 137
Testing (cite this): batch 48 / 137
Testing (cite this): batch 49 / 137
Testing (cite this): batch 50 / 137
Testing (cite this): batch 51 / 137
Testing (cite this): batch 52 / 137
Testing (cite this): batch 53 / 137
Testing (cite this): batch 54 / 137
Testing (cite this): batch 55 / 137
Testing (cite this): batch 56 / 137
Testing (cite this): batch 57 / 137
Testing (cite this): batch 58 / 137
Testing (cite this): batch 59 / 137
Testing (cite this): batch 60 / 137
Testing (cite this): batch 61 / 137
Testing (cite this): batch 62 / 137
Testing (cite this): batch 63 / 137
Testing (cite this): batch 64 / 137
Testing (cite this): batch 65 / 137
Testing (cite this): batch 66 / 137
Testing (cite this): batch 67 / 137
Testing (cite this): batch 68 / 137
Testing (cite this): batch 69 / 137
Testing (cite this): batch 70 / 137
Testing (cite this): batch 71 / 137
Testing (cite this): batch 72 / 137
Testing (cite this): batch 73 / 137
Testing (cite this): batch 74 / 137
Testing (cite this): batch 75 / 137
Testing (cite this): batch 76 / 137
Testing (cite this): batch 77 / 137
Testing (cite this): batch 78 / 137
Testing (cite this): batch 79 / 137
Testing (cite this): batch 80 / 137
Testing (cite this): batch 81 / 137
Testing (cite this): batch 82 / 137
Testing (cite this): batch 83 / 137
Testing (cite this): batch 84 / 137
Testing (cite this): batch 85 / 137
Testing (cite this): batch 86 / 137
Testing (cite this): batch 87 / 137
Testing (cite this): batch 88 / 137
Testing (cite this): batch 89 / 137
Testing (cite this): batch 90 / 137
Testing (cite this): batch 91 / 137
Testing (cite this): batch 92 / 137
Testing (cite this): batch 93 / 137
Testing (cite this): batch 94 / 137
Testing (cite this): batch 95 / 137
Testing (cite this): batch 96 / 137
Testing (cite this): batch 97 / 137
Testing (cite this): batch 98 / 137
Testing (cite this): batch 99 / 137
Testing (cite this): batch 100 / 137
Testing (cite this): batch 101 / 137
Testing (cite this): batch 102 / 137
Testing (cite this): batch 103 / 137
Testing (cite this): batch 104 / 137
Testing (cite this): batch 105 / 137
Testing (cite this): batch 106 / 137
Testing (cite this): batch 107 / 137
Testing (cite this): batch 108 / 137
Testing (cite this): batch 109 / 137
Testing (cite this): batch 110 / 137
Testing (cite this): batch 111 / 137
Testing (cite this): batch 112 / 137
Testing (cite this): batch 113 / 137
Testing (cite this): batch 114 / 137
Testing (cite this): batch 115 / 137
Testing (cite this): batch 116 / 137
Testing (cite this): batch 117 / 137
Testing (cite this): batch 118 / 137
Testing (cite this): batch 119 / 137
Testing (cite this): batch 120 / 137
Testing (cite this): batch 121 / 137
Testing (cite this): batch 122 / 137
Testing (cite this): batch 123 / 137
Testing (cite this): batch 124 / 137
Testing (cite this): batch 125 / 137
Testing (cite this): batch 126 / 137
Testing (cite this): batch 127 / 137
Testing (cite this): batch 128 / 137
Testing (cite this): batch 129 / 137
Testing (cite this): batch 130 / 137
Testing (cite this): batch 131 / 137
Testing (cite this): batch 132 / 137
Testing (cite this): batch 133 / 137
Testing (cite this): batch 134 / 137
Testing (cite this): batch 135 / 137
Testing (cite this): batch 136 / 137
total number of ranks, torch.Size([35052])
====== Ranks ======
ranks size: torch.Size([35052])
test_loss: 11.172867808490992
mr: 994.8511962890625
mrr: 0.18806664645671844
h1: 0.15696679055690765
h3: 0.16698049008846283
h5: 0.17913386225700378
h10: 0.22848910093307495
==================================

Done Testing!
done with training and eval
Experiments took 10451 seconds on 
