Arguments received: ['run_exp.py', 'base', 'FB15k237', '20', '5e-4', 'zscore', '128', '128', '100', '0', '1', 'simple', '1', 'o_deg', '1']
loading dataset
FB15k237
X_p: torch.Size([272115, 22])
n_local: 21
X_p: torch.Size([20438, 22])
n_local: 21
X_p: torch.Size([17526, 22])
n_local: 21
Using a total of 21 features
done loading dataset
loading filters
done loading filters
loading negative samplers
init negative sampler with args
	use_2_hop_fts: True
	fts_blacklist: {'o_deg'}
done loading negative samplers
Running in hyperparameter evaluation mode
TWIG will be evaulaited on the validation set
and will not be tested each epoch on the validation set
Creating a new model from scratch
loading NN
done loading NN
running training and eval
TWIGI_Base(
  (linear_struct_1): Linear(in_features=21, out_features=10, bias=True)
  (relu_1): ReLU()
  (dropout_1): Dropout(p=0.01, inplace=False)
  (linear_struct_2): Linear(in_features=10, out_features=10, bias=True)
  (relu_2): ReLU()
  (dropout_2): Dropout(p=0.01, inplace=False)
  (linear_final): Linear(in_features=10, out_features=1, bias=True)
  (sigmoid_final): Sigmoid()
)
REC: Training with epochs = 20
Epoch 1 -- batch 0 / 2126 loss: 0.0833560973405838
batch 500 / 2126 loss: 0.0015273066237568855
batch 1000 / 2126 loss: 0.0009488774230703712
batch 1500 / 2126 loss: 0.0017628851346671581
batch 2000 / 2126 loss: 0.0012326670112088323
Epoch 2 -- batch 0 / 2126 loss: 0.0013496155152097344
batch 500 / 2126 loss: 0.0005130001809448004
batch 1000 / 2126 loss: 0.0007147669675759971
batch 1500 / 2126 loss: 0.001112838159315288
batch 2000 / 2126 loss: 0.0010666855378076434
Epoch 3 -- batch 0 / 2126 loss: 0.0006586529198102653
batch 500 / 2126 loss: 0.00022536962933372706
batch 1000 / 2126 loss: 0.0006488647777587175
batch 1500 / 2126 loss: 0.0007369265658780932
batch 2000 / 2126 loss: 0.0006326988805085421
Epoch 4 -- batch 0 / 2126 loss: 0.0005676144501194358
batch 500 / 2126 loss: 0.00022658976376987994
batch 1000 / 2126 loss: 0.00054284738143906
batch 1500 / 2126 loss: 0.000597541977185756
batch 2000 / 2126 loss: 0.00039304851088672876
Epoch 5 -- batch 0 / 2126 loss: 0.00018214029842056334
batch 500 / 2126 loss: 0.00018982196343131363
batch 1000 / 2126 loss: 0.000480803893879056
batch 1500 / 2126 loss: 0.0004745053593069315
batch 2000 / 2126 loss: 0.000521599780768156
Saving checkpoint at epoch 5; prefix = chkpt-ID_7784478820335802
Epoch 6 -- batch 0 / 2126 loss: 0.0001191787378047593
batch 500 / 2126 loss: 0.0001459914492443204
batch 1000 / 2126 loss: 0.0003902811149600893
batch 1500 / 2126 loss: 0.0003408858319744468
batch 2000 / 2126 loss: 0.0006256386404857039
Epoch 7 -- batch 0 / 2126 loss: 0.00010352112440159544
batch 500 / 2126 loss: 0.00013165923883207142
batch 1000 / 2126 loss: 0.00032500620000064373
batch 1500 / 2126 loss: 0.00034193985629826784
batch 2000 / 2126 loss: 0.000408452091505751
Epoch 8 -- batch 0 / 2126 loss: 0.00012983172200620174
batch 500 / 2126 loss: 0.00014853361062705517
batch 1000 / 2126 loss: 0.00017949193716049194
batch 1500 / 2126 loss: 0.0002718214818742126
batch 2000 / 2126 loss: 0.0004005451628472656
Epoch 9 -- batch 0 / 2126 loss: 8.32350124255754e-05
batch 500 / 2126 loss: 5.1850409363396466e-05
batch 1000 / 2126 loss: 5.271023837849498e-05
batch 1500 / 2126 loss: 0.00017548697360325605
batch 2000 / 2126 loss: 0.0003047056379728019
Epoch 10 -- batch 0 / 2126 loss: 6.157014286145568e-05
batch 500 / 2126 loss: 0.00012482864258345217
batch 1000 / 2126 loss: 0.00015770152094773948
batch 1500 / 2126 loss: 0.0002151659136870876
batch 2000 / 2126 loss: 0.00033922962029464543
Saving checkpoint at epoch 10; prefix = chkpt-ID_7784478820335802
Epoch 11 -- batch 0 / 2126 loss: 2.159834184567444e-05
batch 500 / 2126 loss: 7.149611337808892e-05
batch 1000 / 2126 loss: 7.008217653492466e-05
batch 1500 / 2126 loss: 0.00021630615810863674
batch 2000 / 2126 loss: 0.00033403915585950017
Epoch 12 -- batch 0 / 2126 loss: 9.889630746329203e-05
batch 500 / 2126 loss: 9.504817717242986e-05
batch 1000 / 2126 loss: 4.58303329651244e-05
batch 1500 / 2126 loss: 0.000302176340483129
batch 2000 / 2126 loss: 0.0003341565898153931
Epoch 13 -- batch 0 / 2126 loss: 8.726563100935891e-05
batch 500 / 2126 loss: 6.943459447938949e-05
batch 1000 / 2126 loss: 4.0564431401435286e-05
batch 1500 / 2126 loss: 0.00025147886481136084
batch 2000 / 2126 loss: 0.00025593716418370605
Epoch 14 -- batch 0 / 2126 loss: 8.400988735957071e-05
batch 500 / 2126 loss: 6.291761383181438e-05
batch 1000 / 2126 loss: 4.44979450548999e-05
batch 1500 / 2126 loss: 0.00019486456585582346
batch 2000 / 2126 loss: 0.0002516283711884171
Epoch 15 -- batch 0 / 2126 loss: 2.274018152093049e-05
batch 500 / 2126 loss: 7.796059071552008e-05
batch 1000 / 2126 loss: 5.469317693496123e-05
batch 1500 / 2126 loss: 0.0001934990141307935
batch 2000 / 2126 loss: 0.000352778093656525
Saving checkpoint at epoch 15; prefix = chkpt-ID_7784478820335802
Epoch 16 -- batch 0 / 2126 loss: 2.9715065466007218e-05
batch 500 / 2126 loss: 6.290034070843831e-05
batch 1000 / 2126 loss: 8.669947419548407e-05
batch 1500 / 2126 loss: 0.00016788634820841253
batch 2000 / 2126 loss: 0.00028347375337034464
Epoch 17 -- batch 0 / 2126 loss: 7.167614239733666e-05
batch 500 / 2126 loss: 0.0001405065122526139
batch 1000 / 2126 loss: 3.8217516703298315e-05
batch 1500 / 2126 loss: 0.00018270409782417119
batch 2000 / 2126 loss: 0.00027520215371623635
Epoch 18 -- batch 0 / 2126 loss: 8.975066884886473e-05
batch 500 / 2126 loss: 7.725006435066462e-05
batch 1000 / 2126 loss: 6.79809381836094e-05
batch 1500 / 2126 loss: 0.00011842590174637735
batch 2000 / 2126 loss: 0.00025030472897924483
Epoch 19 -- batch 0 / 2126 loss: 4.790359525941312e-05
batch 500 / 2126 loss: 0.00012365853763185441
batch 1000 / 2126 loss: 7.102531526470557e-05
batch 1500 / 2126 loss: 0.00011921984696527943
batch 2000 / 2126 loss: 0.00030111995874904096
Epoch 20 -- batch 0 / 2126 loss: 7.321572775254026e-05
batch 500 / 2126 loss: 7.691310747759417e-05
batch 1000 / 2126 loss: 1.225985397468321e-05
batch 1500 / 2126 loss: 0.000196635679458268
batch 2000 / 2126 loss: 0.00020712052355520427
Saving checkpoint at epoch 20; prefix = chkpt-ID_7784478820335802
Done Training!

==================================
Testing (cite this): dataloader for dataset FB15k237
Testing (cite this): batch 0 / 137
batch 0 / 137 loss: 0.07893464714288712
Testing (cite this): batch 1 / 137
Testing (cite this): batch 2 / 137
Testing (cite this): batch 3 / 137
Testing (cite this): batch 4 / 137
Testing (cite this): batch 5 / 137
Testing (cite this): batch 6 / 137
Testing (cite this): batch 7 / 137
Testing (cite this): batch 8 / 137
Testing (cite this): batch 9 / 137
Testing (cite this): batch 10 / 137
Testing (cite this): batch 11 / 137
Testing (cite this): batch 12 / 137
Testing (cite this): batch 13 / 137
Testing (cite this): batch 14 / 137
Testing (cite this): batch 15 / 137
Testing (cite this): batch 16 / 137
Testing (cite this): batch 17 / 137
Testing (cite this): batch 18 / 137
Testing (cite this): batch 19 / 137
Testing (cite this): batch 20 / 137
Testing (cite this): batch 21 / 137
Testing (cite this): batch 22 / 137
Testing (cite this): batch 23 / 137
Testing (cite this): batch 24 / 137
Testing (cite this): batch 25 / 137
Testing (cite this): batch 26 / 137
Testing (cite this): batch 27 / 137
Testing (cite this): batch 28 / 137
Testing (cite this): batch 29 / 137
Testing (cite this): batch 30 / 137
Testing (cite this): batch 31 / 137
Testing (cite this): batch 32 / 137
Testing (cite this): batch 33 / 137
Testing (cite this): batch 34 / 137
Testing (cite this): batch 35 / 137
Testing (cite this): batch 36 / 137
Testing (cite this): batch 37 / 137
Testing (cite this): batch 38 / 137
Testing (cite this): batch 39 / 137
Testing (cite this): batch 40 / 137
Testing (cite this): batch 41 / 137
Testing (cite this): batch 42 / 137
Testing (cite this): batch 43 / 137
Testing (cite this): batch 44 / 137
Testing (cite this): batch 45 / 137
Testing (cite this): batch 46 / 137
Testing (cite this): batch 47 / 137
Testing (cite this): batch 48 / 137
Testing (cite this): batch 49 / 137
Testing (cite this): batch 50 / 137
Testing (cite this): batch 51 / 137
Testing (cite this): batch 52 / 137
Testing (cite this): batch 53 / 137
Testing (cite this): batch 54 / 137
Testing (cite this): batch 55 / 137
Testing (cite this): batch 56 / 137
Testing (cite this): batch 57 / 137
Testing (cite this): batch 58 / 137
Testing (cite this): batch 59 / 137
Testing (cite this): batch 60 / 137
Testing (cite this): batch 61 / 137
Testing (cite this): batch 62 / 137
Testing (cite this): batch 63 / 137
Testing (cite this): batch 64 / 137
Testing (cite this): batch 65 / 137
Testing (cite this): batch 66 / 137
Testing (cite this): batch 67 / 137
Testing (cite this): batch 68 / 137
Testing (cite this): batch 69 / 137
Testing (cite this): batch 70 / 137
Testing (cite this): batch 71 / 137
Testing (cite this): batch 72 / 137
Testing (cite this): batch 73 / 137
Testing (cite this): batch 74 / 137
Testing (cite this): batch 75 / 137
Testing (cite this): batch 76 / 137
Testing (cite this): batch 77 / 137
Testing (cite this): batch 78 / 137
Testing (cite this): batch 79 / 137
Testing (cite this): batch 80 / 137
Testing (cite this): batch 81 / 137
Testing (cite this): batch 82 / 137
Testing (cite this): batch 83 / 137
Testing (cite this): batch 84 / 137
Testing (cite this): batch 85 / 137
Testing (cite this): batch 86 / 137
Testing (cite this): batch 87 / 137
Testing (cite this): batch 88 / 137
Testing (cite this): batch 89 / 137
Testing (cite this): batch 90 / 137
Testing (cite this): batch 91 / 137
Testing (cite this): batch 92 / 137
Testing (cite this): batch 93 / 137
Testing (cite this): batch 94 / 137
Testing (cite this): batch 95 / 137
Testing (cite this): batch 96 / 137
Testing (cite this): batch 97 / 137
Testing (cite this): batch 98 / 137
Testing (cite this): batch 99 / 137
Testing (cite this): batch 100 / 137
Testing (cite this): batch 101 / 137
Testing (cite this): batch 102 / 137
Testing (cite this): batch 103 / 137
Testing (cite this): batch 104 / 137
Testing (cite this): batch 105 / 137
Testing (cite this): batch 106 / 137
Testing (cite this): batch 107 / 137
Testing (cite this): batch 108 / 137
Testing (cite this): batch 109 / 137
Testing (cite this): batch 110 / 137
Testing (cite this): batch 111 / 137
Testing (cite this): batch 112 / 137
Testing (cite this): batch 113 / 137
Testing (cite this): batch 114 / 137
Testing (cite this): batch 115 / 137
Testing (cite this): batch 116 / 137
Testing (cite this): batch 117 / 137
Testing (cite this): batch 118 / 137
Testing (cite this): batch 119 / 137
Testing (cite this): batch 120 / 137
Testing (cite this): batch 121 / 137
Testing (cite this): batch 122 / 137
Testing (cite this): batch 123 / 137
Testing (cite this): batch 124 / 137
Testing (cite this): batch 125 / 137
Testing (cite this): batch 126 / 137
Testing (cite this): batch 127 / 137
Testing (cite this): batch 128 / 137
Testing (cite this): batch 129 / 137
Testing (cite this): batch 130 / 137
Testing (cite this): batch 131 / 137
Testing (cite this): batch 132 / 137
Testing (cite this): batch 133 / 137
Testing (cite this): batch 134 / 137
Testing (cite this): batch 135 / 137
Testing (cite this): batch 136 / 137
total number of ranks, torch.Size([35052])
====== Ranks ======
ranks size: torch.Size([35052])
test_loss: 12.28814198076725
mr: 2878.377197265625
mrr: 0.1418510526418686
h1: 0.12121990323066711
h3: 0.12860892713069916
h5: 0.13719616830348969
h10: 0.1651831567287445
==================================

Done Testing!
done with training and eval
Experiments took 10883 seconds on 
