Arguments received: ['run_exp.py', 'base', 'FB15k237', '20', '5e-4', 'zscore', '128', '128', '100', '0', '1', 'simple', '1', 'o_mean_deg_neighbour s_mean_deg_neighbour', '1']
loading dataset
FB15k237
X_p: torch.Size([272115, 21])
n_local: 20
X_p: torch.Size([20438, 21])
n_local: 20
X_p: torch.Size([17526, 21])
n_local: 20
Using a total of 20 features
done loading dataset
loading filters
done loading filters
loading negative samplers
init negative sampler with args
	use_2_hop_fts: True
	fts_blacklist: {'o_mean_deg_neighbour', 's_mean_deg_neighbour'}
done loading negative samplers
Running in hyperparameter evaluation mode
TWIG will be evaulaited on the validation set
and will not be tested each epoch on the validation set
Creating a new model from scratch
loading NN
done loading NN
running training and eval
TWIGI_Base(
  (linear_struct_1): Linear(in_features=20, out_features=10, bias=True)
  (relu_1): ReLU()
  (dropout_1): Dropout(p=0.01, inplace=False)
  (linear_struct_2): Linear(in_features=10, out_features=10, bias=True)
  (relu_2): ReLU()
  (dropout_2): Dropout(p=0.01, inplace=False)
  (linear_final): Linear(in_features=10, out_features=1, bias=True)
  (sigmoid_final): Sigmoid()
)
REC: Training with epochs = 20
Epoch 1 -- batch 0 / 2126 loss: 0.08484579622745514
batch 500 / 2126 loss: 0.0020080567337572575
batch 1000 / 2126 loss: 0.001092656166292727
batch 1500 / 2126 loss: 0.0018250643042847514
batch 2000 / 2126 loss: 0.0015693847090005875
Epoch 2 -- batch 0 / 2126 loss: 0.0017870652955025434
batch 500 / 2126 loss: 0.0004272949299775064
batch 1000 / 2126 loss: 0.000727724633179605
batch 1500 / 2126 loss: 0.0007593928021378815
batch 2000 / 2126 loss: 0.0006406750762835145
Epoch 3 -- batch 0 / 2126 loss: 0.00041737762512639165
batch 500 / 2126 loss: 9.02506653801538e-05
batch 1000 / 2126 loss: 0.0006201249198056757
batch 1500 / 2126 loss: 0.0006247348501347005
batch 2000 / 2126 loss: 0.00045007505104877055
Epoch 4 -- batch 0 / 2126 loss: 0.00015063906903378665
batch 500 / 2126 loss: 9.053698158822954e-05
batch 1000 / 2126 loss: 0.00046309633762575686
batch 1500 / 2126 loss: 0.0003795741649810225
batch 2000 / 2126 loss: 0.0003463845932856202
Epoch 5 -- batch 0 / 2126 loss: 0.00014002379612065852
batch 500 / 2126 loss: 0.00016182642139028758
batch 1000 / 2126 loss: 0.00036276772152632475
batch 1500 / 2126 loss: 0.00014023995026946068
batch 2000 / 2126 loss: 0.0002464364224579185
Saving checkpoint at epoch 5; prefix = chkpt-ID_1546281091232266
Epoch 6 -- batch 0 / 2126 loss: 6.82386162225157e-05
batch 500 / 2126 loss: 7.074583845678717e-05
batch 1000 / 2126 loss: 0.00010207820014329627
batch 1500 / 2126 loss: 0.00012454962416086346
batch 2000 / 2126 loss: 0.00020761995983775705
Epoch 7 -- batch 0 / 2126 loss: 1.5872010408202186e-05
batch 500 / 2126 loss: 8.025463466765359e-05
batch 1000 / 2126 loss: 0.00011538162652868778
batch 1500 / 2126 loss: 0.00017937301890924573
batch 2000 / 2126 loss: 0.00025325125898234546
Epoch 8 -- batch 0 / 2126 loss: 4.5960128773003817e-05
batch 500 / 2126 loss: 5.9301601140759885e-05
batch 1000 / 2126 loss: 0.00010883585491683334
batch 1500 / 2126 loss: 0.0001479299971833825
batch 2000 / 2126 loss: 0.0001070568323484622
Epoch 9 -- batch 0 / 2126 loss: 2.9915216146036983e-05
batch 500 / 2126 loss: 5.231162504060194e-05
batch 1000 / 2126 loss: 2.118461452482734e-05
batch 1500 / 2126 loss: 0.00014661568275187165
batch 2000 / 2126 loss: 0.0001761391176842153
Epoch 10 -- batch 0 / 2126 loss: 2.1946601918898523e-05
batch 500 / 2126 loss: 6.955200660740957e-05
batch 1000 / 2126 loss: 6.18157209828496e-05
batch 1500 / 2126 loss: 0.0001034050656016916
batch 2000 / 2126 loss: 0.0001231964852195233
Saving checkpoint at epoch 10; prefix = chkpt-ID_1546281091232266
Epoch 11 -- batch 0 / 2126 loss: 2.1790183382108808e-06
batch 500 / 2126 loss: 9.881892765406519e-05
batch 1000 / 2126 loss: 4.739399446407333e-05
batch 1500 / 2126 loss: 0.0001224746520165354
batch 2000 / 2126 loss: 0.00011142451694468036
Epoch 12 -- batch 0 / 2126 loss: 4.731067292595981e-06
batch 500 / 2126 loss: 5.9688893088605255e-05
batch 1000 / 2126 loss: 7.520504004787654e-05
batch 1500 / 2126 loss: 8.623494068160653e-05
batch 2000 / 2126 loss: 0.0001718520070426166
Epoch 13 -- batch 0 / 2126 loss: 3.502119943732396e-05
batch 500 / 2126 loss: 7.52934574848041e-05
batch 1000 / 2126 loss: 2.2878732124809176e-05
batch 1500 / 2126 loss: 9.206253162119538e-05
batch 2000 / 2126 loss: 0.000136742542963475
Epoch 14 -- batch 0 / 2126 loss: 4.1598614188842475e-05
batch 500 / 2126 loss: 8.550305938115343e-05
batch 1000 / 2126 loss: 2.8238689992576838e-05
batch 1500 / 2126 loss: 0.0001461441133869812
batch 2000 / 2126 loss: 0.00011729002289939672
Epoch 15 -- batch 0 / 2126 loss: 5.777294427389279e-05
batch 500 / 2126 loss: 0.00010126196139026433
batch 1000 / 2126 loss: 3.863171150442213e-05
batch 1500 / 2126 loss: 0.00014221043966244906
batch 2000 / 2126 loss: 0.00017871076124720275
Saving checkpoint at epoch 15; prefix = chkpt-ID_1546281091232266
Epoch 16 -- batch 0 / 2126 loss: 2.6150348276132718e-05
batch 500 / 2126 loss: 7.35787907615304e-05
batch 1000 / 2126 loss: 4.738034476758912e-05
batch 1500 / 2126 loss: 0.00014223859761841595
batch 2000 / 2126 loss: 0.00012470183719415218
Epoch 17 -- batch 0 / 2126 loss: 0.0
batch 500 / 2126 loss: 4.728619023808278e-05
batch 1000 / 2126 loss: 4.347930371295661e-05
batch 1500 / 2126 loss: 0.00010211187327513471
batch 2000 / 2126 loss: 6.983730418141931e-05
Epoch 18 -- batch 0 / 2126 loss: 1.8363418348599225e-05
batch 500 / 2126 loss: 4.504437674768269e-05
batch 1000 / 2126 loss: 1.062604678736534e-05
batch 1500 / 2126 loss: 0.00016550012514926493
batch 2000 / 2126 loss: 7.984276453498751e-05
Epoch 19 -- batch 0 / 2126 loss: 1.4527438906952739e-05
batch 500 / 2126 loss: 4.1694547689985484e-05
batch 1000 / 2126 loss: 1.703621819615364e-05
batch 1500 / 2126 loss: 0.00015752746548969299
batch 2000 / 2126 loss: 0.00011245096538914368
Epoch 20 -- batch 0 / 2126 loss: 1.2456528565962799e-05
batch 500 / 2126 loss: 5.876319482922554e-05
batch 1000 / 2126 loss: 0.000102352918474935
batch 1500 / 2126 loss: 4.261510548531078e-05
batch 2000 / 2126 loss: 0.00018639929476194084
Saving checkpoint at epoch 20; prefix = chkpt-ID_1546281091232266
Done Training!

==================================
Testing (cite this): dataloader for dataset FB15k237
Testing (cite this): batch 0 / 137
batch 0 / 137 loss: 0.06628632545471191
Testing (cite this): batch 1 / 137
Testing (cite this): batch 2 / 137
Testing (cite this): batch 3 / 137
Testing (cite this): batch 4 / 137
Testing (cite this): batch 5 / 137
Testing (cite this): batch 6 / 137
Testing (cite this): batch 7 / 137
Testing (cite this): batch 8 / 137
Testing (cite this): batch 9 / 137
Testing (cite this): batch 10 / 137
Testing (cite this): batch 11 / 137
Testing (cite this): batch 12 / 137
Testing (cite this): batch 13 / 137
Testing (cite this): batch 14 / 137
Testing (cite this): batch 15 / 137
Testing (cite this): batch 16 / 137
Testing (cite this): batch 17 / 137
Testing (cite this): batch 18 / 137
Testing (cite this): batch 19 / 137
Testing (cite this): batch 20 / 137
Testing (cite this): batch 21 / 137
Testing (cite this): batch 22 / 137
Testing (cite this): batch 23 / 137
Testing (cite this): batch 24 / 137
Testing (cite this): batch 25 / 137
Testing (cite this): batch 26 / 137
Testing (cite this): batch 27 / 137
Testing (cite this): batch 28 / 137
Testing (cite this): batch 29 / 137
Testing (cite this): batch 30 / 137
Testing (cite this): batch 31 / 137
Testing (cite this): batch 32 / 137
Testing (cite this): batch 33 / 137
Testing (cite this): batch 34 / 137
Testing (cite this): batch 35 / 137
Testing (cite this): batch 36 / 137
Testing (cite this): batch 37 / 137
Testing (cite this): batch 38 / 137
Testing (cite this): batch 39 / 137
Testing (cite this): batch 40 / 137
Testing (cite this): batch 41 / 137
Testing (cite this): batch 42 / 137
Testing (cite this): batch 43 / 137
Testing (cite this): batch 44 / 137
Testing (cite this): batch 45 / 137
Testing (cite this): batch 46 / 137
Testing (cite this): batch 47 / 137
Testing (cite this): batch 48 / 137
Testing (cite this): batch 49 / 137
Testing (cite this): batch 50 / 137
Testing (cite this): batch 51 / 137
Testing (cite this): batch 52 / 137
Testing (cite this): batch 53 / 137
Testing (cite this): batch 54 / 137
Testing (cite this): batch 55 / 137
Testing (cite this): batch 56 / 137
Testing (cite this): batch 57 / 137
Testing (cite this): batch 58 / 137
Testing (cite this): batch 59 / 137
Testing (cite this): batch 60 / 137
Testing (cite this): batch 61 / 137
Testing (cite this): batch 62 / 137
Testing (cite this): batch 63 / 137
Testing (cite this): batch 64 / 137
Testing (cite this): batch 65 / 137
Testing (cite this): batch 66 / 137
Testing (cite this): batch 67 / 137
Testing (cite this): batch 68 / 137
Testing (cite this): batch 69 / 137
Testing (cite this): batch 70 / 137
Testing (cite this): batch 71 / 137
Testing (cite this): batch 72 / 137
Testing (cite this): batch 73 / 137
Testing (cite this): batch 74 / 137
Testing (cite this): batch 75 / 137
Testing (cite this): batch 76 / 137
Testing (cite this): batch 77 / 137
Testing (cite this): batch 78 / 137
Testing (cite this): batch 79 / 137
Testing (cite this): batch 80 / 137
Testing (cite this): batch 81 / 137
Testing (cite this): batch 82 / 137
Testing (cite this): batch 83 / 137
Testing (cite this): batch 84 / 137
Testing (cite this): batch 85 / 137
Testing (cite this): batch 86 / 137
Testing (cite this): batch 87 / 137
Testing (cite this): batch 88 / 137
Testing (cite this): batch 89 / 137
Testing (cite this): batch 90 / 137
Testing (cite this): batch 91 / 137
Testing (cite this): batch 92 / 137
Testing (cite this): batch 93 / 137
Testing (cite this): batch 94 / 137
Testing (cite this): batch 95 / 137
Testing (cite this): batch 96 / 137
Testing (cite this): batch 97 / 137
Testing (cite this): batch 98 / 137
Testing (cite this): batch 99 / 137
Testing (cite this): batch 100 / 137
Testing (cite this): batch 101 / 137
Testing (cite this): batch 102 / 137
Testing (cite this): batch 103 / 137
Testing (cite this): batch 104 / 137
Testing (cite this): batch 105 / 137
Testing (cite this): batch 106 / 137
Testing (cite this): batch 107 / 137
Testing (cite this): batch 108 / 137
Testing (cite this): batch 109 / 137
Testing (cite this): batch 110 / 137
Testing (cite this): batch 111 / 137
Testing (cite this): batch 112 / 137
Testing (cite this): batch 113 / 137
Testing (cite this): batch 114 / 137
Testing (cite this): batch 115 / 137
Testing (cite this): batch 116 / 137
Testing (cite this): batch 117 / 137
Testing (cite this): batch 118 / 137
Testing (cite this): batch 119 / 137
Testing (cite this): batch 120 / 137
Testing (cite this): batch 121 / 137
Testing (cite this): batch 122 / 137
Testing (cite this): batch 123 / 137
Testing (cite this): batch 124 / 137
Testing (cite this): batch 125 / 137
Testing (cite this): batch 126 / 137
Testing (cite this): batch 127 / 137
Testing (cite this): batch 128 / 137
Testing (cite this): batch 129 / 137
Testing (cite this): batch 130 / 137
Testing (cite this): batch 131 / 137
Testing (cite this): batch 132 / 137
Testing (cite this): batch 133 / 137
Testing (cite this): batch 134 / 137
Testing (cite this): batch 135 / 137
Testing (cite this): batch 136 / 137
total number of ranks, torch.Size([35052])
====== Ranks ======
ranks size: torch.Size([35052])
test_loss: 10.473663378506899
mr: 474.46746826171875
mrr: 0.21681484580039978
h1: 0.1813305914402008
h3: 0.19850507378578186
h5: 0.21616455912590027
h10: 0.2709117829799652
==================================

Done Testing!
done with training and eval
Experiments took 10199 seconds on 
