Arguments received: ['run_exp.py', 'base', 'FB15k237', '20', '5e-4', 'zscore', '128', '128', '100', '0', '1', 'simple', '1', 'o_max_deg_neighbour s_max_deg_neighbour', '1']
loading dataset
FB15k237
X_p: torch.Size([272115, 21])
n_local: 20
X_p: torch.Size([20438, 21])
n_local: 20
X_p: torch.Size([17526, 21])
n_local: 20
Using a total of 20 features
done loading dataset
loading filters
done loading filters
loading negative samplers
init negative sampler with args
	use_2_hop_fts: True
	fts_blacklist: {'s_max_deg_neighbour', 'o_max_deg_neighbour'}
done loading negative samplers
Running in hyperparameter evaluation mode
TWIG will be evaulaited on the validation set
and will not be tested each epoch on the validation set
Creating a new model from scratch
loading NN
done loading NN
running training and eval
TWIGI_Base(
  (linear_struct_1): Linear(in_features=20, out_features=10, bias=True)
  (relu_1): ReLU()
  (dropout_1): Dropout(p=0.01, inplace=False)
  (linear_struct_2): Linear(in_features=10, out_features=10, bias=True)
  (relu_2): ReLU()
  (dropout_2): Dropout(p=0.01, inplace=False)
  (linear_final): Linear(in_features=10, out_features=1, bias=True)
  (sigmoid_final): Sigmoid()
)
REC: Training with epochs = 20
Epoch 1 -- batch 0 / 2126 loss: 0.08676211535930634
batch 500 / 2126 loss: 0.0019648976158350706
batch 1000 / 2126 loss: 0.0011913341004401445
batch 1500 / 2126 loss: 0.0015652274014428258
batch 2000 / 2126 loss: 0.0014869571896269917
Epoch 2 -- batch 0 / 2126 loss: 0.0016620249953120947
batch 500 / 2126 loss: 0.0004856448504142463
batch 1000 / 2126 loss: 0.00064030074281618
batch 1500 / 2126 loss: 0.0006676112534478307
batch 2000 / 2126 loss: 0.0006880374276079237
Epoch 3 -- batch 0 / 2126 loss: 0.0005575102986767888
batch 500 / 2126 loss: 0.00014407752314582467
batch 1000 / 2126 loss: 0.0006868289783596992
batch 1500 / 2126 loss: 0.0003721899993252009
batch 2000 / 2126 loss: 0.00038696121191605926
Epoch 4 -- batch 0 / 2126 loss: 0.00011175349209224805
batch 500 / 2126 loss: 0.00014249380910769105
batch 1000 / 2126 loss: 0.0004425696679390967
batch 1500 / 2126 loss: 0.0003457083075772971
batch 2000 / 2126 loss: 0.0003013622190337628
Epoch 5 -- batch 0 / 2126 loss: 3.4833417885238305e-05
batch 500 / 2126 loss: 8.635294943815097e-05
batch 1000 / 2126 loss: 0.000410107197239995
batch 1500 / 2126 loss: 0.00018218274635728449
batch 2000 / 2126 loss: 0.0001359982998110354
Saving checkpoint at epoch 5; prefix = chkpt-ID_4858793324920622
Epoch 6 -- batch 0 / 2126 loss: 4.982686004950665e-05
batch 500 / 2126 loss: 0.0001315002446062863
batch 1000 / 2126 loss: 0.00015942903701215982
batch 1500 / 2126 loss: 0.00015872785297688097
batch 2000 / 2126 loss: 0.000116420749691315
Epoch 7 -- batch 0 / 2126 loss: 2.8163109163870104e-05
batch 500 / 2126 loss: 0.00010217931412626058
batch 1000 / 2126 loss: 0.00014764763182029128
batch 1500 / 2126 loss: 0.00015584770881105214
batch 2000 / 2126 loss: 0.0001890525163616985
Epoch 8 -- batch 0 / 2126 loss: 5.784461973235011e-05
batch 500 / 2126 loss: 8.100441482383758e-05
batch 1000 / 2126 loss: 0.00011644087499007583
batch 1500 / 2126 loss: 0.00010290709178661928
batch 2000 / 2126 loss: 7.185147842392325e-05
Epoch 9 -- batch 0 / 2126 loss: 2.034768158409861e-06
batch 500 / 2126 loss: 6.338705134112388e-05
batch 1000 / 2126 loss: 4.375235948828049e-05
batch 1500 / 2126 loss: 8.850796439219266e-05
batch 2000 / 2126 loss: 0.00015785274445079267
Epoch 10 -- batch 0 / 2126 loss: 2.4343640689039603e-05
batch 500 / 2126 loss: 9.317389776697382e-05
batch 1000 / 2126 loss: 3.898359864251688e-05
batch 1500 / 2126 loss: 8.421242819167674e-05
batch 2000 / 2126 loss: 0.00022647037985734642
Saving checkpoint at epoch 10; prefix = chkpt-ID_4858793324920622
Epoch 11 -- batch 0 / 2126 loss: 1.3837122423865367e-05
batch 500 / 2126 loss: 0.00010788319923449308
batch 1000 / 2126 loss: 2.5241944968001917e-05
batch 1500 / 2126 loss: 0.00014346804528031498
batch 2000 / 2126 loss: 0.00012558353773783892
Epoch 12 -- batch 0 / 2126 loss: 4.053883094456978e-05
batch 500 / 2126 loss: 5.023287667427212e-05
batch 1000 / 2126 loss: 7.418246241286397e-05
batch 1500 / 2126 loss: 0.0001450989075237885
batch 2000 / 2126 loss: 0.00011263360647717491
Epoch 13 -- batch 0 / 2126 loss: 2.299708103237208e-05
batch 500 / 2126 loss: 7.877749158069491e-05
batch 1000 / 2126 loss: 3.488985385047272e-05
batch 1500 / 2126 loss: 0.00017569519695825875
batch 2000 / 2126 loss: 0.00010409570677438751
Epoch 14 -- batch 0 / 2126 loss: 2.9463513783412054e-05
batch 500 / 2126 loss: 7.92395367170684e-05
batch 1000 / 2126 loss: 3.059777736780234e-05
batch 1500 / 2126 loss: 0.00019915596931241453
batch 2000 / 2126 loss: 0.0001275404792977497
Epoch 15 -- batch 0 / 2126 loss: 6.476234830188332e-06
batch 500 / 2126 loss: 3.452920645941049e-05
batch 1000 / 2126 loss: 3.1224131816998124e-05
batch 1500 / 2126 loss: 0.00012080002488801256
batch 2000 / 2126 loss: 8.482566772727296e-05
Saving checkpoint at epoch 15; prefix = chkpt-ID_4858793324920622
Epoch 16 -- batch 0 / 2126 loss: 8.23224036139436e-06
batch 500 / 2126 loss: 2.209659942309372e-05
batch 1000 / 2126 loss: 1.8413120415061712e-05
batch 1500 / 2126 loss: 0.0001036549947457388
batch 2000 / 2126 loss: 0.00015487501514144242
Epoch 17 -- batch 0 / 2126 loss: 2.1346708308556117e-05
batch 500 / 2126 loss: 2.542659785831347e-05
batch 1000 / 2126 loss: 1.282572338823229e-05
batch 1500 / 2126 loss: 0.00011197029380127788
batch 2000 / 2126 loss: 0.00019886504742316902
Epoch 18 -- batch 0 / 2126 loss: 1.4808795640419703e-05
batch 500 / 2126 loss: 6.996290903771296e-05
batch 1000 / 2126 loss: 5.430937744677067e-05
batch 1500 / 2126 loss: 0.00014819775242358446
batch 2000 / 2126 loss: 7.054239540593699e-05
Epoch 19 -- batch 0 / 2126 loss: 6.201711130415788e-06
batch 500 / 2126 loss: 0.00013544414832722396
batch 1000 / 2126 loss: 1.3432921150524635e-05
batch 1500 / 2126 loss: 9.00769664440304e-05
batch 2000 / 2126 loss: 0.00017387725529260933
Epoch 20 -- batch 0 / 2126 loss: 2.947785469586961e-05
batch 500 / 2126 loss: 6.571815174538642e-05
batch 1000 / 2126 loss: 1.16854535008315e-05
batch 1500 / 2126 loss: 0.0001482828811276704
batch 2000 / 2126 loss: 0.00011721061309799552
Saving checkpoint at epoch 20; prefix = chkpt-ID_4858793324920622
Done Training!

==================================
Testing (cite this): dataloader for dataset FB15k237
Testing (cite this): batch 0 / 137
batch 0 / 137 loss: 0.06827667355537415
Testing (cite this): batch 1 / 137
Testing (cite this): batch 2 / 137
Testing (cite this): batch 3 / 137
Testing (cite this): batch 4 / 137
Testing (cite this): batch 5 / 137
Testing (cite this): batch 6 / 137
Testing (cite this): batch 7 / 137
Testing (cite this): batch 8 / 137
Testing (cite this): batch 9 / 137
Testing (cite this): batch 10 / 137
Testing (cite this): batch 11 / 137
Testing (cite this): batch 12 / 137
Testing (cite this): batch 13 / 137
Testing (cite this): batch 14 / 137
Testing (cite this): batch 15 / 137
Testing (cite this): batch 16 / 137
Testing (cite this): batch 17 / 137
Testing (cite this): batch 18 / 137
Testing (cite this): batch 19 / 137
Testing (cite this): batch 20 / 137
Testing (cite this): batch 21 / 137
Testing (cite this): batch 22 / 137
Testing (cite this): batch 23 / 137
Testing (cite this): batch 24 / 137
Testing (cite this): batch 25 / 137
Testing (cite this): batch 26 / 137
Testing (cite this): batch 27 / 137
Testing (cite this): batch 28 / 137
Testing (cite this): batch 29 / 137
Testing (cite this): batch 30 / 137
Testing (cite this): batch 31 / 137
Testing (cite this): batch 32 / 137
Testing (cite this): batch 33 / 137
Testing (cite this): batch 34 / 137
Testing (cite this): batch 35 / 137
Testing (cite this): batch 36 / 137
Testing (cite this): batch 37 / 137
Testing (cite this): batch 38 / 137
Testing (cite this): batch 39 / 137
Testing (cite this): batch 40 / 137
Testing (cite this): batch 41 / 137
Testing (cite this): batch 42 / 137
Testing (cite this): batch 43 / 137
Testing (cite this): batch 44 / 137
Testing (cite this): batch 45 / 137
Testing (cite this): batch 46 / 137
Testing (cite this): batch 47 / 137
Testing (cite this): batch 48 / 137
Testing (cite this): batch 49 / 137
Testing (cite this): batch 50 / 137
Testing (cite this): batch 51 / 137
Testing (cite this): batch 52 / 137
Testing (cite this): batch 53 / 137
Testing (cite this): batch 54 / 137
Testing (cite this): batch 55 / 137
Testing (cite this): batch 56 / 137
Testing (cite this): batch 57 / 137
Testing (cite this): batch 58 / 137
Testing (cite this): batch 59 / 137
Testing (cite this): batch 60 / 137
Testing (cite this): batch 61 / 137
Testing (cite this): batch 62 / 137
Testing (cite this): batch 63 / 137
Testing (cite this): batch 64 / 137
Testing (cite this): batch 65 / 137
Testing (cite this): batch 66 / 137
Testing (cite this): batch 67 / 137
Testing (cite this): batch 68 / 137
Testing (cite this): batch 69 / 137
Testing (cite this): batch 70 / 137
Testing (cite this): batch 71 / 137
Testing (cite this): batch 72 / 137
Testing (cite this): batch 73 / 137
Testing (cite this): batch 74 / 137
Testing (cite this): batch 75 / 137
Testing (cite this): batch 76 / 137
Testing (cite this): batch 77 / 137
Testing (cite this): batch 78 / 137
Testing (cite this): batch 79 / 137
Testing (cite this): batch 80 / 137
Testing (cite this): batch 81 / 137
Testing (cite this): batch 82 / 137
Testing (cite this): batch 83 / 137
Testing (cite this): batch 84 / 137
Testing (cite this): batch 85 / 137
Testing (cite this): batch 86 / 137
Testing (cite this): batch 87 / 137
Testing (cite this): batch 88 / 137
Testing (cite this): batch 89 / 137
Testing (cite this): batch 90 / 137
Testing (cite this): batch 91 / 137
Testing (cite this): batch 92 / 137
Testing (cite this): batch 93 / 137
Testing (cite this): batch 94 / 137
Testing (cite this): batch 95 / 137
Testing (cite this): batch 96 / 137
Testing (cite this): batch 97 / 137
Testing (cite this): batch 98 / 137
Testing (cite this): batch 99 / 137
Testing (cite this): batch 100 / 137
Testing (cite this): batch 101 / 137
Testing (cite this): batch 102 / 137
Testing (cite this): batch 103 / 137
Testing (cite this): batch 104 / 137
Testing (cite this): batch 105 / 137
Testing (cite this): batch 106 / 137
Testing (cite this): batch 107 / 137
Testing (cite this): batch 108 / 137
Testing (cite this): batch 109 / 137
Testing (cite this): batch 110 / 137
Testing (cite this): batch 111 / 137
Testing (cite this): batch 112 / 137
Testing (cite this): batch 113 / 137
Testing (cite this): batch 114 / 137
Testing (cite this): batch 115 / 137
Testing (cite this): batch 116 / 137
Testing (cite this): batch 117 / 137
Testing (cite this): batch 118 / 137
Testing (cite this): batch 119 / 137
Testing (cite this): batch 120 / 137
Testing (cite this): batch 121 / 137
Testing (cite this): batch 122 / 137
Testing (cite this): batch 123 / 137
Testing (cite this): batch 124 / 137
Testing (cite this): batch 125 / 137
Testing (cite this): batch 126 / 137
Testing (cite this): batch 127 / 137
Testing (cite this): batch 128 / 137
Testing (cite this): batch 129 / 137
Testing (cite this): batch 130 / 137
Testing (cite this): batch 131 / 137
Testing (cite this): batch 132 / 137
Testing (cite this): batch 133 / 137
Testing (cite this): batch 134 / 137
Testing (cite this): batch 135 / 137
Testing (cite this): batch 136 / 137
total number of ranks, torch.Size([35052])
====== Ranks ======
ranks size: torch.Size([35052])
test_loss: 10.811781592667103
mr: 331.00030517578125
mrr: 0.2074396312236786
h1: 0.16438435018062592
h3: 0.18027502298355103
h5: 0.20152916014194489
h10: 0.28101107478141785
==================================

Done Testing!
done with training and eval
Experiments took 10376 seconds on 
