Arguments received: ['run_exp.py', 'base', 'DBpedia50', '20', '5e-3', 'zscore', '128', '128', '30', '0', '1', 'simple', '1', 's_p_cofreq', '1']
loading dataset
DBpedia50
X_p: torch.Size([32203, 22])
n_local: 21
X_p: torch.Size([2095, 22])
n_local: 21
X_p: torch.Size([123, 22])
n_local: 21
Using a total of 21 features
done loading dataset
loading filters
done loading filters
loading negative samplers
init negative sampler with args
	use_2_hop_fts: True
	fts_blacklist: {'s_p_cofreq'}
done loading negative samplers
Running in hyperparameter evaluation mode
TWIG will be evaulaited on the validation set
and will not be tested each epoch on the validation set
Creating a new model from scratch
loading NN
done loading NN
running training and eval
TWIGI_Base(
  (linear_struct_1): Linear(in_features=21, out_features=10, bias=True)
  (relu_1): ReLU()
  (dropout_1): Dropout(p=0.01, inplace=False)
  (linear_struct_2): Linear(in_features=10, out_features=10, bias=True)
  (relu_2): ReLU()
  (dropout_2): Dropout(p=0.01, inplace=False)
  (linear_final): Linear(in_features=10, out_features=1, bias=True)
  (sigmoid_final): Sigmoid()
)
REC: Training with epochs = 20
Epoch 1 -- batch 0 / 252 loss: 0.07601653039455414
Epoch 2 -- batch 0 / 252 loss: 5.212691758060828e-05
Epoch 3 -- batch 0 / 252 loss: 3.8407255487982184e-05
Epoch 4 -- batch 0 / 252 loss: 5.242698171059601e-05
Epoch 5 -- batch 0 / 252 loss: 0.0002499731781426817
Saving checkpoint at epoch 5; prefix = chkpt-ID_584205291604116
Epoch 6 -- batch 0 / 252 loss: 0.00010466691310284659
Epoch 7 -- batch 0 / 252 loss: 1.5690554846514715e-06
Epoch 8 -- batch 0 / 252 loss: 3.1614024919690564e-05
Epoch 9 -- batch 0 / 252 loss: 7.252815703395754e-05
Epoch 10 -- batch 0 / 252 loss: 2.0768745798704913e-06
Saving checkpoint at epoch 10; prefix = chkpt-ID_584205291604116
Epoch 11 -- batch 0 / 252 loss: 1.282217272091657e-05
Epoch 12 -- batch 0 / 252 loss: 0.0
Epoch 13 -- batch 0 / 252 loss: 2.4985822165035643e-05
Epoch 14 -- batch 0 / 252 loss: 3.390700294403359e-05
Epoch 15 -- batch 0 / 252 loss: 7.025973172858357e-05
Saving checkpoint at epoch 15; prefix = chkpt-ID_584205291604116
Epoch 16 -- batch 0 / 252 loss: 2.9149650799809024e-05
Epoch 17 -- batch 0 / 252 loss: 1.994585181819275e-05
Epoch 18 -- batch 0 / 252 loss: 0.00011485294089652598
Epoch 19 -- batch 0 / 252 loss: 2.4584443963249214e-05
Epoch 20 -- batch 0 / 252 loss: 2.409898479527328e-05
Saving checkpoint at epoch 20; prefix = chkpt-ID_584205291604116
Done Training!

==================================
Testing (cite this): dataloader for dataset DBpedia50
Testing (cite this): batch 0 / 1
batch 0 / 1 loss: 0.05796048790216446
total number of ranks, torch.Size([246])
====== Ranks ======
ranks size: torch.Size([246])
test_loss: 0.05796048790216446
mr: 4930.56689453125
mrr: 0.41202881932258606
h1: 0.3739837408065796
h3: 0.44308942556381226
h5: 0.45528456568717957
h10: 0.47560974955558777
==================================

Done Testing!
done with training and eval
Experiments took 546 seconds on 
