Arguments received: ['run_exp.py', 'base', 'DBpedia50', '20', '5e-3', 'zscore', '128', '128', '30', '0', '1', 'simple', '1', 'o_mean_deg_neighbour s_mean_deg_neighbour', '1']
loading dataset
DBpedia50
X_p: torch.Size([32203, 21])
n_local: 20
X_p: torch.Size([2095, 21])
n_local: 20
X_p: torch.Size([123, 21])
n_local: 20
Using a total of 20 features
done loading dataset
loading filters
done loading filters
loading negative samplers
init negative sampler with args
	use_2_hop_fts: True
	fts_blacklist: {'o_mean_deg_neighbour', 's_mean_deg_neighbour'}
done loading negative samplers
Running in hyperparameter evaluation mode
TWIG will be evaulaited on the validation set
and will not be tested each epoch on the validation set
Creating a new model from scratch
loading NN
done loading NN
running training and eval
TWIGI_Base(
  (linear_struct_1): Linear(in_features=20, out_features=10, bias=True)
  (relu_1): ReLU()
  (dropout_1): Dropout(p=0.01, inplace=False)
  (linear_struct_2): Linear(in_features=10, out_features=10, bias=True)
  (relu_2): ReLU()
  (dropout_2): Dropout(p=0.01, inplace=False)
  (linear_final): Linear(in_features=10, out_features=1, bias=True)
  (sigmoid_final): Sigmoid()
)
REC: Training with epochs = 20
Epoch 1 -- batch 0 / 252 loss: 0.08151568472385406
Epoch 2 -- batch 0 / 252 loss: 0.00011232286487938836
Epoch 3 -- batch 0 / 252 loss: 0.00012113631964894012
Epoch 4 -- batch 0 / 252 loss: 4.979934965376742e-05
Epoch 5 -- batch 0 / 252 loss: 6.343612767523155e-06
Saving checkpoint at epoch 5; prefix = chkpt-ID_6568337874162159
Epoch 6 -- batch 0 / 252 loss: 6.242738891160116e-05
Epoch 7 -- batch 0 / 252 loss: 4.054444070789032e-05
Epoch 8 -- batch 0 / 252 loss: 4.543918475974351e-05
Epoch 9 -- batch 0 / 252 loss: 0.0
Epoch 10 -- batch 0 / 252 loss: 1.4259189811127726e-05
Saving checkpoint at epoch 10; prefix = chkpt-ID_6568337874162159
Epoch 11 -- batch 0 / 252 loss: 5.860414239577949e-05
Epoch 12 -- batch 0 / 252 loss: 4.9892212700797245e-05
Epoch 13 -- batch 0 / 252 loss: 1.7468315490987152e-05
Epoch 14 -- batch 0 / 252 loss: 1.3646525076183025e-05
Epoch 15 -- batch 0 / 252 loss: 4.057929618284106e-05
Saving checkpoint at epoch 15; prefix = chkpt-ID_6568337874162159
Epoch 16 -- batch 0 / 252 loss: 7.792735232214909e-06
Epoch 17 -- batch 0 / 252 loss: 6.721465615555644e-05
Epoch 18 -- batch 0 / 252 loss: 4.313718090998009e-05
Epoch 19 -- batch 0 / 252 loss: 0.0
Epoch 20 -- batch 0 / 252 loss: 6.297275831457227e-05
Saving checkpoint at epoch 20; prefix = chkpt-ID_6568337874162159
Done Training!

==================================
Testing (cite this): dataloader for dataset DBpedia50
Testing (cite this): batch 0 / 1
batch 0 / 1 loss: 0.04948997125029564
total number of ranks, torch.Size([246])
====== Ranks ======
ranks size: torch.Size([246])
test_loss: 0.04948997125029564
mr: 4708.2763671875
mrr: 0.4591434895992279
h1: 0.40243902802467346
h3: 0.5040650367736816
h5: 0.5203251838684082
h10: 0.5365853905677795
==================================

Done Testing!
done with training and eval
Experiments took 539 seconds on 
