Arguments received: ['run_exp.py', 'base', 'DBpedia50', '20', '5e-3', 'zscore', '128', '128', '30', '0', '1', 'simple', '1', 'o_max_deg_neighbour s_max_deg_neighbour', '1']
loading dataset
DBpedia50
X_p: torch.Size([32203, 21])
n_local: 20
X_p: torch.Size([2095, 21])
n_local: 20
X_p: torch.Size([123, 21])
n_local: 20
Using a total of 20 features
done loading dataset
loading filters
done loading filters
loading negative samplers
init negative sampler with args
	use_2_hop_fts: True
	fts_blacklist: {'o_max_deg_neighbour', 's_max_deg_neighbour'}
done loading negative samplers
Running in hyperparameter evaluation mode
TWIG will be evaulaited on the validation set
and will not be tested each epoch on the validation set
Creating a new model from scratch
loading NN
done loading NN
running training and eval
TWIGI_Base(
  (linear_struct_1): Linear(in_features=20, out_features=10, bias=True)
  (relu_1): ReLU()
  (dropout_1): Dropout(p=0.01, inplace=False)
  (linear_struct_2): Linear(in_features=10, out_features=10, bias=True)
  (relu_2): ReLU()
  (dropout_2): Dropout(p=0.01, inplace=False)
  (linear_final): Linear(in_features=10, out_features=1, bias=True)
  (sigmoid_final): Sigmoid()
)
REC: Training with epochs = 20
Epoch 1 -- batch 0 / 252 loss: 0.08063377439975739
Epoch 2 -- batch 0 / 252 loss: 0.00012282801617402583
Epoch 3 -- batch 0 / 252 loss: 0.00021434991504065692
Epoch 4 -- batch 0 / 252 loss: 5.648304068017751e-05
Epoch 5 -- batch 0 / 252 loss: 9.42696860875003e-05
Saving checkpoint at epoch 5; prefix = chkpt-ID_4809175259079993
Epoch 6 -- batch 0 / 252 loss: 2.3247514036484063e-05
Epoch 7 -- batch 0 / 252 loss: 0.00012915949628222734
Epoch 8 -- batch 0 / 252 loss: 8.37446132209152e-05
Epoch 9 -- batch 0 / 252 loss: 4.300754881114699e-05
Epoch 10 -- batch 0 / 252 loss: 7.20164316589944e-05
Saving checkpoint at epoch 10; prefix = chkpt-ID_4809175259079993
Epoch 11 -- batch 0 / 252 loss: 3.0688832339365035e-05
Epoch 12 -- batch 0 / 252 loss: 1.4924464721843833e-06
Epoch 13 -- batch 0 / 252 loss: 0.0
Epoch 14 -- batch 0 / 252 loss: 3.2941479730652645e-05
Epoch 15 -- batch 0 / 252 loss: 0.0
Saving checkpoint at epoch 15; prefix = chkpt-ID_4809175259079993
Epoch 16 -- batch 0 / 252 loss: 4.39535597251961e-06
Epoch 17 -- batch 0 / 252 loss: 0.0
Epoch 18 -- batch 0 / 252 loss: 8.413531759288162e-06
Epoch 19 -- batch 0 / 252 loss: 5.297442839946598e-05
Epoch 20 -- batch 0 / 252 loss: 2.1787991499877535e-05
Saving checkpoint at epoch 20; prefix = chkpt-ID_4809175259079993
Done Training!

==================================
Testing (cite this): dataloader for dataset DBpedia50
Testing (cite this): batch 0 / 1
batch 0 / 1 loss: 0.053847238421440125
total number of ranks, torch.Size([246])
====== Ranks ======
ranks size: torch.Size([246])
test_loss: 0.053847238421440125
mr: 6171.41455078125
mrr: 0.41921722888946533
h1: 0.3861788511276245
h3: 0.4471544623374939
h5: 0.45121949911117554
h10: 0.4593496024608612
==================================

Done Testing!
done with training and eval
Experiments took 537 seconds on 
