Arguments received: ['run_exp.py', 'base', 'DBpedia50', '20', '5e-3', 'zscore', '128', '128', '30', '0', '1', 'simple', '1', 's_o_cofreq', '1']
loading dataset
DBpedia50
X_p: torch.Size([32203, 22])
n_local: 21
X_p: torch.Size([2095, 22])
n_local: 21
X_p: torch.Size([123, 22])
n_local: 21
Using a total of 21 features
done loading dataset
loading filters
done loading filters
loading negative samplers
init negative sampler with args
	use_2_hop_fts: True
	fts_blacklist: {'s_o_cofreq'}
done loading negative samplers
Running in hyperparameter evaluation mode
TWIG will be evaulaited on the validation set
and will not be tested each epoch on the validation set
Creating a new model from scratch
loading NN
done loading NN
running training and eval
TWIGI_Base(
  (linear_struct_1): Linear(in_features=21, out_features=10, bias=True)
  (relu_1): ReLU()
  (dropout_1): Dropout(p=0.01, inplace=False)
  (linear_struct_2): Linear(in_features=10, out_features=10, bias=True)
  (relu_2): ReLU()
  (dropout_2): Dropout(p=0.01, inplace=False)
  (linear_final): Linear(in_features=10, out_features=1, bias=True)
  (sigmoid_final): Sigmoid()
)
REC: Training with epochs = 20
Epoch 1 -- batch 0 / 252 loss: 0.08932845294475555
Epoch 2 -- batch 0 / 252 loss: 0.009731875732541084
Epoch 3 -- batch 0 / 252 loss: 0.006776789668947458
Epoch 4 -- batch 0 / 252 loss: 0.005144693423062563
Epoch 5 -- batch 0 / 252 loss: 0.004545176867395639
Saving checkpoint at epoch 5; prefix = chkpt-ID_1105482345731401
Epoch 6 -- batch 0 / 252 loss: 0.0038560654502362013
Epoch 7 -- batch 0 / 252 loss: 0.0034900913015007973
Epoch 8 -- batch 0 / 252 loss: 0.003280450589954853
Epoch 9 -- batch 0 / 252 loss: 0.002799049951136112
Epoch 10 -- batch 0 / 252 loss: 0.00348100857809186
Saving checkpoint at epoch 10; prefix = chkpt-ID_1105482345731401
Epoch 11 -- batch 0 / 252 loss: 0.003161609871312976
Epoch 12 -- batch 0 / 252 loss: 0.003100590780377388
Epoch 13 -- batch 0 / 252 loss: 0.0024495923426002264
Epoch 14 -- batch 0 / 252 loss: 0.0029798345640301704
Epoch 15 -- batch 0 / 252 loss: 0.002179137896746397
Saving checkpoint at epoch 15; prefix = chkpt-ID_1105482345731401
Epoch 16 -- batch 0 / 252 loss: 0.0017021051608026028
Epoch 17 -- batch 0 / 252 loss: 0.002804853953421116
Epoch 18 -- batch 0 / 252 loss: 0.002385644009336829
Epoch 19 -- batch 0 / 252 loss: 0.001639864407479763
Epoch 20 -- batch 0 / 252 loss: 0.0016391387907788157
Saving checkpoint at epoch 20; prefix = chkpt-ID_1105482345731401
Done Training!

==================================
Testing (cite this): dataloader for dataset DBpedia50
Testing (cite this): batch 0 / 1
batch 0 / 1 loss: 0.1002618670463562
total number of ranks, torch.Size([246])
====== Ranks ======
ranks size: torch.Size([246])
test_loss: 0.1002618670463562
mr: 7355.701171875
mrr: 0.262832373380661
h1: 0.24390244483947754
h3: 0.26422762870788574
h5: 0.28455284237861633
h10: 0.3048780560493469
==================================

Done Testing!
done with training and eval
Experiments took 540 seconds on 
