Arguments received: ['run_exp.py', 'base', 'DBpedia50', '20', '5e-3', 'zscore', '128', '128', '30', '0', '1', 'simple', '1', 'p_freq', '1']
loading dataset
DBpedia50
X_p: torch.Size([32203, 22])
n_local: 21
X_p: torch.Size([2095, 22])
n_local: 21
X_p: torch.Size([123, 22])
n_local: 21
Using a total of 21 features
done loading dataset
loading filters
done loading filters
loading negative samplers
init negative sampler with args
	use_2_hop_fts: True
	fts_blacklist: {'p_freq'}
done loading negative samplers
Running in hyperparameter evaluation mode
TWIG will be evaulaited on the validation set
and will not be tested each epoch on the validation set
Creating a new model from scratch
loading NN
done loading NN
running training and eval
TWIGI_Base(
  (linear_struct_1): Linear(in_features=21, out_features=10, bias=True)
  (relu_1): ReLU()
  (dropout_1): Dropout(p=0.01, inplace=False)
  (linear_struct_2): Linear(in_features=10, out_features=10, bias=True)
  (relu_2): ReLU()
  (dropout_2): Dropout(p=0.01, inplace=False)
  (linear_final): Linear(in_features=10, out_features=1, bias=True)
  (sigmoid_final): Sigmoid()
)
REC: Training with epochs = 20
Epoch 1 -- batch 0 / 252 loss: 0.07586869597434998
Epoch 2 -- batch 0 / 252 loss: 0.000279111263807863
Epoch 3 -- batch 0 / 252 loss: 0.00015209513367153704
Epoch 4 -- batch 0 / 252 loss: 0.000118308249511756
Epoch 5 -- batch 0 / 252 loss: 3.880918302456848e-05
Saving checkpoint at epoch 5; prefix = chkpt-ID_6389570187240703
Epoch 6 -- batch 0 / 252 loss: 0.0001338540023425594
Epoch 7 -- batch 0 / 252 loss: 3.9899339753901586e-05
Epoch 8 -- batch 0 / 252 loss: 0.00014507531886920333
Epoch 9 -- batch 0 / 252 loss: 6.650565774179995e-05
Epoch 10 -- batch 0 / 252 loss: 5.899135794606991e-05
Saving checkpoint at epoch 10; prefix = chkpt-ID_6389570187240703
Epoch 11 -- batch 0 / 252 loss: 7.252521754708141e-06
Epoch 12 -- batch 0 / 252 loss: 8.694627467775717e-05
Epoch 13 -- batch 0 / 252 loss: 1.1644972801150288e-05
Epoch 14 -- batch 0 / 252 loss: 2.6041669116239063e-05
Epoch 15 -- batch 0 / 252 loss: 0.0
Saving checkpoint at epoch 15; prefix = chkpt-ID_6389570187240703
Epoch 16 -- batch 0 / 252 loss: 3.0676412279717624e-05
Epoch 17 -- batch 0 / 252 loss: 3.10110226564575e-05
Epoch 18 -- batch 0 / 252 loss: 6.389888585545123e-05
Epoch 19 -- batch 0 / 252 loss: 5.219969534664415e-05
Epoch 20 -- batch 0 / 252 loss: 6.192467026266968e-06
Saving checkpoint at epoch 20; prefix = chkpt-ID_6389570187240703
Done Training!

==================================
Testing (cite this): dataloader for dataset DBpedia50
Testing (cite this): batch 0 / 1
batch 0 / 1 loss: 0.06027200073003769
total number of ranks, torch.Size([246])
====== Ranks ======
ranks size: torch.Size([246])
test_loss: 0.06027200073003769
mr: 5143.24169921875
mrr: 0.3697677552700043
h1: 0.3252032399177551
h3: 0.4146341383457184
h5: 0.4146341383457184
h10: 0.4186991751194
==================================

Done Testing!
done with training and eval
Experiments took 550 seconds on 
