Arguments received: ['run_exp.py', 'base', 'DBpedia50', '20', '5e-3', 'zscore', '128', '128', '30', '0', '1', 'simple', '1', 'o_min_deg_neighbour s_min_deg_neighbour', '1']
loading dataset
DBpedia50
X_p: torch.Size([32203, 21])
n_local: 20
X_p: torch.Size([2095, 21])
n_local: 20
X_p: torch.Size([123, 21])
n_local: 20
Using a total of 20 features
done loading dataset
loading filters
done loading filters
loading negative samplers
init negative sampler with args
	use_2_hop_fts: True
	fts_blacklist: {'s_min_deg_neighbour', 'o_min_deg_neighbour'}
done loading negative samplers
Running in hyperparameter evaluation mode
TWIG will be evaulaited on the validation set
and will not be tested each epoch on the validation set
Creating a new model from scratch
loading NN
done loading NN
running training and eval
TWIGI_Base(
  (linear_struct_1): Linear(in_features=20, out_features=10, bias=True)
  (relu_1): ReLU()
  (dropout_1): Dropout(p=0.01, inplace=False)
  (linear_struct_2): Linear(in_features=10, out_features=10, bias=True)
  (relu_2): ReLU()
  (dropout_2): Dropout(p=0.01, inplace=False)
  (linear_final): Linear(in_features=10, out_features=1, bias=True)
  (sigmoid_final): Sigmoid()
)
REC: Training with epochs = 20
Epoch 1 -- batch 0 / 252 loss: 0.08193205296993256
Epoch 2 -- batch 0 / 252 loss: 6.399984704330564e-05
Epoch 3 -- batch 0 / 252 loss: 0.00011744609946617857
Epoch 4 -- batch 0 / 252 loss: 5.278633034322411e-05
Epoch 5 -- batch 0 / 252 loss: 9.341635450255126e-05
Saving checkpoint at epoch 5; prefix = chkpt-ID_6212862368470730
Epoch 6 -- batch 0 / 252 loss: 0.0001162257103715092
Epoch 7 -- batch 0 / 252 loss: 9.115982538787648e-05
Epoch 8 -- batch 0 / 252 loss: 4.097384953638539e-05
Epoch 9 -- batch 0 / 252 loss: 2.8300575650064275e-05
Epoch 10 -- batch 0 / 252 loss: 3.978902168455534e-05
Saving checkpoint at epoch 10; prefix = chkpt-ID_6212862368470730
Epoch 11 -- batch 0 / 252 loss: 1.710735887172632e-05
Epoch 12 -- batch 0 / 252 loss: 8.483173587592319e-06
Epoch 13 -- batch 0 / 252 loss: 2.6041669116239063e-05
Epoch 14 -- batch 0 / 252 loss: 8.903906564228237e-05
Epoch 15 -- batch 0 / 252 loss: 7.544455002062023e-05
Saving checkpoint at epoch 15; prefix = chkpt-ID_6212862368470730
Epoch 16 -- batch 0 / 252 loss: 2.281783781654667e-05
Epoch 17 -- batch 0 / 252 loss: 4.3132320570293814e-05
Epoch 18 -- batch 0 / 252 loss: 1.140855692938203e-05
Epoch 19 -- batch 0 / 252 loss: 8.800938303465955e-06
Epoch 20 -- batch 0 / 252 loss: 2.5803652533795685e-05
Saving checkpoint at epoch 20; prefix = chkpt-ID_6212862368470730
Done Training!

==================================
Testing (cite this): dataloader for dataset DBpedia50
Testing (cite this): batch 0 / 1
batch 0 / 1 loss: 0.054985612630844116
total number of ranks, torch.Size([246])
====== Ranks ======
ranks size: torch.Size([246])
test_loss: 0.054985612630844116
mr: 6633.18701171875
mrr: 0.43585386872291565
h1: 0.4186991751194
h3: 0.4471544623374939
h5: 0.45121949911117554
h10: 0.45528456568717957
==================================

Done Testing!
done with training and eval
Experiments took 532 seconds on 
