Arguments received: ['run_exp.py', 'base', 'DBpedia50', '20', '5e-3', 'zscore', '128', '128', '30', '0', '1', 'simple', '1', 'None', '1']
loading dataset
DBpedia50
X_p: torch.Size([32203, 23])
n_local: 22
X_p: torch.Size([2095, 23])
n_local: 22
X_p: torch.Size([123, 23])
n_local: 22
Using a total of 22 features
done loading dataset
loading filters
done loading filters
loading negative samplers
init negative sampler with args
	use_2_hop_fts: True
	fts_blacklist: {'None'}
done loading negative samplers
Running in hyperparameter evaluation mode
TWIG will be evaulaited on the validation set
and will not be tested each epoch on the validation set
Creating a new model from scratch
loading NN
done loading NN
running training and eval
TWIGI_Base(
  (linear_struct_1): Linear(in_features=22, out_features=10, bias=True)
  (relu_1): ReLU()
  (dropout_1): Dropout(p=0.01, inplace=False)
  (linear_struct_2): Linear(in_features=10, out_features=10, bias=True)
  (relu_2): ReLU()
  (dropout_2): Dropout(p=0.01, inplace=False)
  (linear_final): Linear(in_features=10, out_features=1, bias=True)
  (sigmoid_final): Sigmoid()
)
REC: Training with epochs = 20
Epoch 1 -- batch 0 / 252 loss: 0.1115230917930603
Epoch 2 -- batch 0 / 252 loss: 0.00024283287348225713
Epoch 3 -- batch 0 / 252 loss: 7.77670502429828e-05
Epoch 4 -- batch 0 / 252 loss: 6.724154809489846e-05
Epoch 5 -- batch 0 / 252 loss: 0.0
Saving checkpoint at epoch 5; prefix = chkpt-ID_8966449516895130
Epoch 6 -- batch 0 / 252 loss: 9.416782995685935e-05
Epoch 7 -- batch 0 / 252 loss: 8.373206219403073e-05
Epoch 8 -- batch 0 / 252 loss: 0.00010809486411744729
Epoch 9 -- batch 0 / 252 loss: 1.8199752958025783e-05
Epoch 10 -- batch 0 / 252 loss: 2.029715687967837e-05
Saving checkpoint at epoch 10; prefix = chkpt-ID_8966449516895130
Epoch 11 -- batch 0 / 252 loss: 6.752610352123156e-05
Epoch 12 -- batch 0 / 252 loss: 8.274262654595077e-05
Epoch 13 -- batch 0 / 252 loss: 3.165966700180434e-05
Epoch 14 -- batch 0 / 252 loss: 0.0
Epoch 15 -- batch 0 / 252 loss: 0.0
Saving checkpoint at epoch 15; prefix = chkpt-ID_8966449516895130
Epoch 16 -- batch 0 / 252 loss: 0.0
Epoch 17 -- batch 0 / 252 loss: 0.0
Epoch 18 -- batch 0 / 252 loss: 0.0
Epoch 19 -- batch 0 / 252 loss: 7.624796853633597e-05
Epoch 20 -- batch 0 / 252 loss: 0.0
Saving checkpoint at epoch 20; prefix = chkpt-ID_8966449516895130
Done Training!

==================================
Testing (cite this): dataloader for dataset DBpedia50
Testing (cite this): batch 0 / 1
batch 0 / 1 loss: 0.05414779856801033
total number of ranks, torch.Size([246])
====== Ranks ======
ranks size: torch.Size([246])
test_loss: 0.05414779856801033
mr: 5411.298828125
mrr: 0.4261082410812378
h1: 0.3861788511276245
h3: 0.4593496024608612
h5: 0.47154471278190613
h10: 0.5040650367736816
==================================

Done Testing!
done with training and eval
Experiments took 575 seconds on 
