Arguments received: ['run_exp.py', 'base', 'DBpedia50', '20', '5e-3', 'zscore', '128', '128', '30', '0', '1', 'simple', '1', 'o_max_freq_rel s_max_freq_rel', '1']
loading dataset
DBpedia50
X_p: torch.Size([32203, 21])
n_local: 20
X_p: torch.Size([2095, 21])
n_local: 20
X_p: torch.Size([123, 21])
n_local: 20
Using a total of 20 features
done loading dataset
loading filters
done loading filters
loading negative samplers
init negative sampler with args
	use_2_hop_fts: True
	fts_blacklist: {'o_max_freq_rel', 's_max_freq_rel'}
done loading negative samplers
Running in hyperparameter evaluation mode
TWIG will be evaulaited on the validation set
and will not be tested each epoch on the validation set
Creating a new model from scratch
loading NN
done loading NN
running training and eval
TWIGI_Base(
  (linear_struct_1): Linear(in_features=20, out_features=10, bias=True)
  (relu_1): ReLU()
  (dropout_1): Dropout(p=0.01, inplace=False)
  (linear_struct_2): Linear(in_features=10, out_features=10, bias=True)
  (relu_2): ReLU()
  (dropout_2): Dropout(p=0.01, inplace=False)
  (linear_final): Linear(in_features=10, out_features=1, bias=True)
  (sigmoid_final): Sigmoid()
)
REC: Training with epochs = 20
Epoch 1 -- batch 0 / 252 loss: 0.08327053487300873
Epoch 2 -- batch 0 / 252 loss: 0.0001159115054178983
Epoch 3 -- batch 0 / 252 loss: 0.00018342882685828954
Epoch 4 -- batch 0 / 252 loss: 5.641868483508006e-05
Epoch 5 -- batch 0 / 252 loss: 0.00018249801360070705
Saving checkpoint at epoch 5; prefix = chkpt-ID_6835773409036449
Epoch 6 -- batch 0 / 252 loss: 4.3842992454301566e-05
Epoch 7 -- batch 0 / 252 loss: 2.5030654796864837e-05
Epoch 8 -- batch 0 / 252 loss: 1.924013668030966e-05
Epoch 9 -- batch 0 / 252 loss: 8.943769353209063e-05
Epoch 10 -- batch 0 / 252 loss: 2.4309589207405224e-05
Saving checkpoint at epoch 10; prefix = chkpt-ID_6835773409036449
Epoch 11 -- batch 0 / 252 loss: 6.788472819607705e-05
Epoch 12 -- batch 0 / 252 loss: 4.5578191929962486e-05
Epoch 13 -- batch 0 / 252 loss: 5.3236883104545996e-05
Epoch 14 -- batch 0 / 252 loss: 1.5441743016708642e-05
Epoch 15 -- batch 0 / 252 loss: 2.8140559152234346e-05
Saving checkpoint at epoch 15; prefix = chkpt-ID_6835773409036449
Epoch 16 -- batch 0 / 252 loss: 5.833219620399177e-05
Epoch 17 -- batch 0 / 252 loss: 3.3738190268195467e-06
Epoch 18 -- batch 0 / 252 loss: 0.0
Epoch 19 -- batch 0 / 252 loss: 0.0
Epoch 20 -- batch 0 / 252 loss: 4.728986368718324e-06
Saving checkpoint at epoch 20; prefix = chkpt-ID_6835773409036449
Done Training!

==================================
Testing (cite this): dataloader for dataset DBpedia50
Testing (cite this): batch 0 / 1
batch 0 / 1 loss: 0.050631336867809296
total number of ranks, torch.Size([246])
====== Ranks ======
ranks size: torch.Size([246])
test_loss: 0.050631336867809296
mr: 4574.146484375
mrr: 0.38722774386405945
h1: 0.32926830649375916
h3: 0.434959352016449
h5: 0.4593496024608612
h10: 0.4878048896789551
==================================

Done Testing!
done with training and eval
Experiments took 534 seconds on 
