Arguments received: ['run_exp.py', 'base', 'DBpedia50', '100', '5e-3', 'zscore', '128', '64', '30', '0', '1', 'simple', '1', 'None', '0']
loading dataset
DBpedia50
X_p: torch.Size([32203, 23])
n_local: 22
X_p: torch.Size([2095, 23])
n_local: 22
X_p: torch.Size([123, 23])
n_local: 22
Using a total of 22 features
done loading dataset
loading filters
done loading filters
loading negative samplers
init negative sampler with args
	use_2_hop_fts: True
	fts_blacklist: {'None'}
done loading negative samplers
Running in standard evaluation mode
TWIG will be evaulaited on the test set
and will not be tested each epoch on the validation set
Creating a new model from scratch
loading NN
done loading NN
running training and eval
TWIGI_Base(
  (linear_struct_1): Linear(in_features=22, out_features=10, bias=True)
  (relu_1): ReLU()
  (dropout_1): Dropout(p=0.01, inplace=False)
  (linear_struct_2): Linear(in_features=10, out_features=10, bias=True)
  (relu_2): ReLU()
  (dropout_2): Dropout(p=0.01, inplace=False)
  (linear_final): Linear(in_features=10, out_features=1, bias=True)
  (sigmoid_final): Sigmoid()
)
REC: Training with epochs = 100
Epoch 1 -- batch 0 / 252 loss: 0.11199364066123962
Epoch 2 -- batch 0 / 252 loss: 0.00011159187852172181
Epoch 3 -- batch 0 / 252 loss: 9.494986443314701e-05
Epoch 4 -- batch 0 / 252 loss: 0.00015897034609224647
Epoch 5 -- batch 0 / 252 loss: 4.388763409224339e-05
Saving checkpoint at epoch 5; prefix = chkpt-ID_6204558471888572
Epoch 6 -- batch 0 / 252 loss: 0.00014924202696420252
Epoch 7 -- batch 0 / 252 loss: 0.00011941273987758905
Epoch 8 -- batch 0 / 252 loss: 0.00014970023767091334
Epoch 9 -- batch 0 / 252 loss: 0.0
Epoch 10 -- batch 0 / 252 loss: 4.330278534325771e-05
Saving checkpoint at epoch 10; prefix = chkpt-ID_6204558471888572
Epoch 11 -- batch 0 / 252 loss: 3.18272432195954e-05
Epoch 12 -- batch 0 / 252 loss: 4.2193667468382046e-05
Epoch 13 -- batch 0 / 252 loss: 0.0
Epoch 14 -- batch 0 / 252 loss: 1.3544661669584457e-05
Epoch 15 -- batch 0 / 252 loss: 8.516629350197036e-06
Saving checkpoint at epoch 15; prefix = chkpt-ID_6204558471888572
Epoch 16 -- batch 0 / 252 loss: 3.3748136047506705e-05
Epoch 17 -- batch 0 / 252 loss: 4.05637219955679e-05
Epoch 18 -- batch 0 / 252 loss: 0.0
Epoch 19 -- batch 0 / 252 loss: 2.4775839847279713e-05
Epoch 20 -- batch 0 / 252 loss: 1.115823306463426e-05
Saving checkpoint at epoch 20; prefix = chkpt-ID_6204558471888572
Epoch 21 -- batch 0 / 252 loss: 0.0
Epoch 22 -- batch 0 / 252 loss: 3.105211726506241e-05
Epoch 23 -- batch 0 / 252 loss: 3.525650026858784e-05
Epoch 24 -- batch 0 / 252 loss: 0.0001024501325446181
Epoch 25 -- batch 0 / 252 loss: 2.666619138835813e-06
Saving checkpoint at epoch 25; prefix = chkpt-ID_6204558471888572
Epoch 26 -- batch 0 / 252 loss: 0.00013484805822372437
Epoch 27 -- batch 0 / 252 loss: 2.9003129384364e-05
Epoch 28 -- batch 0 / 252 loss: 0.0
Epoch 29 -- batch 0 / 252 loss: 9.416891771252267e-06
Epoch 30 -- batch 0 / 252 loss: 9.452190715819597e-05
Saving checkpoint at epoch 30; prefix = chkpt-ID_6204558471888572
Epoch 31 -- batch 0 / 252 loss: 0.0
Epoch 32 -- batch 0 / 252 loss: 3.414046295802109e-05
Epoch 33 -- batch 0 / 252 loss: 0.0
Epoch 34 -- batch 0 / 252 loss: 1.1336270290485118e-05
Epoch 35 -- batch 0 / 252 loss: 3.1228184525389224e-05
Saving checkpoint at epoch 35; prefix = chkpt-ID_6204558471888572
Epoch 36 -- batch 0 / 252 loss: 2.9918975997134112e-05
Epoch 37 -- batch 0 / 252 loss: 0.0
Epoch 38 -- batch 0 / 252 loss: 0.0
Epoch 39 -- batch 0 / 252 loss: 0.0
Epoch 40 -- batch 0 / 252 loss: 0.0
Saving checkpoint at epoch 40; prefix = chkpt-ID_6204558471888572
Epoch 41 -- batch 0 / 252 loss: 0.0
Epoch 42 -- batch 0 / 252 loss: 0.00010072199074784294
Epoch 43 -- batch 0 / 252 loss: 0.0
Epoch 44 -- batch 0 / 252 loss: 0.0
Epoch 45 -- batch 0 / 252 loss: 0.0
Saving checkpoint at epoch 45; prefix = chkpt-ID_6204558471888572
Epoch 46 -- batch 0 / 252 loss: 1.8962135754918563e-06
Epoch 47 -- batch 0 / 252 loss: 0.00010186489816987887
Epoch 48 -- batch 0 / 252 loss: 0.0
Epoch 49 -- batch 0 / 252 loss: 0.00012206321116536856
Epoch 50 -- batch 0 / 252 loss: 9.33403498493135e-05
Saving checkpoint at epoch 50; prefix = chkpt-ID_6204558471888572
Epoch 51 -- batch 0 / 252 loss: 2.1981055397191085e-05
Epoch 52 -- batch 0 / 252 loss: 0.0
Epoch 53 -- batch 0 / 252 loss: 2.7181513360119425e-05
Epoch 54 -- batch 0 / 252 loss: 0.00010221307456959039
Epoch 55 -- batch 0 / 252 loss: 0.0
Saving checkpoint at epoch 55; prefix = chkpt-ID_6204558471888572
Epoch 56 -- batch 0 / 252 loss: 0.0
Epoch 57 -- batch 0 / 252 loss: 9.806836715142708e-06
Epoch 58 -- batch 0 / 252 loss: 7.183890556916595e-05
Epoch 59 -- batch 0 / 252 loss: 0.0
Epoch 60 -- batch 0 / 252 loss: 4.862941932515241e-05
Saving checkpoint at epoch 60; prefix = chkpt-ID_6204558471888572
Epoch 61 -- batch 0 / 252 loss: 5.909438186790794e-06
Epoch 62 -- batch 0 / 252 loss: 4.511623774305917e-05
Epoch 63 -- batch 0 / 252 loss: 0.0
Epoch 64 -- batch 0 / 252 loss: 6.430800567613915e-05
Epoch 65 -- batch 0 / 252 loss: 3.244882827857509e-05
Saving checkpoint at epoch 65; prefix = chkpt-ID_6204558471888572
Epoch 66 -- batch 0 / 252 loss: 8.576647019253869e-07
Epoch 67 -- batch 0 / 252 loss: 0.0
Epoch 68 -- batch 0 / 252 loss: 6.061414023861289e-05
Epoch 69 -- batch 0 / 252 loss: 3.961800393881276e-05
Epoch 70 -- batch 0 / 252 loss: 0.0
Saving checkpoint at epoch 70; prefix = chkpt-ID_6204558471888572
Epoch 71 -- batch 0 / 252 loss: 2.2567695850739256e-05
Epoch 72 -- batch 0 / 252 loss: 0.0
Epoch 73 -- batch 0 / 252 loss: 0.0
Epoch 74 -- batch 0 / 252 loss: 2.886705260607414e-05
Epoch 75 -- batch 0 / 252 loss: 2.6038454961962998e-05
Saving checkpoint at epoch 75; prefix = chkpt-ID_6204558471888572
Epoch 76 -- batch 0 / 252 loss: 0.0
Epoch 77 -- batch 0 / 252 loss: 0.0
Epoch 78 -- batch 0 / 252 loss: 2.2868791347718798e-05
Epoch 79 -- batch 0 / 252 loss: 1.3064634913462214e-05
Epoch 80 -- batch 0 / 252 loss: 5.315223006618908e-06
Saving checkpoint at epoch 80; prefix = chkpt-ID_6204558471888572
Epoch 81 -- batch 0 / 252 loss: 6.783695425838232e-05
Epoch 82 -- batch 0 / 252 loss: 0.0
Epoch 83 -- batch 0 / 252 loss: 0.0
Epoch 84 -- batch 0 / 252 loss: 0.0
Epoch 85 -- batch 0 / 252 loss: 0.0
Saving checkpoint at epoch 85; prefix = chkpt-ID_6204558471888572
Epoch 86 -- batch 0 / 252 loss: 0.0
Epoch 87 -- batch 0 / 252 loss: 0.0
Epoch 88 -- batch 0 / 252 loss: 2.6041669116239063e-05
Epoch 89 -- batch 0 / 252 loss: 0.00010832240513991565
Epoch 90 -- batch 0 / 252 loss: 5.427959877124522e-06
Saving checkpoint at epoch 90; prefix = chkpt-ID_6204558471888572
Epoch 91 -- batch 0 / 252 loss: 0.0
Epoch 92 -- batch 0 / 252 loss: 2.3239939764607698e-05
Epoch 93 -- batch 0 / 252 loss: 0.0
Epoch 94 -- batch 0 / 252 loss: 0.0
Epoch 95 -- batch 0 / 252 loss: 2.0797033357666805e-05
Saving checkpoint at epoch 95; prefix = chkpt-ID_6204558471888572
Epoch 96 -- batch 0 / 252 loss: 4.937902485835366e-05
Epoch 97 -- batch 0 / 252 loss: 0.0
Epoch 98 -- batch 0 / 252 loss: 0.0
Epoch 99 -- batch 0 / 252 loss: 9.045102160598617e-07
Epoch 100 -- batch 0 / 252 loss: 4.345598426880315e-05
Saving checkpoint at epoch 100; prefix = chkpt-ID_6204558471888572
Done Training!

==================================
Testing (cite this): dataloader for dataset DBpedia50
Testing (cite this): batch 0 / 33
batch 0 / 33 loss: 0.05336204171180725
Testing (cite this): batch 1 / 33
Testing (cite this): batch 2 / 33
Testing (cite this): batch 3 / 33
Testing (cite this): batch 4 / 33
Testing (cite this): batch 5 / 33
Testing (cite this): batch 6 / 33
Testing (cite this): batch 7 / 33
Testing (cite this): batch 8 / 33
Testing (cite this): batch 9 / 33
Testing (cite this): batch 10 / 33
Testing (cite this): batch 11 / 33
Testing (cite this): batch 12 / 33
Testing (cite this): batch 13 / 33
Testing (cite this): batch 14 / 33
Testing (cite this): batch 15 / 33
Testing (cite this): batch 16 / 33
Testing (cite this): batch 17 / 33
Testing (cite this): batch 18 / 33
Testing (cite this): batch 19 / 33
Testing (cite this): batch 20 / 33
Testing (cite this): batch 21 / 33
Testing (cite this): batch 22 / 33
Testing (cite this): batch 23 / 33
Testing (cite this): batch 24 / 33
Testing (cite this): batch 25 / 33
Testing (cite this): batch 26 / 33
Testing (cite this): batch 27 / 33
Testing (cite this): batch 28 / 33
Testing (cite this): batch 29 / 33
Testing (cite this): batch 30 / 33
Testing (cite this): batch 31 / 33
Testing (cite this): batch 32 / 33
total number of ranks, torch.Size([4190])
====== Ranks ======
ranks size: torch.Size([4190])
test_loss: 1.9346769601106644
mr: 4767.0654296875
mrr: 0.38183900713920593
h1: 0.34343674778938293
h3: 0.41551312804222107
h5: 0.42315036058425903
h10: 0.42625299096107483
==================================

Done Testing!
done with training and eval
Experiments took 3455 seconds on 
