loading model settings from cache: checkpoints/chkpt-ID_8315447818826931.pkl
overriding original values for epochs. Was 100, now is 20
overriding original values for dataset_names. Was ['FB15k237'], now is ['WN18RR']
overriding original values for batch_size. Was 128, now is 128
overriding original values for lr. Was 0.0005, now is 0.0005
overriding original values for npp. Was 100, now is 500
overriding original values for hyp_validation_mode. Was False, now is 0
It will be trained for 20 more epochs now.
If you are loading a modle that was itself loaded from checkpoint, the number of epochs listed as already completed above will be incorrect
until I get around to fxing this, you will have to recursively go through logs to find the total number of epochs run
loadng TWIG-I model from disk at: checkpoints/chkpt-ID_8315447818826931_e100.pt
the full config being used is: {'version': 'base', 'dataset_names': ['WN18RR'], 'epochs': 20, 'lr': 0.0005, 'normalisation': 'zscore', 'batch_size': 128, 'batch_size_test': 64, 'npp': 500, 'use_train_filter': False, 'use_valid_and_test_filters': True, 'sampler_type': 'simple', 'use_2_hop_fts': True, 'fts_blacklist': {'None'}, 'hyp_validation_mode': 0}
loading dataset
WN18RR
X_p: torch.Size([86835, 23])
n_local: 22
X_p: torch.Size([2924, 23])
n_local: 22
X_p: torch.Size([2824, 23])
n_local: 22
Using a total of 22 features
done loading dataset
loading filters
done loading filters
loading negative samplers
init negative sampler with args
	use_2_hop_fts: True
	fts_blacklist: {'None'}
done loading negative samplers
Running in standard evaluation mode
TWIG will be evaulaited on the test set
and will not be tested each epoch on the validation set
Using provided pre-existing model
running training and eval
TWIGI_Base(
  (linear_struct_1): Linear(in_features=22, out_features=10, bias=True)
  (relu_1): ReLU()
  (dropout_1): Dropout(p=0.01, inplace=False)
  (linear_struct_2): Linear(in_features=10, out_features=10, bias=True)
  (relu_2): ReLU()
  (dropout_2): Dropout(p=0.01, inplace=False)
  (linear_final): Linear(in_features=10, out_features=1, bias=True)
  (sigmoid_final): Sigmoid()
)
REC: Training with epochs = 20
Epoch 1 -- batch 0 / 679 loss: 1.2669111129071098e-05
batch 500 / 679 loss: 1.5279434592230245e-05
Epoch 2 -- batch 0 / 679 loss: 2.5821864255703986e-06
batch 500 / 679 loss: 2.5413319235667586e-05
Epoch 3 -- batch 0 / 679 loss: 7.01203134667594e-06
batch 500 / 679 loss: 1.7482700059190392e-05
Epoch 4 -- batch 0 / 679 loss: 8.426156341556634e-07
batch 500 / 679 loss: 1.733678436721675e-05
Epoch 5 -- batch 0 / 679 loss: 1.2220032658660784e-05
batch 500 / 679 loss: 1.537619755254127e-05
Saving checkpoint at epoch 5; prefix = chkpt-ID_869042814146973
Epoch 6 -- batch 0 / 679 loss: 1.3143880096322391e-05
batch 500 / 679 loss: 1.0310478501196485e-05
Epoch 7 -- batch 0 / 679 loss: 9.02446572581539e-06
batch 500 / 679 loss: 1.2085099115211051e-05
Epoch 8 -- batch 0 / 679 loss: 0.0
batch 500 / 679 loss: 6.875763119751355e-06
Epoch 9 -- batch 0 / 679 loss: 8.87946953298524e-06
batch 500 / 679 loss: 1.359718862659065e-05
Epoch 10 -- batch 0 / 679 loss: 5.3352023314801045e-06
batch 500 / 679 loss: 2.2742409782949835e-05
Saving checkpoint at epoch 10; prefix = chkpt-ID_869042814146973
Epoch 11 -- batch 0 / 679 loss: 1.2083033652743325e-05
batch 500 / 679 loss: 2.9790731787215918e-05
Epoch 12 -- batch 0 / 679 loss: 7.534990345448023e-06
batch 500 / 679 loss: 1.8212773284176365e-05
Epoch 13 -- batch 0 / 679 loss: 1.0384856068412773e-05
batch 500 / 679 loss: 1.740051266096998e-05
Epoch 14 -- batch 0 / 679 loss: 4.459684078028658e-06
batch 500 / 679 loss: 9.907750609272625e-06
Epoch 15 -- batch 0 / 679 loss: 4.053516931890044e-06
batch 500 / 679 loss: 1.938052082550712e-05
Saving checkpoint at epoch 15; prefix = chkpt-ID_869042814146973
Epoch 16 -- batch 0 / 679 loss: 7.914429261290934e-06
batch 500 / 679 loss: 1.0327779818908311e-05
Epoch 17 -- batch 0 / 679 loss: 6.186129667185014e-06
batch 500 / 679 loss: 1.639700167288538e-05
Epoch 18 -- batch 0 / 679 loss: 7.010012723185355e-06
batch 500 / 679 loss: 1.4224548067431897e-05
Epoch 19 -- batch 0 / 679 loss: 1.0339055734220892e-05
batch 500 / 679 loss: 1.3372768080444075e-05
Epoch 20 -- batch 0 / 679 loss: 7.118495886970777e-06
batch 500 / 679 loss: 1.8294718756806105e-05
Saving checkpoint at epoch 20; prefix = chkpt-ID_869042814146973
Done Training!

==================================
Testing (cite this): dataloader for dataset WN18RR
Testing (cite this): batch 0 / 46
batch 0 / 46 loss: 0.10003601014614105
Testing (cite this): batch 1 / 46
Testing (cite this): batch 2 / 46
Testing (cite this): batch 3 / 46
Testing (cite this): batch 4 / 46
Testing (cite this): batch 5 / 46
Testing (cite this): batch 6 / 46
Testing (cite this): batch 7 / 46
Testing (cite this): batch 8 / 46
Testing (cite this): batch 9 / 46
Testing (cite this): batch 10 / 46
Testing (cite this): batch 11 / 46
Testing (cite this): batch 12 / 46
Testing (cite this): batch 13 / 46
Testing (cite this): batch 14 / 46
Testing (cite this): batch 15 / 46
Testing (cite this): batch 16 / 46
Testing (cite this): batch 17 / 46
Testing (cite this): batch 18 / 46
Testing (cite this): batch 19 / 46
Testing (cite this): batch 20 / 46
Testing (cite this): batch 21 / 46
Testing (cite this): batch 22 / 46
Testing (cite this): batch 23 / 46
Testing (cite this): batch 24 / 46
Testing (cite this): batch 25 / 46
Testing (cite this): batch 26 / 46
Testing (cite this): batch 27 / 46
Testing (cite this): batch 28 / 46
Testing (cite this): batch 29 / 46
Testing (cite this): batch 30 / 46
Testing (cite this): batch 31 / 46
Testing (cite this): batch 32 / 46
Testing (cite this): batch 33 / 46
Testing (cite this): batch 34 / 46
Testing (cite this): batch 35 / 46
Testing (cite this): batch 36 / 46
Testing (cite this): batch 37 / 46
Testing (cite this): batch 38 / 46
Testing (cite this): batch 39 / 46
Testing (cite this): batch 40 / 46
Testing (cite this): batch 41 / 46
Testing (cite this): batch 42 / 46
Testing (cite this): batch 43 / 46
Testing (cite this): batch 44 / 46
Testing (cite this): batch 45 / 46
total number of ranks, torch.Size([5848])
====== Ranks ======
ranks size: torch.Size([5848])
test_loss: 4.588743142783642
mr: 19964.275390625
mrr: 0.0094725601375103
h1: 0.005471956450492144
h3: 0.012995895929634571
h5: 0.013850889168679714
h10: 0.015218878164887428
==================================

Done Testing!
done with training and eval
Experiments took 9108 seconds on 
