['run_exp.py', '0', 'WN18RR', '20', '5e-5', 'zscore', '128', '64', '500', '0', '1', 'simple', '1']
Creating a new model from scratch
loading NN
done loading NN
loading dataset
WN18RR
X_p: torch.Size([86835, 23])
X_p: torch.Size([2924, 23])
X_p: torch.Size([2824, 23])
done loading dataset
loading filters
done loading filters
loading negative samplers
loading triple features from cache
done loading negative samplers
Running in hyperparameter evaluation mode
TWIG will be evaulaited on the validation set
and will not be tested each epoch on the validation set
running training and eval
TWIG_KGL_v0(
  (linear_struct_1): Linear(in_features=22, out_features=10, bias=True)
  (relu_1): ReLU()
  (dropout_1): Dropout(p=0.01, inplace=False)
  (linear_struct_2): Linear(in_features=10, out_features=10, bias=True)
  (relu_2): ReLU()
  (dropout_2): Dropout(p=0.01, inplace=False)
  (linear_final): Linear(in_features=10, out_features=1, bias=True)
  (sigmoid_final): Sigmoid()
)
REC: Training with epochs = 20
Epoch 1 -- batch 0 / 679 loss: 0.14664967358112335
batch 500 / 679 loss: 0.06024418771266937
Epoch 2 -- batch 0 / 679 loss: 0.03488866612315178
batch 500 / 679 loss: 0.005622919648885727
Epoch 3 -- batch 0 / 679 loss: 0.0023595597594976425
batch 500 / 679 loss: 0.0028964178636670113
Epoch 4 -- batch 0 / 679 loss: 0.00207099923864007
batch 500 / 679 loss: 0.0020470840390771627
Epoch 5 -- batch 0 / 679 loss: 0.0016834562411531806
batch 500 / 679 loss: 0.0015196247259154916
Saving checkpoint at epoch 5; prefix = chkpt-ID_6615737589064663
Epoch 6 -- batch 0 / 679 loss: 0.0012685396941378713
batch 500 / 679 loss: 0.0010906279785558581
Epoch 7 -- batch 0 / 679 loss: 0.0007809121743775904
batch 500 / 679 loss: 0.0006119837635196745
Epoch 8 -- batch 0 / 679 loss: 0.0004252142971381545
batch 500 / 679 loss: 0.0003585821541491896
Epoch 9 -- batch 0 / 679 loss: 0.00018167970119975507
batch 500 / 679 loss: 0.000227790093049407
Epoch 10 -- batch 0 / 679 loss: 0.00011050869943574071
batch 500 / 679 loss: 0.00016749724454712123
Saving checkpoint at epoch 10; prefix = chkpt-ID_6615737589064663
Epoch 11 -- batch 0 / 679 loss: 8.224471093853936e-05
batch 500 / 679 loss: 0.00013383022451307625
Epoch 12 -- batch 0 / 679 loss: 4.825912037631497e-05
batch 500 / 679 loss: 0.00011036594514735043
Epoch 13 -- batch 0 / 679 loss: 4.880667256657034e-05
batch 500 / 679 loss: 0.00010250929335597903
Epoch 14 -- batch 0 / 679 loss: 4.0605387766845524e-05
batch 500 / 679 loss: 6.984558422118425e-05
Epoch 15 -- batch 0 / 679 loss: 4.051973519381136e-05
batch 500 / 679 loss: 4.49702019977849e-05
Saving checkpoint at epoch 15; prefix = chkpt-ID_6615737589064663
Epoch 16 -- batch 0 / 679 loss: 3.5906839912058786e-05
batch 500 / 679 loss: 5.716287705581635e-05
Epoch 17 -- batch 0 / 679 loss: 3.108085729763843e-05
batch 500 / 679 loss: 1.7227201169589534e-05
Epoch 18 -- batch 0 / 679 loss: 1.6830361346364953e-05
batch 500 / 679 loss: 4.2054169171024114e-05
Epoch 19 -- batch 0 / 679 loss: 1.9070133930654265e-05
batch 500 / 679 loss: 3.049642327823676e-05
Epoch 20 -- batch 0 / 679 loss: 1.1116421774204355e-05
batch 500 / 679 loss: 3.405004827072844e-05
Saving checkpoint at epoch 20; prefix = chkpt-ID_6615737589064663
Done Training!

==================================
Testing (cite this): dataloader for dataset WN18RR
Testing (cite this): batch 0 / 45
Testing (cite this): batch 1 / 45
Testing (cite this): batch 2 / 45
Testing (cite this): batch 3 / 45
Testing (cite this): batch 4 / 45
Testing (cite this): batch 5 / 45
Testing (cite this): batch 6 / 45
Testing (cite this): batch 7 / 45
Testing (cite this): batch 8 / 45
Testing (cite this): batch 9 / 45
Testing (cite this): batch 10 / 45
Testing (cite this): batch 11 / 45
Testing (cite this): batch 12 / 45
Testing (cite this): batch 13 / 45
Testing (cite this): batch 14 / 45
Testing (cite this): batch 15 / 45
Testing (cite this): batch 16 / 45
Testing (cite this): batch 17 / 45
Testing (cite this): batch 18 / 45
Testing (cite this): batch 19 / 45
Testing (cite this): batch 20 / 45
Testing (cite this): batch 21 / 45
Testing (cite this): batch 22 / 45
Testing (cite this): batch 23 / 45
Testing (cite this): batch 24 / 45
Testing (cite this): batch 25 / 45
Testing (cite this): batch 26 / 45
Testing (cite this): batch 27 / 45
Testing (cite this): batch 28 / 45
Testing (cite this): batch 29 / 45
Testing (cite this): batch 30 / 45
Testing (cite this): batch 31 / 45
Testing (cite this): batch 32 / 45
Testing (cite this): batch 33 / 45
Testing (cite this): batch 34 / 45
Testing (cite this): batch 35 / 45
Testing (cite this): batch 36 / 45
Testing (cite this): batch 37 / 45
Testing (cite this): batch 38 / 45
Testing (cite this): batch 39 / 45
Testing (cite this): batch 40 / 45
Testing (cite this): batch 41 / 45
Testing (cite this): batch 42 / 45
Testing (cite this): batch 43 / 45
Testing (cite this): batch 44 / 45
ranks: tensor([76286., 65175., 68396.,  ..., 31504., 68931., 44542.])
mr: 51081.06640625
mrr: 0.0017852565506473184
h1: 0.00141643057577312
h3: 0.0017705382779240608
h5: 0.0017705382779240608
h10: 0.002478753449395299
==================================

Done Testing!
done with training and eval
Experiments took 3844 seconds on 
