['run_exp.py', '0', 'WN18RR', '20', '5e-4', 'zscore', '128', '64', '100', '0', '1', 'simple', '1']
Creating a new model from scratch
loading NN
done loading NN
loading dataset
WN18RR
X_p: torch.Size([86835, 23])
X_p: torch.Size([2924, 23])
X_p: torch.Size([2824, 23])
done loading dataset
loading filters
done loading filters
loading negative samplers
loading triple features from cache
done loading negative samplers
Running in hyperparameter evaluation mode
TWIG will be evaulaited on the validation set
and will not be tested each epoch on the validation set
running training and eval
TWIG_KGL_v0(
  (linear_struct_1): Linear(in_features=22, out_features=10, bias=True)
  (relu_1): ReLU()
  (dropout_1): Dropout(p=0.01, inplace=False)
  (linear_struct_2): Linear(in_features=10, out_features=10, bias=True)
  (relu_2): ReLU()
  (dropout_2): Dropout(p=0.01, inplace=False)
  (linear_final): Linear(in_features=10, out_features=1, bias=True)
  (sigmoid_final): Sigmoid()
)
REC: Training with epochs = 20
Epoch 1 -- batch 0 / 679 loss: 0.1466810405254364
batch 500 / 679 loss: 0.000281565822660923
Epoch 2 -- batch 0 / 679 loss: 2.6885107217822224e-05
batch 500 / 679 loss: 0.00011331097630318254
Epoch 3 -- batch 0 / 679 loss: 1.230128327733837e-05
batch 500 / 679 loss: 0.00015044199244584888
Epoch 4 -- batch 0 / 679 loss: 2.1293380996212363e-05
batch 500 / 679 loss: 0.00011017081124009565
Epoch 5 -- batch 0 / 679 loss: 2.8586666303453967e-05
batch 500 / 679 loss: 0.00011326426465529948
Saving checkpoint at epoch 5; prefix = chkpt-ID_4287967155820201
Epoch 6 -- batch 0 / 679 loss: 1.8515360352466814e-05
batch 500 / 679 loss: 8.546575554646552e-05
Epoch 7 -- batch 0 / 679 loss: 5.0530475164123345e-06
batch 500 / 679 loss: 7.98406035755761e-05
Epoch 8 -- batch 0 / 679 loss: 4.1024936763278674e-06
batch 500 / 679 loss: 7.53733838791959e-05
Epoch 9 -- batch 0 / 679 loss: 1.469037579227006e-05
batch 500 / 679 loss: 2.6960000468534417e-05
Epoch 10 -- batch 0 / 679 loss: 6.86517250869656e-06
batch 500 / 679 loss: 1.4836821719654836e-05
Saving checkpoint at epoch 10; prefix = chkpt-ID_4287967155820201
Epoch 11 -- batch 0 / 679 loss: 6.396116532414453e-06
batch 500 / 679 loss: 2.2201880710781552e-05
Epoch 12 -- batch 0 / 679 loss: 1.8498123608878814e-05
batch 500 / 679 loss: 3.56579948856961e-05
Epoch 13 -- batch 0 / 679 loss: 1.0811547326738946e-05
batch 500 / 679 loss: 2.5321540306322277e-05
Epoch 14 -- batch 0 / 679 loss: 0.0
batch 500 / 679 loss: 5.9221456467639655e-05
Epoch 15 -- batch 0 / 679 loss: 1.5567327864118852e-05
batch 500 / 679 loss: 8.615555998403579e-06
Saving checkpoint at epoch 15; prefix = chkpt-ID_4287967155820201
Epoch 16 -- batch 0 / 679 loss: 0.0
batch 500 / 679 loss: 1.1115464076283388e-05
Epoch 17 -- batch 0 / 679 loss: 1.8023532902589068e-05
batch 500 / 679 loss: 0.0
Epoch 18 -- batch 0 / 679 loss: 0.0
batch 500 / 679 loss: 0.0
Epoch 19 -- batch 0 / 679 loss: 0.0
batch 500 / 679 loss: 1.8310714722247212e-06
Epoch 20 -- batch 0 / 679 loss: 1.4704202840221114e-05
batch 500 / 679 loss: 0.0
Saving checkpoint at epoch 20; prefix = chkpt-ID_4287967155820201
Done Training!

==================================
Testing (cite this): dataloader for dataset WN18RR
Testing (cite this): batch 0 / 45
Testing (cite this): batch 1 / 45
Testing (cite this): batch 2 / 45
Testing (cite this): batch 3 / 45
Testing (cite this): batch 4 / 45
Testing (cite this): batch 5 / 45
Testing (cite this): batch 6 / 45
Testing (cite this): batch 7 / 45
Testing (cite this): batch 8 / 45
Testing (cite this): batch 9 / 45
Testing (cite this): batch 10 / 45
Testing (cite this): batch 11 / 45
Testing (cite this): batch 12 / 45
Testing (cite this): batch 13 / 45
Testing (cite this): batch 14 / 45
Testing (cite this): batch 15 / 45
Testing (cite this): batch 16 / 45
Testing (cite this): batch 17 / 45
Testing (cite this): batch 18 / 45
Testing (cite this): batch 19 / 45
Testing (cite this): batch 20 / 45
Testing (cite this): batch 21 / 45
Testing (cite this): batch 22 / 45
Testing (cite this): batch 23 / 45
Testing (cite this): batch 24 / 45
Testing (cite this): batch 25 / 45
Testing (cite this): batch 26 / 45
Testing (cite this): batch 27 / 45
Testing (cite this): batch 28 / 45
Testing (cite this): batch 29 / 45
Testing (cite this): batch 30 / 45
Testing (cite this): batch 31 / 45
Testing (cite this): batch 32 / 45
Testing (cite this): batch 33 / 45
Testing (cite this): batch 34 / 45
Testing (cite this): batch 35 / 45
Testing (cite this): batch 36 / 45
Testing (cite this): batch 37 / 45
Testing (cite this): batch 38 / 45
Testing (cite this): batch 39 / 45
Testing (cite this): batch 40 / 45
Testing (cite this): batch 41 / 45
Testing (cite this): batch 42 / 45
Testing (cite this): batch 43 / 45
Testing (cite this): batch 44 / 45
ranks: tensor([  561.,   483., 77882.,  ..., 70309.,  3070., 80839.])
mr: 56616.31640625
mrr: 0.008127828128635883
h1: 0.00070821528788656
h3: 0.00283286115154624
h5: 0.008852691389620304
h10: 0.024433428421616554
==================================

Done Testing!
done with training and eval
Experiments took 1969 seconds on 
