['run_exp.py', '0', 'WN18RR', '20', '5e-4', 'zscore', '128', '64', '500', '0', '1', 'simple', '1']
Creating a new model from scratch
loading NN
done loading NN
loading dataset
WN18RR
X_p: torch.Size([86835, 23])
X_p: torch.Size([2924, 23])
X_p: torch.Size([2824, 23])
done loading dataset
loading filters
done loading filters
loading negative samplers
loading triple features from cache
done loading negative samplers
Running in hyperparameter evaluation mode
TWIG will be evaulaited on the validation set
and will not be tested each epoch on the validation set
running training and eval
TWIG_KGL_v0(
  (linear_struct_1): Linear(in_features=22, out_features=10, bias=True)
  (relu_1): ReLU()
  (dropout_1): Dropout(p=0.01, inplace=False)
  (linear_struct_2): Linear(in_features=10, out_features=10, bias=True)
  (relu_2): ReLU()
  (dropout_2): Dropout(p=0.01, inplace=False)
  (linear_final): Linear(in_features=10, out_features=1, bias=True)
  (sigmoid_final): Sigmoid()
)
REC: Training with epochs = 20
Epoch 1 -- batch 0 / 679 loss: 0.14664308726787567
batch 500 / 679 loss: 0.0003014849207829684
Epoch 2 -- batch 0 / 679 loss: 4.1700386645970866e-05
batch 500 / 679 loss: 0.00016828207299113274
Epoch 3 -- batch 0 / 679 loss: 3.023282806680072e-05
batch 500 / 679 loss: 0.00012619525659829378
Epoch 4 -- batch 0 / 679 loss: 1.6104382666526362e-05
batch 500 / 679 loss: 0.00011785458627855405
Epoch 5 -- batch 0 / 679 loss: 1.722140768833924e-05
batch 500 / 679 loss: 0.00010696338722482324
Saving checkpoint at epoch 5; prefix = chkpt-ID_1776028957097194
Epoch 6 -- batch 0 / 679 loss: 1.8928179997601546e-05
batch 500 / 679 loss: 9.179242624668404e-05
Epoch 7 -- batch 0 / 679 loss: 1.3373105502978433e-05
batch 500 / 679 loss: 9.328273154096678e-05
Epoch 8 -- batch 0 / 679 loss: 1.070793587132357e-05
batch 500 / 679 loss: 5.022065306548029e-05
Epoch 9 -- batch 0 / 679 loss: 1.2195686394989025e-05
batch 500 / 679 loss: 2.4729406504775397e-05
Epoch 10 -- batch 0 / 679 loss: 9.314930139225908e-06
batch 500 / 679 loss: 2.4775337806204334e-05
Saving checkpoint at epoch 10; prefix = chkpt-ID_1776028957097194
Epoch 11 -- batch 0 / 679 loss: 7.053626177366823e-06
batch 500 / 679 loss: 2.8878363082185388e-05
Epoch 12 -- batch 0 / 679 loss: 1.3224339454609435e-05
batch 500 / 679 loss: 2.0566043531289324e-05
Epoch 13 -- batch 0 / 679 loss: 1.0641686458257027e-05
batch 500 / 679 loss: 2.648282315931283e-05
Epoch 14 -- batch 0 / 679 loss: 1.0357685823692009e-05
batch 500 / 679 loss: 1.2722205610771198e-05
Epoch 15 -- batch 0 / 679 loss: 1.1493129932205193e-05
batch 500 / 679 loss: 6.48807372272131e-06
Saving checkpoint at epoch 15; prefix = chkpt-ID_1776028957097194
Epoch 16 -- batch 0 / 679 loss: 4.387145054352004e-06
batch 500 / 679 loss: 6.725575531163486e-06
Epoch 17 -- batch 0 / 679 loss: 4.544043349596905e-06
batch 500 / 679 loss: 8.835216249281075e-06
Epoch 18 -- batch 0 / 679 loss: 1.9710719243448693e-06
batch 500 / 679 loss: 1.0626679795677774e-05
Epoch 19 -- batch 0 / 679 loss: 4.7931307562976144e-06
batch 500 / 679 loss: 1.3930374734627549e-05
Epoch 20 -- batch 0 / 679 loss: 2.961562813652563e-06
batch 500 / 679 loss: 1.7675430399322067e-06
Saving checkpoint at epoch 20; prefix = chkpt-ID_1776028957097194
Done Training!

==================================
Testing (cite this): dataloader for dataset WN18RR
Testing (cite this): batch 0 / 45
Testing (cite this): batch 1 / 45
Testing (cite this): batch 2 / 45
Testing (cite this): batch 3 / 45
Testing (cite this): batch 4 / 45
Testing (cite this): batch 5 / 45
Testing (cite this): batch 6 / 45
Testing (cite this): batch 7 / 45
Testing (cite this): batch 8 / 45
Testing (cite this): batch 9 / 45
Testing (cite this): batch 10 / 45
Testing (cite this): batch 11 / 45
Testing (cite this): batch 12 / 45
Testing (cite this): batch 13 / 45
Testing (cite this): batch 14 / 45
Testing (cite this): batch 15 / 45
Testing (cite this): batch 16 / 45
Testing (cite this): batch 17 / 45
Testing (cite this): batch 18 / 45
Testing (cite this): batch 19 / 45
Testing (cite this): batch 20 / 45
Testing (cite this): batch 21 / 45
Testing (cite this): batch 22 / 45
Testing (cite this): batch 23 / 45
Testing (cite this): batch 24 / 45
Testing (cite this): batch 25 / 45
Testing (cite this): batch 26 / 45
Testing (cite this): batch 27 / 45
Testing (cite this): batch 28 / 45
Testing (cite this): batch 29 / 45
Testing (cite this): batch 30 / 45
Testing (cite this): batch 31 / 45
Testing (cite this): batch 32 / 45
Testing (cite this): batch 33 / 45
Testing (cite this): batch 34 / 45
Testing (cite this): batch 35 / 45
Testing (cite this): batch 36 / 45
Testing (cite this): batch 37 / 45
Testing (cite this): batch 38 / 45
Testing (cite this): batch 39 / 45
Testing (cite this): batch 40 / 45
Testing (cite this): batch 41 / 45
Testing (cite this): batch 42 / 45
Testing (cite this): batch 43 / 45
Testing (cite this): batch 44 / 45
ranks: tensor([  915.,  1409., 78250.,  ..., 72463.,  3732., 81083.])
mr: 55656.66796875
mrr: 0.009388310834765434
h1: 0.0010623229900375009
h3: 0.004249291960150003
h5: 0.010977337136864662
h10: 0.030453257262706757
==================================

Done Testing!
done with training and eval
Experiments took 4550 seconds on 
