['run_exp.py', '0', 'FB15k237', '20', '5e-5', 'zscore', '128', '64', '30', '0', '1', 'simple', '1']
Creating a new model from scratch
loading NN
done loading NN
loading dataset
FB15k237
X_p: torch.Size([272115, 23])
X_p: torch.Size([20438, 23])
X_p: torch.Size([17526, 23])
done loading dataset
loading filters
done loading filters
loading negative samplers
loading triple features from cache
done loading negative samplers
Running in hyperparameter evaluation mode
TWIG will be evaulaited on the validation set
and will not be tested each epoch on the validation set
running training and eval
TWIG_KGL_v0(
  (linear_struct_1): Linear(in_features=22, out_features=10, bias=True)
  (relu_1): ReLU()
  (dropout_1): Dropout(p=0.01, inplace=False)
  (linear_struct_2): Linear(in_features=10, out_features=10, bias=True)
  (relu_2): ReLU()
  (dropout_2): Dropout(p=0.01, inplace=False)
  (linear_final): Linear(in_features=10, out_features=1, bias=True)
  (sigmoid_final): Sigmoid()
)
REC: Training with epochs = 20
Epoch 1 -- batch 0 / 2126 loss: 0.10623431950807571
batch 500 / 2126 loss: 0.08913123607635498
batch 1000 / 2126 loss: 0.06668219715356827
batch 1500 / 2126 loss: 0.04538599029183388
batch 2000 / 2126 loss: 0.041365258395671844
Epoch 2 -- batch 0 / 2126 loss: 0.03659249469637871
batch 500 / 2126 loss: 0.01035254169255495
batch 1000 / 2126 loss: 0.009135528467595577
batch 1500 / 2126 loss: 0.005190248601138592
batch 2000 / 2126 loss: 0.005821851082146168
Epoch 3 -- batch 0 / 2126 loss: 0.010826610960066319
batch 500 / 2126 loss: 0.0023551785852760077
batch 1000 / 2126 loss: 0.0012022650334984064
batch 1500 / 2126 loss: 0.0018454850651323795
batch 2000 / 2126 loss: 0.0019330877112224698
Epoch 4 -- batch 0 / 2126 loss: 0.0031448067165911198
batch 500 / 2126 loss: 0.0009568944224156439
batch 1000 / 2126 loss: 0.0005843668477609754
batch 1500 / 2126 loss: 0.0013475208543241024
batch 2000 / 2126 loss: 0.0012206337414681911
Epoch 5 -- batch 0 / 2126 loss: 0.0014758026227355003
batch 500 / 2126 loss: 0.00031338390544988215
batch 1000 / 2126 loss: 0.0006063409964554012
batch 1500 / 2126 loss: 0.00048323959344998
batch 2000 / 2126 loss: 0.0005945850280113518
Saving checkpoint at epoch 5; prefix = chkpt-ID_2010133391111211
Epoch 6 -- batch 0 / 2126 loss: 0.000515064166393131
batch 500 / 2126 loss: 0.00011783910304075107
batch 1000 / 2126 loss: 0.000639722275082022
batch 1500 / 2126 loss: 0.00043624526006169617
batch 2000 / 2126 loss: 0.0003032084205187857
Epoch 7 -- batch 0 / 2126 loss: 0.0004937651101499796
batch 500 / 2126 loss: 0.00013790131197310984
batch 1000 / 2126 loss: 0.00023206749756354839
batch 1500 / 2126 loss: 0.00023430689179804176
batch 2000 / 2126 loss: 0.0005223159678280354
Epoch 8 -- batch 0 / 2126 loss: 0.00028682485572062433
batch 500 / 2126 loss: 9.503705223323777e-05
batch 1000 / 2126 loss: 0.0001726872578728944
batch 1500 / 2126 loss: 0.00014833590830676258
batch 2000 / 2126 loss: 0.00011953330249525607
Epoch 9 -- batch 0 / 2126 loss: 0.0003074616543017328
batch 500 / 2126 loss: 0.00018101654131896794
batch 1000 / 2126 loss: 6.856070103822276e-05
batch 1500 / 2126 loss: 0.0002129796048393473
batch 2000 / 2126 loss: 0.0001682883157627657
Epoch 10 -- batch 0 / 2126 loss: 0.00011757300671888515
batch 500 / 2126 loss: 5.340983625501394e-05
batch 1000 / 2126 loss: 0.00013108178973197937
batch 1500 / 2126 loss: 0.00022275654191616923
batch 2000 / 2126 loss: 9.550624235998839e-05
Saving checkpoint at epoch 10; prefix = chkpt-ID_2010133391111211
Epoch 11 -- batch 0 / 2126 loss: 0.0001334013941232115
batch 500 / 2126 loss: 5.487302041728981e-05
batch 1000 / 2126 loss: 1.5661473298678175e-05
batch 1500 / 2126 loss: 0.00020297103037592024
batch 2000 / 2126 loss: 0.00010363491310272366
Epoch 12 -- batch 0 / 2126 loss: 2.271352059324272e-05
batch 500 / 2126 loss: 4.4876174797536805e-05
batch 1000 / 2126 loss: 5.7983503211289644e-05
batch 1500 / 2126 loss: 0.00021207147801760584
batch 2000 / 2126 loss: 6.55134572298266e-05
Epoch 13 -- batch 0 / 2126 loss: 5.7060999097302556e-05
batch 500 / 2126 loss: 6.03106600465253e-05
batch 1000 / 2126 loss: 1.819912540668156e-05
batch 1500 / 2126 loss: 0.0003109157260041684
batch 2000 / 2126 loss: 0.00023786975361872464
Epoch 14 -- batch 0 / 2126 loss: 0.00012104307825211436
batch 500 / 2126 loss: 4.4994896597927436e-05
batch 1000 / 2126 loss: 7.774295227136463e-05
batch 1500 / 2126 loss: 9.85332444543019e-05
batch 2000 / 2126 loss: 8.096223609754816e-05
Epoch 15 -- batch 0 / 2126 loss: 1.5903020539553836e-05
batch 500 / 2126 loss: 3.4676028008107096e-05
batch 1000 / 2126 loss: 1.558501026011072e-05
batch 1500 / 2126 loss: 0.00017569834017194808
batch 2000 / 2126 loss: 2.4307275452883914e-05
Saving checkpoint at epoch 15; prefix = chkpt-ID_2010133391111211
Epoch 16 -- batch 0 / 2126 loss: 7.875877054175362e-05
batch 500 / 2126 loss: 2.3665421394980513e-05
batch 1000 / 2126 loss: 7.605004066135734e-05
batch 1500 / 2126 loss: 9.261937520932406e-05
batch 2000 / 2126 loss: 0.00013309941277839243
Epoch 17 -- batch 0 / 2126 loss: 8.709296707820613e-06
batch 500 / 2126 loss: 2.7041071007261053e-05
batch 1000 / 2126 loss: 0.0
batch 1500 / 2126 loss: 0.00012763962149620056
batch 2000 / 2126 loss: 5.092663923278451e-05
Epoch 18 -- batch 0 / 2126 loss: 2.0033887267345563e-05
batch 500 / 2126 loss: 3.22670784953516e-05
batch 1000 / 2126 loss: 2.8658048904617317e-05
batch 1500 / 2126 loss: 0.0001170528048533015
batch 2000 / 2126 loss: 6.13586962572299e-05
Epoch 19 -- batch 0 / 2126 loss: 9.96235030470416e-05
batch 500 / 2126 loss: 2.6897789211943746e-05
batch 1000 / 2126 loss: 9.625950951885898e-06
batch 1500 / 2126 loss: 4.9667527491692454e-05
batch 2000 / 2126 loss: 6.698137440253049e-05
Epoch 20 -- batch 0 / 2126 loss: 8.537452231394127e-06
batch 500 / 2126 loss: 7.311712397495285e-05
batch 1000 / 2126 loss: 1.6815629351185635e-05
batch 1500 / 2126 loss: 7.101657683961093e-05
batch 2000 / 2126 loss: 2.5394610929652117e-05
Saving checkpoint at epoch 20; prefix = chkpt-ID_2010133391111211
Done Training!

==================================
Testing (cite this): dataloader for dataset FB15k237
Testing (cite this): batch 0 / 274
Testing (cite this): batch 1 / 274
Testing (cite this): batch 2 / 274
Testing (cite this): batch 3 / 274
Testing (cite this): batch 4 / 274
Testing (cite this): batch 5 / 274
Testing (cite this): batch 6 / 274
Testing (cite this): batch 7 / 274
Testing (cite this): batch 8 / 274
Testing (cite this): batch 9 / 274
Testing (cite this): batch 10 / 274
Testing (cite this): batch 11 / 274
Testing (cite this): batch 12 / 274
Testing (cite this): batch 13 / 274
Testing (cite this): batch 14 / 274
Testing (cite this): batch 15 / 274
Testing (cite this): batch 16 / 274
Testing (cite this): batch 17 / 274
Testing (cite this): batch 18 / 274
Testing (cite this): batch 19 / 274
Testing (cite this): batch 20 / 274
Testing (cite this): batch 21 / 274
Testing (cite this): batch 22 / 274
Testing (cite this): batch 23 / 274
Testing (cite this): batch 24 / 274
Testing (cite this): batch 25 / 274
Testing (cite this): batch 26 / 274
Testing (cite this): batch 27 / 274
Testing (cite this): batch 28 / 274
Testing (cite this): batch 29 / 274
Testing (cite this): batch 30 / 274
Testing (cite this): batch 31 / 274
Testing (cite this): batch 32 / 274
Testing (cite this): batch 33 / 274
Testing (cite this): batch 34 / 274
Testing (cite this): batch 35 / 274
Testing (cite this): batch 36 / 274
Testing (cite this): batch 37 / 274
Testing (cite this): batch 38 / 274
Testing (cite this): batch 39 / 274
Testing (cite this): batch 40 / 274
Testing (cite this): batch 41 / 274
Testing (cite this): batch 42 / 274
Testing (cite this): batch 43 / 274
Testing (cite this): batch 44 / 274
Testing (cite this): batch 45 / 274
Testing (cite this): batch 46 / 274
Testing (cite this): batch 47 / 274
Testing (cite this): batch 48 / 274
Testing (cite this): batch 49 / 274
Testing (cite this): batch 50 / 274
Testing (cite this): batch 51 / 274
Testing (cite this): batch 52 / 274
Testing (cite this): batch 53 / 274
Testing (cite this): batch 54 / 274
Testing (cite this): batch 55 / 274
Testing (cite this): batch 56 / 274
Testing (cite this): batch 57 / 274
Testing (cite this): batch 58 / 274
Testing (cite this): batch 59 / 274
Testing (cite this): batch 60 / 274
Testing (cite this): batch 61 / 274
Testing (cite this): batch 62 / 274
Testing (cite this): batch 63 / 274
Testing (cite this): batch 64 / 274
Testing (cite this): batch 65 / 274
Testing (cite this): batch 66 / 274
Testing (cite this): batch 67 / 274
Testing (cite this): batch 68 / 274
Testing (cite this): batch 69 / 274
Testing (cite this): batch 70 / 274
Testing (cite this): batch 71 / 274
Testing (cite this): batch 72 / 274
Testing (cite this): batch 73 / 274
Testing (cite this): batch 74 / 274
Testing (cite this): batch 75 / 274
Testing (cite this): batch 76 / 274
Testing (cite this): batch 77 / 274
Testing (cite this): batch 78 / 274
Testing (cite this): batch 79 / 274
Testing (cite this): batch 80 / 274
Testing (cite this): batch 81 / 274
Testing (cite this): batch 82 / 274
Testing (cite this): batch 83 / 274
Testing (cite this): batch 84 / 274
Testing (cite this): batch 85 / 274
Testing (cite this): batch 86 / 274
Testing (cite this): batch 87 / 274
Testing (cite this): batch 88 / 274
Testing (cite this): batch 89 / 274
Testing (cite this): batch 90 / 274
Testing (cite this): batch 91 / 274
Testing (cite this): batch 92 / 274
Testing (cite this): batch 93 / 274
Testing (cite this): batch 94 / 274
Testing (cite this): batch 95 / 274
Testing (cite this): batch 96 / 274
Testing (cite this): batch 97 / 274
Testing (cite this): batch 98 / 274
Testing (cite this): batch 99 / 274
Testing (cite this): batch 100 / 274
Testing (cite this): batch 101 / 274
Testing (cite this): batch 102 / 274
Testing (cite this): batch 103 / 274
Testing (cite this): batch 104 / 274
Testing (cite this): batch 105 / 274
Testing (cite this): batch 106 / 274
Testing (cite this): batch 107 / 274
Testing (cite this): batch 108 / 274
Testing (cite this): batch 109 / 274
Testing (cite this): batch 110 / 274
Testing (cite this): batch 111 / 274
Testing (cite this): batch 112 / 274
Testing (cite this): batch 113 / 274
Testing (cite this): batch 114 / 274
Testing (cite this): batch 115 / 274
Testing (cite this): batch 116 / 274
Testing (cite this): batch 117 / 274
Testing (cite this): batch 118 / 274
Testing (cite this): batch 119 / 274
Testing (cite this): batch 120 / 274
Testing (cite this): batch 121 / 274
Testing (cite this): batch 122 / 274
Testing (cite this): batch 123 / 274
Testing (cite this): batch 124 / 274
Testing (cite this): batch 125 / 274
Testing (cite this): batch 126 / 274
Testing (cite this): batch 127 / 274
Testing (cite this): batch 128 / 274
Testing (cite this): batch 129 / 274
Testing (cite this): batch 130 / 274
Testing (cite this): batch 131 / 274
Testing (cite this): batch 132 / 274
Testing (cite this): batch 133 / 274
Testing (cite this): batch 134 / 274
Testing (cite this): batch 135 / 274
Testing (cite this): batch 136 / 274
Testing (cite this): batch 137 / 274
Testing (cite this): batch 138 / 274
Testing (cite this): batch 139 / 274
Testing (cite this): batch 140 / 274
Testing (cite this): batch 141 / 274
Testing (cite this): batch 142 / 274
Testing (cite this): batch 143 / 274
Testing (cite this): batch 144 / 274
Testing (cite this): batch 145 / 274
Testing (cite this): batch 146 / 274
Testing (cite this): batch 147 / 274
Testing (cite this): batch 148 / 274
Testing (cite this): batch 149 / 274
Testing (cite this): batch 150 / 274
Testing (cite this): batch 151 / 274
Testing (cite this): batch 152 / 274
Testing (cite this): batch 153 / 274
Testing (cite this): batch 154 / 274
Testing (cite this): batch 155 / 274
Testing (cite this): batch 156 / 274
Testing (cite this): batch 157 / 274
Testing (cite this): batch 158 / 274
Testing (cite this): batch 159 / 274
Testing (cite this): batch 160 / 274
Testing (cite this): batch 161 / 274
Testing (cite this): batch 162 / 274
Testing (cite this): batch 163 / 274
Testing (cite this): batch 164 / 274
Testing (cite this): batch 165 / 274
Testing (cite this): batch 166 / 274
Testing (cite this): batch 167 / 274
Testing (cite this): batch 168 / 274
Testing (cite this): batch 169 / 274
Testing (cite this): batch 170 / 274
Testing (cite this): batch 171 / 274
Testing (cite this): batch 172 / 274
Testing (cite this): batch 173 / 274
Testing (cite this): batch 174 / 274
Testing (cite this): batch 175 / 274
Testing (cite this): batch 176 / 274
Testing (cite this): batch 177 / 274
Testing (cite this): batch 178 / 274
Testing (cite this): batch 179 / 274
Testing (cite this): batch 180 / 274
Testing (cite this): batch 181 / 274
Testing (cite this): batch 182 / 274
Testing (cite this): batch 183 / 274
Testing (cite this): batch 184 / 274
Testing (cite this): batch 185 / 274
Testing (cite this): batch 186 / 274
Testing (cite this): batch 187 / 274
Testing (cite this): batch 188 / 274
Testing (cite this): batch 189 / 274
Testing (cite this): batch 190 / 274
Testing (cite this): batch 191 / 274
Testing (cite this): batch 192 / 274
Testing (cite this): batch 193 / 274
Testing (cite this): batch 194 / 274
Testing (cite this): batch 195 / 274
Testing (cite this): batch 196 / 274
Testing (cite this): batch 197 / 274
Testing (cite this): batch 198 / 274
Testing (cite this): batch 199 / 274
Testing (cite this): batch 200 / 274
Testing (cite this): batch 201 / 274
Testing (cite this): batch 202 / 274
Testing (cite this): batch 203 / 274
Testing (cite this): batch 204 / 274
Testing (cite this): batch 205 / 274
Testing (cite this): batch 206 / 274
Testing (cite this): batch 207 / 274
Testing (cite this): batch 208 / 274
Testing (cite this): batch 209 / 274
Testing (cite this): batch 210 / 274
Testing (cite this): batch 211 / 274
Testing (cite this): batch 212 / 274
Testing (cite this): batch 213 / 274
Testing (cite this): batch 214 / 274
Testing (cite this): batch 215 / 274
Testing (cite this): batch 216 / 274
Testing (cite this): batch 217 / 274
Testing (cite this): batch 218 / 274
Testing (cite this): batch 219 / 274
Testing (cite this): batch 220 / 274
Testing (cite this): batch 221 / 274
Testing (cite this): batch 222 / 274
Testing (cite this): batch 223 / 274
Testing (cite this): batch 224 / 274
Testing (cite this): batch 225 / 274
Testing (cite this): batch 226 / 274
Testing (cite this): batch 227 / 274
Testing (cite this): batch 228 / 274
Testing (cite this): batch 229 / 274
Testing (cite this): batch 230 / 274
Testing (cite this): batch 231 / 274
Testing (cite this): batch 232 / 274
Testing (cite this): batch 233 / 274
Testing (cite this): batch 234 / 274
Testing (cite this): batch 235 / 274
Testing (cite this): batch 236 / 274
Testing (cite this): batch 237 / 274
Testing (cite this): batch 238 / 274
Testing (cite this): batch 239 / 274
Testing (cite this): batch 240 / 274
Testing (cite this): batch 241 / 274
Testing (cite this): batch 242 / 274
Testing (cite this): batch 243 / 274
Testing (cite this): batch 244 / 274
Testing (cite this): batch 245 / 274
Testing (cite this): batch 246 / 274
Testing (cite this): batch 247 / 274
Testing (cite this): batch 248 / 274
Testing (cite this): batch 249 / 274
Testing (cite this): batch 250 / 274
Testing (cite this): batch 251 / 274
Testing (cite this): batch 252 / 274
Testing (cite this): batch 253 / 274
Testing (cite this): batch 254 / 274
Testing (cite this): batch 255 / 274
Testing (cite this): batch 256 / 274
Testing (cite this): batch 257 / 274
Testing (cite this): batch 258 / 274
Testing (cite this): batch 259 / 274
Testing (cite this): batch 260 / 274
Testing (cite this): batch 261 / 274
Testing (cite this): batch 262 / 274
Testing (cite this): batch 263 / 274
Testing (cite this): batch 264 / 274
Testing (cite this): batch 265 / 274
Testing (cite this): batch 266 / 274
Testing (cite this): batch 267 / 274
Testing (cite this): batch 268 / 274
Testing (cite this): batch 269 / 274
Testing (cite this): batch 270 / 274
Testing (cite this): batch 271 / 274
Testing (cite this): batch 272 / 274
Testing (cite this): batch 273 / 274
ranks: tensor([1.0000e+01, 1.0000e+01, 1.0000e+01,  ..., 2.0000e+00, 1.0000e+00,
        2.7975e+04])
mr: 1942.5374755859375
mrr: 0.2160819172859192
h1: 0.1893187314271927
h3: 0.21436722576618195
h5: 0.23040054738521576
h10: 0.25767430663108826
==================================

Done Testing!
done with training and eval
Experiments took 4155 seconds on 
