['run_exp.py', '0', 'DBpedia50', '5', '5e-4', 'zscore', '128', '64', '500', '0', '1', 'simple', '0']
Creating a new model from scratch
loading NN
done loading NN
loading dataset
DBpedia50
X_p: torch.Size([32203, 23])
X_p: torch.Size([2095, 23])
X_p: torch.Size([123, 23])
done loading dataset
loading filters
done loading filters
loading negative samplers
loading triple features from cache
done loading negative samplers
running training and eval
TWIG_KGL_v0(
  (linear_struct_1): Linear(in_features=22, out_features=10, bias=True)
  (relu_1): ReLU()
  (dropout_1): Dropout(p=0.01, inplace=False)
  (linear_struct_2): Linear(in_features=10, out_features=10, bias=True)
  (relu_2): ReLU()
  (dropout_2): Dropout(p=0.01, inplace=False)
  (linear_final): Linear(in_features=10, out_features=1, bias=True)
  (sigmoid_final): Sigmoid()
)
REC: Training with epochs = 5
Epoch 1 -- batch 0 / 252 loss: 0.10983670502901077
Epoch 2 -- batch 0 / 252 loss: 0.003299376927316189
Epoch 3 -- batch 0 / 252 loss: 0.00043685687705874443
Epoch 4 -- batch 0 / 252 loss: 0.00018736306810751557
Epoch 5 -- batch 0 / 252 loss: 0.0001071015649358742
Saving checkpoint at epoch 5; prefix = chkpt-ID_2117984377946763
Done Training!

==================================
Testing (cite this): dataloader for dataset DBpedia50
Testing (cite this): batch 0 / 33
Testing (cite this): batch 1 / 33
Testing (cite this): batch 2 / 33
Testing (cite this): batch 3 / 33
Testing (cite this): batch 4 / 33
Testing (cite this): batch 5 / 33
Testing (cite this): batch 6 / 33
Testing (cite this): batch 7 / 33
Testing (cite this): batch 8 / 33
Testing (cite this): batch 9 / 33
Testing (cite this): batch 10 / 33
Testing (cite this): batch 11 / 33
Testing (cite this): batch 12 / 33
Testing (cite this): batch 13 / 33
Testing (cite this): batch 14 / 33
Testing (cite this): batch 15 / 33
Testing (cite this): batch 16 / 33
Testing (cite this): batch 17 / 33
Testing (cite this): batch 18 / 33
Testing (cite this): batch 19 / 33
Testing (cite this): batch 20 / 33
Testing (cite this): batch 21 / 33
Testing (cite this): batch 22 / 33
Testing (cite this): batch 23 / 33
Testing (cite this): batch 24 / 33
Testing (cite this): batch 25 / 33
Testing (cite this): batch 26 / 33
Testing (cite this): batch 27 / 33
Testing (cite this): batch 28 / 33
Testing (cite this): batch 29 / 33
Testing (cite this): batch 30 / 33
Testing (cite this): batch 31 / 33
Testing (cite this): batch 32 / 33
total number of ranks, torch.Size([2095])
====== Ranks ======
ranks size: torch.Size([2095])
test_loss: 2.0597510561347008
mr: 15120.123046875
mrr: 0.11419517546892166
h1: 0.05489259958267212
h3: 0.14988066256046295
h5: 0.19379474222660065
h10: 0.22577565908432007
==================================

Done Testing!
done with training and eval
Experiments took 632 seconds on 
