loading model settings from cache: checkpoints/chkpt-ID_2290687557284591.pkl
overriding original values for dataset_names. Was ['FB15k-237'], now is ['CoDExSmall']
overriding original values for epochs. Was 50, now is 5
It will be trained for 5 more epochs now.
If you are loading a modle that was itself loaded from checkpoint, the number of epochs listed as already completed above will be incorrect
until I get around to fxing this, you will have to recursively go through logs to find the total number of epochs run
loadng TWIG-I model from disk at: checkpoints/chkpt-ID_2290687557284591_e50.pt
the full config being used is: {'version': 0, 'dataset_names': ['CoDExSmall'], 'epochs': 5, 'lr': 0.0005, 'normalisation': 'zscore', 'batch_size': 128, 'batch_size_test': 64, 'npp': 500, 'sampler_type': 'simple', 'use_train_filter': False, 'use_valid_and_test_filters': True, 'hyp_validation_mode': False}
Using provided pre-existing model
loading dataset
CoDExSmall
X_p: torch.Size([32888, 23])
X_p: torch.Size([1828, 23])
X_p: torch.Size([1827, 23])
done loading dataset
loading filters
done loading filters
loading negative samplers
loading triple features from cache
done loading negative samplers
running training and eval
TWIG_KGL_v0(
  (linear_struct_1): Linear(in_features=22, out_features=10, bias=True)
  (relu_1): ReLU()
  (dropout_1): Dropout(p=0.01, inplace=False)
  (linear_struct_2): Linear(in_features=10, out_features=10, bias=True)
  (relu_2): ReLU()
  (dropout_2): Dropout(p=0.01, inplace=False)
  (linear_final): Linear(in_features=10, out_features=1, bias=True)
  (sigmoid_final): Sigmoid()
)
REC: Training with epochs = 5
Epoch 1 -- batch 0 / 257 loss: 0.009792943485081196
Epoch 2 -- batch 0 / 257 loss: 0.007786615286022425
Epoch 3 -- batch 0 / 257 loss: 0.007727593649178743
Epoch 4 -- batch 0 / 257 loss: 0.006420487072318792
Epoch 5 -- batch 0 / 257 loss: 0.006403133738785982
Saving checkpoint at epoch 5; prefix = chkpt-ID_2158300299002927
Done Training!

==================================
Testing (cite this): dataloader for dataset CoDExSmall
Testing (cite this): batch 0 / 29
Testing (cite this): batch 1 / 29
Testing (cite this): batch 2 / 29
Testing (cite this): batch 3 / 29
Testing (cite this): batch 4 / 29
Testing (cite this): batch 5 / 29
Testing (cite this): batch 6 / 29
Testing (cite this): batch 7 / 29
Testing (cite this): batch 8 / 29
Testing (cite this): batch 9 / 29
Testing (cite this): batch 10 / 29
Testing (cite this): batch 11 / 29
Testing (cite this): batch 12 / 29
Testing (cite this): batch 13 / 29
Testing (cite this): batch 14 / 29
Testing (cite this): batch 15 / 29
Testing (cite this): batch 16 / 29
Testing (cite this): batch 17 / 29
Testing (cite this): batch 18 / 29
Testing (cite this): batch 19 / 29
Testing (cite this): batch 20 / 29
Testing (cite this): batch 21 / 29
Testing (cite this): batch 22 / 29
Testing (cite this): batch 23 / 29
Testing (cite this): batch 24 / 29
Testing (cite this): batch 25 / 29
Testing (cite this): batch 26 / 29
Testing (cite this): batch 27 / 29
Testing (cite this): batch 28 / 29
total number of ranks, torch.Size([1828])
====== Ranks ======
ranks size: torch.Size([1828])
test_loss: 2.6821268796920776
mr: 1250.2264404296875
mrr: 0.07002841681241989
h1: 0.05361050367355347
h3: 0.05579868704080582
h5: 0.06072210147976875
h10: 0.0891684889793396
==================================

Done Testing!
done with training and eval
Experiments took 276 seconds on 
