Arguments received: ['run_exp.py', 'base', 'WN18RR', '20', '5e-3', 'zscore', '128', '64', '500', '0', '1', 'simple', '1', 'None', '0']
loading dataset
WN18RR
X_p: torch.Size([86835, 23])
n_local: 22
X_p: torch.Size([2924, 23])
n_local: 22
X_p: torch.Size([2824, 23])
n_local: 22
Using a total of 22 features
done loading dataset
loading filters
done loading filters
loading negative samplers
init negative sampler with args
	use_2_hop_fts: True
	fts_blacklist: {'None'}
done loading negative samplers
Running in standard evaluation mode
TWIG will be evaulaited on the test set
and will not be tested each epoch on the validation set
Creating a new model from scratch
loading NN
done loading NN
running training and eval
TWIGI_Base(
  (linear_struct_1): Linear(in_features=22, out_features=10, bias=True)
  (relu_1): ReLU()
  (dropout_1): Dropout(p=0.01, inplace=False)
  (linear_struct_2): Linear(in_features=10, out_features=10, bias=True)
  (relu_2): ReLU()
  (dropout_2): Dropout(p=0.01, inplace=False)
  (linear_final): Linear(in_features=10, out_features=1, bias=True)
  (sigmoid_final): Sigmoid()
)
REC: Training with epochs = 20
Epoch 1 -- batch 0 / 679 loss: 0.14687326550483704
batch 500 / 679 loss: 0.00017445084813516587
Epoch 2 -- batch 0 / 679 loss: 3.151674536638893e-05
batch 500 / 679 loss: 0.00015364093997050077
Epoch 3 -- batch 0 / 679 loss: 3.166938404319808e-05
batch 500 / 679 loss: 0.00016639931709505618
Epoch 4 -- batch 0 / 679 loss: 1.6893423889996484e-05
batch 500 / 679 loss: 0.00017885444685816765
Epoch 5 -- batch 0 / 679 loss: 1.3663739082403481e-05
batch 500 / 679 loss: 0.00016384010086767375
Saving checkpoint at epoch 5; prefix = chkpt-ID_2629572480637802
Epoch 6 -- batch 0 / 679 loss: 2.048884198302403e-05
batch 500 / 679 loss: 0.00012261304073035717
Epoch 7 -- batch 0 / 679 loss: 1.6227833839366212e-05
batch 500 / 679 loss: 5.669840902555734e-05
Epoch 8 -- batch 0 / 679 loss: 1.887616963358596e-05
batch 500 / 679 loss: 0.00011139191337861121
Epoch 9 -- batch 0 / 679 loss: 3.7785378026455874e-06
batch 500 / 679 loss: 1.942005292221438e-05
Epoch 10 -- batch 0 / 679 loss: 1.4762108548893593e-05
batch 500 / 679 loss: 1.0754249160527252e-05
Saving checkpoint at epoch 10; prefix = chkpt-ID_2629572480637802
Epoch 11 -- batch 0 / 679 loss: 1.2408047041390091e-05
batch 500 / 679 loss: 5.4429590818472207e-05
Epoch 12 -- batch 0 / 679 loss: 2.0447958377189934e-05
batch 500 / 679 loss: 2.7591566322371364e-05
Epoch 13 -- batch 0 / 679 loss: 6.4368332459707744e-06
batch 500 / 679 loss: 2.3651227820664644e-05
Epoch 14 -- batch 0 / 679 loss: 1.4662875400972553e-05
batch 500 / 679 loss: 2.3141034034779295e-05
Epoch 15 -- batch 0 / 679 loss: 1.2036264706694055e-05
batch 500 / 679 loss: 3.0824292480247095e-05
Saving checkpoint at epoch 15; prefix = chkpt-ID_2629572480637802
Epoch 16 -- batch 0 / 679 loss: 1.836787305364851e-05
batch 500 / 679 loss: 1.5848345356062055e-05
Epoch 17 -- batch 0 / 679 loss: 9.415144631930161e-06
batch 500 / 679 loss: 1.8307011487195268e-05
Epoch 18 -- batch 0 / 679 loss: 1.1849494512716774e-05
batch 500 / 679 loss: 3.3787426218623295e-05
Epoch 19 -- batch 0 / 679 loss: 1.6977035556919873e-05
batch 500 / 679 loss: 2.3170796339400113e-05
Epoch 20 -- batch 0 / 679 loss: 4.442616500455188e-06
batch 500 / 679 loss: 1.440868254576344e-05
Saving checkpoint at epoch 20; prefix = chkpt-ID_2629572480637802
Done Training!

==================================
Testing (cite this): dataloader for dataset WN18RR
Testing (cite this): batch 0 / 46
batch 0 / 46 loss: 0.10005247592926025
Testing (cite this): batch 1 / 46
Testing (cite this): batch 2 / 46
Testing (cite this): batch 3 / 46
Testing (cite this): batch 4 / 46
Testing (cite this): batch 5 / 46
Testing (cite this): batch 6 / 46
Testing (cite this): batch 7 / 46
Testing (cite this): batch 8 / 46
Testing (cite this): batch 9 / 46
Testing (cite this): batch 10 / 46
Testing (cite this): batch 11 / 46
Testing (cite this): batch 12 / 46
Testing (cite this): batch 13 / 46
Testing (cite this): batch 14 / 46
Testing (cite this): batch 15 / 46
Testing (cite this): batch 16 / 46
Testing (cite this): batch 17 / 46
Testing (cite this): batch 18 / 46
Testing (cite this): batch 19 / 46
Testing (cite this): batch 20 / 46
Testing (cite this): batch 21 / 46
Testing (cite this): batch 22 / 46
Testing (cite this): batch 23 / 46
Testing (cite this): batch 24 / 46
Testing (cite this): batch 25 / 46
Testing (cite this): batch 26 / 46
Testing (cite this): batch 27 / 46
Testing (cite this): batch 28 / 46
Testing (cite this): batch 29 / 46
Testing (cite this): batch 30 / 46
Testing (cite this): batch 31 / 46
Testing (cite this): batch 32 / 46
Testing (cite this): batch 33 / 46
Testing (cite this): batch 34 / 46
Testing (cite this): batch 35 / 46
Testing (cite this): batch 36 / 46
Testing (cite this): batch 37 / 46
Testing (cite this): batch 38 / 46
Testing (cite this): batch 39 / 46
Testing (cite this): batch 40 / 46
Testing (cite this): batch 41 / 46
Testing (cite this): batch 42 / 46
Testing (cite this): batch 43 / 46
Testing (cite this): batch 44 / 46
Testing (cite this): batch 45 / 46
total number of ranks, torch.Size([5848])
====== Ranks ======
ranks size: torch.Size([5848])
test_loss: 4.487406186759472
mr: 24455.916015625
mrr: 0.026405053213238716
h1: 0.020519835874438286
h3: 0.028043774887919426
h5: 0.03231874108314514
h10: 0.03847469389438629
==================================

Done Testing!
done with training and eval
Experiments took 8915 seconds on 
