Arguments received: ['run_exp.py', 'base', 'DBpedia50', '20', '5e-3', 'zscore', '128', '64', '30', '0', '1', 'simple', '1', 'None', '0']
loading dataset
DBpedia50
X_p: torch.Size([32203, 23])
n_local: 22
X_p: torch.Size([2095, 23])
n_local: 22
X_p: torch.Size([123, 23])
n_local: 22
Using a total of 22 features
done loading dataset
loading filters
done loading filters
loading negative samplers
init negative sampler with args
	use_2_hop_fts: True
	fts_blacklist: {'None'}
done loading negative samplers
Running in standard evaluation mode
TWIG will be evaulaited on the test set
and will not be tested each epoch on the validation set
Creating a new model from scratch
loading NN
done loading NN
running training and eval
TWIGI_Base(
  (linear_struct_1): Linear(in_features=22, out_features=10, bias=True)
  (relu_1): ReLU()
  (dropout_1): Dropout(p=0.01, inplace=False)
  (linear_struct_2): Linear(in_features=10, out_features=10, bias=True)
  (relu_2): ReLU()
  (dropout_2): Dropout(p=0.01, inplace=False)
  (linear_final): Linear(in_features=10, out_features=1, bias=True)
  (sigmoid_final): Sigmoid()
)
REC: Training with epochs = 20
Epoch 1 -- batch 0 / 252 loss: 0.11200705170631409
Epoch 2 -- batch 0 / 252 loss: 0.00016281897842418402
Epoch 3 -- batch 0 / 252 loss: 6.0569938796106726e-05
Epoch 4 -- batch 0 / 252 loss: 8.787553088041022e-05
Epoch 5 -- batch 0 / 252 loss: 0.00023685955966357142
Saving checkpoint at epoch 5; prefix = chkpt-ID_815677278242605
Epoch 6 -- batch 0 / 252 loss: 0.0001523631945019588
Epoch 7 -- batch 0 / 252 loss: 9.990249964175746e-05
Epoch 8 -- batch 0 / 252 loss: 0.0
Epoch 9 -- batch 0 / 252 loss: 7.629821629961953e-05
Epoch 10 -- batch 0 / 252 loss: 4.309810174163431e-05
Saving checkpoint at epoch 10; prefix = chkpt-ID_815677278242605
Epoch 11 -- batch 0 / 252 loss: 7.172146433731541e-05
Epoch 12 -- batch 0 / 252 loss: 4.431481647770852e-05
Epoch 13 -- batch 0 / 252 loss: 1.661675560171716e-05
Epoch 14 -- batch 0 / 252 loss: 4.192305277683772e-05
Epoch 15 -- batch 0 / 252 loss: 2.6041669116239063e-05
Saving checkpoint at epoch 15; prefix = chkpt-ID_815677278242605
Epoch 16 -- batch 0 / 252 loss: 4.140430974075571e-05
Epoch 17 -- batch 0 / 252 loss: 6.363429565681145e-05
Epoch 18 -- batch 0 / 252 loss: 3.31899500451982e-05
Epoch 19 -- batch 0 / 252 loss: 6.0919202951481566e-05
Epoch 20 -- batch 0 / 252 loss: 6.46486587356776e-05
Saving checkpoint at epoch 20; prefix = chkpt-ID_815677278242605
Done Training!

==================================
Testing (cite this): dataloader for dataset DBpedia50
Testing (cite this): batch 0 / 33
batch 0 / 33 loss: 0.048097796738147736
Testing (cite this): batch 1 / 33
Testing (cite this): batch 2 / 33
Testing (cite this): batch 3 / 33
Testing (cite this): batch 4 / 33
Testing (cite this): batch 5 / 33
Testing (cite this): batch 6 / 33
Testing (cite this): batch 7 / 33
Testing (cite this): batch 8 / 33
Testing (cite this): batch 9 / 33
Testing (cite this): batch 10 / 33
Testing (cite this): batch 11 / 33
Testing (cite this): batch 12 / 33
Testing (cite this): batch 13 / 33
Testing (cite this): batch 14 / 33
Testing (cite this): batch 15 / 33
Testing (cite this): batch 16 / 33
Testing (cite this): batch 17 / 33
Testing (cite this): batch 18 / 33
Testing (cite this): batch 19 / 33
Testing (cite this): batch 20 / 33
Testing (cite this): batch 21 / 33
Testing (cite this): batch 22 / 33
Testing (cite this): batch 23 / 33
Testing (cite this): batch 24 / 33
Testing (cite this): batch 25 / 33
Testing (cite this): batch 26 / 33
Testing (cite this): batch 27 / 33
Testing (cite this): batch 28 / 33
Testing (cite this): batch 29 / 33
Testing (cite this): batch 30 / 33
Testing (cite this): batch 31 / 33
Testing (cite this): batch 32 / 33
total number of ranks, torch.Size([4190])
====== Ranks ======
ranks size: torch.Size([4190])
test_loss: 1.7939155213534832
mr: 3775.694580078125
mrr: 0.3794943690299988
h1: 0.3202863931655884
h3: 0.4238663613796234
h5: 0.4474940299987793
h10: 0.4692124128341675
==================================

Done Testing!
done with training and eval
Experiments took 1179 seconds on 
