loading model settings from cache: checkpoints/chkpt-ID_8315447818826931.pkl
overriding original values for epochs. Was 100, now is 20
overriding original values for dataset_names. Was ['FB15k237'], now is ['DBpedia50']
overriding original values for batch_size. Was 128, now is 128
overriding original values for lr. Was 0.0005, now is 0.0005
overriding original values for npp. Was 100, now is 30
overriding original values for hyp_validation_mode. Was False, now is 0
It will be trained for 20 more epochs now.
If you are loading a modle that was itself loaded from checkpoint, the number of epochs listed as already completed above will be incorrect
until I get around to fxing this, you will have to recursively go through logs to find the total number of epochs run
loadng TWIG-I model from disk at: checkpoints/chkpt-ID_8315447818826931_e100.pt
the full config being used is: {'version': 'base', 'dataset_names': ['DBpedia50'], 'epochs': 20, 'lr': 0.0005, 'normalisation': 'zscore', 'batch_size': 128, 'batch_size_test': 64, 'npp': 30, 'use_train_filter': False, 'use_valid_and_test_filters': True, 'sampler_type': 'simple', 'use_2_hop_fts': True, 'fts_blacklist': {'None'}, 'hyp_validation_mode': 0}
loading dataset
DBpedia50
X_p: torch.Size([32203, 23])
n_local: 22
X_p: torch.Size([2095, 23])
n_local: 22
X_p: torch.Size([123, 23])
n_local: 22
Using a total of 22 features
done loading dataset
loading filters
done loading filters
loading negative samplers
init negative sampler with args
	use_2_hop_fts: True
	fts_blacklist: {'None'}
done loading negative samplers
Running in standard evaluation mode
TWIG will be evaulaited on the test set
and will not be tested each epoch on the validation set
Using provided pre-existing model
running training and eval
TWIGI_Base(
  (linear_struct_1): Linear(in_features=22, out_features=10, bias=True)
  (relu_1): ReLU()
  (dropout_1): Dropout(p=0.01, inplace=False)
  (linear_struct_2): Linear(in_features=10, out_features=10, bias=True)
  (relu_2): ReLU()
  (dropout_2): Dropout(p=0.01, inplace=False)
  (linear_final): Linear(in_features=10, out_features=1, bias=True)
  (sigmoid_final): Sigmoid()
)
REC: Training with epochs = 20
Epoch 1 -- batch 0 / 252 loss: 0.00015231689030770212
Epoch 2 -- batch 0 / 252 loss: 3.549243410816416e-05
Epoch 3 -- batch 0 / 252 loss: 2.6208135750493966e-06
Epoch 4 -- batch 0 / 252 loss: 0.0
Epoch 5 -- batch 0 / 252 loss: 6.166893581394106e-05
Saving checkpoint at epoch 5; prefix = chkpt-ID_83833424148638
Epoch 6 -- batch 0 / 252 loss: 7.195217767730355e-05
Epoch 7 -- batch 0 / 252 loss: 5.83440087211784e-05
Epoch 8 -- batch 0 / 252 loss: 0.0
Epoch 9 -- batch 0 / 252 loss: 0.0
Epoch 10 -- batch 0 / 252 loss: 9.631806278775912e-06
Saving checkpoint at epoch 10; prefix = chkpt-ID_83833424148638
Epoch 11 -- batch 0 / 252 loss: 4.070672002853826e-05
Epoch 12 -- batch 0 / 252 loss: 0.0
Epoch 13 -- batch 0 / 252 loss: 0.0
Epoch 14 -- batch 0 / 252 loss: 0.0
Epoch 15 -- batch 0 / 252 loss: 0.0
Saving checkpoint at epoch 15; prefix = chkpt-ID_83833424148638
Epoch 16 -- batch 0 / 252 loss: 6.07589618084603e-06
Epoch 17 -- batch 0 / 252 loss: 0.0
Epoch 18 -- batch 0 / 252 loss: 2.7135678465128876e-05
Epoch 19 -- batch 0 / 252 loss: 0.0
Epoch 20 -- batch 0 / 252 loss: 0.0
Saving checkpoint at epoch 20; prefix = chkpt-ID_83833424148638
Done Training!

==================================
Testing (cite this): dataloader for dataset DBpedia50
Testing (cite this): batch 0 / 33
batch 0 / 33 loss: 0.05028015747666359
Testing (cite this): batch 1 / 33
Testing (cite this): batch 2 / 33
Testing (cite this): batch 3 / 33
Testing (cite this): batch 4 / 33
Testing (cite this): batch 5 / 33
Testing (cite this): batch 6 / 33
Testing (cite this): batch 7 / 33
Testing (cite this): batch 8 / 33
Testing (cite this): batch 9 / 33
Testing (cite this): batch 10 / 33
Testing (cite this): batch 11 / 33
Testing (cite this): batch 12 / 33
Testing (cite this): batch 13 / 33
Testing (cite this): batch 14 / 33
Testing (cite this): batch 15 / 33
Testing (cite this): batch 16 / 33
Testing (cite this): batch 17 / 33
Testing (cite this): batch 18 / 33
Testing (cite this): batch 19 / 33
Testing (cite this): batch 20 / 33
Testing (cite this): batch 21 / 33
Testing (cite this): batch 22 / 33
Testing (cite this): batch 23 / 33
Testing (cite this): batch 24 / 33
Testing (cite this): batch 25 / 33
Testing (cite this): batch 26 / 33
Testing (cite this): batch 27 / 33
Testing (cite this): batch 28 / 33
Testing (cite this): batch 29 / 33
Testing (cite this): batch 30 / 33
Testing (cite this): batch 31 / 33
Testing (cite this): batch 32 / 33
total number of ranks, torch.Size([4190])
====== Ranks ======
ranks size: torch.Size([4190])
test_loss: 1.8213612660765648
mr: 5645.77294921875
mrr: 0.4507875442504883
h1: 0.4233890175819397
h3: 0.47064438462257385
h5: 0.47804296016693115
h10: 0.48854416608810425
==================================

Done Testing!
done with training and eval
Experiments took 1150 seconds on 
