loading model settings from cache: checkpoints/chkpt-ID_2980578518512252.pkl
overriding original values for epochs. Was 100, now is 20
overriding original values for dataset_names. Was ['WN18RR'], now is ['FB15k237']
overriding original values for batch_size. Was 128, now is 128
overriding original values for lr. Was 0.005, now is 0.0005
overriding original values for npp. Was 500, now is 100
overriding original values for hyp_validation_mode. Was False, now is 0
It will be trained for 20 more epochs now.
If you are loading a modle that was itself loaded from checkpoint, the number of epochs listed as already completed above will be incorrect
until I get around to fxing this, you will have to recursively go through logs to find the total number of epochs run
loadng TWIG-I model from disk at: checkpoints/chkpt-ID_2980578518512252_e100.pt
the full config being used is: {'version': 'base', 'dataset_names': ['FB15k237'], 'epochs': 20, 'lr': 0.0005, 'normalisation': 'zscore', 'batch_size': 128, 'batch_size_test': 64, 'npp': 100, 'use_train_filter': False, 'use_valid_and_test_filters': True, 'sampler_type': 'simple', 'use_2_hop_fts': True, 'fts_blacklist': {'None'}, 'hyp_validation_mode': 0}
loading dataset
FB15k237
X_p: torch.Size([272115, 23])
n_local: 22
X_p: torch.Size([20438, 23])
n_local: 22
X_p: torch.Size([17526, 23])
n_local: 22
Using a total of 22 features
done loading dataset
loading filters
done loading filters
loading negative samplers
init negative sampler with args
	use_2_hop_fts: True
	fts_blacklist: {'None'}
done loading negative samplers
Running in standard evaluation mode
TWIG will be evaulaited on the test set
and will not be tested each epoch on the validation set
Using provided pre-existing model
running training and eval
TWIGI_Base(
  (linear_struct_1): Linear(in_features=22, out_features=10, bias=True)
  (relu_1): ReLU()
  (dropout_1): Dropout(p=0.01, inplace=False)
  (linear_struct_2): Linear(in_features=10, out_features=10, bias=True)
  (relu_2): ReLU()
  (dropout_2): Dropout(p=0.01, inplace=False)
  (linear_final): Linear(in_features=10, out_features=1, bias=True)
  (sigmoid_final): Sigmoid()
)
REC: Training with epochs = 20
Epoch 1 -- batch 0 / 2126 loss: 0.002980946097522974
batch 500 / 2126 loss: 0.00019020808394998312
batch 1000 / 2126 loss: 0.0019838411826640368
batch 1500 / 2126 loss: 0.0005474331555888057
batch 2000 / 2126 loss: 0.0004459340707398951
Epoch 2 -- batch 0 / 2126 loss: 0.00012431123468559235
batch 500 / 2126 loss: 0.00021173310233280063
batch 1000 / 2126 loss: 0.0007850609254091978
batch 1500 / 2126 loss: 0.0004414243157953024
batch 2000 / 2126 loss: 0.0003195898898411542
Epoch 3 -- batch 0 / 2126 loss: 8.57048507896252e-05
batch 500 / 2126 loss: 7.71548948250711e-05
batch 1000 / 2126 loss: 0.000532227277290076
batch 1500 / 2126 loss: 0.00043799617560580373
batch 2000 / 2126 loss: 0.0003079584566876292
Epoch 4 -- batch 0 / 2126 loss: 0.00014253941481001675
batch 500 / 2126 loss: 0.00010612371988827363
batch 1000 / 2126 loss: 0.0004358290461823344
batch 1500 / 2126 loss: 0.0002798859204631299
batch 2000 / 2126 loss: 0.00029203068697825074
Epoch 5 -- batch 0 / 2126 loss: 0.00019873336714226753
batch 500 / 2126 loss: 7.420618203468621e-05
batch 1000 / 2126 loss: 0.0004992426256649196
batch 1500 / 2126 loss: 0.0003228076093364507
batch 2000 / 2126 loss: 0.00032194965751841664
Saving checkpoint at epoch 5; prefix = chkpt-ID_2450050606800467
Epoch 6 -- batch 0 / 2126 loss: 3.546406151144765e-05
batch 500 / 2126 loss: 5.678267916664481e-05
batch 1000 / 2126 loss: 0.00035839868360199034
batch 1500 / 2126 loss: 0.0003600273921620101
batch 2000 / 2126 loss: 0.00017211069643963128
Epoch 7 -- batch 0 / 2126 loss: 3.775151344598271e-05
batch 500 / 2126 loss: 0.00012736732605844736
batch 1000 / 2126 loss: 0.00041703495662659407
batch 1500 / 2126 loss: 0.00032691319938749075
batch 2000 / 2126 loss: 0.0003340790863148868
Epoch 8 -- batch 0 / 2126 loss: 3.160682535963133e-05
batch 500 / 2126 loss: 2.232268889201805e-05
batch 1000 / 2126 loss: 0.0003343535354360938
batch 1500 / 2126 loss: 0.00029793745488859713
batch 2000 / 2126 loss: 0.0003619228664319962
Epoch 9 -- batch 0 / 2126 loss: 4.876728053204715e-05
batch 500 / 2126 loss: 7.998515502549708e-05
batch 1000 / 2126 loss: 0.00034487529774196446
batch 1500 / 2126 loss: 0.00026049092411994934
batch 2000 / 2126 loss: 0.00023573229555040598
Epoch 10 -- batch 0 / 2126 loss: 3.0344723199959844e-05
batch 500 / 2126 loss: 7.395936700049788e-05
batch 1000 / 2126 loss: 0.0002599145518615842
batch 1500 / 2126 loss: 0.0001655633095651865
batch 2000 / 2126 loss: 0.00025024169008247554
Saving checkpoint at epoch 10; prefix = chkpt-ID_2450050606800467
Epoch 11 -- batch 0 / 2126 loss: 2.6937015718431212e-05
batch 500 / 2126 loss: 8.183773752534762e-05
batch 1000 / 2126 loss: 0.00016037584282457829
batch 1500 / 2126 loss: 0.0002475411456543952
batch 2000 / 2126 loss: 0.0002783571253530681
Epoch 12 -- batch 0 / 2126 loss: 1.7202670278493315e-05
batch 500 / 2126 loss: 7.70372134866193e-05
batch 1000 / 2126 loss: 0.00013153345207683742
batch 1500 / 2126 loss: 0.00022085505770519376
batch 2000 / 2126 loss: 0.0001937503693625331
Epoch 13 -- batch 0 / 2126 loss: 9.026457519212272e-06
batch 500 / 2126 loss: 7.123367686290294e-05
batch 1000 / 2126 loss: 6.560653127962723e-05
batch 1500 / 2126 loss: 0.00016148551367223263
batch 2000 / 2126 loss: 0.0001813472481444478
Epoch 14 -- batch 0 / 2126 loss: 1.6468653484480456e-05
batch 500 / 2126 loss: 8.906433504307643e-05
batch 1000 / 2126 loss: 3.2133495551534e-05
batch 1500 / 2126 loss: 0.00022187468130141497
batch 2000 / 2126 loss: 0.0002522524446249008
Epoch 15 -- batch 0 / 2126 loss: 6.475687314377865e-06
batch 500 / 2126 loss: 5.679333480657078e-05
batch 1000 / 2126 loss: 2.0628496713470668e-05
batch 1500 / 2126 loss: 0.000117933661385905
batch 2000 / 2126 loss: 0.00019435423018876463
Saving checkpoint at epoch 15; prefix = chkpt-ID_2450050606800467
Epoch 16 -- batch 0 / 2126 loss: 2.7373116608941928e-05
batch 500 / 2126 loss: 9.048507490660995e-05
batch 1000 / 2126 loss: 6.307823059614748e-05
batch 1500 / 2126 loss: 0.00013437490270007402
batch 2000 / 2126 loss: 0.00023549703473690897
Epoch 17 -- batch 0 / 2126 loss: 3.3770178561098874e-05
batch 500 / 2126 loss: 7.317642302950844e-05
batch 1000 / 2126 loss: 5.1184331823606044e-05
batch 1500 / 2126 loss: 0.00028757183463312685
batch 2000 / 2126 loss: 0.00017797906184569
Epoch 18 -- batch 0 / 2126 loss: 2.419693919364363e-05
batch 500 / 2126 loss: 5.526599852601066e-05
batch 1000 / 2126 loss: 1.8295328118256293e-05
batch 1500 / 2126 loss: 0.0001496090117143467
batch 2000 / 2126 loss: 0.00018250098219141364
Epoch 19 -- batch 0 / 2126 loss: 5.253235576674342e-05
batch 500 / 2126 loss: 4.939589052810334e-05
batch 1000 / 2126 loss: 1.6828069419716485e-05
batch 1500 / 2126 loss: 0.00019381652236916125
batch 2000 / 2126 loss: 0.0002061417035292834
Epoch 20 -- batch 0 / 2126 loss: 6.63843093207106e-06
batch 500 / 2126 loss: 8.940545376390219e-05
batch 1000 / 2126 loss: 5.3888088586973026e-05
batch 1500 / 2126 loss: 0.00016835684073157609
batch 2000 / 2126 loss: 0.00015117230941541493
Saving checkpoint at epoch 20; prefix = chkpt-ID_2450050606800467
Done Training!

==================================
Testing (cite this): dataloader for dataset FB15k237
Testing (cite this): batch 0 / 320
batch 0 / 320 loss: 0.07802817225456238
Testing (cite this): batch 1 / 320
Testing (cite this): batch 2 / 320
Testing (cite this): batch 3 / 320
Testing (cite this): batch 4 / 320
Testing (cite this): batch 5 / 320
Testing (cite this): batch 6 / 320
Testing (cite this): batch 7 / 320
Testing (cite this): batch 8 / 320
Testing (cite this): batch 9 / 320
Testing (cite this): batch 10 / 320
Testing (cite this): batch 11 / 320
Testing (cite this): batch 12 / 320
Testing (cite this): batch 13 / 320
Testing (cite this): batch 14 / 320
Testing (cite this): batch 15 / 320
Testing (cite this): batch 16 / 320
Testing (cite this): batch 17 / 320
Testing (cite this): batch 18 / 320
Testing (cite this): batch 19 / 320
Testing (cite this): batch 20 / 320
Testing (cite this): batch 21 / 320
Testing (cite this): batch 22 / 320
Testing (cite this): batch 23 / 320
Testing (cite this): batch 24 / 320
Testing (cite this): batch 25 / 320
Testing (cite this): batch 26 / 320
Testing (cite this): batch 27 / 320
Testing (cite this): batch 28 / 320
Testing (cite this): batch 29 / 320
Testing (cite this): batch 30 / 320
Testing (cite this): batch 31 / 320
Testing (cite this): batch 32 / 320
Testing (cite this): batch 33 / 320
Testing (cite this): batch 34 / 320
Testing (cite this): batch 35 / 320
Testing (cite this): batch 36 / 320
Testing (cite this): batch 37 / 320
Testing (cite this): batch 38 / 320
Testing (cite this): batch 39 / 320
Testing (cite this): batch 40 / 320
Testing (cite this): batch 41 / 320
Testing (cite this): batch 42 / 320
Testing (cite this): batch 43 / 320
Testing (cite this): batch 44 / 320
Testing (cite this): batch 45 / 320
Testing (cite this): batch 46 / 320
Testing (cite this): batch 47 / 320
Testing (cite this): batch 48 / 320
Testing (cite this): batch 49 / 320
Testing (cite this): batch 50 / 320
Testing (cite this): batch 51 / 320
Testing (cite this): batch 52 / 320
Testing (cite this): batch 53 / 320
Testing (cite this): batch 54 / 320
Testing (cite this): batch 55 / 320
Testing (cite this): batch 56 / 320
Testing (cite this): batch 57 / 320
Testing (cite this): batch 58 / 320
Testing (cite this): batch 59 / 320
Testing (cite this): batch 60 / 320
Testing (cite this): batch 61 / 320
Testing (cite this): batch 62 / 320
Testing (cite this): batch 63 / 320
Testing (cite this): batch 64 / 320
Testing (cite this): batch 65 / 320
Testing (cite this): batch 66 / 320
Testing (cite this): batch 67 / 320
Testing (cite this): batch 68 / 320
Testing (cite this): batch 69 / 320
Testing (cite this): batch 70 / 320
Testing (cite this): batch 71 / 320
Testing (cite this): batch 72 / 320
Testing (cite this): batch 73 / 320
Testing (cite this): batch 74 / 320
Testing (cite this): batch 75 / 320
Testing (cite this): batch 76 / 320
Testing (cite this): batch 77 / 320
Testing (cite this): batch 78 / 320
Testing (cite this): batch 79 / 320
Testing (cite this): batch 80 / 320
Testing (cite this): batch 81 / 320
Testing (cite this): batch 82 / 320
Testing (cite this): batch 83 / 320
Testing (cite this): batch 84 / 320
Testing (cite this): batch 85 / 320
Testing (cite this): batch 86 / 320
Testing (cite this): batch 87 / 320
Testing (cite this): batch 88 / 320
Testing (cite this): batch 89 / 320
Testing (cite this): batch 90 / 320
Testing (cite this): batch 91 / 320
Testing (cite this): batch 92 / 320
Testing (cite this): batch 93 / 320
Testing (cite this): batch 94 / 320
Testing (cite this): batch 95 / 320
Testing (cite this): batch 96 / 320
Testing (cite this): batch 97 / 320
Testing (cite this): batch 98 / 320
Testing (cite this): batch 99 / 320
Testing (cite this): batch 100 / 320
Testing (cite this): batch 101 / 320
Testing (cite this): batch 102 / 320
Testing (cite this): batch 103 / 320
Testing (cite this): batch 104 / 320
Testing (cite this): batch 105 / 320
Testing (cite this): batch 106 / 320
Testing (cite this): batch 107 / 320
Testing (cite this): batch 108 / 320
Testing (cite this): batch 109 / 320
Testing (cite this): batch 110 / 320
Testing (cite this): batch 111 / 320
Testing (cite this): batch 112 / 320
Testing (cite this): batch 113 / 320
Testing (cite this): batch 114 / 320
Testing (cite this): batch 115 / 320
Testing (cite this): batch 116 / 320
Testing (cite this): batch 117 / 320
Testing (cite this): batch 118 / 320
Testing (cite this): batch 119 / 320
Testing (cite this): batch 120 / 320
Testing (cite this): batch 121 / 320
Testing (cite this): batch 122 / 320
Testing (cite this): batch 123 / 320
Testing (cite this): batch 124 / 320
Testing (cite this): batch 125 / 320
Testing (cite this): batch 126 / 320
Testing (cite this): batch 127 / 320
Testing (cite this): batch 128 / 320
Testing (cite this): batch 129 / 320
Testing (cite this): batch 130 / 320
Testing (cite this): batch 131 / 320
Testing (cite this): batch 132 / 320
Testing (cite this): batch 133 / 320
Testing (cite this): batch 134 / 320
Testing (cite this): batch 135 / 320
Testing (cite this): batch 136 / 320
Testing (cite this): batch 137 / 320
Testing (cite this): batch 138 / 320
Testing (cite this): batch 139 / 320
Testing (cite this): batch 140 / 320
Testing (cite this): batch 141 / 320
Testing (cite this): batch 142 / 320
Testing (cite this): batch 143 / 320
Testing (cite this): batch 144 / 320
Testing (cite this): batch 145 / 320
Testing (cite this): batch 146 / 320
Testing (cite this): batch 147 / 320
Testing (cite this): batch 148 / 320
Testing (cite this): batch 149 / 320
Testing (cite this): batch 150 / 320
Testing (cite this): batch 151 / 320
Testing (cite this): batch 152 / 320
Testing (cite this): batch 153 / 320
Testing (cite this): batch 154 / 320
Testing (cite this): batch 155 / 320
Testing (cite this): batch 156 / 320
Testing (cite this): batch 157 / 320
Testing (cite this): batch 158 / 320
Testing (cite this): batch 159 / 320
Testing (cite this): batch 160 / 320
Testing (cite this): batch 161 / 320
Testing (cite this): batch 162 / 320
Testing (cite this): batch 163 / 320
Testing (cite this): batch 164 / 320
Testing (cite this): batch 165 / 320
Testing (cite this): batch 166 / 320
Testing (cite this): batch 167 / 320
Testing (cite this): batch 168 / 320
Testing (cite this): batch 169 / 320
Testing (cite this): batch 170 / 320
Testing (cite this): batch 171 / 320
Testing (cite this): batch 172 / 320
Testing (cite this): batch 173 / 320
Testing (cite this): batch 174 / 320
Testing (cite this): batch 175 / 320
Testing (cite this): batch 176 / 320
Testing (cite this): batch 177 / 320
Testing (cite this): batch 178 / 320
Testing (cite this): batch 179 / 320
Testing (cite this): batch 180 / 320
Testing (cite this): batch 181 / 320
Testing (cite this): batch 182 / 320
Testing (cite this): batch 183 / 320
Testing (cite this): batch 184 / 320
Testing (cite this): batch 185 / 320
Testing (cite this): batch 186 / 320
Testing (cite this): batch 187 / 320
Testing (cite this): batch 188 / 320
Testing (cite this): batch 189 / 320
Testing (cite this): batch 190 / 320
Testing (cite this): batch 191 / 320
Testing (cite this): batch 192 / 320
Testing (cite this): batch 193 / 320
Testing (cite this): batch 194 / 320
Testing (cite this): batch 195 / 320
Testing (cite this): batch 196 / 320
Testing (cite this): batch 197 / 320
Testing (cite this): batch 198 / 320
Testing (cite this): batch 199 / 320
Testing (cite this): batch 200 / 320
Testing (cite this): batch 201 / 320
Testing (cite this): batch 202 / 320
Testing (cite this): batch 203 / 320
Testing (cite this): batch 204 / 320
Testing (cite this): batch 205 / 320
Testing (cite this): batch 206 / 320
Testing (cite this): batch 207 / 320
Testing (cite this): batch 208 / 320
Testing (cite this): batch 209 / 320
Testing (cite this): batch 210 / 320
Testing (cite this): batch 211 / 320
Testing (cite this): batch 212 / 320
Testing (cite this): batch 213 / 320
Testing (cite this): batch 214 / 320
Testing (cite this): batch 215 / 320
Testing (cite this): batch 216 / 320
Testing (cite this): batch 217 / 320
Testing (cite this): batch 218 / 320
Testing (cite this): batch 219 / 320
Testing (cite this): batch 220 / 320
Testing (cite this): batch 221 / 320
Testing (cite this): batch 222 / 320
Testing (cite this): batch 223 / 320
Testing (cite this): batch 224 / 320
Testing (cite this): batch 225 / 320
Testing (cite this): batch 226 / 320
Testing (cite this): batch 227 / 320
Testing (cite this): batch 228 / 320
Testing (cite this): batch 229 / 320
Testing (cite this): batch 230 / 320
Testing (cite this): batch 231 / 320
Testing (cite this): batch 232 / 320
Testing (cite this): batch 233 / 320
Testing (cite this): batch 234 / 320
Testing (cite this): batch 235 / 320
Testing (cite this): batch 236 / 320
Testing (cite this): batch 237 / 320
Testing (cite this): batch 238 / 320
Testing (cite this): batch 239 / 320
Testing (cite this): batch 240 / 320
Testing (cite this): batch 241 / 320
Testing (cite this): batch 242 / 320
Testing (cite this): batch 243 / 320
Testing (cite this): batch 244 / 320
Testing (cite this): batch 245 / 320
Testing (cite this): batch 246 / 320
Testing (cite this): batch 247 / 320
Testing (cite this): batch 248 / 320
Testing (cite this): batch 249 / 320
Testing (cite this): batch 250 / 320
Testing (cite this): batch 251 / 320
Testing (cite this): batch 252 / 320
Testing (cite this): batch 253 / 320
Testing (cite this): batch 254 / 320
Testing (cite this): batch 255 / 320
Testing (cite this): batch 256 / 320
Testing (cite this): batch 257 / 320
Testing (cite this): batch 258 / 320
Testing (cite this): batch 259 / 320
Testing (cite this): batch 260 / 320
Testing (cite this): batch 261 / 320
Testing (cite this): batch 262 / 320
Testing (cite this): batch 263 / 320
Testing (cite this): batch 264 / 320
Testing (cite this): batch 265 / 320
Testing (cite this): batch 266 / 320
Testing (cite this): batch 267 / 320
Testing (cite this): batch 268 / 320
Testing (cite this): batch 269 / 320
Testing (cite this): batch 270 / 320
Testing (cite this): batch 271 / 320
Testing (cite this): batch 272 / 320
Testing (cite this): batch 273 / 320
Testing (cite this): batch 274 / 320
Testing (cite this): batch 275 / 320
Testing (cite this): batch 276 / 320
Testing (cite this): batch 277 / 320
Testing (cite this): batch 278 / 320
Testing (cite this): batch 279 / 320
Testing (cite this): batch 280 / 320
Testing (cite this): batch 281 / 320
Testing (cite this): batch 282 / 320
Testing (cite this): batch 283 / 320
Testing (cite this): batch 284 / 320
Testing (cite this): batch 285 / 320
Testing (cite this): batch 286 / 320
Testing (cite this): batch 287 / 320
Testing (cite this): batch 288 / 320
Testing (cite this): batch 289 / 320
Testing (cite this): batch 290 / 320
Testing (cite this): batch 291 / 320
Testing (cite this): batch 292 / 320
Testing (cite this): batch 293 / 320
Testing (cite this): batch 294 / 320
Testing (cite this): batch 295 / 320
Testing (cite this): batch 296 / 320
Testing (cite this): batch 297 / 320
Testing (cite this): batch 298 / 320
Testing (cite this): batch 299 / 320
Testing (cite this): batch 300 / 320
Testing (cite this): batch 301 / 320
Testing (cite this): batch 302 / 320
Testing (cite this): batch 303 / 320
Testing (cite this): batch 304 / 320
Testing (cite this): batch 305 / 320
Testing (cite this): batch 306 / 320
Testing (cite this): batch 307 / 320
Testing (cite this): batch 308 / 320
Testing (cite this): batch 309 / 320
Testing (cite this): batch 310 / 320
Testing (cite this): batch 311 / 320
Testing (cite this): batch 312 / 320
Testing (cite this): batch 313 / 320
Testing (cite this): batch 314 / 320
Testing (cite this): batch 315 / 320
Testing (cite this): batch 316 / 320
Testing (cite this): batch 317 / 320
Testing (cite this): batch 318 / 320
Testing (cite this): batch 319 / 320
total number of ranks, torch.Size([40876])
====== Ranks ======
ranks size: torch.Size([40876])
test_loss: 25.327451592034663
mr: 2440.1064453125
mrr: 0.21229763329029083
h1: 0.18683335185050964
h3: 0.19740189611911774
h5: 0.21022115647792816
h10: 0.2508317828178406
==================================

Done Testing!
done with training and eval
Experiments took 11377 seconds on 
