Arguments received: ['run_exp.py', 'base', 'FB15k237', '20', '5e-4', 'zscore', '128', '128', '100', '0', '1', 'simple', '1', 'p_freq', '1']
loading dataset
FB15k237
X_p: torch.Size([272115, 22])
n_local: 21
X_p: torch.Size([20438, 22])
n_local: 21
X_p: torch.Size([17526, 22])
n_local: 21
Using a total of 21 features
done loading dataset
loading filters
done loading filters
loading negative samplers
init negative sampler with args
	use_2_hop_fts: True
	fts_blacklist: {'p_freq'}
done loading negative samplers
Running in hyperparameter evaluation mode
TWIG will be evaulaited on the validation set
and will not be tested each epoch on the validation set
Creating a new model from scratch
loading NN
done loading NN
running training and eval
TWIGI_Base(
  (linear_struct_1): Linear(in_features=21, out_features=10, bias=True)
  (relu_1): ReLU()
  (dropout_1): Dropout(p=0.01, inplace=False)
  (linear_struct_2): Linear(in_features=10, out_features=10, bias=True)
  (relu_2): ReLU()
  (dropout_2): Dropout(p=0.01, inplace=False)
  (linear_final): Linear(in_features=10, out_features=1, bias=True)
  (sigmoid_final): Sigmoid()
)
REC: Training with epochs = 20
Epoch 1 -- batch 0 / 2126 loss: 0.08514534682035446
batch 500 / 2126 loss: 0.0013631745241582394
batch 1000 / 2126 loss: 0.0008683173218742013
batch 1500 / 2126 loss: 0.0012582356575876474
batch 2000 / 2126 loss: 0.0009428792400285602
Epoch 2 -- batch 0 / 2126 loss: 0.0006534443818964064
batch 500 / 2126 loss: 0.00045659186434932053
batch 1000 / 2126 loss: 0.0006454813410528004
batch 1500 / 2126 loss: 0.0008008769946172833
batch 2000 / 2126 loss: 0.0005582047160714865
Epoch 3 -- batch 0 / 2126 loss: 0.00038948896690271795
batch 500 / 2126 loss: 0.00016016729932744056
batch 1000 / 2126 loss: 0.0005524061270989478
batch 1500 / 2126 loss: 0.00031023938208818436
batch 2000 / 2126 loss: 0.0002802270173560828
Epoch 4 -- batch 0 / 2126 loss: 0.00015547851216979325
batch 500 / 2126 loss: 9.332185436505824e-05
batch 1000 / 2126 loss: 0.00043489658855833113
batch 1500 / 2126 loss: 0.00023466370475944132
batch 2000 / 2126 loss: 0.0002671256079338491
Epoch 5 -- batch 0 / 2126 loss: 6.267935532378033e-05
batch 500 / 2126 loss: 0.00013384076009970158
batch 1000 / 2126 loss: 0.0003849702188745141
batch 1500 / 2126 loss: 0.0002152833912987262
batch 2000 / 2126 loss: 0.0002483042189851403
Saving checkpoint at epoch 5; prefix = chkpt-ID_5796937515161231
Epoch 6 -- batch 0 / 2126 loss: 1.3288051377458032e-05
batch 500 / 2126 loss: 8.170701039489359e-05
batch 1000 / 2126 loss: 0.00012397594400681555
batch 1500 / 2126 loss: 0.0001750328956404701
batch 2000 / 2126 loss: 0.0002082206483464688
Epoch 7 -- batch 0 / 2126 loss: 3.817331889877096e-05
batch 500 / 2126 loss: 1.542054997116793e-05
batch 1000 / 2126 loss: 9.779178071767092e-05
batch 1500 / 2126 loss: 9.847289766184986e-05
batch 2000 / 2126 loss: 0.00014835015463177115
Epoch 8 -- batch 0 / 2126 loss: 4.619698302121833e-05
batch 500 / 2126 loss: 0.00011469077435322106
batch 1000 / 2126 loss: 3.725564602063969e-05
batch 1500 / 2126 loss: 0.00011617524432949722
batch 2000 / 2126 loss: 0.00016077053442131728
Epoch 9 -- batch 0 / 2126 loss: 2.9882350645493716e-05
batch 500 / 2126 loss: 8.065948350122198e-05
batch 1000 / 2126 loss: 0.00012290460290387273
batch 1500 / 2126 loss: 0.00016753027739468962
batch 2000 / 2126 loss: 0.00010979163198499009
Epoch 10 -- batch 0 / 2126 loss: 1.1761465430026874e-05
batch 500 / 2126 loss: 6.658628262812272e-05
batch 1000 / 2126 loss: 2.0565797967719845e-05
batch 1500 / 2126 loss: 0.000141302210977301
batch 2000 / 2126 loss: 0.00014275708235800266
Saving checkpoint at epoch 10; prefix = chkpt-ID_5796937515161231
Epoch 11 -- batch 0 / 2126 loss: 6.2587728280050214e-06
batch 500 / 2126 loss: 1.7716336515150033e-05
batch 1000 / 2126 loss: 2.505940938135609e-05
batch 1500 / 2126 loss: 0.000171313775354065
batch 2000 / 2126 loss: 0.00029449694557115436
Epoch 12 -- batch 0 / 2126 loss: 3.486925834295107e-06
batch 500 / 2126 loss: 5.987419717712328e-05
batch 1000 / 2126 loss: 4.541790622170083e-05
batch 1500 / 2126 loss: 0.0001512680173618719
batch 2000 / 2126 loss: 0.00016395273269154131
Epoch 13 -- batch 0 / 2126 loss: 1.9135228285449557e-05
batch 500 / 2126 loss: 7.956180343171582e-05
batch 1000 / 2126 loss: 2.0191619114484638e-05
batch 1500 / 2126 loss: 0.00016504779341630638
batch 2000 / 2126 loss: 0.0002602318418212235
Epoch 14 -- batch 0 / 2126 loss: 7.117277164070401e-06
batch 500 / 2126 loss: 5.672338011208922e-05
batch 1000 / 2126 loss: 2.3024214897304773e-05
batch 1500 / 2126 loss: 0.00013013681746087968
batch 2000 / 2126 loss: 0.00010382840991951525
Epoch 15 -- batch 0 / 2126 loss: 2.31603244174039e-05
batch 500 / 2126 loss: 7.532992458436638e-05
batch 1000 / 2126 loss: 4.937442281516269e-05
batch 1500 / 2126 loss: 0.00013229888281784952
batch 2000 / 2126 loss: 0.00010182559344684705
Saving checkpoint at epoch 15; prefix = chkpt-ID_5796937515161231
Epoch 16 -- batch 0 / 2126 loss: 4.99843736179173e-05
batch 500 / 2126 loss: 1.2859181879321113e-05
batch 1000 / 2126 loss: 2.3410395442624576e-05
batch 1500 / 2126 loss: 0.00011080078547820449
batch 2000 / 2126 loss: 0.00012527313083410263
Epoch 17 -- batch 0 / 2126 loss: 1.4356826795847155e-05
batch 500 / 2126 loss: 0.00013073475565761328
batch 1000 / 2126 loss: 3.719862434081733e-05
batch 1500 / 2126 loss: 6.540635513374582e-05
batch 2000 / 2126 loss: 0.0001500173530075699
Epoch 18 -- batch 0 / 2126 loss: 6.896027116454206e-06
batch 500 / 2126 loss: 7.010390254436061e-05
batch 1000 / 2126 loss: 3.4589731512824073e-05
batch 1500 / 2126 loss: 0.00010654208745108917
batch 2000 / 2126 loss: 9.95717928162776e-05
Epoch 19 -- batch 0 / 2126 loss: 1.8039296264760196e-05
batch 500 / 2126 loss: 7.072345761116594e-05
batch 1000 / 2126 loss: 2.11455044336617e-05
batch 1500 / 2126 loss: 0.00015535256534349173
batch 2000 / 2126 loss: 0.00010419383761473
Epoch 20 -- batch 0 / 2126 loss: 2.3443077225238085e-05
batch 500 / 2126 loss: 6.671799201285467e-05
batch 1000 / 2126 loss: 2.3257343855220824e-05
batch 1500 / 2126 loss: 0.00015519252337981015
batch 2000 / 2126 loss: 0.00013085544924251735
Saving checkpoint at epoch 20; prefix = chkpt-ID_5796937515161231
Done Training!

==================================
Testing (cite this): dataloader for dataset FB15k237
Testing (cite this): batch 0 / 137
batch 0 / 137 loss: 0.07586288452148438
Testing (cite this): batch 1 / 137
Testing (cite this): batch 2 / 137
Testing (cite this): batch 3 / 137
Testing (cite this): batch 4 / 137
Testing (cite this): batch 5 / 137
Testing (cite this): batch 6 / 137
Testing (cite this): batch 7 / 137
Testing (cite this): batch 8 / 137
Testing (cite this): batch 9 / 137
Testing (cite this): batch 10 / 137
Testing (cite this): batch 11 / 137
Testing (cite this): batch 12 / 137
Testing (cite this): batch 13 / 137
Testing (cite this): batch 14 / 137
Testing (cite this): batch 15 / 137
Testing (cite this): batch 16 / 137
Testing (cite this): batch 17 / 137
Testing (cite this): batch 18 / 137
Testing (cite this): batch 19 / 137
Testing (cite this): batch 20 / 137
Testing (cite this): batch 21 / 137
Testing (cite this): batch 22 / 137
Testing (cite this): batch 23 / 137
Testing (cite this): batch 24 / 137
Testing (cite this): batch 25 / 137
Testing (cite this): batch 26 / 137
Testing (cite this): batch 27 / 137
Testing (cite this): batch 28 / 137
Testing (cite this): batch 29 / 137
Testing (cite this): batch 30 / 137
Testing (cite this): batch 31 / 137
Testing (cite this): batch 32 / 137
Testing (cite this): batch 33 / 137
Testing (cite this): batch 34 / 137
Testing (cite this): batch 35 / 137
Testing (cite this): batch 36 / 137
Testing (cite this): batch 37 / 137
Testing (cite this): batch 38 / 137
Testing (cite this): batch 39 / 137
Testing (cite this): batch 40 / 137
Testing (cite this): batch 41 / 137
Testing (cite this): batch 42 / 137
Testing (cite this): batch 43 / 137
Testing (cite this): batch 44 / 137
Testing (cite this): batch 45 / 137
Testing (cite this): batch 46 / 137
Testing (cite this): batch 47 / 137
Testing (cite this): batch 48 / 137
Testing (cite this): batch 49 / 137
Testing (cite this): batch 50 / 137
Testing (cite this): batch 51 / 137
Testing (cite this): batch 52 / 137
Testing (cite this): batch 53 / 137
Testing (cite this): batch 54 / 137
Testing (cite this): batch 55 / 137
Testing (cite this): batch 56 / 137
Testing (cite this): batch 57 / 137
Testing (cite this): batch 58 / 137
Testing (cite this): batch 59 / 137
Testing (cite this): batch 60 / 137
Testing (cite this): batch 61 / 137
Testing (cite this): batch 62 / 137
Testing (cite this): batch 63 / 137
Testing (cite this): batch 64 / 137
Testing (cite this): batch 65 / 137
Testing (cite this): batch 66 / 137
Testing (cite this): batch 67 / 137
Testing (cite this): batch 68 / 137
Testing (cite this): batch 69 / 137
Testing (cite this): batch 70 / 137
Testing (cite this): batch 71 / 137
Testing (cite this): batch 72 / 137
Testing (cite this): batch 73 / 137
Testing (cite this): batch 74 / 137
Testing (cite this): batch 75 / 137
Testing (cite this): batch 76 / 137
Testing (cite this): batch 77 / 137
Testing (cite this): batch 78 / 137
Testing (cite this): batch 79 / 137
Testing (cite this): batch 80 / 137
Testing (cite this): batch 81 / 137
Testing (cite this): batch 82 / 137
Testing (cite this): batch 83 / 137
Testing (cite this): batch 84 / 137
Testing (cite this): batch 85 / 137
Testing (cite this): batch 86 / 137
Testing (cite this): batch 87 / 137
Testing (cite this): batch 88 / 137
Testing (cite this): batch 89 / 137
Testing (cite this): batch 90 / 137
Testing (cite this): batch 91 / 137
Testing (cite this): batch 92 / 137
Testing (cite this): batch 93 / 137
Testing (cite this): batch 94 / 137
Testing (cite this): batch 95 / 137
Testing (cite this): batch 96 / 137
Testing (cite this): batch 97 / 137
Testing (cite this): batch 98 / 137
Testing (cite this): batch 99 / 137
Testing (cite this): batch 100 / 137
Testing (cite this): batch 101 / 137
Testing (cite this): batch 102 / 137
Testing (cite this): batch 103 / 137
Testing (cite this): batch 104 / 137
Testing (cite this): batch 105 / 137
Testing (cite this): batch 106 / 137
Testing (cite this): batch 107 / 137
Testing (cite this): batch 108 / 137
Testing (cite this): batch 109 / 137
Testing (cite this): batch 110 / 137
Testing (cite this): batch 111 / 137
Testing (cite this): batch 112 / 137
Testing (cite this): batch 113 / 137
Testing (cite this): batch 114 / 137
Testing (cite this): batch 115 / 137
Testing (cite this): batch 116 / 137
Testing (cite this): batch 117 / 137
Testing (cite this): batch 118 / 137
Testing (cite this): batch 119 / 137
Testing (cite this): batch 120 / 137
Testing (cite this): batch 121 / 137
Testing (cite this): batch 122 / 137
Testing (cite this): batch 123 / 137
Testing (cite this): batch 124 / 137
Testing (cite this): batch 125 / 137
Testing (cite this): batch 126 / 137
Testing (cite this): batch 127 / 137
Testing (cite this): batch 128 / 137
Testing (cite this): batch 129 / 137
Testing (cite this): batch 130 / 137
Testing (cite this): batch 131 / 137
Testing (cite this): batch 132 / 137
Testing (cite this): batch 133 / 137
Testing (cite this): batch 134 / 137
Testing (cite this): batch 135 / 137
Testing (cite this): batch 136 / 137
total number of ranks, torch.Size([35052])
====== Ranks ======
ranks size: torch.Size([35052])
test_loss: 11.697347663342953
mr: 823.6259765625
mrr: 0.1976434737443924
h1: 0.1589352935552597
h3: 0.16766518354415894
h5: 0.18195822834968567
h10: 0.2546217143535614
==================================

Done Testing!
done with training and eval
Experiments took 10381 seconds on 
