Arguments received: ['run_exp.py', 'base', 'FB15k237', '20', '5e-4', 'zscore', '128', '128', '100', '0', '1', 'simple', '1', 'None', '1']
loading dataset
FB15k237
X_p: torch.Size([272115, 23])
n_local: 22
X_p: torch.Size([20438, 23])
n_local: 22
X_p: torch.Size([17526, 23])
n_local: 22
Using a total of 22 features
done loading dataset
loading filters
done loading filters
loading negative samplers
init negative sampler with args
	use_2_hop_fts: True
	fts_blacklist: {'None'}
done loading negative samplers
Running in hyperparameter evaluation mode
TWIG will be evaulaited on the validation set
and will not be tested each epoch on the validation set
Creating a new model from scratch
loading NN
done loading NN
running training and eval
TWIGI_Base(
  (linear_struct_1): Linear(in_features=22, out_features=10, bias=True)
  (relu_1): ReLU()
  (dropout_1): Dropout(p=0.01, inplace=False)
  (linear_struct_2): Linear(in_features=10, out_features=10, bias=True)
  (relu_2): ReLU()
  (dropout_2): Dropout(p=0.01, inplace=False)
  (linear_final): Linear(in_features=10, out_features=1, bias=True)
  (sigmoid_final): Sigmoid()
)
REC: Training with epochs = 20
Epoch 1 -- batch 0 / 2126 loss: 0.10555467009544373
batch 500 / 2126 loss: 0.0018373943166807294
batch 1000 / 2126 loss: 0.0014074831269681454
batch 1500 / 2126 loss: 0.001421911409124732
batch 2000 / 2126 loss: 0.0013891137205064297
Epoch 2 -- batch 0 / 2126 loss: 0.0010614540660753846
batch 500 / 2126 loss: 0.00031270916224457324
batch 1000 / 2126 loss: 0.0006393052753992379
batch 1500 / 2126 loss: 0.0005362331285141408
batch 2000 / 2126 loss: 0.0006901536835357547
Epoch 3 -- batch 0 / 2126 loss: 0.0003662641393020749
batch 500 / 2126 loss: 0.00011009483569068834
batch 1000 / 2126 loss: 0.0005344824749045074
batch 1500 / 2126 loss: 0.0004782178730238229
batch 2000 / 2126 loss: 0.00044318250729702413
Epoch 4 -- batch 0 / 2126 loss: 0.00014304518117569387
batch 500 / 2126 loss: 0.000153018394485116
batch 1000 / 2126 loss: 0.0005968388868495822
batch 1500 / 2126 loss: 0.00025867990916594863
batch 2000 / 2126 loss: 0.0004066820256412029
Epoch 5 -- batch 0 / 2126 loss: 7.869076944189146e-05
batch 500 / 2126 loss: 0.00010101929365191609
batch 1000 / 2126 loss: 0.00029329629614949226
batch 1500 / 2126 loss: 0.0002641762257553637
batch 2000 / 2126 loss: 0.00033391284523531795
Saving checkpoint at epoch 5; prefix = chkpt-ID_1776056355997813
Epoch 6 -- batch 0 / 2126 loss: 3.936772918677889e-05
batch 500 / 2126 loss: 9.733811748446897e-05
batch 1000 / 2126 loss: 0.00032093978370539844
batch 1500 / 2126 loss: 0.00011820571671705693
batch 2000 / 2126 loss: 0.00023854491882957518
Epoch 7 -- batch 0 / 2126 loss: 4.839874600293115e-05
batch 500 / 2126 loss: 0.00010642173583619297
batch 1000 / 2126 loss: 0.00016581968520767987
batch 1500 / 2126 loss: 0.0001426099188392982
batch 2000 / 2126 loss: 0.0001597844820935279
Epoch 8 -- batch 0 / 2126 loss: 1.2462706763471942e-05
batch 500 / 2126 loss: 6.139303150121123e-05
batch 1000 / 2126 loss: 0.00013277761172503233
batch 1500 / 2126 loss: 0.00013411344843916595
batch 2000 / 2126 loss: 0.00017488149751443416
Epoch 9 -- batch 0 / 2126 loss: 5.07458062202204e-05
batch 500 / 2126 loss: 8.198866271413863e-05
batch 1000 / 2126 loss: 5.84967274335213e-05
batch 1500 / 2126 loss: 9.20840902836062e-05
batch 2000 / 2126 loss: 0.0001850315456977114
Epoch 10 -- batch 0 / 2126 loss: 8.687487024872098e-06
batch 500 / 2126 loss: 4.353461554273963e-05
batch 1000 / 2126 loss: 1.6723777662264183e-05
batch 1500 / 2126 loss: 0.00012132641131756827
batch 2000 / 2126 loss: 0.00031895609572529793
Saving checkpoint at epoch 10; prefix = chkpt-ID_1776056355997813
Epoch 11 -- batch 0 / 2126 loss: 1.9630775568657555e-05
batch 500 / 2126 loss: 0.0001256501564057544
batch 1000 / 2126 loss: 4.382817860459909e-05
batch 1500 / 2126 loss: 0.00014140982239041477
batch 2000 / 2126 loss: 0.0002524607989471406
Epoch 12 -- batch 0 / 2126 loss: 0.0
batch 500 / 2126 loss: 0.00011372690642019734
batch 1000 / 2126 loss: 1.7276746802963316e-05
batch 1500 / 2126 loss: 0.00012378007522784173
batch 2000 / 2126 loss: 0.00014916284999344498
Epoch 13 -- batch 0 / 2126 loss: 4.7572681069141254e-05
batch 500 / 2126 loss: 0.00012545581557787955
batch 1000 / 2126 loss: 2.4604767531855032e-05
batch 1500 / 2126 loss: 0.0001676560059422627
batch 2000 / 2126 loss: 0.00024186175141949207
Epoch 14 -- batch 0 / 2126 loss: 9.849663001659792e-06
batch 500 / 2126 loss: 9.664622484706342e-05
batch 1000 / 2126 loss: 2.805907752190251e-05
batch 1500 / 2126 loss: 0.00016150430019479245
batch 2000 / 2126 loss: 0.00012849811173509806
Epoch 15 -- batch 0 / 2126 loss: 2.6834521122509614e-05
batch 500 / 2126 loss: 5.310654523782432e-05
batch 1000 / 2126 loss: 2.8069329346180893e-05
batch 1500 / 2126 loss: 0.00012127863010391593
batch 2000 / 2126 loss: 0.00015449240163434297
Saving checkpoint at epoch 15; prefix = chkpt-ID_1776056355997813
Epoch 16 -- batch 0 / 2126 loss: 1.568343213875778e-05
batch 500 / 2126 loss: 3.500431193970144e-05
batch 1000 / 2126 loss: 2.5360186555190012e-05
batch 1500 / 2126 loss: 8.551860810257494e-05
batch 2000 / 2126 loss: 0.00015082379104569554
Epoch 17 -- batch 0 / 2126 loss: 2.0038671209476888e-05
batch 500 / 2126 loss: 4.66601995867677e-05
batch 1000 / 2126 loss: 2.5111023205681704e-05
batch 1500 / 2126 loss: 9.082441101782024e-05
batch 2000 / 2126 loss: 0.00022204124252311885
Epoch 18 -- batch 0 / 2126 loss: 4.9011727242032066e-05
batch 500 / 2126 loss: 6.54029063298367e-05
batch 1000 / 2126 loss: 4.2902614950435236e-05
batch 1500 / 2126 loss: 0.0001206038286909461
batch 2000 / 2126 loss: 0.00012881557631772012
Epoch 19 -- batch 0 / 2126 loss: 0.0
batch 500 / 2126 loss: 4.159111267654225e-05
batch 1000 / 2126 loss: 3.2708288927096874e-05
batch 1500 / 2126 loss: 7.012023706920445e-05
batch 2000 / 2126 loss: 0.00011174348037457094
Epoch 20 -- batch 0 / 2126 loss: 1.4885240489093121e-05
batch 500 / 2126 loss: 1.8586080841487274e-05
batch 1000 / 2126 loss: 0.0001119593798648566
batch 1500 / 2126 loss: 5.1704992074519396e-05
batch 2000 / 2126 loss: 0.0001840411132434383
Saving checkpoint at epoch 20; prefix = chkpt-ID_1776056355997813
Done Training!

==================================
Testing (cite this): dataloader for dataset FB15k237
Testing (cite this): batch 0 / 137
batch 0 / 137 loss: 0.0751119926571846
Testing (cite this): batch 1 / 137
Testing (cite this): batch 2 / 137
Testing (cite this): batch 3 / 137
Testing (cite this): batch 4 / 137
Testing (cite this): batch 5 / 137
Testing (cite this): batch 6 / 137
Testing (cite this): batch 7 / 137
Testing (cite this): batch 8 / 137
Testing (cite this): batch 9 / 137
Testing (cite this): batch 10 / 137
Testing (cite this): batch 11 / 137
Testing (cite this): batch 12 / 137
Testing (cite this): batch 13 / 137
Testing (cite this): batch 14 / 137
Testing (cite this): batch 15 / 137
Testing (cite this): batch 16 / 137
Testing (cite this): batch 17 / 137
Testing (cite this): batch 18 / 137
Testing (cite this): batch 19 / 137
Testing (cite this): batch 20 / 137
Testing (cite this): batch 21 / 137
Testing (cite this): batch 22 / 137
Testing (cite this): batch 23 / 137
Testing (cite this): batch 24 / 137
Testing (cite this): batch 25 / 137
Testing (cite this): batch 26 / 137
Testing (cite this): batch 27 / 137
Testing (cite this): batch 28 / 137
Testing (cite this): batch 29 / 137
Testing (cite this): batch 30 / 137
Testing (cite this): batch 31 / 137
Testing (cite this): batch 32 / 137
Testing (cite this): batch 33 / 137
Testing (cite this): batch 34 / 137
Testing (cite this): batch 35 / 137
Testing (cite this): batch 36 / 137
Testing (cite this): batch 37 / 137
Testing (cite this): batch 38 / 137
Testing (cite this): batch 39 / 137
Testing (cite this): batch 40 / 137
Testing (cite this): batch 41 / 137
Testing (cite this): batch 42 / 137
Testing (cite this): batch 43 / 137
Testing (cite this): batch 44 / 137
Testing (cite this): batch 45 / 137
Testing (cite this): batch 46 / 137
Testing (cite this): batch 47 / 137
Testing (cite this): batch 48 / 137
Testing (cite this): batch 49 / 137
Testing (cite this): batch 50 / 137
Testing (cite this): batch 51 / 137
Testing (cite this): batch 52 / 137
Testing (cite this): batch 53 / 137
Testing (cite this): batch 54 / 137
Testing (cite this): batch 55 / 137
Testing (cite this): batch 56 / 137
Testing (cite this): batch 57 / 137
Testing (cite this): batch 58 / 137
Testing (cite this): batch 59 / 137
Testing (cite this): batch 60 / 137
Testing (cite this): batch 61 / 137
Testing (cite this): batch 62 / 137
Testing (cite this): batch 63 / 137
Testing (cite this): batch 64 / 137
Testing (cite this): batch 65 / 137
Testing (cite this): batch 66 / 137
Testing (cite this): batch 67 / 137
Testing (cite this): batch 68 / 137
Testing (cite this): batch 69 / 137
Testing (cite this): batch 70 / 137
Testing (cite this): batch 71 / 137
Testing (cite this): batch 72 / 137
Testing (cite this): batch 73 / 137
Testing (cite this): batch 74 / 137
Testing (cite this): batch 75 / 137
Testing (cite this): batch 76 / 137
Testing (cite this): batch 77 / 137
Testing (cite this): batch 78 / 137
Testing (cite this): batch 79 / 137
Testing (cite this): batch 80 / 137
Testing (cite this): batch 81 / 137
Testing (cite this): batch 82 / 137
Testing (cite this): batch 83 / 137
Testing (cite this): batch 84 / 137
Testing (cite this): batch 85 / 137
Testing (cite this): batch 86 / 137
Testing (cite this): batch 87 / 137
Testing (cite this): batch 88 / 137
Testing (cite this): batch 89 / 137
Testing (cite this): batch 90 / 137
Testing (cite this): batch 91 / 137
Testing (cite this): batch 92 / 137
Testing (cite this): batch 93 / 137
Testing (cite this): batch 94 / 137
Testing (cite this): batch 95 / 137
Testing (cite this): batch 96 / 137
Testing (cite this): batch 97 / 137
Testing (cite this): batch 98 / 137
Testing (cite this): batch 99 / 137
Testing (cite this): batch 100 / 137
Testing (cite this): batch 101 / 137
Testing (cite this): batch 102 / 137
Testing (cite this): batch 103 / 137
Testing (cite this): batch 104 / 137
Testing (cite this): batch 105 / 137
Testing (cite this): batch 106 / 137
Testing (cite this): batch 107 / 137
Testing (cite this): batch 108 / 137
Testing (cite this): batch 109 / 137
Testing (cite this): batch 110 / 137
Testing (cite this): batch 111 / 137
Testing (cite this): batch 112 / 137
Testing (cite this): batch 113 / 137
Testing (cite this): batch 114 / 137
Testing (cite this): batch 115 / 137
Testing (cite this): batch 116 / 137
Testing (cite this): batch 117 / 137
Testing (cite this): batch 118 / 137
Testing (cite this): batch 119 / 137
Testing (cite this): batch 120 / 137
Testing (cite this): batch 121 / 137
Testing (cite this): batch 122 / 137
Testing (cite this): batch 123 / 137
Testing (cite this): batch 124 / 137
Testing (cite this): batch 125 / 137
Testing (cite this): batch 126 / 137
Testing (cite this): batch 127 / 137
Testing (cite this): batch 128 / 137
Testing (cite this): batch 129 / 137
Testing (cite this): batch 130 / 137
Testing (cite this): batch 131 / 137
Testing (cite this): batch 132 / 137
Testing (cite this): batch 133 / 137
Testing (cite this): batch 134 / 137
Testing (cite this): batch 135 / 137
Testing (cite this): batch 136 / 137
total number of ranks, torch.Size([35052])
====== Ranks ======
ranks size: torch.Size([35052])
test_loss: 11.588703721761703
mr: 984.875244140625
mrr: 0.20141175389289856
h1: 0.16175967454910278
h3: 0.175082728266716
h5: 0.19356955587863922
h10: 0.2692570984363556
==================================

Done Testing!
done with training and eval
Experiments took 10323 seconds on 
