Arguments received: ['run_exp.py', 'base', 'FB15k237', '20', '5e-4', 'zscore', '128', '128', '100', '0', '1', 'simple', '1', 'o_num_rels s_num_rels', '1']
loading dataset
FB15k237
X_p: torch.Size([272115, 21])
n_local: 20
X_p: torch.Size([20438, 21])
n_local: 20
X_p: torch.Size([17526, 21])
n_local: 20
Using a total of 20 features
done loading dataset
loading filters
done loading filters
loading negative samplers
init negative sampler with args
	use_2_hop_fts: True
	fts_blacklist: {'o_num_rels', 's_num_rels'}
done loading negative samplers
Running in hyperparameter evaluation mode
TWIG will be evaulaited on the validation set
and will not be tested each epoch on the validation set
Creating a new model from scratch
loading NN
done loading NN
running training and eval
TWIGI_Base(
  (linear_struct_1): Linear(in_features=20, out_features=10, bias=True)
  (relu_1): ReLU()
  (dropout_1): Dropout(p=0.01, inplace=False)
  (linear_struct_2): Linear(in_features=10, out_features=10, bias=True)
  (relu_2): ReLU()
  (dropout_2): Dropout(p=0.01, inplace=False)
  (linear_final): Linear(in_features=10, out_features=1, bias=True)
  (sigmoid_final): Sigmoid()
)
REC: Training with epochs = 20
Epoch 1 -- batch 0 / 2126 loss: 0.08671978116035461
batch 500 / 2126 loss: 0.0012770112371072173
batch 1000 / 2126 loss: 0.0011382179800421
batch 1500 / 2126 loss: 0.0012492274399846792
batch 2000 / 2126 loss: 0.0013214739738032222
Epoch 2 -- batch 0 / 2126 loss: 0.00130263133905828
batch 500 / 2126 loss: 0.00021858507534489036
batch 1000 / 2126 loss: 0.0008589662029407918
batch 1500 / 2126 loss: 0.0005990212084725499
batch 2000 / 2126 loss: 0.0005971032660454512
Epoch 3 -- batch 0 / 2126 loss: 0.00028809558716602623
batch 500 / 2126 loss: 7.791365351295099e-05
batch 1000 / 2126 loss: 0.0005549872294068336
batch 1500 / 2126 loss: 0.000294927362119779
batch 2000 / 2126 loss: 0.00040544383227825165
Epoch 4 -- batch 0 / 2126 loss: 0.00011368823470547795
batch 500 / 2126 loss: 0.0001688694319454953
batch 1000 / 2126 loss: 0.0005745941307395697
batch 1500 / 2126 loss: 0.000233523576753214
batch 2000 / 2126 loss: 0.0002996447146870196
Epoch 5 -- batch 0 / 2126 loss: 9.649238199926913e-05
batch 500 / 2126 loss: 0.00010325945186195895
batch 1000 / 2126 loss: 0.0005192854441702366
batch 1500 / 2126 loss: 0.000156118388986215
batch 2000 / 2126 loss: 0.00023602155852131546
Saving checkpoint at epoch 5; prefix = chkpt-ID_5904573464486572
Epoch 6 -- batch 0 / 2126 loss: 5.614582187263295e-05
batch 500 / 2126 loss: 0.00010760399891296402
batch 1000 / 2126 loss: 0.000252582598477602
batch 1500 / 2126 loss: 0.00012644508387893438
batch 2000 / 2126 loss: 0.0002102505968650803
Epoch 7 -- batch 0 / 2126 loss: 5.193191100261174e-05
batch 500 / 2126 loss: 0.0001268738997168839
batch 1000 / 2126 loss: 8.799936767900363e-05
batch 1500 / 2126 loss: 0.00016635807696729898
batch 2000 / 2126 loss: 0.00020679508452303708
Epoch 8 -- batch 0 / 2126 loss: 2.040870276687201e-05
batch 500 / 2126 loss: 7.591825851704925e-05
batch 1000 / 2126 loss: 6.739552190992981e-06
batch 1500 / 2126 loss: 0.0001445862144464627
batch 2000 / 2126 loss: 0.0002480827097315341
Epoch 9 -- batch 0 / 2126 loss: 4.631381671060808e-06
batch 500 / 2126 loss: 6.164614751469344e-05
batch 1000 / 2126 loss: 6.713150651194155e-05
batch 1500 / 2126 loss: 8.62576998770237e-05
batch 2000 / 2126 loss: 0.00014973050565458834
Epoch 10 -- batch 0 / 2126 loss: 1.1814892786787823e-05
batch 500 / 2126 loss: 4.2391271563246846e-05
batch 1000 / 2126 loss: 3.396082320250571e-05
batch 1500 / 2126 loss: 0.00012390736083034426
batch 2000 / 2126 loss: 0.00021986615320201963
Saving checkpoint at epoch 10; prefix = chkpt-ID_5904573464486572
Epoch 11 -- batch 0 / 2126 loss: 4.090557195013389e-05
batch 500 / 2126 loss: 0.00010460151679581031
batch 1000 / 2126 loss: 2.6736477593658492e-05
batch 1500 / 2126 loss: 0.00010720505815697834
batch 2000 / 2126 loss: 9.580702317180112e-05
Epoch 12 -- batch 0 / 2126 loss: 2.251310070278123e-05
batch 500 / 2126 loss: 0.0001047114928951487
batch 1000 / 2126 loss: 5.134421371622011e-05
batch 1500 / 2126 loss: 0.00016991421580314636
batch 2000 / 2126 loss: 0.0001413725985912606
Epoch 13 -- batch 0 / 2126 loss: 1.865372178144753e-05
batch 500 / 2126 loss: 0.00011294908472336829
batch 1000 / 2126 loss: 5.549873458221555e-05
batch 1500 / 2126 loss: 0.00010287977056577802
batch 2000 / 2126 loss: 0.00018140472820959985
Epoch 14 -- batch 0 / 2126 loss: 1.6543438050575787e-06
batch 500 / 2126 loss: 3.295518399681896e-05
batch 1000 / 2126 loss: 8.360626816283911e-05
batch 1500 / 2126 loss: 0.00014465318236034364
batch 2000 / 2126 loss: 3.0159229936543852e-05
Epoch 15 -- batch 0 / 2126 loss: 1.2249864084878936e-05
batch 500 / 2126 loss: 7.525897672167048e-05
batch 1000 / 2126 loss: 4.3044656194979325e-05
batch 1500 / 2126 loss: 0.00010153322364203632
batch 2000 / 2126 loss: 0.0001769286609487608
Saving checkpoint at epoch 15; prefix = chkpt-ID_5904573464486572
Epoch 16 -- batch 0 / 2126 loss: 1.564107878948562e-05
batch 500 / 2126 loss: 6.323281559161842e-05
batch 1000 / 2126 loss: 7.536483462899923e-05
batch 1500 / 2126 loss: 0.000128299041534774
batch 2000 / 2126 loss: 6.616853352170438e-05
Epoch 17 -- batch 0 / 2126 loss: 1.407254558216664e-06
batch 500 / 2126 loss: 3.6686487874248996e-05
batch 1000 / 2126 loss: 7.044905942166224e-05
batch 1500 / 2126 loss: 0.00014526948507409543
batch 2000 / 2126 loss: 0.0001311555242864415
Epoch 18 -- batch 0 / 2126 loss: 1.4981387721491046e-05
batch 500 / 2126 loss: 5.059660179540515e-05
batch 1000 / 2126 loss: 5.9104735555592924e-05
batch 1500 / 2126 loss: 6.728423613822088e-05
batch 2000 / 2126 loss: 7.076091424096376e-05
Epoch 19 -- batch 0 / 2126 loss: 5.325170059222728e-05
batch 500 / 2126 loss: 0.0001271412766072899
batch 1000 / 2126 loss: 2.0810308342333883e-05
batch 1500 / 2126 loss: 8.088610047707334e-05
batch 2000 / 2126 loss: 0.0002579102583695203
Epoch 20 -- batch 0 / 2126 loss: 1.9998503830720438e-06
batch 500 / 2126 loss: 4.571250974549912e-05
batch 1000 / 2126 loss: 3.521306280163117e-05
batch 1500 / 2126 loss: 0.00010167565051233396
batch 2000 / 2126 loss: 0.0001069175559678115
Saving checkpoint at epoch 20; prefix = chkpt-ID_5904573464486572
Done Training!

==================================
Testing (cite this): dataloader for dataset FB15k237
Testing (cite this): batch 0 / 137
batch 0 / 137 loss: 0.0697498768568039
Testing (cite this): batch 1 / 137
Testing (cite this): batch 2 / 137
Testing (cite this): batch 3 / 137
Testing (cite this): batch 4 / 137
Testing (cite this): batch 5 / 137
Testing (cite this): batch 6 / 137
Testing (cite this): batch 7 / 137
Testing (cite this): batch 8 / 137
Testing (cite this): batch 9 / 137
Testing (cite this): batch 10 / 137
Testing (cite this): batch 11 / 137
Testing (cite this): batch 12 / 137
Testing (cite this): batch 13 / 137
Testing (cite this): batch 14 / 137
Testing (cite this): batch 15 / 137
Testing (cite this): batch 16 / 137
Testing (cite this): batch 17 / 137
Testing (cite this): batch 18 / 137
Testing (cite this): batch 19 / 137
Testing (cite this): batch 20 / 137
Testing (cite this): batch 21 / 137
Testing (cite this): batch 22 / 137
Testing (cite this): batch 23 / 137
Testing (cite this): batch 24 / 137
Testing (cite this): batch 25 / 137
Testing (cite this): batch 26 / 137
Testing (cite this): batch 27 / 137
Testing (cite this): batch 28 / 137
Testing (cite this): batch 29 / 137
Testing (cite this): batch 30 / 137
Testing (cite this): batch 31 / 137
Testing (cite this): batch 32 / 137
Testing (cite this): batch 33 / 137
Testing (cite this): batch 34 / 137
Testing (cite this): batch 35 / 137
Testing (cite this): batch 36 / 137
Testing (cite this): batch 37 / 137
Testing (cite this): batch 38 / 137
Testing (cite this): batch 39 / 137
Testing (cite this): batch 40 / 137
Testing (cite this): batch 41 / 137
Testing (cite this): batch 42 / 137
Testing (cite this): batch 43 / 137
Testing (cite this): batch 44 / 137
Testing (cite this): batch 45 / 137
Testing (cite this): batch 46 / 137
Testing (cite this): batch 47 / 137
Testing (cite this): batch 48 / 137
Testing (cite this): batch 49 / 137
Testing (cite this): batch 50 / 137
Testing (cite this): batch 51 / 137
Testing (cite this): batch 52 / 137
Testing (cite this): batch 53 / 137
Testing (cite this): batch 54 / 137
Testing (cite this): batch 55 / 137
Testing (cite this): batch 56 / 137
Testing (cite this): batch 57 / 137
Testing (cite this): batch 58 / 137
Testing (cite this): batch 59 / 137
Testing (cite this): batch 60 / 137
Testing (cite this): batch 61 / 137
Testing (cite this): batch 62 / 137
Testing (cite this): batch 63 / 137
Testing (cite this): batch 64 / 137
Testing (cite this): batch 65 / 137
Testing (cite this): batch 66 / 137
Testing (cite this): batch 67 / 137
Testing (cite this): batch 68 / 137
Testing (cite this): batch 69 / 137
Testing (cite this): batch 70 / 137
Testing (cite this): batch 71 / 137
Testing (cite this): batch 72 / 137
Testing (cite this): batch 73 / 137
Testing (cite this): batch 74 / 137
Testing (cite this): batch 75 / 137
Testing (cite this): batch 76 / 137
Testing (cite this): batch 77 / 137
Testing (cite this): batch 78 / 137
Testing (cite this): batch 79 / 137
Testing (cite this): batch 80 / 137
Testing (cite this): batch 81 / 137
Testing (cite this): batch 82 / 137
Testing (cite this): batch 83 / 137
Testing (cite this): batch 84 / 137
Testing (cite this): batch 85 / 137
Testing (cite this): batch 86 / 137
Testing (cite this): batch 87 / 137
Testing (cite this): batch 88 / 137
Testing (cite this): batch 89 / 137
Testing (cite this): batch 90 / 137
Testing (cite this): batch 91 / 137
Testing (cite this): batch 92 / 137
Testing (cite this): batch 93 / 137
Testing (cite this): batch 94 / 137
Testing (cite this): batch 95 / 137
Testing (cite this): batch 96 / 137
Testing (cite this): batch 97 / 137
Testing (cite this): batch 98 / 137
Testing (cite this): batch 99 / 137
Testing (cite this): batch 100 / 137
Testing (cite this): batch 101 / 137
Testing (cite this): batch 102 / 137
Testing (cite this): batch 103 / 137
Testing (cite this): batch 104 / 137
Testing (cite this): batch 105 / 137
Testing (cite this): batch 106 / 137
Testing (cite this): batch 107 / 137
Testing (cite this): batch 108 / 137
Testing (cite this): batch 109 / 137
Testing (cite this): batch 110 / 137
Testing (cite this): batch 111 / 137
Testing (cite this): batch 112 / 137
Testing (cite this): batch 113 / 137
Testing (cite this): batch 114 / 137
Testing (cite this): batch 115 / 137
Testing (cite this): batch 116 / 137
Testing (cite this): batch 117 / 137
Testing (cite this): batch 118 / 137
Testing (cite this): batch 119 / 137
Testing (cite this): batch 120 / 137
Testing (cite this): batch 121 / 137
Testing (cite this): batch 122 / 137
Testing (cite this): batch 123 / 137
Testing (cite this): batch 124 / 137
Testing (cite this): batch 125 / 137
Testing (cite this): batch 126 / 137
Testing (cite this): batch 127 / 137
Testing (cite this): batch 128 / 137
Testing (cite this): batch 129 / 137
Testing (cite this): batch 130 / 137
Testing (cite this): batch 131 / 137
Testing (cite this): batch 132 / 137
Testing (cite this): batch 133 / 137
Testing (cite this): batch 134 / 137
Testing (cite this): batch 135 / 137
Testing (cite this): batch 136 / 137
total number of ranks, torch.Size([35052])
====== Ranks ======
ranks size: torch.Size([35052])
test_loss: 10.838497139513493
mr: 1249.106689453125
mrr: 0.20101070404052734
h1: 0.16957662999629974
h3: 0.1864943504333496
h5: 0.20674997568130493
h10: 0.26309484243392944
==================================

Done Testing!
done with training and eval
Experiments took 10879 seconds on 
