Arguments received: ['run_exp.py', 'base', 'FB15k237', '20', '5e-4', 'zscore', '128', '128', '100', '0', '1', 'simple', '1', 'o_p_cofreq', '1']
loading dataset
FB15k237
X_p: torch.Size([272115, 22])
n_local: 21
X_p: torch.Size([20438, 22])
n_local: 21
X_p: torch.Size([17526, 22])
n_local: 21
Using a total of 21 features
done loading dataset
loading filters
done loading filters
loading negative samplers
init negative sampler with args
	use_2_hop_fts: True
	fts_blacklist: {'o_p_cofreq'}
done loading negative samplers
Running in hyperparameter evaluation mode
TWIG will be evaulaited on the validation set
and will not be tested each epoch on the validation set
Creating a new model from scratch
loading NN
done loading NN
running training and eval
TWIGI_Base(
  (linear_struct_1): Linear(in_features=21, out_features=10, bias=True)
  (relu_1): ReLU()
  (dropout_1): Dropout(p=0.01, inplace=False)
  (linear_struct_2): Linear(in_features=10, out_features=10, bias=True)
  (relu_2): ReLU()
  (dropout_2): Dropout(p=0.01, inplace=False)
  (linear_final): Linear(in_features=10, out_features=1, bias=True)
  (sigmoid_final): Sigmoid()
)
REC: Training with epochs = 20
Epoch 1 -- batch 0 / 2126 loss: 0.08598801493644714
batch 500 / 2126 loss: 0.0018611546838656068
batch 1000 / 2126 loss: 0.001010177657008171
batch 1500 / 2126 loss: 0.0013598939403891563
batch 2000 / 2126 loss: 0.0011741482885554433
Epoch 2 -- batch 0 / 2126 loss: 0.001258616684935987
batch 500 / 2126 loss: 0.0005187211208976805
batch 1000 / 2126 loss: 0.0007365946657955647
batch 1500 / 2126 loss: 0.0007992088212631643
batch 2000 / 2126 loss: 0.0007064603269100189
Epoch 3 -- batch 0 / 2126 loss: 0.0004325030604377389
batch 500 / 2126 loss: 0.00026264574262313545
batch 1000 / 2126 loss: 0.000552027951925993
batch 1500 / 2126 loss: 0.0006347533199004829
batch 2000 / 2126 loss: 0.0004882292705588043
Epoch 4 -- batch 0 / 2126 loss: 0.00021379627287387848
batch 500 / 2126 loss: 0.00020011025480926037
batch 1000 / 2126 loss: 0.0005422884132713079
batch 1500 / 2126 loss: 0.00030798494117334485
batch 2000 / 2126 loss: 0.00040373869705945253
Epoch 5 -- batch 0 / 2126 loss: 8.425512351095676e-05
batch 500 / 2126 loss: 0.00011331324640195817
batch 1000 / 2126 loss: 0.0005266244988888502
batch 1500 / 2126 loss: 0.00042319047497585416
batch 2000 / 2126 loss: 0.00028327584732323885
Saving checkpoint at epoch 5; prefix = chkpt-ID_8404430683361561
Epoch 6 -- batch 0 / 2126 loss: 7.132734026527032e-05
batch 500 / 2126 loss: 7.342628668993711e-05
batch 1000 / 2126 loss: 0.0003443177556619048
batch 1500 / 2126 loss: 0.0002897651575040072
batch 2000 / 2126 loss: 0.0002047755551757291
Epoch 7 -- batch 0 / 2126 loss: 8.960762352216989e-05
batch 500 / 2126 loss: 7.694638043176383e-05
batch 1000 / 2126 loss: 0.00034680450335144997
batch 1500 / 2126 loss: 0.0002092118957079947
batch 2000 / 2126 loss: 0.00014192516391631216
Epoch 8 -- batch 0 / 2126 loss: 6.493831460829824e-05
batch 500 / 2126 loss: 0.00011898238881258294
batch 1000 / 2126 loss: 6.297587242443115e-05
batch 1500 / 2126 loss: 8.253999840235338e-05
batch 2000 / 2126 loss: 0.00016164012777153403
Epoch 9 -- batch 0 / 2126 loss: 2.3710688765277155e-05
batch 500 / 2126 loss: 0.00016317141125909984
batch 1000 / 2126 loss: 8.972501382231712e-05
batch 1500 / 2126 loss: 0.00011408678983571008
batch 2000 / 2126 loss: 0.00010740263678599149
Epoch 10 -- batch 0 / 2126 loss: 2.1881480279262178e-05
batch 500 / 2126 loss: 0.00011082584387622774
batch 1000 / 2126 loss: 8.591426012571901e-05
batch 1500 / 2126 loss: 0.00011072732741013169
batch 2000 / 2126 loss: 7.765355985611677e-05
Saving checkpoint at epoch 10; prefix = chkpt-ID_8404430683361561
Epoch 11 -- batch 0 / 2126 loss: 7.124911917344434e-06
batch 500 / 2126 loss: 0.00011862864630529657
batch 1000 / 2126 loss: 5.216341378400102e-05
batch 1500 / 2126 loss: 8.08254408184439e-05
batch 2000 / 2126 loss: 0.0002036497462540865
Epoch 12 -- batch 0 / 2126 loss: 1.9308668925077654e-05
batch 500 / 2126 loss: 0.0001298964343732223
batch 1000 / 2126 loss: 9.81944176601246e-05
batch 1500 / 2126 loss: 0.00014750432455912232
batch 2000 / 2126 loss: 0.00010483465302968398
Epoch 13 -- batch 0 / 2126 loss: 2.084377410938032e-05
batch 500 / 2126 loss: 5.7331271818839014e-05
batch 1000 / 2126 loss: 2.875245627365075e-05
batch 1500 / 2126 loss: 6.064045010134578e-05
batch 2000 / 2126 loss: 0.00014526251470670104
Epoch 14 -- batch 0 / 2126 loss: 3.0325010811793618e-05
batch 500 / 2126 loss: 5.3406543884193525e-05
batch 1000 / 2126 loss: 4.25368853029795e-05
batch 1500 / 2126 loss: 7.22639451851137e-05
batch 2000 / 2126 loss: 0.00013549422146752477
Epoch 15 -- batch 0 / 2126 loss: 5.3143092372920364e-05
batch 500 / 2126 loss: 9.478475840296596e-05
batch 1000 / 2126 loss: 1.1104012628493365e-05
batch 1500 / 2126 loss: 9.135346044786274e-05
batch 2000 / 2126 loss: 0.00011585371248656884
Saving checkpoint at epoch 15; prefix = chkpt-ID_8404430683361561
Epoch 16 -- batch 0 / 2126 loss: 3.1567476980853826e-05
batch 500 / 2126 loss: 0.00010624378046486527
batch 1000 / 2126 loss: 7.828422531019896e-05
batch 1500 / 2126 loss: 6.529771053465083e-05
batch 2000 / 2126 loss: 0.00010182845289818943
Epoch 17 -- batch 0 / 2126 loss: 4.740045915241353e-05
batch 500 / 2126 loss: 9.9509212304838e-05
batch 1000 / 2126 loss: 2.9641389119205996e-05
batch 1500 / 2126 loss: 7.295034447452053e-05
batch 2000 / 2126 loss: 6.679267244180664e-05
Epoch 18 -- batch 0 / 2126 loss: 4.517034540185705e-05
batch 500 / 2126 loss: 4.286050170776434e-05
batch 1000 / 2126 loss: 2.4516632038285024e-05
batch 1500 / 2126 loss: 6.410411151591688e-05
batch 2000 / 2126 loss: 0.0001401079207425937
Epoch 19 -- batch 0 / 2126 loss: 3.6741290386999026e-05
batch 500 / 2126 loss: 9.026976476889104e-05
batch 1000 / 2126 loss: 8.627414354123175e-05
batch 1500 / 2126 loss: 0.00011293268471490592
batch 2000 / 2126 loss: 0.0001593375054653734
Epoch 20 -- batch 0 / 2126 loss: 8.981435712485109e-06
batch 500 / 2126 loss: 9.034975664690137e-05
batch 1000 / 2126 loss: 2.067586683551781e-05
batch 1500 / 2126 loss: 9.080158633878455e-05
batch 2000 / 2126 loss: 8.648588845971972e-05
Saving checkpoint at epoch 20; prefix = chkpt-ID_8404430683361561
Done Training!

==================================
Testing (cite this): dataloader for dataset FB15k237
Testing (cite this): batch 0 / 137
batch 0 / 137 loss: 0.07584147155284882
Testing (cite this): batch 1 / 137
Testing (cite this): batch 2 / 137
Testing (cite this): batch 3 / 137
Testing (cite this): batch 4 / 137
Testing (cite this): batch 5 / 137
Testing (cite this): batch 6 / 137
Testing (cite this): batch 7 / 137
Testing (cite this): batch 8 / 137
Testing (cite this): batch 9 / 137
Testing (cite this): batch 10 / 137
Testing (cite this): batch 11 / 137
Testing (cite this): batch 12 / 137
Testing (cite this): batch 13 / 137
Testing (cite this): batch 14 / 137
Testing (cite this): batch 15 / 137
Testing (cite this): batch 16 / 137
Testing (cite this): batch 17 / 137
Testing (cite this): batch 18 / 137
Testing (cite this): batch 19 / 137
Testing (cite this): batch 20 / 137
Testing (cite this): batch 21 / 137
Testing (cite this): batch 22 / 137
Testing (cite this): batch 23 / 137
Testing (cite this): batch 24 / 137
Testing (cite this): batch 25 / 137
Testing (cite this): batch 26 / 137
Testing (cite this): batch 27 / 137
Testing (cite this): batch 28 / 137
Testing (cite this): batch 29 / 137
Testing (cite this): batch 30 / 137
Testing (cite this): batch 31 / 137
Testing (cite this): batch 32 / 137
Testing (cite this): batch 33 / 137
Testing (cite this): batch 34 / 137
Testing (cite this): batch 35 / 137
Testing (cite this): batch 36 / 137
Testing (cite this): batch 37 / 137
Testing (cite this): batch 38 / 137
Testing (cite this): batch 39 / 137
Testing (cite this): batch 40 / 137
Testing (cite this): batch 41 / 137
Testing (cite this): batch 42 / 137
Testing (cite this): batch 43 / 137
Testing (cite this): batch 44 / 137
Testing (cite this): batch 45 / 137
Testing (cite this): batch 46 / 137
Testing (cite this): batch 47 / 137
Testing (cite this): batch 48 / 137
Testing (cite this): batch 49 / 137
Testing (cite this): batch 50 / 137
Testing (cite this): batch 51 / 137
Testing (cite this): batch 52 / 137
Testing (cite this): batch 53 / 137
Testing (cite this): batch 54 / 137
Testing (cite this): batch 55 / 137
Testing (cite this): batch 56 / 137
Testing (cite this): batch 57 / 137
Testing (cite this): batch 58 / 137
Testing (cite this): batch 59 / 137
Testing (cite this): batch 60 / 137
Testing (cite this): batch 61 / 137
Testing (cite this): batch 62 / 137
Testing (cite this): batch 63 / 137
Testing (cite this): batch 64 / 137
Testing (cite this): batch 65 / 137
Testing (cite this): batch 66 / 137
Testing (cite this): batch 67 / 137
Testing (cite this): batch 68 / 137
Testing (cite this): batch 69 / 137
Testing (cite this): batch 70 / 137
Testing (cite this): batch 71 / 137
Testing (cite this): batch 72 / 137
Testing (cite this): batch 73 / 137
Testing (cite this): batch 74 / 137
Testing (cite this): batch 75 / 137
Testing (cite this): batch 76 / 137
Testing (cite this): batch 77 / 137
Testing (cite this): batch 78 / 137
Testing (cite this): batch 79 / 137
Testing (cite this): batch 80 / 137
Testing (cite this): batch 81 / 137
Testing (cite this): batch 82 / 137
Testing (cite this): batch 83 / 137
Testing (cite this): batch 84 / 137
Testing (cite this): batch 85 / 137
Testing (cite this): batch 86 / 137
Testing (cite this): batch 87 / 137
Testing (cite this): batch 88 / 137
Testing (cite this): batch 89 / 137
Testing (cite this): batch 90 / 137
Testing (cite this): batch 91 / 137
Testing (cite this): batch 92 / 137
Testing (cite this): batch 93 / 137
Testing (cite this): batch 94 / 137
Testing (cite this): batch 95 / 137
Testing (cite this): batch 96 / 137
Testing (cite this): batch 97 / 137
Testing (cite this): batch 98 / 137
Testing (cite this): batch 99 / 137
Testing (cite this): batch 100 / 137
Testing (cite this): batch 101 / 137
Testing (cite this): batch 102 / 137
Testing (cite this): batch 103 / 137
Testing (cite this): batch 104 / 137
Testing (cite this): batch 105 / 137
Testing (cite this): batch 106 / 137
Testing (cite this): batch 107 / 137
Testing (cite this): batch 108 / 137
Testing (cite this): batch 109 / 137
Testing (cite this): batch 110 / 137
Testing (cite this): batch 111 / 137
Testing (cite this): batch 112 / 137
Testing (cite this): batch 113 / 137
Testing (cite this): batch 114 / 137
Testing (cite this): batch 115 / 137
Testing (cite this): batch 116 / 137
Testing (cite this): batch 117 / 137
Testing (cite this): batch 118 / 137
Testing (cite this): batch 119 / 137
Testing (cite this): batch 120 / 137
Testing (cite this): batch 121 / 137
Testing (cite this): batch 122 / 137
Testing (cite this): batch 123 / 137
Testing (cite this): batch 124 / 137
Testing (cite this): batch 125 / 137
Testing (cite this): batch 126 / 137
Testing (cite this): batch 127 / 137
Testing (cite this): batch 128 / 137
Testing (cite this): batch 129 / 137
Testing (cite this): batch 130 / 137
Testing (cite this): batch 131 / 137
Testing (cite this): batch 132 / 137
Testing (cite this): batch 133 / 137
Testing (cite this): batch 134 / 137
Testing (cite this): batch 135 / 137
Testing (cite this): batch 136 / 137
total number of ranks, torch.Size([35052])
====== Ranks ======
ranks size: torch.Size([35052])
test_loss: 11.809487871825695
mr: 1156.4005126953125
mrr: 0.1663833111524582
h1: 0.13645440340042114
h3: 0.14216022193431854
h5: 0.15183156728744507
h10: 0.2081764191389084
==================================

Done Testing!
done with training and eval
Experiments took 10393 seconds on 
