Arguments received: ['run_exp.py', 'base', 'FB15k237', '20', '5e-4', 'zscore', '128', '128', '100', '0', '1', 'simple', '0', 'None', '1']
loading dataset
FB15k237
X_p: torch.Size([272115, 7])
n_local: 6
X_p: torch.Size([20438, 7])
n_local: 6
X_p: torch.Size([17526, 7])
n_local: 6
Using a total of 6 features
done loading dataset
loading filters
done loading filters
loading negative samplers
init negative sampler with args
	use_2_hop_fts: False
	fts_blacklist: {'None'}
done loading negative samplers
Running in hyperparameter evaluation mode
TWIG will be evaulaited on the validation set
and will not be tested each epoch on the validation set
Creating a new model from scratch
loading NN
done loading NN
running training and eval
TWIGI_Base(
  (linear_struct_1): Linear(in_features=6, out_features=10, bias=True)
  (relu_1): ReLU()
  (dropout_1): Dropout(p=0.01, inplace=False)
  (linear_struct_2): Linear(in_features=10, out_features=10, bias=True)
  (relu_2): ReLU()
  (dropout_2): Dropout(p=0.01, inplace=False)
  (linear_final): Linear(in_features=10, out_features=1, bias=True)
  (sigmoid_final): Sigmoid()
)
REC: Training with epochs = 20
Epoch 1 -- batch 0 / 2126 loss: 0.10750532895326614
batch 500 / 2126 loss: 0.0014445653650909662
batch 1000 / 2126 loss: 0.0013312858063727617
batch 1500 / 2126 loss: 0.0016462509520351887
batch 2000 / 2126 loss: 0.0016051084967330098
Epoch 2 -- batch 0 / 2126 loss: 0.002796225482597947
batch 500 / 2126 loss: 0.0011763183865696192
batch 1000 / 2126 loss: 0.0009648053091950715
batch 1500 / 2126 loss: 0.0017441540258005261
batch 2000 / 2126 loss: 0.0015100062591955066
Epoch 3 -- batch 0 / 2126 loss: 0.0031011139508336782
batch 500 / 2126 loss: 0.0011465332936495543
batch 1000 / 2126 loss: 0.0009907367639243603
batch 1500 / 2126 loss: 0.00150718679651618
batch 2000 / 2126 loss: 0.001329219900071621
Epoch 4 -- batch 0 / 2126 loss: 0.002533347113057971
batch 500 / 2126 loss: 0.0009930279338732362
batch 1000 / 2126 loss: 0.0009660384384915233
batch 1500 / 2126 loss: 0.0013491641730070114
batch 2000 / 2126 loss: 0.0013558579375967383
Epoch 5 -- batch 0 / 2126 loss: 0.002602888271212578
batch 500 / 2126 loss: 0.001255679875612259
batch 1000 / 2126 loss: 0.0009856474353000522
batch 1500 / 2126 loss: 0.0013860868057236075
batch 2000 / 2126 loss: 0.0014036973007023335
Saving checkpoint at epoch 5; prefix = chkpt-ID_432505184402549
Epoch 6 -- batch 0 / 2126 loss: 0.002691194647923112
batch 500 / 2126 loss: 0.0011797520564869046
batch 1000 / 2126 loss: 0.0009200715576298535
batch 1500 / 2126 loss: 0.0013287914916872978
batch 2000 / 2126 loss: 0.0012343039270490408
Epoch 7 -- batch 0 / 2126 loss: 0.0025245395954698324
batch 500 / 2126 loss: 0.0011615357361733913
batch 1000 / 2126 loss: 0.0008471579058095813
batch 1500 / 2126 loss: 0.0012662794906646013
batch 2000 / 2126 loss: 0.0011861947132274508
Epoch 8 -- batch 0 / 2126 loss: 0.002378989476710558
batch 500 / 2126 loss: 0.000968236243352294
batch 1000 / 2126 loss: 0.000814970931969583
batch 1500 / 2126 loss: 0.0013892966089770198
batch 2000 / 2126 loss: 0.0010809453669935465
Epoch 9 -- batch 0 / 2126 loss: 0.002539834240451455
batch 500 / 2126 loss: 0.001076829037629068
batch 1000 / 2126 loss: 0.0009066574275493622
batch 1500 / 2126 loss: 0.0012421939754858613
batch 2000 / 2126 loss: 0.0011989071499556303
Epoch 10 -- batch 0 / 2126 loss: 0.0022805258631706238
batch 500 / 2126 loss: 0.0009066282073035836
batch 1000 / 2126 loss: 0.0006510101957246661
batch 1500 / 2126 loss: 0.0012938997242599726
batch 2000 / 2126 loss: 0.0010095936013385653
Saving checkpoint at epoch 10; prefix = chkpt-ID_432505184402549
Epoch 11 -- batch 0 / 2126 loss: 0.002568274037912488
batch 500 / 2126 loss: 0.000911716662812978
batch 1000 / 2126 loss: 0.0007096006302163005
batch 1500 / 2126 loss: 0.0014007893623784184
batch 2000 / 2126 loss: 0.0009168204851448536
Epoch 12 -- batch 0 / 2126 loss: 0.0021758773364126682
batch 500 / 2126 loss: 0.0009349400061182678
batch 1000 / 2126 loss: 0.0007693131919950247
batch 1500 / 2126 loss: 0.0014577829279005527
batch 2000 / 2126 loss: 0.0010120767401531339
Epoch 13 -- batch 0 / 2126 loss: 0.0022165998816490173
batch 500 / 2126 loss: 0.0010828053345903754
batch 1000 / 2126 loss: 0.0008037399384193122
batch 1500 / 2126 loss: 0.0012965811183676124
batch 2000 / 2126 loss: 0.0009685660479590297
Epoch 14 -- batch 0 / 2126 loss: 0.0022274383809417486
batch 500 / 2126 loss: 0.0007310904329642653
batch 1000 / 2126 loss: 0.0008024288108572364
batch 1500 / 2126 loss: 0.0012558572925627232
batch 2000 / 2126 loss: 0.0010791884269565344
Epoch 15 -- batch 0 / 2126 loss: 0.002361362800002098
batch 500 / 2126 loss: 0.0007509158458560705
batch 1000 / 2126 loss: 0.0006980531616136432
batch 1500 / 2126 loss: 0.0012138497550040483
batch 2000 / 2126 loss: 0.0010244643781334162
Saving checkpoint at epoch 15; prefix = chkpt-ID_432505184402549
Epoch 16 -- batch 0 / 2126 loss: 0.0022981318179517984
batch 500 / 2126 loss: 0.0009647288243286312
batch 1000 / 2126 loss: 0.0008121483260765672
batch 1500 / 2126 loss: 0.001322432653978467
batch 2000 / 2126 loss: 0.0010512882145121694
Epoch 17 -- batch 0 / 2126 loss: 0.0021564546041190624
batch 500 / 2126 loss: 0.0008447841973975301
batch 1000 / 2126 loss: 0.0009157765889540315
batch 1500 / 2126 loss: 0.0013815689599141479
batch 2000 / 2126 loss: 0.0009873976232483983
Epoch 18 -- batch 0 / 2126 loss: 0.002211509272456169
batch 500 / 2126 loss: 0.0009511983371339738
batch 1000 / 2126 loss: 0.0007659969851374626
batch 1500 / 2126 loss: 0.001333557185716927
batch 2000 / 2126 loss: 0.0011047605657950044
Epoch 19 -- batch 0 / 2126 loss: 0.002154863905161619
batch 500 / 2126 loss: 0.0010898662731051445
batch 1000 / 2126 loss: 0.000627812638413161
batch 1500 / 2126 loss: 0.0011734426952898502
batch 2000 / 2126 loss: 0.0010419853497296572
Epoch 20 -- batch 0 / 2126 loss: 0.002294085454195738
batch 500 / 2126 loss: 0.0009753164486028254
batch 1000 / 2126 loss: 0.0009347753366455436
batch 1500 / 2126 loss: 0.0011540951672941446
batch 2000 / 2126 loss: 0.00092013378161937
Saving checkpoint at epoch 20; prefix = chkpt-ID_432505184402549
Done Training!

==================================
Testing (cite this): dataloader for dataset FB15k237
Testing (cite this): batch 0 / 137
batch 0 / 137 loss: 0.10209941864013672
Testing (cite this): batch 1 / 137
Testing (cite this): batch 2 / 137
Testing (cite this): batch 3 / 137
Testing (cite this): batch 4 / 137
Testing (cite this): batch 5 / 137
Testing (cite this): batch 6 / 137
Testing (cite this): batch 7 / 137
Testing (cite this): batch 8 / 137
Testing (cite this): batch 9 / 137
Testing (cite this): batch 10 / 137
Testing (cite this): batch 11 / 137
Testing (cite this): batch 12 / 137
Testing (cite this): batch 13 / 137
Testing (cite this): batch 14 / 137
Testing (cite this): batch 15 / 137
Testing (cite this): batch 16 / 137
Testing (cite this): batch 17 / 137
Testing (cite this): batch 18 / 137
Testing (cite this): batch 19 / 137
Testing (cite this): batch 20 / 137
Testing (cite this): batch 21 / 137
Testing (cite this): batch 22 / 137
Testing (cite this): batch 23 / 137
Testing (cite this): batch 24 / 137
Testing (cite this): batch 25 / 137
Testing (cite this): batch 26 / 137
Testing (cite this): batch 27 / 137
Testing (cite this): batch 28 / 137
Testing (cite this): batch 29 / 137
Testing (cite this): batch 30 / 137
Testing (cite this): batch 31 / 137
Testing (cite this): batch 32 / 137
Testing (cite this): batch 33 / 137
Testing (cite this): batch 34 / 137
Testing (cite this): batch 35 / 137
Testing (cite this): batch 36 / 137
Testing (cite this): batch 37 / 137
Testing (cite this): batch 38 / 137
Testing (cite this): batch 39 / 137
Testing (cite this): batch 40 / 137
Testing (cite this): batch 41 / 137
Testing (cite this): batch 42 / 137
Testing (cite this): batch 43 / 137
Testing (cite this): batch 44 / 137
Testing (cite this): batch 45 / 137
Testing (cite this): batch 46 / 137
Testing (cite this): batch 47 / 137
Testing (cite this): batch 48 / 137
Testing (cite this): batch 49 / 137
Testing (cite this): batch 50 / 137
Testing (cite this): batch 51 / 137
Testing (cite this): batch 52 / 137
Testing (cite this): batch 53 / 137
Testing (cite this): batch 54 / 137
Testing (cite this): batch 55 / 137
Testing (cite this): batch 56 / 137
Testing (cite this): batch 57 / 137
Testing (cite this): batch 58 / 137
Testing (cite this): batch 59 / 137
Testing (cite this): batch 60 / 137
Testing (cite this): batch 61 / 137
Testing (cite this): batch 62 / 137
Testing (cite this): batch 63 / 137
Testing (cite this): batch 64 / 137
Testing (cite this): batch 65 / 137
Testing (cite this): batch 66 / 137
Testing (cite this): batch 67 / 137
Testing (cite this): batch 68 / 137
Testing (cite this): batch 69 / 137
Testing (cite this): batch 70 / 137
Testing (cite this): batch 71 / 137
Testing (cite this): batch 72 / 137
Testing (cite this): batch 73 / 137
Testing (cite this): batch 74 / 137
Testing (cite this): batch 75 / 137
Testing (cite this): batch 76 / 137
Testing (cite this): batch 77 / 137
Testing (cite this): batch 78 / 137
Testing (cite this): batch 79 / 137
Testing (cite this): batch 80 / 137
Testing (cite this): batch 81 / 137
Testing (cite this): batch 82 / 137
Testing (cite this): batch 83 / 137
Testing (cite this): batch 84 / 137
Testing (cite this): batch 85 / 137
Testing (cite this): batch 86 / 137
Testing (cite this): batch 87 / 137
Testing (cite this): batch 88 / 137
Testing (cite this): batch 89 / 137
Testing (cite this): batch 90 / 137
Testing (cite this): batch 91 / 137
Testing (cite this): batch 92 / 137
Testing (cite this): batch 93 / 137
Testing (cite this): batch 94 / 137
Testing (cite this): batch 95 / 137
Testing (cite this): batch 96 / 137
Testing (cite this): batch 97 / 137
Testing (cite this): batch 98 / 137
Testing (cite this): batch 99 / 137
Testing (cite this): batch 100 / 137
Testing (cite this): batch 101 / 137
Testing (cite this): batch 102 / 137
Testing (cite this): batch 103 / 137
Testing (cite this): batch 104 / 137
Testing (cite this): batch 105 / 137
Testing (cite this): batch 106 / 137
Testing (cite this): batch 107 / 137
Testing (cite this): batch 108 / 137
Testing (cite this): batch 109 / 137
Testing (cite this): batch 110 / 137
Testing (cite this): batch 111 / 137
Testing (cite this): batch 112 / 137
Testing (cite this): batch 113 / 137
Testing (cite this): batch 114 / 137
Testing (cite this): batch 115 / 137
Testing (cite this): batch 116 / 137
Testing (cite this): batch 117 / 137
Testing (cite this): batch 118 / 137
Testing (cite this): batch 119 / 137
Testing (cite this): batch 120 / 137
Testing (cite this): batch 121 / 137
Testing (cite this): batch 122 / 137
Testing (cite this): batch 123 / 137
Testing (cite this): batch 124 / 137
Testing (cite this): batch 125 / 137
Testing (cite this): batch 126 / 137
Testing (cite this): batch 127 / 137
Testing (cite this): batch 128 / 137
Testing (cite this): batch 129 / 137
Testing (cite this): batch 130 / 137
Testing (cite this): batch 131 / 137
Testing (cite this): batch 132 / 137
Testing (cite this): batch 133 / 137
Testing (cite this): batch 134 / 137
Testing (cite this): batch 135 / 137
Testing (cite this): batch 136 / 137
total number of ranks, torch.Size([35052])
====== Ranks ======
ranks size: torch.Size([35052])
test_loss: 14.069179095327854
mr: 3572.21337890625
mrr: 0.05797742307186127
h1: 0.019228573888540268
h3: 0.03919890522956848
h5: 0.06236448884010315
h10: 0.12236106395721436
==================================

Done Testing!
done with training and eval
Experiments took 6069 seconds on 
