Arguments received: ['run_exp.py', 'base', 'FB15k237', '20', '5e-4', 'zscore', '128', '128', '100', '0', '1', 'simple', '1', 'o_max_freq_rel s_max_freq_rel', '1']
loading dataset
FB15k237
X_p: torch.Size([272115, 21])
n_local: 20
X_p: torch.Size([20438, 21])
n_local: 20
X_p: torch.Size([17526, 21])
n_local: 20
Using a total of 20 features
done loading dataset
loading filters
done loading filters
loading negative samplers
init negative sampler with args
	use_2_hop_fts: True
	fts_blacklist: {'o_max_freq_rel', 's_max_freq_rel'}
done loading negative samplers
Running in hyperparameter evaluation mode
TWIG will be evaulaited on the validation set
and will not be tested each epoch on the validation set
Creating a new model from scratch
loading NN
done loading NN
running training and eval
TWIGI_Base(
  (linear_struct_1): Linear(in_features=20, out_features=10, bias=True)
  (relu_1): ReLU()
  (dropout_1): Dropout(p=0.01, inplace=False)
  (linear_struct_2): Linear(in_features=10, out_features=10, bias=True)
  (relu_2): ReLU()
  (dropout_2): Dropout(p=0.01, inplace=False)
  (linear_final): Linear(in_features=10, out_features=1, bias=True)
  (sigmoid_final): Sigmoid()
)
REC: Training with epochs = 20
Epoch 1 -- batch 0 / 2126 loss: 0.08628758788108826
batch 500 / 2126 loss: 0.001637846464291215
batch 1000 / 2126 loss: 0.0012314635096117854
batch 1500 / 2126 loss: 0.0017860380467027426
batch 2000 / 2126 loss: 0.0014585760654881597
Epoch 2 -- batch 0 / 2126 loss: 0.0011562361614778638
batch 500 / 2126 loss: 0.0004348997608758509
batch 1000 / 2126 loss: 0.0006299155065789819
batch 1500 / 2126 loss: 0.0007494034362025559
batch 2000 / 2126 loss: 0.0007740129949524999
Epoch 3 -- batch 0 / 2126 loss: 0.00045214968849904835
batch 500 / 2126 loss: 0.00018674819148145616
batch 1000 / 2126 loss: 0.0006233096355572343
batch 1500 / 2126 loss: 0.0003971202240791172
batch 2000 / 2126 loss: 0.0005310013657435775
Epoch 4 -- batch 0 / 2126 loss: 0.00011733614519471303
batch 500 / 2126 loss: 4.5813176257070154e-05
batch 1000 / 2126 loss: 0.00046081418986432254
batch 1500 / 2126 loss: 0.0002861903340090066
batch 2000 / 2126 loss: 0.0003761212283279747
Epoch 5 -- batch 0 / 2126 loss: 0.0001068768251570873
batch 500 / 2126 loss: 5.978733315714635e-05
batch 1000 / 2126 loss: 0.0003174617304466665
batch 1500 / 2126 loss: 0.000170025450643152
batch 2000 / 2126 loss: 0.00015111325774341822
Saving checkpoint at epoch 5; prefix = chkpt-ID_645324961487183
Epoch 6 -- batch 0 / 2126 loss: 5.012633482692763e-05
batch 500 / 2126 loss: 8.233983680838719e-05
batch 1000 / 2126 loss: 6.091394607210532e-05
batch 1500 / 2126 loss: 0.00011060974065912887
batch 2000 / 2126 loss: 0.00014919119712430984
Epoch 7 -- batch 0 / 2126 loss: 2.064675027213525e-05
batch 500 / 2126 loss: 7.188867311924696e-05
batch 1000 / 2126 loss: 0.00013579601363744587
batch 1500 / 2126 loss: 0.00015061134763527662
batch 2000 / 2126 loss: 0.00012031180085614324
Epoch 8 -- batch 0 / 2126 loss: 7.231102244986687e-06
batch 500 / 2126 loss: 0.00013896268501412123
batch 1000 / 2126 loss: 0.0001779150334186852
batch 1500 / 2126 loss: 0.0001325956400251016
batch 2000 / 2126 loss: 0.00015112379333004355
Epoch 9 -- batch 0 / 2126 loss: 3.696689600474201e-05
batch 500 / 2126 loss: 0.00012232638255227357
batch 1000 / 2126 loss: 7.122162787709385e-05
batch 1500 / 2126 loss: 0.00010725019819801673
batch 2000 / 2126 loss: 9.316462092101574e-05
Epoch 10 -- batch 0 / 2126 loss: 1.9294562662253156e-05
batch 500 / 2126 loss: 0.00012165409862063825
batch 1000 / 2126 loss: 8.196398994186893e-05
batch 1500 / 2126 loss: 0.0001854629081208259
batch 2000 / 2126 loss: 0.0001759809529175982
Saving checkpoint at epoch 10; prefix = chkpt-ID_645324961487183
Epoch 11 -- batch 0 / 2126 loss: 3.301027754787356e-05
batch 500 / 2126 loss: 6.418700650101528e-05
batch 1000 / 2126 loss: 2.6076173526234925e-05
batch 1500 / 2126 loss: 8.20708301034756e-05
batch 2000 / 2126 loss: 7.173194899223745e-05
Epoch 12 -- batch 0 / 2126 loss: 7.000268738011073e-07
batch 500 / 2126 loss: 0.00011577937402762473
batch 1000 / 2126 loss: 4.281767178326845e-05
batch 1500 / 2126 loss: 0.00016911163402255625
batch 2000 / 2126 loss: 8.122864528559148e-05
Epoch 13 -- batch 0 / 2126 loss: 2.1682555598090403e-05
batch 500 / 2126 loss: 1.8269280189997517e-05
batch 1000 / 2126 loss: 6.859650602564216e-05
batch 1500 / 2126 loss: 0.0001383490744046867
batch 2000 / 2126 loss: 5.700874316971749e-05
Epoch 14 -- batch 0 / 2126 loss: 1.0278746231051628e-05
batch 500 / 2126 loss: 3.002853009093087e-05
batch 1000 / 2126 loss: 4.966075357515365e-05
batch 1500 / 2126 loss: 0.00015163994976319373
batch 2000 / 2126 loss: 0.000188261634320952
Epoch 15 -- batch 0 / 2126 loss: 5.9763871831819415e-05
batch 500 / 2126 loss: 5.082985444460064e-05
batch 1000 / 2126 loss: 3.6193785490468144e-05
batch 1500 / 2126 loss: 0.00013213057536631823
batch 2000 / 2126 loss: 0.0001351305836578831
Saving checkpoint at epoch 15; prefix = chkpt-ID_645324961487183
Epoch 16 -- batch 0 / 2126 loss: 2.0328452592366375e-05
batch 500 / 2126 loss: 6.874326209072024e-05
batch 1000 / 2126 loss: 3.328127058921382e-05
batch 1500 / 2126 loss: 0.00013862854393664747
batch 2000 / 2126 loss: 3.3257354516536e-05
Epoch 17 -- batch 0 / 2126 loss: 1.6236796000157483e-05
batch 500 / 2126 loss: 9.903615864459425e-05
batch 1000 / 2126 loss: 4.773174805450253e-05
batch 1500 / 2126 loss: 0.00012768564920406789
batch 2000 / 2126 loss: 0.00018903925956692547
Epoch 18 -- batch 0 / 2126 loss: 6.119468253018567e-06
batch 500 / 2126 loss: 4.496068868320435e-05
batch 1000 / 2126 loss: 4.42563250544481e-05
batch 1500 / 2126 loss: 0.0001126389397541061
batch 2000 / 2126 loss: 9.834524826146662e-05
Epoch 19 -- batch 0 / 2126 loss: 1.9135160982841626e-05
batch 500 / 2126 loss: 6.737363582942635e-05
batch 1000 / 2126 loss: 4.6510125685017556e-05
batch 1500 / 2126 loss: 0.00015287626592908055
batch 2000 / 2126 loss: 0.0001137884974014014
Epoch 20 -- batch 0 / 2126 loss: 1.2137386875110678e-05
batch 500 / 2126 loss: 9.348774619866163e-05
batch 1000 / 2126 loss: 8.514855835528579e-06
batch 1500 / 2126 loss: 0.0001764114131219685
batch 2000 / 2126 loss: 6.657541234744713e-05
Saving checkpoint at epoch 20; prefix = chkpt-ID_645324961487183
Done Training!

==================================
Testing (cite this): dataloader for dataset FB15k237
Testing (cite this): batch 0 / 137
batch 0 / 137 loss: 0.0684448778629303
Testing (cite this): batch 1 / 137
Testing (cite this): batch 2 / 137
Testing (cite this): batch 3 / 137
Testing (cite this): batch 4 / 137
Testing (cite this): batch 5 / 137
Testing (cite this): batch 6 / 137
Testing (cite this): batch 7 / 137
Testing (cite this): batch 8 / 137
Testing (cite this): batch 9 / 137
Testing (cite this): batch 10 / 137
Testing (cite this): batch 11 / 137
Testing (cite this): batch 12 / 137
Testing (cite this): batch 13 / 137
Testing (cite this): batch 14 / 137
Testing (cite this): batch 15 / 137
Testing (cite this): batch 16 / 137
Testing (cite this): batch 17 / 137
Testing (cite this): batch 18 / 137
Testing (cite this): batch 19 / 137
Testing (cite this): batch 20 / 137
Testing (cite this): batch 21 / 137
Testing (cite this): batch 22 / 137
Testing (cite this): batch 23 / 137
Testing (cite this): batch 24 / 137
Testing (cite this): batch 25 / 137
Testing (cite this): batch 26 / 137
Testing (cite this): batch 27 / 137
Testing (cite this): batch 28 / 137
Testing (cite this): batch 29 / 137
Testing (cite this): batch 30 / 137
Testing (cite this): batch 31 / 137
Testing (cite this): batch 32 / 137
Testing (cite this): batch 33 / 137
Testing (cite this): batch 34 / 137
Testing (cite this): batch 35 / 137
Testing (cite this): batch 36 / 137
Testing (cite this): batch 37 / 137
Testing (cite this): batch 38 / 137
Testing (cite this): batch 39 / 137
Testing (cite this): batch 40 / 137
Testing (cite this): batch 41 / 137
Testing (cite this): batch 42 / 137
Testing (cite this): batch 43 / 137
Testing (cite this): batch 44 / 137
Testing (cite this): batch 45 / 137
Testing (cite this): batch 46 / 137
Testing (cite this): batch 47 / 137
Testing (cite this): batch 48 / 137
Testing (cite this): batch 49 / 137
Testing (cite this): batch 50 / 137
Testing (cite this): batch 51 / 137
Testing (cite this): batch 52 / 137
Testing (cite this): batch 53 / 137
Testing (cite this): batch 54 / 137
Testing (cite this): batch 55 / 137
Testing (cite this): batch 56 / 137
Testing (cite this): batch 57 / 137
Testing (cite this): batch 58 / 137
Testing (cite this): batch 59 / 137
Testing (cite this): batch 60 / 137
Testing (cite this): batch 61 / 137
Testing (cite this): batch 62 / 137
Testing (cite this): batch 63 / 137
Testing (cite this): batch 64 / 137
Testing (cite this): batch 65 / 137
Testing (cite this): batch 66 / 137
Testing (cite this): batch 67 / 137
Testing (cite this): batch 68 / 137
Testing (cite this): batch 69 / 137
Testing (cite this): batch 70 / 137
Testing (cite this): batch 71 / 137
Testing (cite this): batch 72 / 137
Testing (cite this): batch 73 / 137
Testing (cite this): batch 74 / 137
Testing (cite this): batch 75 / 137
Testing (cite this): batch 76 / 137
Testing (cite this): batch 77 / 137
Testing (cite this): batch 78 / 137
Testing (cite this): batch 79 / 137
Testing (cite this): batch 80 / 137
Testing (cite this): batch 81 / 137
Testing (cite this): batch 82 / 137
Testing (cite this): batch 83 / 137
Testing (cite this): batch 84 / 137
Testing (cite this): batch 85 / 137
Testing (cite this): batch 86 / 137
Testing (cite this): batch 87 / 137
Testing (cite this): batch 88 / 137
Testing (cite this): batch 89 / 137
Testing (cite this): batch 90 / 137
Testing (cite this): batch 91 / 137
Testing (cite this): batch 92 / 137
Testing (cite this): batch 93 / 137
Testing (cite this): batch 94 / 137
Testing (cite this): batch 95 / 137
Testing (cite this): batch 96 / 137
Testing (cite this): batch 97 / 137
Testing (cite this): batch 98 / 137
Testing (cite this): batch 99 / 137
Testing (cite this): batch 100 / 137
Testing (cite this): batch 101 / 137
Testing (cite this): batch 102 / 137
Testing (cite this): batch 103 / 137
Testing (cite this): batch 104 / 137
Testing (cite this): batch 105 / 137
Testing (cite this): batch 106 / 137
Testing (cite this): batch 107 / 137
Testing (cite this): batch 108 / 137
Testing (cite this): batch 109 / 137
Testing (cite this): batch 110 / 137
Testing (cite this): batch 111 / 137
Testing (cite this): batch 112 / 137
Testing (cite this): batch 113 / 137
Testing (cite this): batch 114 / 137
Testing (cite this): batch 115 / 137
Testing (cite this): batch 116 / 137
Testing (cite this): batch 117 / 137
Testing (cite this): batch 118 / 137
Testing (cite this): batch 119 / 137
Testing (cite this): batch 120 / 137
Testing (cite this): batch 121 / 137
Testing (cite this): batch 122 / 137
Testing (cite this): batch 123 / 137
Testing (cite this): batch 124 / 137
Testing (cite this): batch 125 / 137
Testing (cite this): batch 126 / 137
Testing (cite this): batch 127 / 137
Testing (cite this): batch 128 / 137
Testing (cite this): batch 129 / 137
Testing (cite this): batch 130 / 137
Testing (cite this): batch 131 / 137
Testing (cite this): batch 132 / 137
Testing (cite this): batch 133 / 137
Testing (cite this): batch 134 / 137
Testing (cite this): batch 135 / 137
Testing (cite this): batch 136 / 137
total number of ranks, torch.Size([35052])
====== Ranks ======
ranks size: torch.Size([35052])
test_loss: 10.921326648443937
mr: 715.3275146484375
mrr: 0.20052103698253632
h1: 0.16863517463207245
h3: 0.181587353348732
h5: 0.19779185950756073
h10: 0.2539084851741791
==================================

Done Testing!
done with training and eval
Experiments took 10962 seconds on 
