['run_exp.py', '0', 'DBpedia50', '20', '5e-4', 'zscore', '128', '64', '500', '0', '1', 'simple', '1']
Creating a new model from scratch
loading NN
done loading NN
loading dataset
DBpedia50
X_p: torch.Size([32203, 23])
X_p: torch.Size([2095, 23])
X_p: torch.Size([123, 23])
done loading dataset
loading filters
done loading filters
loading negative samplers
loading triple features from cache
done loading negative samplers
Running in hyperparameter evaluation mode
TWIG will be evaulaited on the validation set
and will not be tested each epoch on the validation set
running training and eval
TWIG_KGL_v0(
  (linear_struct_1): Linear(in_features=22, out_features=10, bias=True)
  (relu_1): ReLU()
  (dropout_1): Dropout(p=0.01, inplace=False)
  (linear_struct_2): Linear(in_features=10, out_features=10, bias=True)
  (relu_2): ReLU()
  (dropout_2): Dropout(p=0.01, inplace=False)
  (linear_final): Linear(in_features=10, out_features=1, bias=True)
  (sigmoid_final): Sigmoid()
)
REC: Training with epochs = 20
Epoch 1 -- batch 0 / 252 loss: 0.11008790135383606
Epoch 2 -- batch 0 / 252 loss: 0.003296060487627983
Epoch 3 -- batch 0 / 252 loss: 0.00046499798190779984
Epoch 4 -- batch 0 / 252 loss: 0.0002074932272080332
Epoch 5 -- batch 0 / 252 loss: 0.00010944480891339481
Saving checkpoint at epoch 5; prefix = chkpt-ID_8362460919034045
Epoch 6 -- batch 0 / 252 loss: 8.89459261088632e-05
Epoch 7 -- batch 0 / 252 loss: 8.359657658729702e-05
Epoch 8 -- batch 0 / 252 loss: 6.277418287936598e-05
Epoch 9 -- batch 0 / 252 loss: 6.48124041617848e-05
Epoch 10 -- batch 0 / 252 loss: 4.274309321772307e-05
Saving checkpoint at epoch 10; prefix = chkpt-ID_8362460919034045
Epoch 11 -- batch 0 / 252 loss: 5.081380368210375e-05
Epoch 12 -- batch 0 / 252 loss: 6.463000318035483e-05
Epoch 13 -- batch 0 / 252 loss: 4.178520612185821e-05
Epoch 14 -- batch 0 / 252 loss: 3.57681856257841e-05
Epoch 15 -- batch 0 / 252 loss: 4.6218705392675474e-05
Saving checkpoint at epoch 15; prefix = chkpt-ID_8362460919034045
Epoch 16 -- batch 0 / 252 loss: 4.3348998588044196e-05
Epoch 17 -- batch 0 / 252 loss: 3.0456905733444728e-05
Epoch 18 -- batch 0 / 252 loss: 3.148033647448756e-05
Epoch 19 -- batch 0 / 252 loss: 3.0449635232798755e-05
Epoch 20 -- batch 0 / 252 loss: 1.950555815710686e-05
Saving checkpoint at epoch 20; prefix = chkpt-ID_8362460919034045
Done Training!

==================================
Testing (cite this): dataloader for dataset DBpedia50
Testing (cite this): batch 0 / 2
Testing (cite this): batch 1 / 2
total number of ranks, torch.Size([123])
====== Ranks ======
ranks size: torch.Size([123])
test_loss: 0.13012748956680298
mr: 16099.341796875
mrr: 0.19146281480789185
h1: 0.15447154641151428
h3: 0.21138212084770203
h5: 0.21138212084770203
h10: 0.2601625919342041
==================================

Done Testing!
done with training and eval
Experiments took 2659 seconds on 
