['run_exp.py', '0', 'DBpedia50', '20', '5e-3', 'zscore', '128', '64', '30', '0', '1', 'simple', '1']
Creating a new model from scratch
loading NN
done loading NN
loading dataset
DBpedia50
X_p: torch.Size([32203, 23])
X_p: torch.Size([2095, 23])
X_p: torch.Size([123, 23])
done loading dataset
loading filters
done loading filters
loading negative samplers
loading triple features from cache
done loading negative samplers
Running in hyperparameter evaluation mode
TWIG will be evaulaited on the validation set
and will not be tested each epoch on the validation set
running training and eval
TWIG_KGL_v0(
  (linear_struct_1): Linear(in_features=22, out_features=10, bias=True)
  (relu_1): ReLU()
  (dropout_1): Dropout(p=0.01, inplace=False)
  (linear_struct_2): Linear(in_features=10, out_features=10, bias=True)
  (relu_2): ReLU()
  (dropout_2): Dropout(p=0.01, inplace=False)
  (linear_final): Linear(in_features=10, out_features=1, bias=True)
  (sigmoid_final): Sigmoid()
)
REC: Training with epochs = 20
Epoch 1 -- batch 0 / 252 loss: 0.11031832545995712
Epoch 2 -- batch 0 / 252 loss: 7.975458720466122e-05
Epoch 3 -- batch 0 / 252 loss: 5.4607967285846826e-06
Epoch 4 -- batch 0 / 252 loss: 4.7065575927263126e-05
Epoch 5 -- batch 0 / 252 loss: 9.227424015989527e-06
Saving checkpoint at epoch 5; prefix = chkpt-ID_2032389470900490
Epoch 6 -- batch 0 / 252 loss: 3.094167186645791e-05
Epoch 7 -- batch 0 / 252 loss: 2.4173954443540424e-05
Epoch 8 -- batch 0 / 252 loss: 2.6041669116239063e-05
Epoch 9 -- batch 0 / 252 loss: 0.0
Epoch 10 -- batch 0 / 252 loss: 0.0
Saving checkpoint at epoch 10; prefix = chkpt-ID_2032389470900490
Epoch 11 -- batch 0 / 252 loss: 0.0
Epoch 12 -- batch 0 / 252 loss: 3.4631407288543414e-06
Epoch 13 -- batch 0 / 252 loss: 1.9420880562392995e-05
Epoch 14 -- batch 0 / 252 loss: 0.0
Epoch 15 -- batch 0 / 252 loss: 0.0
Saving checkpoint at epoch 15; prefix = chkpt-ID_2032389470900490
Epoch 16 -- batch 0 / 252 loss: 0.0
Epoch 17 -- batch 0 / 252 loss: 3.165833913953975e-05
Epoch 18 -- batch 0 / 252 loss: 6.37611883576028e-05
Epoch 19 -- batch 0 / 252 loss: 1.5469138816115446e-05
Epoch 20 -- batch 0 / 252 loss: 0.0
Saving checkpoint at epoch 20; prefix = chkpt-ID_2032389470900490
Done Training!

==================================
Testing (cite this): dataloader for dataset DBpedia50
Testing (cite this): batch 0 / 2
Testing (cite this): batch 1 / 2
total number of ranks, torch.Size([123])
====== Ranks ======
ranks size: torch.Size([123])
test_loss: 0.11111683398485184
mr: 12024.6337890625
mrr: 0.3369353413581848
h1: 0.27642276883125305
h3: 0.38211381435394287
h5: 0.4146341383457184
h10: 0.4390243887901306
==================================

Done Testing!
done with training and eval
Experiments took 282 seconds on 
