['run_exp.py', '0', 'WN18RR', '20', '5e-4', 'zscore', '128', '64', '30', '0', '1', 'simple', '1']
Creating a new model from scratch
loading NN
done loading NN
loading dataset
WN18RR
X_p: torch.Size([86835, 23])
X_p: torch.Size([2924, 23])
X_p: torch.Size([2824, 23])
done loading dataset
loading filters
done loading filters
loading negative samplers
loading triple features from cache
done loading negative samplers
Running in hyperparameter evaluation mode
TWIG will be evaulaited on the validation set
and will not be tested each epoch on the validation set
running training and eval
TWIG_KGL_v0(
  (linear_struct_1): Linear(in_features=22, out_features=10, bias=True)
  (relu_1): ReLU()
  (dropout_1): Dropout(p=0.01, inplace=False)
  (linear_struct_2): Linear(in_features=10, out_features=10, bias=True)
  (relu_2): ReLU()
  (dropout_2): Dropout(p=0.01, inplace=False)
  (linear_final): Linear(in_features=10, out_features=1, bias=True)
  (sigmoid_final): Sigmoid()
)
REC: Training with epochs = 20
Epoch 1 -- batch 0 / 679 loss: 0.14684580266475677
batch 500 / 679 loss: 0.000348421570379287
Epoch 2 -- batch 0 / 679 loss: 2.9747170628979802e-05
batch 500 / 679 loss: 0.0001295837137149647
Epoch 3 -- batch 0 / 679 loss: 4.778379661729559e-06
batch 500 / 679 loss: 9.830735507421196e-05
Epoch 4 -- batch 0 / 679 loss: 3.4555737329355907e-06
batch 500 / 679 loss: 0.00015214443556033075
Epoch 5 -- batch 0 / 679 loss: 1.8199358237325214e-05
batch 500 / 679 loss: 8.714145951671526e-05
Saving checkpoint at epoch 5; prefix = chkpt-ID_2673950308528983
Epoch 6 -- batch 0 / 679 loss: 3.9388323784805834e-05
batch 500 / 679 loss: 0.00023451166634913534
Epoch 7 -- batch 0 / 679 loss: 2.5491986889392138e-05
batch 500 / 679 loss: 5.2349925681483e-05
Epoch 8 -- batch 0 / 679 loss: 9.284613042837009e-06
batch 500 / 679 loss: 3.874989852192812e-05
Epoch 9 -- batch 0 / 679 loss: 2.4915450921980664e-05
batch 500 / 679 loss: 1.3159103673388017e-06
Epoch 10 -- batch 0 / 679 loss: 0.0
batch 500 / 679 loss: 5.9552618040470406e-05
Saving checkpoint at epoch 10; prefix = chkpt-ID_2673950308528983
Epoch 11 -- batch 0 / 679 loss: 0.0
batch 500 / 679 loss: 5.471933491207892e-06
Epoch 12 -- batch 0 / 679 loss: 1.5502060705330223e-05
batch 500 / 679 loss: 5.307468745741062e-05
Epoch 13 -- batch 0 / 679 loss: 0.0
batch 500 / 679 loss: 6.340485560940579e-05
Epoch 14 -- batch 0 / 679 loss: 0.0
batch 500 / 679 loss: 0.0
Epoch 15 -- batch 0 / 679 loss: 0.0
batch 500 / 679 loss: 5.432628313428722e-05
Saving checkpoint at epoch 15; prefix = chkpt-ID_2673950308528983
Epoch 16 -- batch 0 / 679 loss: 0.0
batch 500 / 679 loss: 4.716134299087571e-06
Epoch 17 -- batch 0 / 679 loss: 0.0
batch 500 / 679 loss: 0.0
Epoch 18 -- batch 0 / 679 loss: 2.790107646433171e-05
batch 500 / 679 loss: 2.5941279091057368e-05
Epoch 19 -- batch 0 / 679 loss: 0.0
batch 500 / 679 loss: 3.9841197576606646e-05
Epoch 20 -- batch 0 / 679 loss: 0.0
batch 500 / 679 loss: 0.0
Saving checkpoint at epoch 20; prefix = chkpt-ID_2673950308528983
Done Training!

==================================
Testing (cite this): dataloader for dataset WN18RR
Testing (cite this): batch 0 / 45
Testing (cite this): batch 1 / 45
Testing (cite this): batch 2 / 45
Testing (cite this): batch 3 / 45
Testing (cite this): batch 4 / 45
Testing (cite this): batch 5 / 45
Testing (cite this): batch 6 / 45
Testing (cite this): batch 7 / 45
Testing (cite this): batch 8 / 45
Testing (cite this): batch 9 / 45
Testing (cite this): batch 10 / 45
Testing (cite this): batch 11 / 45
Testing (cite this): batch 12 / 45
Testing (cite this): batch 13 / 45
Testing (cite this): batch 14 / 45
Testing (cite this): batch 15 / 45
Testing (cite this): batch 16 / 45
Testing (cite this): batch 17 / 45
Testing (cite this): batch 18 / 45
Testing (cite this): batch 19 / 45
Testing (cite this): batch 20 / 45
Testing (cite this): batch 21 / 45
Testing (cite this): batch 22 / 45
Testing (cite this): batch 23 / 45
Testing (cite this): batch 24 / 45
Testing (cite this): batch 25 / 45
Testing (cite this): batch 26 / 45
Testing (cite this): batch 27 / 45
Testing (cite this): batch 28 / 45
Testing (cite this): batch 29 / 45
Testing (cite this): batch 30 / 45
Testing (cite this): batch 31 / 45
Testing (cite this): batch 32 / 45
Testing (cite this): batch 33 / 45
Testing (cite this): batch 34 / 45
Testing (cite this): batch 35 / 45
Testing (cite this): batch 36 / 45
Testing (cite this): batch 37 / 45
Testing (cite this): batch 38 / 45
Testing (cite this): batch 39 / 45
Testing (cite this): batch 40 / 45
Testing (cite this): batch 41 / 45
Testing (cite this): batch 42 / 45
Testing (cite this): batch 43 / 45
Testing (cite this): batch 44 / 45
total number of ranks, torch.Size([2824])
====== Ranks ======
ranks size: torch.Size([2824])
test_loss: 4.46076550334692
mr: 58739.96484375
mrr: 0.007162728812545538
h1: 0.00141643057577312
h3: 0.0074362605810165405
h5: 0.010977337136864662
h10: 0.01381019875407219
==================================

Done Testing!
done with training and eval
Experiments took 1716 seconds on 
