['run_exp.py', '0', 'WN18RR', '20', '5e-4', 'zscore', '128', '64', '500', '0', '1', 'simple', '1']
Creating a new model from scratch
loading NN
done loading NN
loading dataset
WN18RR
X_p: torch.Size([86835, 23])
X_p: torch.Size([2924, 23])
X_p: torch.Size([2824, 23])
done loading dataset
loading filters
done loading filters
loading negative samplers
loading triple features from cache
done loading negative samplers
Running in hyperparameter evaluation mode
TWIG will be evaulaited on the validation set
and will not be tested each epoch on the validation set
running training and eval
TWIG_KGL_v0(
  (linear_struct_1): Linear(in_features=22, out_features=10, bias=True)
  (relu_1): ReLU()
  (dropout_1): Dropout(p=0.01, inplace=False)
  (linear_struct_2): Linear(in_features=10, out_features=10, bias=True)
  (relu_2): ReLU()
  (dropout_2): Dropout(p=0.01, inplace=False)
  (linear_final): Linear(in_features=10, out_features=1, bias=True)
  (sigmoid_final): Sigmoid()
)
REC: Training with epochs = 20
Epoch 1 -- batch 0 / 679 loss: 0.14665080606937408
batch 500 / 679 loss: 0.0002875146456062794
Epoch 2 -- batch 0 / 679 loss: 3.889577419613488e-05
batch 500 / 679 loss: 0.0001567191502545029
Epoch 3 -- batch 0 / 679 loss: 3.1428364309249446e-05
batch 500 / 679 loss: 0.00013547364505939186
Epoch 4 -- batch 0 / 679 loss: 2.0668694560299627e-05
batch 500 / 679 loss: 0.0001410135446349159
Epoch 5 -- batch 0 / 679 loss: 2.4481518266838975e-05
batch 500 / 679 loss: 0.00011447653378127143
Saving checkpoint at epoch 5; prefix = chkpt-ID_9761848842940536
Epoch 6 -- batch 0 / 679 loss: 2.1392126654973254e-05
batch 500 / 679 loss: 0.00011886394349858165
Epoch 7 -- batch 0 / 679 loss: 1.8699569409363903e-05
batch 500 / 679 loss: 0.00010686025052564219
Epoch 8 -- batch 0 / 679 loss: 1.1970369996561203e-05
batch 500 / 679 loss: 5.3217732784105465e-05
Epoch 9 -- batch 0 / 679 loss: 1.823101229092572e-05
batch 500 / 679 loss: 2.7550318918656558e-05
Epoch 10 -- batch 0 / 679 loss: 1.3697000213142019e-05
batch 500 / 679 loss: 2.88443588942755e-05
Saving checkpoint at epoch 10; prefix = chkpt-ID_9761848842940536
Epoch 11 -- batch 0 / 679 loss: 7.767552233417518e-06
batch 500 / 679 loss: 1.2602168681041803e-05
Epoch 12 -- batch 0 / 679 loss: 3.53634368366329e-06
batch 500 / 679 loss: 1.3976314221508801e-05
Epoch 13 -- batch 0 / 679 loss: 7.458025720552541e-06
batch 500 / 679 loss: 2.6302084734197706e-05
Epoch 14 -- batch 0 / 679 loss: 9.16616954782512e-06
batch 500 / 679 loss: 1.4344798728416208e-05
Epoch 15 -- batch 0 / 679 loss: 1.5172593521128874e-05
batch 500 / 679 loss: 2.337330261070747e-05
Saving checkpoint at epoch 15; prefix = chkpt-ID_9761848842940536
Epoch 16 -- batch 0 / 679 loss: 1.562064198878943e-06
batch 500 / 679 loss: 9.8999398687738e-06
Epoch 17 -- batch 0 / 679 loss: 5.879026502952911e-06
batch 500 / 679 loss: 3.218671054128208e-06
Epoch 18 -- batch 0 / 679 loss: 6.303911050054012e-06
batch 500 / 679 loss: 5.631786279991502e-06
Epoch 19 -- batch 0 / 679 loss: 2.972250968014123e-06
batch 500 / 679 loss: 1.1731369340850506e-05
Epoch 20 -- batch 0 / 679 loss: 1.73755017840449e-06
batch 500 / 679 loss: 6.686309461656492e-06
Saving checkpoint at epoch 20; prefix = chkpt-ID_9761848842940536
Done Training!

==================================
Testing (cite this): dataloader for dataset WN18RR
Testing (cite this): batch 0 / 45
Testing (cite this): batch 1 / 45
Testing (cite this): batch 2 / 45
Testing (cite this): batch 3 / 45
Testing (cite this): batch 4 / 45
Testing (cite this): batch 5 / 45
Testing (cite this): batch 6 / 45
Testing (cite this): batch 7 / 45
Testing (cite this): batch 8 / 45
Testing (cite this): batch 9 / 45
Testing (cite this): batch 10 / 45
Testing (cite this): batch 11 / 45
Testing (cite this): batch 12 / 45
Testing (cite this): batch 13 / 45
Testing (cite this): batch 14 / 45
Testing (cite this): batch 15 / 45
Testing (cite this): batch 16 / 45
Testing (cite this): batch 17 / 45
Testing (cite this): batch 18 / 45
Testing (cite this): batch 19 / 45
Testing (cite this): batch 20 / 45
Testing (cite this): batch 21 / 45
Testing (cite this): batch 22 / 45
Testing (cite this): batch 23 / 45
Testing (cite this): batch 24 / 45
Testing (cite this): batch 25 / 45
Testing (cite this): batch 26 / 45
Testing (cite this): batch 27 / 45
Testing (cite this): batch 28 / 45
Testing (cite this): batch 29 / 45
Testing (cite this): batch 30 / 45
Testing (cite this): batch 31 / 45
Testing (cite this): batch 32 / 45
Testing (cite this): batch 33 / 45
Testing (cite this): batch 34 / 45
Testing (cite this): batch 35 / 45
Testing (cite this): batch 36 / 45
Testing (cite this): batch 37 / 45
Testing (cite this): batch 38 / 45
Testing (cite this): batch 39 / 45
Testing (cite this): batch 40 / 45
Testing (cite this): batch 41 / 45
Testing (cite this): batch 42 / 45
Testing (cite this): batch 43 / 45
Testing (cite this): batch 44 / 45
total number of ranks, torch.Size([2824])
====== Ranks ======
ranks size: torch.Size([2824])
test_loss: 4.440256789326668
mr: 52885.25390625
mrr: 0.01446955744177103
h1: 0.00141643057577312
h3: 0.01310198288410902
h5: 0.02124645933508873
h10: 0.04745042324066162
==================================

Done Testing!
done with training and eval
Experiments took 4546 seconds on 
