['run_exp.py', '0', 'OpenEA', '20', '5e-4', 'zscore', '64', '64', '30', '0', '1', 'simple', '1']
Creating a new model from scratch
loading NN
done loading NN
loading dataset
OpenEA
X_p: torch.Size([30612, 23])
X_p: torch.Size([3826, 23])
X_p: torch.Size([3827, 23])
done loading dataset
loading filters
done loading filters
loading negative samplers
loading triple features from cache
done loading negative samplers
Running in hyperparameter evaluation mode
TWIG will be evaulaited on the validation set
and will not be tested each epoch on the validation set
running training and eval
TWIG_KGL_v0(
  (linear_struct_1): Linear(in_features=22, out_features=10, bias=True)
  (relu_1): ReLU()
  (dropout_1): Dropout(p=0.01, inplace=False)
  (linear_struct_2): Linear(in_features=10, out_features=10, bias=True)
  (relu_2): ReLU()
  (dropout_2): Dropout(p=0.01, inplace=False)
  (linear_final): Linear(in_features=10, out_features=1, bias=True)
  (sigmoid_final): Sigmoid()
)
REC: Training with epochs = 20
Epoch 1 -- batch 0 / 479 loss: 0.1048639565706253
Epoch 2 -- batch 0 / 479 loss: 0.0016265767626464367
Epoch 3 -- batch 0 / 479 loss: 0.00034319909173063934
Epoch 4 -- batch 0 / 479 loss: 2.081210732285399e-05
Epoch 5 -- batch 0 / 479 loss: 0.00010935823229374364
Saving checkpoint at epoch 5; prefix = chkpt-ID_6598240460270729
Epoch 6 -- batch 0 / 479 loss: 2.798223249556031e-05
Epoch 7 -- batch 0 / 479 loss: 7.280226554939873e-08
Epoch 8 -- batch 0 / 479 loss: 2.4217775717261247e-05
Epoch 9 -- batch 0 / 479 loss: 2.2306188839138485e-05
Epoch 10 -- batch 0 / 479 loss: 0.0
Saving checkpoint at epoch 10; prefix = chkpt-ID_6598240460270729
Epoch 11 -- batch 0 / 479 loss: 0.0
Epoch 12 -- batch 0 / 479 loss: 5.212493852013722e-05
Epoch 13 -- batch 0 / 479 loss: 6.091727482271381e-05
Epoch 14 -- batch 0 / 479 loss: 0.0
Epoch 15 -- batch 0 / 479 loss: 7.613491470692679e-05
Saving checkpoint at epoch 15; prefix = chkpt-ID_6598240460270729
Epoch 16 -- batch 0 / 479 loss: 0.0
Epoch 17 -- batch 0 / 479 loss: 1.5901918231975287e-05
Epoch 18 -- batch 0 / 479 loss: 3.372842547832988e-05
Epoch 19 -- batch 0 / 479 loss: 0.0
Epoch 20 -- batch 0 / 479 loss: 0.0
Saving checkpoint at epoch 20; prefix = chkpt-ID_6598240460270729
Done Training!

==================================
Testing (cite this): dataloader for dataset OpenEA
Testing (cite this): batch 0 / 60
Testing (cite this): batch 1 / 60
Testing (cite this): batch 2 / 60
Testing (cite this): batch 3 / 60
Testing (cite this): batch 4 / 60
Testing (cite this): batch 5 / 60
Testing (cite this): batch 6 / 60
Testing (cite this): batch 7 / 60
Testing (cite this): batch 8 / 60
Testing (cite this): batch 9 / 60
Testing (cite this): batch 10 / 60
Testing (cite this): batch 11 / 60
Testing (cite this): batch 12 / 60
Testing (cite this): batch 13 / 60
Testing (cite this): batch 14 / 60
Testing (cite this): batch 15 / 60
Testing (cite this): batch 16 / 60
Testing (cite this): batch 17 / 60
Testing (cite this): batch 18 / 60
Testing (cite this): batch 19 / 60
Testing (cite this): batch 20 / 60
Testing (cite this): batch 21 / 60
Testing (cite this): batch 22 / 60
Testing (cite this): batch 23 / 60
Testing (cite this): batch 24 / 60
Testing (cite this): batch 25 / 60
Testing (cite this): batch 26 / 60
Testing (cite this): batch 27 / 60
Testing (cite this): batch 28 / 60
Testing (cite this): batch 29 / 60
Testing (cite this): batch 30 / 60
Testing (cite this): batch 31 / 60
Testing (cite this): batch 32 / 60
Testing (cite this): batch 33 / 60
Testing (cite this): batch 34 / 60
Testing (cite this): batch 35 / 60
Testing (cite this): batch 36 / 60
Testing (cite this): batch 37 / 60
Testing (cite this): batch 38 / 60
Testing (cite this): batch 39 / 60
Testing (cite this): batch 40 / 60
Testing (cite this): batch 41 / 60
Testing (cite this): batch 42 / 60
Testing (cite this): batch 43 / 60
Testing (cite this): batch 44 / 60
Testing (cite this): batch 45 / 60
Testing (cite this): batch 46 / 60
Testing (cite this): batch 47 / 60
Testing (cite this): batch 48 / 60
Testing (cite this): batch 49 / 60
Testing (cite this): batch 50 / 60
Testing (cite this): batch 51 / 60
Testing (cite this): batch 52 / 60
Testing (cite this): batch 53 / 60
Testing (cite this): batch 54 / 60
Testing (cite this): batch 55 / 60
Testing (cite this): batch 56 / 60
Testing (cite this): batch 57 / 60
Testing (cite this): batch 58 / 60
Testing (cite this): batch 59 / 60
total number of ranks, torch.Size([3827])
====== Ranks ======
ranks size: torch.Size([3827])
test_loss: 2.164448605850339
mr: 3124.736083984375
mrr: 0.3355744481086731
h1: 0.25685915350914
h3: 0.3835902810096741
h5: 0.43114709854125977
h10: 0.48366865515708923
==================================

Done Testing!
done with training and eval
Experiments took 580 seconds on 
