['run_exp.py', '0', 'DBpedia50', '20', '5e-3', 'zscore', '256', '64', '100', '0', '1', 'simple', '1']
Creating a new model from scratch
loading NN
done loading NN
loading dataset
DBpedia50
X_p: torch.Size([32203, 23])
X_p: torch.Size([2095, 23])
X_p: torch.Size([123, 23])
done loading dataset
loading filters
done loading filters
loading negative samplers
loading triple features from cache
done loading negative samplers
Running in hyperparameter evaluation mode
TWIG will be evaulaited on the validation set
and will not be tested each epoch on the validation set
running training and eval
TWIG_KGL_v0(
  (linear_struct_1): Linear(in_features=22, out_features=10, bias=True)
  (relu_1): ReLU()
  (dropout_1): Dropout(p=0.01, inplace=False)
  (linear_struct_2): Linear(in_features=10, out_features=10, bias=True)
  (relu_2): ReLU()
  (dropout_2): Dropout(p=0.01, inplace=False)
  (linear_final): Linear(in_features=10, out_features=1, bias=True)
  (sigmoid_final): Sigmoid()
)
REC: Training with epochs = 20
Epoch 1 -- batch 0 / 126 loss: 0.10937955975532532
Epoch 2 -- batch 0 / 126 loss: 9.039750875672325e-05
Epoch 3 -- batch 0 / 126 loss: 5.0930986617458984e-05
Epoch 4 -- batch 0 / 126 loss: 3.845601895591244e-05
Epoch 5 -- batch 0 / 126 loss: 4.6577162720495835e-05
Saving checkpoint at epoch 5; prefix = chkpt-ID_8814527385787529
Epoch 6 -- batch 0 / 126 loss: 2.6768633688334376e-05
Epoch 7 -- batch 0 / 126 loss: 2.8077969545847736e-05
Epoch 8 -- batch 0 / 126 loss: 1.817946758819744e-05
Epoch 9 -- batch 0 / 126 loss: 4.6531778934877366e-05
Epoch 10 -- batch 0 / 126 loss: 1.3401920114120003e-05
Saving checkpoint at epoch 10; prefix = chkpt-ID_8814527385787529
Epoch 11 -- batch 0 / 126 loss: 1.3020405276620295e-05
Epoch 12 -- batch 0 / 126 loss: 5.396276173996739e-05
Epoch 13 -- batch 0 / 126 loss: 1.39532294269884e-05
Epoch 14 -- batch 0 / 126 loss: 1.8409909898764454e-05
Epoch 15 -- batch 0 / 126 loss: 3.521767939673737e-05
Saving checkpoint at epoch 15; prefix = chkpt-ID_8814527385787529
Epoch 16 -- batch 0 / 126 loss: 3.64364059350919e-05
Epoch 17 -- batch 0 / 126 loss: 1.9096980395261198e-05
Epoch 18 -- batch 0 / 126 loss: 1.3123197277309373e-05
Epoch 19 -- batch 0 / 126 loss: 3.2805357477627695e-05
Epoch 20 -- batch 0 / 126 loss: 2.1597537852358073e-05
Saving checkpoint at epoch 20; prefix = chkpt-ID_8814527385787529
Done Training!

==================================
Testing (cite this): dataloader for dataset DBpedia50
Testing (cite this): batch 0 / 2
Testing (cite this): batch 1 / 2
total number of ranks, torch.Size([123])
====== Ranks ======
ranks size: torch.Size([123])
test_loss: 0.11848267167806625
mr: 14692.390625
mrr: 0.14351721107959747
h1: 0.03252032399177551
h3: 0.2520325183868408
h5: 0.31707316637039185
h10: 0.34959349036216736
==================================

Done Testing!
done with training and eval
Experiments took 435 seconds on 
