['run_exp.py', '0', 'WN18RR', '20', '5e-5', 'zscore', '128', '64', '30', '0', '1', 'simple', '1']
Creating a new model from scratch
loading NN
done loading NN
loading dataset
WN18RR
X_p: torch.Size([86835, 23])
X_p: torch.Size([2924, 23])
X_p: torch.Size([2824, 23])
done loading dataset
loading filters
done loading filters
loading negative samplers
loading triple features from cache
done loading negative samplers
Running in hyperparameter evaluation mode
TWIG will be evaulaited on the validation set
and will not be tested each epoch on the validation set
running training and eval
TWIG_KGL_v0(
  (linear_struct_1): Linear(in_features=22, out_features=10, bias=True)
  (relu_1): ReLU()
  (dropout_1): Dropout(p=0.01, inplace=False)
  (linear_struct_2): Linear(in_features=10, out_features=10, bias=True)
  (relu_2): ReLU()
  (dropout_2): Dropout(p=0.01, inplace=False)
  (linear_final): Linear(in_features=10, out_features=1, bias=True)
  (sigmoid_final): Sigmoid()
)
REC: Training with epochs = 20
Epoch 1 -- batch 0 / 679 loss: 0.14669249951839447
batch 500 / 679 loss: 0.0610588975250721
Epoch 2 -- batch 0 / 679 loss: 0.035432569682598114
batch 500 / 679 loss: 0.005599986761808395
Epoch 3 -- batch 0 / 679 loss: 0.0026538660749793053
batch 500 / 679 loss: 0.0029903671238571405
Epoch 4 -- batch 0 / 679 loss: 0.0024768542498350143
batch 500 / 679 loss: 0.0020618720445781946
Epoch 5 -- batch 0 / 679 loss: 0.0014572483487427235
batch 500 / 679 loss: 0.0015110364183783531
Saving checkpoint at epoch 5; prefix = chkpt-ID_3302294151396145
Epoch 6 -- batch 0 / 679 loss: 0.0013216895749792457
batch 500 / 679 loss: 0.0013009654358029366
Epoch 7 -- batch 0 / 679 loss: 0.0007781052263453603
batch 500 / 679 loss: 0.0006197701441124082
Epoch 8 -- batch 0 / 679 loss: 0.0004071893054060638
batch 500 / 679 loss: 0.0003634134482126683
Epoch 9 -- batch 0 / 679 loss: 0.00025140299112536013
batch 500 / 679 loss: 0.000278980762232095
Epoch 10 -- batch 0 / 679 loss: 0.00011854004696942866
batch 500 / 679 loss: 0.00014049290621187538
Saving checkpoint at epoch 10; prefix = chkpt-ID_3302294151396145
Epoch 11 -- batch 0 / 679 loss: 5.9546266129473224e-05
batch 500 / 679 loss: 0.00011726163211278617
Epoch 12 -- batch 0 / 679 loss: 9.700403461465612e-05
batch 500 / 679 loss: 0.00013418695016298443
Epoch 13 -- batch 0 / 679 loss: 4.7001856728456914e-05
batch 500 / 679 loss: 8.706443622941151e-05
Epoch 14 -- batch 0 / 679 loss: 3.103671770077199e-05
batch 500 / 679 loss: 4.979742516297847e-05
Epoch 15 -- batch 0 / 679 loss: 3.528568777255714e-05
batch 500 / 679 loss: 3.78316362912301e-05
Saving checkpoint at epoch 15; prefix = chkpt-ID_3302294151396145
Epoch 16 -- batch 0 / 679 loss: 2.05137566808844e-05
batch 500 / 679 loss: 1.202369367092615e-05
Epoch 17 -- batch 0 / 679 loss: 1.1429736332502216e-05
batch 500 / 679 loss: 7.43220080039464e-05
Epoch 18 -- batch 0 / 679 loss: 5.923632124904543e-05
batch 500 / 679 loss: 2.538751687097829e-05
Epoch 19 -- batch 0 / 679 loss: 1.3790270713798236e-05
batch 500 / 679 loss: 6.326965376501903e-05
Epoch 20 -- batch 0 / 679 loss: 2.9191271096351556e-05
batch 500 / 679 loss: 5.0390921387588605e-05
Saving checkpoint at epoch 20; prefix = chkpt-ID_3302294151396145
Done Training!

==================================
Testing (cite this): dataloader for dataset WN18RR
Testing (cite this): batch 0 / 45
Testing (cite this): batch 1 / 45
Testing (cite this): batch 2 / 45
Testing (cite this): batch 3 / 45
Testing (cite this): batch 4 / 45
Testing (cite this): batch 5 / 45
Testing (cite this): batch 6 / 45
Testing (cite this): batch 7 / 45
Testing (cite this): batch 8 / 45
Testing (cite this): batch 9 / 45
Testing (cite this): batch 10 / 45
Testing (cite this): batch 11 / 45
Testing (cite this): batch 12 / 45
Testing (cite this): batch 13 / 45
Testing (cite this): batch 14 / 45
Testing (cite this): batch 15 / 45
Testing (cite this): batch 16 / 45
Testing (cite this): batch 17 / 45
Testing (cite this): batch 18 / 45
Testing (cite this): batch 19 / 45
Testing (cite this): batch 20 / 45
Testing (cite this): batch 21 / 45
Testing (cite this): batch 22 / 45
Testing (cite this): batch 23 / 45
Testing (cite this): batch 24 / 45
Testing (cite this): batch 25 / 45
Testing (cite this): batch 26 / 45
Testing (cite this): batch 27 / 45
Testing (cite this): batch 28 / 45
Testing (cite this): batch 29 / 45
Testing (cite this): batch 30 / 45
Testing (cite this): batch 31 / 45
Testing (cite this): batch 32 / 45
Testing (cite this): batch 33 / 45
Testing (cite this): batch 34 / 45
Testing (cite this): batch 35 / 45
Testing (cite this): batch 36 / 45
Testing (cite this): batch 37 / 45
Testing (cite this): batch 38 / 45
Testing (cite this): batch 39 / 45
Testing (cite this): batch 40 / 45
Testing (cite this): batch 41 / 45
Testing (cite this): batch 42 / 45
Testing (cite this): batch 43 / 45
Testing (cite this): batch 44 / 45
total number of ranks, torch.Size([2824])
====== Ranks ======
ranks size: torch.Size([2824])
test_loss: 4.601127110421658
mr: 50196.4140625
mrr: 0.0020439233630895615
h1: 0.0017705382779240608
h3: 0.0017705382779240608
h5: 0.0021246459800750017
h10: 0.002478753449395299
==================================

Done Testing!
done with training and eval
Experiments took 1789 seconds on 
