['run_exp.py', '0', 'OpenEA', '20', '5e-3', 'zscore', '256', '64', '30', '0', '1', 'simple', '1']
Creating a new model from scratch
loading NN
done loading NN
loading dataset
OpenEA
X_p: torch.Size([30612, 23])
X_p: torch.Size([3826, 23])
X_p: torch.Size([3827, 23])
done loading dataset
loading filters
done loading filters
loading negative samplers
loading triple features from cache
done loading negative samplers
Running in hyperparameter evaluation mode
TWIG will be evaulaited on the validation set
and will not be tested each epoch on the validation set
running training and eval
TWIG_KGL_v0(
  (linear_struct_1): Linear(in_features=22, out_features=10, bias=True)
  (relu_1): ReLU()
  (dropout_1): Dropout(p=0.01, inplace=False)
  (linear_struct_2): Linear(in_features=10, out_features=10, bias=True)
  (relu_2): ReLU()
  (dropout_2): Dropout(p=0.01, inplace=False)
  (linear_final): Linear(in_features=10, out_features=1, bias=True)
  (sigmoid_final): Sigmoid()
)
REC: Training with epochs = 20
Epoch 1 -- batch 0 / 120 loss: 0.10665488988161087
Epoch 2 -- batch 0 / 120 loss: 0.0001602189731784165
Epoch 3 -- batch 0 / 120 loss: 8.479672396788374e-05
Epoch 4 -- batch 0 / 120 loss: 1.0189922249992378e-05
Epoch 5 -- batch 0 / 120 loss: 3.081702743656933e-05
Saving checkpoint at epoch 5; prefix = chkpt-ID_8077492065395957
Epoch 6 -- batch 0 / 120 loss: 3.332910637254827e-05
Epoch 7 -- batch 0 / 120 loss: 2.02532100956887e-06
Epoch 8 -- batch 0 / 120 loss: 2.5376553821843117e-05
Epoch 9 -- batch 0 / 120 loss: 1.5629802874173038e-05
Epoch 10 -- batch 0 / 120 loss: 1.8150445612263866e-05
Saving checkpoint at epoch 10; prefix = chkpt-ID_8077492065395957
Epoch 11 -- batch 0 / 120 loss: 8.002146205399185e-05
Epoch 12 -- batch 0 / 120 loss: 1.1067614650528412e-05
Epoch 13 -- batch 0 / 120 loss: 2.154703724954743e-05
Epoch 14 -- batch 0 / 120 loss: 2.2301583157968707e-05
Epoch 15 -- batch 0 / 120 loss: 1.6865000361576676e-05
Saving checkpoint at epoch 15; prefix = chkpt-ID_8077492065395957
Epoch 16 -- batch 0 / 120 loss: 2.991470682900399e-05
Epoch 17 -- batch 0 / 120 loss: 2.3468855943065137e-05
Epoch 18 -- batch 0 / 120 loss: 5.656249413732439e-06
Epoch 19 -- batch 0 / 120 loss: 0.0
Epoch 20 -- batch 0 / 120 loss: 0.0
Saving checkpoint at epoch 20; prefix = chkpt-ID_8077492065395957
Done Training!

==================================
Testing (cite this): dataloader for dataset OpenEA
Testing (cite this): batch 0 / 60
Testing (cite this): batch 1 / 60
Testing (cite this): batch 2 / 60
Testing (cite this): batch 3 / 60
Testing (cite this): batch 4 / 60
Testing (cite this): batch 5 / 60
Testing (cite this): batch 6 / 60
Testing (cite this): batch 7 / 60
Testing (cite this): batch 8 / 60
Testing (cite this): batch 9 / 60
Testing (cite this): batch 10 / 60
Testing (cite this): batch 11 / 60
Testing (cite this): batch 12 / 60
Testing (cite this): batch 13 / 60
Testing (cite this): batch 14 / 60
Testing (cite this): batch 15 / 60
Testing (cite this): batch 16 / 60
Testing (cite this): batch 17 / 60
Testing (cite this): batch 18 / 60
Testing (cite this): batch 19 / 60
Testing (cite this): batch 20 / 60
Testing (cite this): batch 21 / 60
Testing (cite this): batch 22 / 60
Testing (cite this): batch 23 / 60
Testing (cite this): batch 24 / 60
Testing (cite this): batch 25 / 60
Testing (cite this): batch 26 / 60
Testing (cite this): batch 27 / 60
Testing (cite this): batch 28 / 60
Testing (cite this): batch 29 / 60
Testing (cite this): batch 30 / 60
Testing (cite this): batch 31 / 60
Testing (cite this): batch 32 / 60
Testing (cite this): batch 33 / 60
Testing (cite this): batch 34 / 60
Testing (cite this): batch 35 / 60
Testing (cite this): batch 36 / 60
Testing (cite this): batch 37 / 60
Testing (cite this): batch 38 / 60
Testing (cite this): batch 39 / 60
Testing (cite this): batch 40 / 60
Testing (cite this): batch 41 / 60
Testing (cite this): batch 42 / 60
Testing (cite this): batch 43 / 60
Testing (cite this): batch 44 / 60
Testing (cite this): batch 45 / 60
Testing (cite this): batch 46 / 60
Testing (cite this): batch 47 / 60
Testing (cite this): batch 48 / 60
Testing (cite this): batch 49 / 60
Testing (cite this): batch 50 / 60
Testing (cite this): batch 51 / 60
Testing (cite this): batch 52 / 60
Testing (cite this): batch 53 / 60
Testing (cite this): batch 54 / 60
Testing (cite this): batch 55 / 60
Testing (cite this): batch 56 / 60
Testing (cite this): batch 57 / 60
Testing (cite this): batch 58 / 60
Testing (cite this): batch 59 / 60
total number of ranks, torch.Size([3827])
====== Ranks ======
ranks size: torch.Size([3827])
test_loss: 3.1041824780404568
mr: 6985.41064453125
mrr: 0.26522397994995117
h1: 0.2072119116783142
h3: 0.3012803792953491
h5: 0.3344656527042389
h10: 0.3650378882884979
==================================

Done Testing!
done with training and eval
Experiments took 570 seconds on 
