['run_exp.py', '0', 'DBpedia50', '20', '5e-4', 'zscore', '128', '64', '30', '0', '1', 'simple', '1']
Creating a new model from scratch
loading NN
done loading NN
loading dataset
DBpedia50
X_p: torch.Size([32203, 23])
X_p: torch.Size([2095, 23])
X_p: torch.Size([123, 23])
done loading dataset
loading filters
done loading filters
loading negative samplers
loading triple features from cache
done loading negative samplers
Running in hyperparameter evaluation mode
TWIG will be evaulaited on the validation set
and will not be tested each epoch on the validation set
running training and eval
TWIG_KGL_v0(
  (linear_struct_1): Linear(in_features=22, out_features=10, bias=True)
  (relu_1): ReLU()
  (dropout_1): Dropout(p=0.01, inplace=False)
  (linear_struct_2): Linear(in_features=10, out_features=10, bias=True)
  (relu_2): ReLU()
  (dropout_2): Dropout(p=0.01, inplace=False)
  (linear_final): Linear(in_features=10, out_features=1, bias=True)
  (sigmoid_final): Sigmoid()
)
REC: Training with epochs = 20
Epoch 1 -- batch 0 / 252 loss: 0.10930513590574265
Epoch 2 -- batch 0 / 252 loss: 0.0028223698027431965
Epoch 3 -- batch 0 / 252 loss: 0.0004141038516536355
Epoch 4 -- batch 0 / 252 loss: 0.00018989702221006155
Epoch 5 -- batch 0 / 252 loss: 0.00016736429824959487
Saving checkpoint at epoch 5; prefix = chkpt-ID_709963569378731
Epoch 6 -- batch 0 / 252 loss: 5.7529861805960536e-05
Epoch 7 -- batch 0 / 252 loss: 0.0001442889479221776
Epoch 8 -- batch 0 / 252 loss: 2.388531902397517e-05
Epoch 9 -- batch 0 / 252 loss: 4.4830743718193844e-05
Epoch 10 -- batch 0 / 252 loss: 1.3541301086661406e-05
Saving checkpoint at epoch 10; prefix = chkpt-ID_709963569378731
Epoch 11 -- batch 0 / 252 loss: 3.9137928979471326e-05
Epoch 12 -- batch 0 / 252 loss: 0.00014394881145562977
Epoch 13 -- batch 0 / 252 loss: 1.0026147720054723e-05
Epoch 14 -- batch 0 / 252 loss: 4.138606891501695e-05
Epoch 15 -- batch 0 / 252 loss: 2.067793502646964e-05
Saving checkpoint at epoch 15; prefix = chkpt-ID_709963569378731
Epoch 16 -- batch 0 / 252 loss: 0.000131421402329579
Epoch 17 -- batch 0 / 252 loss: 4.8109915951499715e-05
Epoch 18 -- batch 0 / 252 loss: 4.805142089026049e-05
Epoch 19 -- batch 0 / 252 loss: 1.6136738850036636e-05
Epoch 20 -- batch 0 / 252 loss: 1.407595163982478e-06
Saving checkpoint at epoch 20; prefix = chkpt-ID_709963569378731
Done Training!

==================================
Testing (cite this): dataloader for dataset DBpedia50
Testing (cite this): batch 0 / 2
Testing (cite this): batch 1 / 2
total number of ranks, torch.Size([123])
====== Ranks ======
ranks size: torch.Size([123])
test_loss: 0.13161029666662216
mr: 16342.91015625
mrr: 0.18242347240447998
h1: 0.13821138441562653
h3: 0.21138212084770203
h5: 0.22764228284358978
h10: 0.2601625919342041
==================================

Done Testing!
done with training and eval
Experiments took 270 seconds on 
