['run_exp.py', '0', 'DBpedia50', '20', '5e-3', 'zscore', '256', '64', '30', '0', '1', 'simple', '1']
Creating a new model from scratch
loading NN
done loading NN
loading dataset
DBpedia50
X_p: torch.Size([32203, 23])
X_p: torch.Size([2095, 23])
X_p: torch.Size([123, 23])
done loading dataset
loading filters
done loading filters
loading negative samplers
loading triple features from cache
done loading negative samplers
Running in hyperparameter evaluation mode
TWIG will be evaulaited on the validation set
and will not be tested each epoch on the validation set
running training and eval
TWIG_KGL_v0(
  (linear_struct_1): Linear(in_features=22, out_features=10, bias=True)
  (relu_1): ReLU()
  (dropout_1): Dropout(p=0.01, inplace=False)
  (linear_struct_2): Linear(in_features=10, out_features=10, bias=True)
  (relu_2): ReLU()
  (dropout_2): Dropout(p=0.01, inplace=False)
  (linear_final): Linear(in_features=10, out_features=1, bias=True)
  (sigmoid_final): Sigmoid()
)
REC: Training with epochs = 20
Epoch 1 -- batch 0 / 126 loss: 0.10940150916576385
Epoch 2 -- batch 0 / 126 loss: 7.970503793330863e-05
Epoch 3 -- batch 0 / 126 loss: 9.12830073502846e-05
Epoch 4 -- batch 0 / 126 loss: 5.40892688150052e-05
Epoch 5 -- batch 0 / 126 loss: 4.4874876039102674e-05
Saving checkpoint at epoch 5; prefix = chkpt-ID_2911773125591061
Epoch 6 -- batch 0 / 126 loss: 3.556164665496908e-05
Epoch 7 -- batch 0 / 126 loss: 5.058382521383464e-05
Epoch 8 -- batch 0 / 126 loss: 3.065502824028954e-05
Epoch 9 -- batch 0 / 126 loss: 0.0
Epoch 10 -- batch 0 / 126 loss: 2.841592868207954e-05
Saving checkpoint at epoch 10; prefix = chkpt-ID_2911773125591061
Epoch 11 -- batch 0 / 126 loss: 1.648403485887684e-05
Epoch 12 -- batch 0 / 126 loss: 3.485220076981932e-05
Epoch 13 -- batch 0 / 126 loss: 1.6638685337966308e-05
Epoch 14 -- batch 0 / 126 loss: 1.4068906239117496e-05
Epoch 15 -- batch 0 / 126 loss: 0.0
Saving checkpoint at epoch 15; prefix = chkpt-ID_2911773125591061
Epoch 16 -- batch 0 / 126 loss: 4.568196800391888e-06
Epoch 17 -- batch 0 / 126 loss: 4.165519567322917e-05
Epoch 18 -- batch 0 / 126 loss: 0.0
Epoch 19 -- batch 0 / 126 loss: 1.390907618770143e-05
Epoch 20 -- batch 0 / 126 loss: 0.0
Saving checkpoint at epoch 20; prefix = chkpt-ID_2911773125591061
Done Training!

==================================
Testing (cite this): dataloader for dataset DBpedia50
Testing (cite this): batch 0 / 2
Testing (cite this): batch 1 / 2
total number of ranks, torch.Size([123])
====== Ranks ======
ranks size: torch.Size([123])
test_loss: 0.10983389616012573
mr: 9174.30859375
mrr: 0.30396324396133423
h1: 0.23577235639095306
h3: 0.3658536672592163
h5: 0.39024388790130615
h10: 0.4146341383457184
==================================

Done Testing!
done with training and eval
Experiments took 266 seconds on 
