['run_exp.py', '0', 'FB15k237', '20', '5e-5', 'zscore', '128', '64', '500', '0', '1', 'simple', '1']
Creating a new model from scratch
loading NN
done loading NN
loading dataset
FB15k237
X_p: torch.Size([272115, 23])
X_p: torch.Size([20438, 23])
X_p: torch.Size([17526, 23])
done loading dataset
loading filters
done loading filters
loading negative samplers
loading triple features from cache
done loading negative samplers
Running in hyperparameter evaluation mode
TWIG will be evaulaited on the validation set
and will not be tested each epoch on the validation set
running training and eval
TWIG_KGL_v0(
  (linear_struct_1): Linear(in_features=22, out_features=10, bias=True)
  (relu_1): ReLU()
  (dropout_1): Dropout(p=0.01, inplace=False)
  (linear_struct_2): Linear(in_features=10, out_features=10, bias=True)
  (relu_2): ReLU()
  (dropout_2): Dropout(p=0.01, inplace=False)
  (linear_final): Linear(in_features=10, out_features=1, bias=True)
  (sigmoid_final): Sigmoid()
)
REC: Training with epochs = 20
Epoch 1 -- batch 0 / 2126 loss: 0.1063944399356842
batch 500 / 2126 loss: 0.08895909786224365
batch 1000 / 2126 loss: 0.06639372557401657
batch 1500 / 2126 loss: 0.0452570840716362
batch 2000 / 2126 loss: 0.04118971526622772
Epoch 2 -- batch 0 / 2126 loss: 0.035990677773952484
batch 500 / 2126 loss: 0.010149049572646618
batch 1000 / 2126 loss: 0.009302055463194847
batch 1500 / 2126 loss: 0.005055524408817291
batch 2000 / 2126 loss: 0.00553194060921669
Epoch 3 -- batch 0 / 2126 loss: 0.010846354067325592
batch 500 / 2126 loss: 0.0021279738284647465
batch 1000 / 2126 loss: 0.001191215356811881
batch 1500 / 2126 loss: 0.0017517763189971447
batch 2000 / 2126 loss: 0.0017653974937275052
Epoch 4 -- batch 0 / 2126 loss: 0.00286034494638443
batch 500 / 2126 loss: 0.0007569346926175058
batch 1000 / 2126 loss: 0.0006461766315624118
batch 1500 / 2126 loss: 0.0009490206139162183
batch 2000 / 2126 loss: 0.0011464109411463141
Epoch 5 -- batch 0 / 2126 loss: 0.0013520823558792472
batch 500 / 2126 loss: 0.0003376370877958834
batch 1000 / 2126 loss: 0.00060641037998721
batch 1500 / 2126 loss: 0.0005575048271566629
batch 2000 / 2126 loss: 0.0007868492975831032
Saving checkpoint at epoch 5; prefix = chkpt-ID_6687013276741169
Epoch 6 -- batch 0 / 2126 loss: 0.000860883854329586
batch 500 / 2126 loss: 0.00018635950982570648
batch 1000 / 2126 loss: 0.0004380196041893214
batch 1500 / 2126 loss: 0.00031847742502577603
batch 2000 / 2126 loss: 0.000406539038522169
Epoch 7 -- batch 0 / 2126 loss: 0.00037942631752230227
batch 500 / 2126 loss: 0.00011926767911063507
batch 1000 / 2126 loss: 0.0002568191848695278
batch 1500 / 2126 loss: 0.00026884928229264915
batch 2000 / 2126 loss: 0.00028708300669677556
Epoch 8 -- batch 0 / 2126 loss: 0.0002659880556166172
batch 500 / 2126 loss: 0.00010055055463453755
batch 1000 / 2126 loss: 0.00011738843750208616
batch 1500 / 2126 loss: 0.0002721333294175565
batch 2000 / 2126 loss: 0.0002411447640042752
Epoch 9 -- batch 0 / 2126 loss: 0.00017807722906582057
batch 500 / 2126 loss: 7.719645509496331e-05
batch 1000 / 2126 loss: 7.31416730559431e-05
batch 1500 / 2126 loss: 0.00023445120314136147
batch 2000 / 2126 loss: 0.00016612786566838622
Epoch 10 -- batch 0 / 2126 loss: 0.00020411501463968307
batch 500 / 2126 loss: 6.0171980294398963e-05
batch 1000 / 2126 loss: 4.736289702123031e-05
batch 1500 / 2126 loss: 0.00022008255473338068
batch 2000 / 2126 loss: 0.0001453823351766914
Saving checkpoint at epoch 10; prefix = chkpt-ID_6687013276741169
Epoch 11 -- batch 0 / 2126 loss: 0.00011963105498580262
batch 500 / 2126 loss: 4.904639354208484e-05
batch 1000 / 2126 loss: 3.3827680454123765e-05
batch 1500 / 2126 loss: 0.00019405613420531154
batch 2000 / 2126 loss: 8.466731378575787e-05
Epoch 12 -- batch 0 / 2126 loss: 4.276925392332487e-05
batch 500 / 2126 loss: 6.6570624767337e-05
batch 1000 / 2126 loss: 3.450845542829484e-05
batch 1500 / 2126 loss: 0.00014205829938873649
batch 2000 / 2126 loss: 5.446065551950596e-05
Epoch 13 -- batch 0 / 2126 loss: 0.00011308905231999233
batch 500 / 2126 loss: 4.471226566238329e-05
batch 1000 / 2126 loss: 2.204767042712774e-05
batch 1500 / 2126 loss: 0.000150443593156524
batch 2000 / 2126 loss: 6.327951268758625e-05
Epoch 14 -- batch 0 / 2126 loss: 2.896338810387533e-05
batch 500 / 2126 loss: 4.277925472706556e-05
batch 1000 / 2126 loss: 2.0252044123481028e-05
batch 1500 / 2126 loss: 0.00012415781384333968
batch 2000 / 2126 loss: 5.0766928325174376e-05
Epoch 15 -- batch 0 / 2126 loss: 3.585219383239746e-05
batch 500 / 2126 loss: 3.3253556466661394e-05
batch 1000 / 2126 loss: 2.78894276561914e-05
batch 1500 / 2126 loss: 0.00010208332969341427
batch 2000 / 2126 loss: 3.8719364965800196e-05
Saving checkpoint at epoch 15; prefix = chkpt-ID_6687013276741169
Epoch 16 -- batch 0 / 2126 loss: 4.671964779845439e-05
batch 500 / 2126 loss: 3.8755842979298905e-05
batch 1000 / 2126 loss: 2.1363131963880733e-05
batch 1500 / 2126 loss: 8.01287023932673e-05
batch 2000 / 2126 loss: 3.5383814974920824e-05
Epoch 17 -- batch 0 / 2126 loss: 4.022378925583325e-05
batch 500 / 2126 loss: 2.2984118913882412e-05
batch 1000 / 2126 loss: 2.222225521109067e-05
batch 1500 / 2126 loss: 8.632230310468003e-05
batch 2000 / 2126 loss: 4.564497066894546e-05
Epoch 18 -- batch 0 / 2126 loss: 1.831095687521156e-05
batch 500 / 2126 loss: 3.518259836710058e-05
batch 1000 / 2126 loss: 3.0067776606301777e-05
batch 1500 / 2126 loss: 5.960802809568122e-05
batch 2000 / 2126 loss: 2.713188951020129e-05
Epoch 19 -- batch 0 / 2126 loss: 1.1149863894388545e-05
batch 500 / 2126 loss: 2.717119969020132e-05
batch 1000 / 2126 loss: 2.3449165382771753e-05
batch 1500 / 2126 loss: 8.785075624473393e-05
batch 2000 / 2126 loss: 1.7141792341135442e-05
Epoch 20 -- batch 0 / 2126 loss: 8.036017788981553e-06
batch 500 / 2126 loss: 3.071782339247875e-05
batch 1000 / 2126 loss: 1.6956681065494195e-05
batch 1500 / 2126 loss: 0.00011835672194138169
batch 2000 / 2126 loss: 1.8904514945461415e-05
Saving checkpoint at epoch 20; prefix = chkpt-ID_6687013276741169
Done Training!

==================================
Testing (cite this): dataloader for dataset FB15k237
Testing (cite this): batch 0 / 274
Testing (cite this): batch 1 / 274
Testing (cite this): batch 2 / 274
Testing (cite this): batch 3 / 274
Testing (cite this): batch 4 / 274
Testing (cite this): batch 5 / 274
Testing (cite this): batch 6 / 274
Testing (cite this): batch 7 / 274
Testing (cite this): batch 8 / 274
Testing (cite this): batch 9 / 274
Testing (cite this): batch 10 / 274
Testing (cite this): batch 11 / 274
Testing (cite this): batch 12 / 274
Testing (cite this): batch 13 / 274
Testing (cite this): batch 14 / 274
Testing (cite this): batch 15 / 274
Testing (cite this): batch 16 / 274
Testing (cite this): batch 17 / 274
Testing (cite this): batch 18 / 274
Testing (cite this): batch 19 / 274
Testing (cite this): batch 20 / 274
Testing (cite this): batch 21 / 274
Testing (cite this): batch 22 / 274
Testing (cite this): batch 23 / 274
Testing (cite this): batch 24 / 274
Testing (cite this): batch 25 / 274
Testing (cite this): batch 26 / 274
Testing (cite this): batch 27 / 274
Testing (cite this): batch 28 / 274
Testing (cite this): batch 29 / 274
Testing (cite this): batch 30 / 274
Testing (cite this): batch 31 / 274
Testing (cite this): batch 32 / 274
Testing (cite this): batch 33 / 274
Testing (cite this): batch 34 / 274
Testing (cite this): batch 35 / 274
Testing (cite this): batch 36 / 274
Testing (cite this): batch 37 / 274
Testing (cite this): batch 38 / 274
Testing (cite this): batch 39 / 274
Testing (cite this): batch 40 / 274
Testing (cite this): batch 41 / 274
Testing (cite this): batch 42 / 274
Testing (cite this): batch 43 / 274
Testing (cite this): batch 44 / 274
Testing (cite this): batch 45 / 274
Testing (cite this): batch 46 / 274
Testing (cite this): batch 47 / 274
Testing (cite this): batch 48 / 274
Testing (cite this): batch 49 / 274
Testing (cite this): batch 50 / 274
Testing (cite this): batch 51 / 274
Testing (cite this): batch 52 / 274
Testing (cite this): batch 53 / 274
Testing (cite this): batch 54 / 274
Testing (cite this): batch 55 / 274
Testing (cite this): batch 56 / 274
Testing (cite this): batch 57 / 274
Testing (cite this): batch 58 / 274
Testing (cite this): batch 59 / 274
Testing (cite this): batch 60 / 274
Testing (cite this): batch 61 / 274
Testing (cite this): batch 62 / 274
Testing (cite this): batch 63 / 274
Testing (cite this): batch 64 / 274
Testing (cite this): batch 65 / 274
Testing (cite this): batch 66 / 274
Testing (cite this): batch 67 / 274
Testing (cite this): batch 68 / 274
Testing (cite this): batch 69 / 274
Testing (cite this): batch 70 / 274
Testing (cite this): batch 71 / 274
Testing (cite this): batch 72 / 274
Testing (cite this): batch 73 / 274
Testing (cite this): batch 74 / 274
Testing (cite this): batch 75 / 274
Testing (cite this): batch 76 / 274
Testing (cite this): batch 77 / 274
Testing (cite this): batch 78 / 274
Testing (cite this): batch 79 / 274
Testing (cite this): batch 80 / 274
Testing (cite this): batch 81 / 274
Testing (cite this): batch 82 / 274
Testing (cite this): batch 83 / 274
Testing (cite this): batch 84 / 274
Testing (cite this): batch 85 / 274
Testing (cite this): batch 86 / 274
Testing (cite this): batch 87 / 274
Testing (cite this): batch 88 / 274
Testing (cite this): batch 89 / 274
Testing (cite this): batch 90 / 274
Testing (cite this): batch 91 / 274
Testing (cite this): batch 92 / 274
Testing (cite this): batch 93 / 274
Testing (cite this): batch 94 / 274
Testing (cite this): batch 95 / 274
Testing (cite this): batch 96 / 274
Testing (cite this): batch 97 / 274
Testing (cite this): batch 98 / 274
Testing (cite this): batch 99 / 274
Testing (cite this): batch 100 / 274
Testing (cite this): batch 101 / 274
Testing (cite this): batch 102 / 274
Testing (cite this): batch 103 / 274
Testing (cite this): batch 104 / 274
Testing (cite this): batch 105 / 274
Testing (cite this): batch 106 / 274
Testing (cite this): batch 107 / 274
Testing (cite this): batch 108 / 274
Testing (cite this): batch 109 / 274
Testing (cite this): batch 110 / 274
Testing (cite this): batch 111 / 274
Testing (cite this): batch 112 / 274
Testing (cite this): batch 113 / 274
Testing (cite this): batch 114 / 274
Testing (cite this): batch 115 / 274
Testing (cite this): batch 116 / 274
Testing (cite this): batch 117 / 274
Testing (cite this): batch 118 / 274
Testing (cite this): batch 119 / 274
Testing (cite this): batch 120 / 274
Testing (cite this): batch 121 / 274
Testing (cite this): batch 122 / 274
Testing (cite this): batch 123 / 274
Testing (cite this): batch 124 / 274
Testing (cite this): batch 125 / 274
Testing (cite this): batch 126 / 274
Testing (cite this): batch 127 / 274
Testing (cite this): batch 128 / 274
Testing (cite this): batch 129 / 274
Testing (cite this): batch 130 / 274
Testing (cite this): batch 131 / 274
Testing (cite this): batch 132 / 274
Testing (cite this): batch 133 / 274
Testing (cite this): batch 134 / 274
Testing (cite this): batch 135 / 274
Testing (cite this): batch 136 / 274
Testing (cite this): batch 137 / 274
Testing (cite this): batch 138 / 274
Testing (cite this): batch 139 / 274
Testing (cite this): batch 140 / 274
Testing (cite this): batch 141 / 274
Testing (cite this): batch 142 / 274
Testing (cite this): batch 143 / 274
Testing (cite this): batch 144 / 274
Testing (cite this): batch 145 / 274
Testing (cite this): batch 146 / 274
Testing (cite this): batch 147 / 274
Testing (cite this): batch 148 / 274
Testing (cite this): batch 149 / 274
Testing (cite this): batch 150 / 274
Testing (cite this): batch 151 / 274
Testing (cite this): batch 152 / 274
Testing (cite this): batch 153 / 274
Testing (cite this): batch 154 / 274
Testing (cite this): batch 155 / 274
Testing (cite this): batch 156 / 274
Testing (cite this): batch 157 / 274
Testing (cite this): batch 158 / 274
Testing (cite this): batch 159 / 274
Testing (cite this): batch 160 / 274
Testing (cite this): batch 161 / 274
Testing (cite this): batch 162 / 274
Testing (cite this): batch 163 / 274
Testing (cite this): batch 164 / 274
Testing (cite this): batch 165 / 274
Testing (cite this): batch 166 / 274
Testing (cite this): batch 167 / 274
Testing (cite this): batch 168 / 274
Testing (cite this): batch 169 / 274
Testing (cite this): batch 170 / 274
Testing (cite this): batch 171 / 274
Testing (cite this): batch 172 / 274
Testing (cite this): batch 173 / 274
Testing (cite this): batch 174 / 274
Testing (cite this): batch 175 / 274
Testing (cite this): batch 176 / 274
Testing (cite this): batch 177 / 274
Testing (cite this): batch 178 / 274
Testing (cite this): batch 179 / 274
Testing (cite this): batch 180 / 274
Testing (cite this): batch 181 / 274
Testing (cite this): batch 182 / 274
Testing (cite this): batch 183 / 274
Testing (cite this): batch 184 / 274
Testing (cite this): batch 185 / 274
Testing (cite this): batch 186 / 274
Testing (cite this): batch 187 / 274
Testing (cite this): batch 188 / 274
Testing (cite this): batch 189 / 274
Testing (cite this): batch 190 / 274
Testing (cite this): batch 191 / 274
Testing (cite this): batch 192 / 274
Testing (cite this): batch 193 / 274
Testing (cite this): batch 194 / 274
Testing (cite this): batch 195 / 274
Testing (cite this): batch 196 / 274
Testing (cite this): batch 197 / 274
Testing (cite this): batch 198 / 274
Testing (cite this): batch 199 / 274
Testing (cite this): batch 200 / 274
Testing (cite this): batch 201 / 274
Testing (cite this): batch 202 / 274
Testing (cite this): batch 203 / 274
Testing (cite this): batch 204 / 274
Testing (cite this): batch 205 / 274
Testing (cite this): batch 206 / 274
Testing (cite this): batch 207 / 274
Testing (cite this): batch 208 / 274
Testing (cite this): batch 209 / 274
Testing (cite this): batch 210 / 274
Testing (cite this): batch 211 / 274
Testing (cite this): batch 212 / 274
Testing (cite this): batch 213 / 274
Testing (cite this): batch 214 / 274
Testing (cite this): batch 215 / 274
Testing (cite this): batch 216 / 274
Testing (cite this): batch 217 / 274
Testing (cite this): batch 218 / 274
Testing (cite this): batch 219 / 274
Testing (cite this): batch 220 / 274
Testing (cite this): batch 221 / 274
Testing (cite this): batch 222 / 274
Testing (cite this): batch 223 / 274
Testing (cite this): batch 224 / 274
Testing (cite this): batch 225 / 274
Testing (cite this): batch 226 / 274
Testing (cite this): batch 227 / 274
Testing (cite this): batch 228 / 274
Testing (cite this): batch 229 / 274
Testing (cite this): batch 230 / 274
Testing (cite this): batch 231 / 274
Testing (cite this): batch 232 / 274
Testing (cite this): batch 233 / 274
Testing (cite this): batch 234 / 274
Testing (cite this): batch 235 / 274
Testing (cite this): batch 236 / 274
Testing (cite this): batch 237 / 274
Testing (cite this): batch 238 / 274
Testing (cite this): batch 239 / 274
Testing (cite this): batch 240 / 274
Testing (cite this): batch 241 / 274
Testing (cite this): batch 242 / 274
Testing (cite this): batch 243 / 274
Testing (cite this): batch 244 / 274
Testing (cite this): batch 245 / 274
Testing (cite this): batch 246 / 274
Testing (cite this): batch 247 / 274
Testing (cite this): batch 248 / 274
Testing (cite this): batch 249 / 274
Testing (cite this): batch 250 / 274
Testing (cite this): batch 251 / 274
Testing (cite this): batch 252 / 274
Testing (cite this): batch 253 / 274
Testing (cite this): batch 254 / 274
Testing (cite this): batch 255 / 274
Testing (cite this): batch 256 / 274
Testing (cite this): batch 257 / 274
Testing (cite this): batch 258 / 274
Testing (cite this): batch 259 / 274
Testing (cite this): batch 260 / 274
Testing (cite this): batch 261 / 274
Testing (cite this): batch 262 / 274
Testing (cite this): batch 263 / 274
Testing (cite this): batch 264 / 274
Testing (cite this): batch 265 / 274
Testing (cite this): batch 266 / 274
Testing (cite this): batch 267 / 274
Testing (cite this): batch 268 / 274
Testing (cite this): batch 269 / 274
Testing (cite this): batch 270 / 274
Testing (cite this): batch 271 / 274
Testing (cite this): batch 272 / 274
Testing (cite this): batch 273 / 274
total number of ranks, torch.Size([17526])
====== Ranks ======
ranks size: torch.Size([17526])
test_loss: 9.10965383797884
mr: 1926.314453125
mrr: 0.2970108985900879
h1: 0.26811593770980835
h3: 0.29755792021751404
h5: 0.3128494918346405
h10: 0.3424626290798187
==================================

Done Testing!
done with training and eval
Experiments took 11583 seconds on 
