['run_exp.py', '0', 'DBpedia50', '20', '5e-3', 'zscore', '64', '64', '30', '0', '1', 'simple', '1']
Creating a new model from scratch
loading NN
done loading NN
loading dataset
DBpedia50
X_p: torch.Size([32203, 23])
X_p: torch.Size([2095, 23])
X_p: torch.Size([123, 23])
done loading dataset
loading filters
done loading filters
loading negative samplers
loading triple features from cache
done loading negative samplers
Running in hyperparameter evaluation mode
TWIG will be evaulaited on the validation set
and will not be tested each epoch on the validation set
running training and eval
TWIG_KGL_v0(
  (linear_struct_1): Linear(in_features=22, out_features=10, bias=True)
  (relu_1): ReLU()
  (dropout_1): Dropout(p=0.01, inplace=False)
  (linear_struct_2): Linear(in_features=10, out_features=10, bias=True)
  (relu_2): ReLU()
  (dropout_2): Dropout(p=0.01, inplace=False)
  (linear_final): Linear(in_features=10, out_features=1, bias=True)
  (sigmoid_final): Sigmoid()
)
REC: Training with epochs = 20
Epoch 1 -- batch 0 / 504 loss: 0.1121240183711052
batch 500 / 504 loss: 8.730996341910213e-05
Epoch 2 -- batch 0 / 504 loss: 5.070773113402538e-05
batch 500 / 504 loss: 0.00010777213901747018
Epoch 3 -- batch 0 / 504 loss: 4.263423033989966e-05
batch 500 / 504 loss: 2.282206514792051e-05
Epoch 4 -- batch 0 / 504 loss: 4.327423812355846e-05
batch 500 / 504 loss: 1.8644788724486716e-05
Epoch 5 -- batch 0 / 504 loss: 7.456591902155196e-06
batch 500 / 504 loss: 4.450288543011993e-05
Saving checkpoint at epoch 5; prefix = chkpt-ID_4292430117339528
Epoch 6 -- batch 0 / 504 loss: 0.0
batch 500 / 504 loss: 0.00014913914492353797
Epoch 7 -- batch 0 / 504 loss: 0.0
batch 500 / 504 loss: 0.0
Epoch 8 -- batch 0 / 504 loss: 0.0
batch 500 / 504 loss: 0.00011380424984963611
Epoch 9 -- batch 0 / 504 loss: 1.136532227974385e-05
batch 500 / 504 loss: 3.896674752468243e-05
Epoch 10 -- batch 0 / 504 loss: 0.0
batch 500 / 504 loss: 6.929113442311063e-05
Saving checkpoint at epoch 10; prefix = chkpt-ID_4292430117339528
Epoch 11 -- batch 0 / 504 loss: 5.208333823247813e-05
batch 500 / 504 loss: 3.346508674439974e-05
Epoch 12 -- batch 0 / 504 loss: 0.0
batch 500 / 504 loss: 5.79318748350488e-06
Epoch 13 -- batch 0 / 504 loss: 0.0
batch 500 / 504 loss: 0.00026477916981093585
Epoch 14 -- batch 0 / 504 loss: 4.149727101321332e-05
batch 500 / 504 loss: 5.3349458539742045e-06
Epoch 15 -- batch 0 / 504 loss: 1.2438267731340602e-05
batch 500 / 504 loss: 0.0
Saving checkpoint at epoch 15; prefix = chkpt-ID_4292430117339528
Epoch 16 -- batch 0 / 504 loss: 0.0
batch 500 / 504 loss: 0.0
Epoch 17 -- batch 0 / 504 loss: 0.0
batch 500 / 504 loss: 5.438089283416048e-05
Epoch 18 -- batch 0 / 504 loss: 0.0
batch 500 / 504 loss: 4.747716047859285e-06
Epoch 19 -- batch 0 / 504 loss: 1.7312282579950988e-05
batch 500 / 504 loss: 0.0
Epoch 20 -- batch 0 / 504 loss: 0.0
batch 500 / 504 loss: 1.3025839507463388e-05
Saving checkpoint at epoch 20; prefix = chkpt-ID_4292430117339528
Done Training!

==================================
Testing (cite this): dataloader for dataset DBpedia50
Testing (cite this): batch 0 / 2
Testing (cite this): batch 1 / 2
total number of ranks, torch.Size([123])
====== Ranks ======
ranks size: torch.Size([123])
test_loss: 0.12298690155148506
mr: 14036.357421875
mrr: 0.29924389719963074
h1: 0.2601625919342041
h3: 0.3252032399177551
h5: 0.3333333432674408
h10: 0.38211381435394287
==================================

Done Testing!
done with training and eval
Experiments took 281 seconds on 
