['run_exp.py', '0', 'DBpedia50', '20', '5e-4', 'zscore', '256', '64', '100', '0', '1', 'simple', '1']
Creating a new model from scratch
loading NN
done loading NN
loading dataset
DBpedia50
X_p: torch.Size([32203, 23])
X_p: torch.Size([2095, 23])
X_p: torch.Size([123, 23])
done loading dataset
loading filters
done loading filters
loading negative samplers
loading triple features from cache
done loading negative samplers
Running in hyperparameter evaluation mode
TWIG will be evaulaited on the validation set
and will not be tested each epoch on the validation set
running training and eval
TWIG_KGL_v0(
  (linear_struct_1): Linear(in_features=22, out_features=10, bias=True)
  (relu_1): ReLU()
  (dropout_1): Dropout(p=0.01, inplace=False)
  (linear_struct_2): Linear(in_features=10, out_features=10, bias=True)
  (relu_2): ReLU()
  (dropout_2): Dropout(p=0.01, inplace=False)
  (linear_final): Linear(in_features=10, out_features=1, bias=True)
  (sigmoid_final): Sigmoid()
)
REC: Training with epochs = 20
Epoch 1 -- batch 0 / 126 loss: 0.1092880591750145
Epoch 2 -- batch 0 / 126 loss: 0.03246169164776802
Epoch 3 -- batch 0 / 126 loss: 0.0026302922051399946
Epoch 4 -- batch 0 / 126 loss: 0.0007536693592555821
Epoch 5 -- batch 0 / 126 loss: 0.0005038854433223605
Saving checkpoint at epoch 5; prefix = chkpt-ID_9362702625938136
Epoch 6 -- batch 0 / 126 loss: 0.00021765044948551804
Epoch 7 -- batch 0 / 126 loss: 0.00017021491657942533
Epoch 8 -- batch 0 / 126 loss: 0.0001340042072115466
Epoch 9 -- batch 0 / 126 loss: 0.00011012603499693796
Epoch 10 -- batch 0 / 126 loss: 6.157968164188787e-05
Saving checkpoint at epoch 10; prefix = chkpt-ID_9362702625938136
Epoch 11 -- batch 0 / 126 loss: 4.885326779913157e-05
Epoch 12 -- batch 0 / 126 loss: 8.288195385830477e-05
Epoch 13 -- batch 0 / 126 loss: 6.752764602424577e-05
Epoch 14 -- batch 0 / 126 loss: 5.2013339882250875e-05
Epoch 15 -- batch 0 / 126 loss: 4.655228985939175e-05
Saving checkpoint at epoch 15; prefix = chkpt-ID_9362702625938136
Epoch 16 -- batch 0 / 126 loss: 7.898276817286387e-05
Epoch 17 -- batch 0 / 126 loss: 5.43737223779317e-05
Epoch 18 -- batch 0 / 126 loss: 2.7974718250334263e-05
Epoch 19 -- batch 0 / 126 loss: 3.8665766624035314e-05
Epoch 20 -- batch 0 / 126 loss: 5.163014429854229e-05
Saving checkpoint at epoch 20; prefix = chkpt-ID_9362702625938136
Done Training!

==================================
Testing (cite this): dataloader for dataset DBpedia50
Testing (cite this): batch 0 / 2
Testing (cite this): batch 1 / 2
total number of ranks, torch.Size([123])
====== Ranks ======
ranks size: torch.Size([123])
test_loss: 0.1369347795844078
mr: 17277.458984375
mrr: 0.1661599725484848
h1: 0.13008129596710205
h3: 0.19512194395065308
h5: 0.19512194395065308
h10: 0.23577235639095306
==================================

Done Testing!
done with training and eval
Experiments took 409 seconds on 
