['run_exp.py', '0', 'DBpedia50', '20', '5e-4', 'zscore', '256', '64', '500', '0', '1', 'simple', '1']
Creating a new model from scratch
loading NN
done loading NN
loading dataset
DBpedia50
X_p: torch.Size([32203, 23])
X_p: torch.Size([2095, 23])
X_p: torch.Size([123, 23])
done loading dataset
loading filters
done loading filters
loading negative samplers
loading triple features from cache
done loading negative samplers
Running in hyperparameter evaluation mode
TWIG will be evaulaited on the validation set
and will not be tested each epoch on the validation set
running training and eval
TWIG_KGL_v0(
  (linear_struct_1): Linear(in_features=22, out_features=10, bias=True)
  (relu_1): ReLU()
  (dropout_1): Dropout(p=0.01, inplace=False)
  (linear_struct_2): Linear(in_features=10, out_features=10, bias=True)
  (relu_2): ReLU()
  (dropout_2): Dropout(p=0.01, inplace=False)
  (linear_final): Linear(in_features=10, out_features=1, bias=True)
  (sigmoid_final): Sigmoid()
)
REC: Training with epochs = 20
Epoch 1 -- batch 0 / 126 loss: 0.10946305841207504
Epoch 2 -- batch 0 / 126 loss: 0.03191325441002846
Epoch 3 -- batch 0 / 126 loss: 0.0029320446774363518
Epoch 4 -- batch 0 / 126 loss: 0.0006093273404985666
Epoch 5 -- batch 0 / 126 loss: 0.0003094064595643431
Saving checkpoint at epoch 5; prefix = chkpt-ID_1802256356742876
Epoch 6 -- batch 0 / 126 loss: 0.00025062664644792676
Epoch 7 -- batch 0 / 126 loss: 0.0001590219617355615
Epoch 8 -- batch 0 / 126 loss: 0.00012278031499590725
Epoch 9 -- batch 0 / 126 loss: 9.679049981059507e-05
Epoch 10 -- batch 0 / 126 loss: 9.355858492199332e-05
Saving checkpoint at epoch 10; prefix = chkpt-ID_1802256356742876
Epoch 11 -- batch 0 / 126 loss: 8.58665443956852e-05
Epoch 12 -- batch 0 / 126 loss: 0.00010329968063160777
Epoch 13 -- batch 0 / 126 loss: 7.092684245435521e-05
Epoch 14 -- batch 0 / 126 loss: 6.857060361653566e-05
Epoch 15 -- batch 0 / 126 loss: 5.9753929235739633e-05
Saving checkpoint at epoch 15; prefix = chkpt-ID_1802256356742876
Epoch 16 -- batch 0 / 126 loss: 6.877064879518002e-05
Epoch 17 -- batch 0 / 126 loss: 5.482784763444215e-05
Epoch 18 -- batch 0 / 126 loss: 3.746086440514773e-05
Epoch 19 -- batch 0 / 126 loss: 5.405755655374378e-05
Epoch 20 -- batch 0 / 126 loss: 4.52349049737677e-05
Saving checkpoint at epoch 20; prefix = chkpt-ID_1802256356742876
Done Training!

==================================
Testing (cite this): dataloader for dataset DBpedia50
Testing (cite this): batch 0 / 2
Testing (cite this): batch 1 / 2
total number of ranks, torch.Size([123])
====== Ranks ======
ranks size: torch.Size([123])
test_loss: 0.13778968155384064
mr: 17478.869140625
mrr: 0.1753227412700653
h1: 0.1463414579629898
h3: 0.19512194395065308
h5: 0.19512194395065308
h10: 0.23577235639095306
==================================

Done Testing!
done with training and eval
Experiments took 3759 seconds on 
