['run_exp.py', '0', 'OpenEA', '20', '5e-4', 'zscore', '64', '64', '100', '0', '1', 'simple', '1']
Creating a new model from scratch
loading NN
done loading NN
loading dataset
OpenEA
X_p: torch.Size([30612, 23])
X_p: torch.Size([3826, 23])
X_p: torch.Size([3827, 23])
done loading dataset
loading filters
done loading filters
loading negative samplers
loading triple features from cache
done loading negative samplers
Running in hyperparameter evaluation mode
TWIG will be evaulaited on the validation set
and will not be tested each epoch on the validation set
running training and eval
TWIG_KGL_v0(
  (linear_struct_1): Linear(in_features=22, out_features=10, bias=True)
  (relu_1): ReLU()
  (dropout_1): Dropout(p=0.01, inplace=False)
  (linear_struct_2): Linear(in_features=10, out_features=10, bias=True)
  (relu_2): ReLU()
  (dropout_2): Dropout(p=0.01, inplace=False)
  (linear_final): Linear(in_features=10, out_features=1, bias=True)
  (sigmoid_final): Sigmoid()
)
REC: Training with epochs = 20
Epoch 1 -- batch 0 / 479 loss: 0.10494709014892578
Epoch 2 -- batch 0 / 479 loss: 0.0021560334134846926
Epoch 3 -- batch 0 / 479 loss: 0.0004146312130615115
Epoch 4 -- batch 0 / 479 loss: 0.0001144849302363582
Epoch 5 -- batch 0 / 479 loss: 0.00014954752987250686
Saving checkpoint at epoch 5; prefix = chkpt-ID_3617663643545928
Epoch 6 -- batch 0 / 479 loss: 0.00012625931412912905
Epoch 7 -- batch 0 / 479 loss: 9.547044464852661e-05
Epoch 8 -- batch 0 / 479 loss: 3.558705793693662e-05
Epoch 9 -- batch 0 / 479 loss: 1.8453021766617894e-05
Epoch 10 -- batch 0 / 479 loss: 6.725535058649257e-05
Saving checkpoint at epoch 10; prefix = chkpt-ID_3617663643545928
Epoch 11 -- batch 0 / 479 loss: 2.26346637646202e-05
Epoch 12 -- batch 0 / 479 loss: 3.06547258333012e-06
Epoch 13 -- batch 0 / 479 loss: 1.2428326044755522e-05
Epoch 14 -- batch 0 / 479 loss: 3.4005995985353366e-05
Epoch 15 -- batch 0 / 479 loss: 3.778530299314298e-05
Saving checkpoint at epoch 15; prefix = chkpt-ID_3617663643545928
Epoch 16 -- batch 0 / 479 loss: 3.103330163867213e-05
Epoch 17 -- batch 0 / 479 loss: 1.5198665096249897e-05
Epoch 18 -- batch 0 / 479 loss: 0.0
Epoch 19 -- batch 0 / 479 loss: 0.0
Epoch 20 -- batch 0 / 479 loss: 0.0
Saving checkpoint at epoch 20; prefix = chkpt-ID_3617663643545928
Done Training!

==================================
Testing (cite this): dataloader for dataset OpenEA
Testing (cite this): batch 0 / 60
Testing (cite this): batch 1 / 60
Testing (cite this): batch 2 / 60
Testing (cite this): batch 3 / 60
Testing (cite this): batch 4 / 60
Testing (cite this): batch 5 / 60
Testing (cite this): batch 6 / 60
Testing (cite this): batch 7 / 60
Testing (cite this): batch 8 / 60
Testing (cite this): batch 9 / 60
Testing (cite this): batch 10 / 60
Testing (cite this): batch 11 / 60
Testing (cite this): batch 12 / 60
Testing (cite this): batch 13 / 60
Testing (cite this): batch 14 / 60
Testing (cite this): batch 15 / 60
Testing (cite this): batch 16 / 60
Testing (cite this): batch 17 / 60
Testing (cite this): batch 18 / 60
Testing (cite this): batch 19 / 60
Testing (cite this): batch 20 / 60
Testing (cite this): batch 21 / 60
Testing (cite this): batch 22 / 60
Testing (cite this): batch 23 / 60
Testing (cite this): batch 24 / 60
Testing (cite this): batch 25 / 60
Testing (cite this): batch 26 / 60
Testing (cite this): batch 27 / 60
Testing (cite this): batch 28 / 60
Testing (cite this): batch 29 / 60
Testing (cite this): batch 30 / 60
Testing (cite this): batch 31 / 60
Testing (cite this): batch 32 / 60
Testing (cite this): batch 33 / 60
Testing (cite this): batch 34 / 60
Testing (cite this): batch 35 / 60
Testing (cite this): batch 36 / 60
Testing (cite this): batch 37 / 60
Testing (cite this): batch 38 / 60
Testing (cite this): batch 39 / 60
Testing (cite this): batch 40 / 60
Testing (cite this): batch 41 / 60
Testing (cite this): batch 42 / 60
Testing (cite this): batch 43 / 60
Testing (cite this): batch 44 / 60
Testing (cite this): batch 45 / 60
Testing (cite this): batch 46 / 60
Testing (cite this): batch 47 / 60
Testing (cite this): batch 48 / 60
Testing (cite this): batch 49 / 60
Testing (cite this): batch 50 / 60
Testing (cite this): batch 51 / 60
Testing (cite this): batch 52 / 60
Testing (cite this): batch 53 / 60
Testing (cite this): batch 54 / 60
Testing (cite this): batch 55 / 60
Testing (cite this): batch 56 / 60
Testing (cite this): batch 57 / 60
Testing (cite this): batch 58 / 60
Testing (cite this): batch 59 / 60
total number of ranks, torch.Size([3827])
====== Ranks ======
ranks size: torch.Size([3827])
test_loss: 2.116051323711872
mr: 3056.327880859375
mrr: 0.34100648760795593
h1: 0.2704468369483948
h3: 0.38123857975006104
h5: 0.42931801080703735
h10: 0.47713613510131836
==================================

Done Testing!
done with training and eval
Experiments took 713 seconds on 
