['run_exp.py', '0', 'WN18RR', '20', '5e-5', 'zscore', '128', '64', '100', '0', '1', 'simple', '1']
Creating a new model from scratch
loading NN
done loading NN
loading dataset
WN18RR
X_p: torch.Size([86835, 23])
X_p: torch.Size([2924, 23])
X_p: torch.Size([2824, 23])
done loading dataset
loading filters
done loading filters
loading negative samplers
loading triple features from cache
done loading negative samplers
Running in hyperparameter evaluation mode
TWIG will be evaulaited on the validation set
and will not be tested each epoch on the validation set
running training and eval
TWIG_KGL_v0(
  (linear_struct_1): Linear(in_features=22, out_features=10, bias=True)
  (relu_1): ReLU()
  (dropout_1): Dropout(p=0.01, inplace=False)
  (linear_struct_2): Linear(in_features=10, out_features=10, bias=True)
  (relu_2): ReLU()
  (dropout_2): Dropout(p=0.01, inplace=False)
  (linear_final): Linear(in_features=10, out_features=1, bias=True)
  (sigmoid_final): Sigmoid()
)
REC: Training with epochs = 20
Epoch 1 -- batch 0 / 679 loss: 0.14666572213172913
batch 500 / 679 loss: 0.06100619584321976
Epoch 2 -- batch 0 / 679 loss: 0.03531360626220703
batch 500 / 679 loss: 0.00573173351585865
Epoch 3 -- batch 0 / 679 loss: 0.0025289373006671667
batch 500 / 679 loss: 0.003238723147660494
Epoch 4 -- batch 0 / 679 loss: 0.002182462252676487
batch 500 / 679 loss: 0.002002088585868478
Epoch 5 -- batch 0 / 679 loss: 0.0016537266783416271
batch 500 / 679 loss: 0.0017022714018821716
Saving checkpoint at epoch 5; prefix = chkpt-ID_4480212274981053
Epoch 6 -- batch 0 / 679 loss: 0.0013254376826807857
batch 500 / 679 loss: 0.001100309076718986
Epoch 7 -- batch 0 / 679 loss: 0.0007962660165503621
batch 500 / 679 loss: 0.0006474672700278461
Epoch 8 -- batch 0 / 679 loss: 0.000439323834143579
batch 500 / 679 loss: 0.00040575824095867574
Epoch 9 -- batch 0 / 679 loss: 0.0002521459828130901
batch 500 / 679 loss: 0.0002470158215146512
Epoch 10 -- batch 0 / 679 loss: 0.00012059373693773523
batch 500 / 679 loss: 0.00015371543122455478
Saving checkpoint at epoch 10; prefix = chkpt-ID_4480212274981053
Epoch 11 -- batch 0 / 679 loss: 8.279676694655791e-05
batch 500 / 679 loss: 0.00013321578444447368
Epoch 12 -- batch 0 / 679 loss: 7.169625314418226e-05
batch 500 / 679 loss: 0.0001267954066861421
Epoch 13 -- batch 0 / 679 loss: 3.887301136273891e-05
batch 500 / 679 loss: 9.021887672133744e-05
Epoch 14 -- batch 0 / 679 loss: 4.5530570787377656e-05
batch 500 / 679 loss: 5.640489689540118e-05
Epoch 15 -- batch 0 / 679 loss: 2.708263673412148e-05
batch 500 / 679 loss: 4.408723543747328e-05
Saving checkpoint at epoch 15; prefix = chkpt-ID_4480212274981053
Epoch 16 -- batch 0 / 679 loss: 1.3380774362303782e-05
batch 500 / 679 loss: 5.952373976469971e-05
Epoch 17 -- batch 0 / 679 loss: 2.732006396399811e-05
batch 500 / 679 loss: 5.602346936939284e-05
Epoch 18 -- batch 0 / 679 loss: 4.638787868316285e-05
batch 500 / 679 loss: 5.5236097978195176e-05
Epoch 19 -- batch 0 / 679 loss: 2.995218164869584e-05
batch 500 / 679 loss: 3.352917337906547e-05
Epoch 20 -- batch 0 / 679 loss: 2.103155929944478e-05
batch 500 / 679 loss: 2.4413173377979547e-05
Saving checkpoint at epoch 20; prefix = chkpt-ID_4480212274981053
Done Training!

==================================
Testing (cite this): dataloader for dataset WN18RR
Testing (cite this): batch 0 / 45
Testing (cite this): batch 1 / 45
Testing (cite this): batch 2 / 45
Testing (cite this): batch 3 / 45
Testing (cite this): batch 4 / 45
Testing (cite this): batch 5 / 45
Testing (cite this): batch 6 / 45
Testing (cite this): batch 7 / 45
Testing (cite this): batch 8 / 45
Testing (cite this): batch 9 / 45
Testing (cite this): batch 10 / 45
Testing (cite this): batch 11 / 45
Testing (cite this): batch 12 / 45
Testing (cite this): batch 13 / 45
Testing (cite this): batch 14 / 45
Testing (cite this): batch 15 / 45
Testing (cite this): batch 16 / 45
Testing (cite this): batch 17 / 45
Testing (cite this): batch 18 / 45
Testing (cite this): batch 19 / 45
Testing (cite this): batch 20 / 45
Testing (cite this): batch 21 / 45
Testing (cite this): batch 22 / 45
Testing (cite this): batch 23 / 45
Testing (cite this): batch 24 / 45
Testing (cite this): batch 25 / 45
Testing (cite this): batch 26 / 45
Testing (cite this): batch 27 / 45
Testing (cite this): batch 28 / 45
Testing (cite this): batch 29 / 45
Testing (cite this): batch 30 / 45
Testing (cite this): batch 31 / 45
Testing (cite this): batch 32 / 45
Testing (cite this): batch 33 / 45
Testing (cite this): batch 34 / 45
Testing (cite this): batch 35 / 45
Testing (cite this): batch 36 / 45
Testing (cite this): batch 37 / 45
Testing (cite this): batch 38 / 45
Testing (cite this): batch 39 / 45
Testing (cite this): batch 40 / 45
Testing (cite this): batch 41 / 45
Testing (cite this): batch 42 / 45
Testing (cite this): batch 43 / 45
Testing (cite this): batch 44 / 45
total number of ranks, torch.Size([2824])
====== Ranks ======
ranks size: torch.Size([2824])
test_loss: 4.621419221162796
mr: 50727.94140625
mrr: 0.0020223527681082487
h1: 0.0017705382779240608
h3: 0.0017705382779240608
h5: 0.0021246459800750017
h10: 0.002478753449395299
==================================

Done Testing!
done with training and eval
Experiments took 1877 seconds on 
