['run_exp.py', '0', 'DBpedia50', '20', '5e-3', 'zscore', '128', '64', '100', '0', '1', 'simple', '1']
Creating a new model from scratch
loading NN
done loading NN
loading dataset
DBpedia50
X_p: torch.Size([32203, 23])
X_p: torch.Size([2095, 23])
X_p: torch.Size([123, 23])
done loading dataset
loading filters
done loading filters
loading negative samplers
loading triple features from cache
done loading negative samplers
Running in hyperparameter evaluation mode
TWIG will be evaulaited on the validation set
and will not be tested each epoch on the validation set
running training and eval
TWIG_KGL_v0(
  (linear_struct_1): Linear(in_features=22, out_features=10, bias=True)
  (relu_1): ReLU()
  (dropout_1): Dropout(p=0.01, inplace=False)
  (linear_struct_2): Linear(in_features=10, out_features=10, bias=True)
  (relu_2): ReLU()
  (dropout_2): Dropout(p=0.01, inplace=False)
  (linear_final): Linear(in_features=10, out_features=1, bias=True)
  (sigmoid_final): Sigmoid()
)
REC: Training with epochs = 20
Epoch 1 -- batch 0 / 252 loss: 0.10990791022777557
Epoch 2 -- batch 0 / 252 loss: 4.368371082819067e-05
Epoch 3 -- batch 0 / 252 loss: 5.26569492649287e-05
Epoch 4 -- batch 0 / 252 loss: 1.7027465219143778e-05
Epoch 5 -- batch 0 / 252 loss: 2.517124084988609e-05
Saving checkpoint at epoch 5; prefix = chkpt-ID_425000811112769
Epoch 6 -- batch 0 / 252 loss: 1.639503716432955e-05
Epoch 7 -- batch 0 / 252 loss: 3.8854537706356496e-05
Epoch 8 -- batch 0 / 252 loss: 1.0076802936964668e-05
Epoch 9 -- batch 0 / 252 loss: 4.9624333769315854e-05
Epoch 10 -- batch 0 / 252 loss: 5.855221843376057e-06
Saving checkpoint at epoch 10; prefix = chkpt-ID_425000811112769
Epoch 11 -- batch 0 / 252 loss: 7.190374617493944e-06
Epoch 12 -- batch 0 / 252 loss: 4.827129941986641e-06
Epoch 13 -- batch 0 / 252 loss: 1.4149292837828398e-05
Epoch 14 -- batch 0 / 252 loss: 8.105061169771943e-06
Epoch 15 -- batch 0 / 252 loss: 1.5264413377735764e-05
Saving checkpoint at epoch 15; prefix = chkpt-ID_425000811112769
Epoch 16 -- batch 0 / 252 loss: 4.802786861546338e-06
Epoch 17 -- batch 0 / 252 loss: 7.52242567614303e-06
Epoch 18 -- batch 0 / 252 loss: 9.282236533181276e-06
Epoch 19 -- batch 0 / 252 loss: 1.4839931282040197e-05
Epoch 20 -- batch 0 / 252 loss: 2.5222423573723063e-05
Saving checkpoint at epoch 20; prefix = chkpt-ID_425000811112769
Done Training!

==================================
Testing (cite this): dataloader for dataset DBpedia50
Testing (cite this): batch 0 / 2
Testing (cite this): batch 1 / 2
total number of ranks, torch.Size([123])
====== Ranks ======
ranks size: torch.Size([123])
test_loss: 0.11234762519598007
mr: 12977.8134765625
mrr: 0.32056885957717896
h1: 0.27642276883125305
h3: 0.3658536672592163
h5: 0.3739837408065796
h10: 0.38211381435394287
==================================

Done Testing!
done with training and eval
Experiments took 418 seconds on 
