['run_exp.py', '0', 'WN18RR', '20', '5e-3', 'zscore', '128', '64', '100', '0', '1', 'simple', '1']
Creating a new model from scratch
loading NN
done loading NN
loading dataset
WN18RR
X_p: torch.Size([86835, 23])
X_p: torch.Size([2924, 23])
X_p: torch.Size([2824, 23])
done loading dataset
loading filters
done loading filters
loading negative samplers
loading triple features from cache
done loading negative samplers
Running in hyperparameter evaluation mode
TWIG will be evaulaited on the validation set
and will not be tested each epoch on the validation set
running training and eval
TWIG_KGL_v0(
  (linear_struct_1): Linear(in_features=22, out_features=10, bias=True)
  (relu_1): ReLU()
  (dropout_1): Dropout(p=0.01, inplace=False)
  (linear_struct_2): Linear(in_features=10, out_features=10, bias=True)
  (relu_2): ReLU()
  (dropout_2): Dropout(p=0.01, inplace=False)
  (linear_final): Linear(in_features=10, out_features=1, bias=True)
  (sigmoid_final): Sigmoid()
)
REC: Training with epochs = 20
Epoch 1 -- batch 0 / 679 loss: 0.14667199552059174
batch 500 / 679 loss: 8.37487677927129e-05
Epoch 2 -- batch 0 / 679 loss: 1.7587370166438632e-05
batch 500 / 679 loss: 2.6942563636112027e-05
Epoch 3 -- batch 0 / 679 loss: 1.6933197912294418e-05
batch 500 / 679 loss: 4.57454843854066e-05
Epoch 4 -- batch 0 / 679 loss: 0.0
batch 500 / 679 loss: 4.520734728430398e-05
Epoch 5 -- batch 0 / 679 loss: 5.479838728206232e-05
batch 500 / 679 loss: 1.1629082109720912e-05
Saving checkpoint at epoch 5; prefix = chkpt-ID_7609209378655815
Epoch 6 -- batch 0 / 679 loss: 0.0
batch 500 / 679 loss: 2.789844074868597e-05
Epoch 7 -- batch 0 / 679 loss: 2.132121335307602e-05
batch 500 / 679 loss: 7.3549040280340705e-06
Epoch 8 -- batch 0 / 679 loss: 0.0
batch 500 / 679 loss: 1.1843774700537324e-05
Epoch 9 -- batch 0 / 679 loss: 1.7517713786219247e-05
batch 500 / 679 loss: 7.812494914105628e-06
Epoch 10 -- batch 0 / 679 loss: 0.0
batch 500 / 679 loss: 1.0381436368334107e-05
Saving checkpoint at epoch 10; prefix = chkpt-ID_7609209378655815
Epoch 11 -- batch 0 / 679 loss: 5.786368092230987e-06
batch 500 / 679 loss: 0.0
Epoch 12 -- batch 0 / 679 loss: 7.812500371073838e-06
batch 500 / 679 loss: 1.626357698114589e-05
Epoch 13 -- batch 0 / 679 loss: 0.0
batch 500 / 679 loss: 1.7828164345701225e-05
Epoch 14 -- batch 0 / 679 loss: 7.812500371073838e-06
batch 500 / 679 loss: 8.21510639070766e-06
Epoch 15 -- batch 0 / 679 loss: 0.0
batch 500 / 679 loss: 7.812500371073838e-06
Saving checkpoint at epoch 15; prefix = chkpt-ID_7609209378655815
Epoch 16 -- batch 0 / 679 loss: 2.2494034055853263e-05
batch 500 / 679 loss: 8.15324965515174e-05
Epoch 17 -- batch 0 / 679 loss: 9.91913657344412e-06
batch 500 / 679 loss: 2.0068309822818264e-05
Epoch 18 -- batch 0 / 679 loss: 3.478014696156606e-05
batch 500 / 679 loss: 0.0
Epoch 19 -- batch 0 / 679 loss: 0.0007219303515739739
batch 500 / 679 loss: 0.0
Epoch 20 -- batch 0 / 679 loss: 4.11574546888005e-06
batch 500 / 679 loss: 2.6372374122729525e-05
Saving checkpoint at epoch 20; prefix = chkpt-ID_7609209378655815
Done Training!

==================================
Testing (cite this): dataloader for dataset WN18RR
Testing (cite this): batch 0 / 45
Testing (cite this): batch 1 / 45
Testing (cite this): batch 2 / 45
Testing (cite this): batch 3 / 45
Testing (cite this): batch 4 / 45
Testing (cite this): batch 5 / 45
Testing (cite this): batch 6 / 45
Testing (cite this): batch 7 / 45
Testing (cite this): batch 8 / 45
Testing (cite this): batch 9 / 45
Testing (cite this): batch 10 / 45
Testing (cite this): batch 11 / 45
Testing (cite this): batch 12 / 45
Testing (cite this): batch 13 / 45
Testing (cite this): batch 14 / 45
Testing (cite this): batch 15 / 45
Testing (cite this): batch 16 / 45
Testing (cite this): batch 17 / 45
Testing (cite this): batch 18 / 45
Testing (cite this): batch 19 / 45
Testing (cite this): batch 20 / 45
Testing (cite this): batch 21 / 45
Testing (cite this): batch 22 / 45
Testing (cite this): batch 23 / 45
Testing (cite this): batch 24 / 45
Testing (cite this): batch 25 / 45
Testing (cite this): batch 26 / 45
Testing (cite this): batch 27 / 45
Testing (cite this): batch 28 / 45
Testing (cite this): batch 29 / 45
Testing (cite this): batch 30 / 45
Testing (cite this): batch 31 / 45
Testing (cite this): batch 32 / 45
Testing (cite this): batch 33 / 45
Testing (cite this): batch 34 / 45
Testing (cite this): batch 35 / 45
Testing (cite this): batch 36 / 45
Testing (cite this): batch 37 / 45
Testing (cite this): batch 38 / 45
Testing (cite this): batch 39 / 45
Testing (cite this): batch 40 / 45
Testing (cite this): batch 41 / 45
Testing (cite this): batch 42 / 45
Testing (cite this): batch 43 / 45
Testing (cite this): batch 44 / 45
total number of ranks, torch.Size([2824])
====== Ranks ======
ranks size: torch.Size([2824])
test_loss: 4.452496752142906
mr: 45279.05859375
mrr: 0.00852246768772602
h1: 0.006728045176714659
h3: 0.009206798858940601
h5: 0.010269122198224068
h10: 0.010977337136864662
==================================

Done Testing!
done with training and eval
Experiments took 2146 seconds on 
