['run_exp.py', '0', 'DBpedia50', '20', '5e-3', 'zscore', '64', '64', '100', '0', '1', 'simple', '1']
Creating a new model from scratch
loading NN
done loading NN
loading dataset
DBpedia50
X_p: torch.Size([32203, 23])
X_p: torch.Size([2095, 23])
X_p: torch.Size([123, 23])
done loading dataset
loading filters
done loading filters
loading negative samplers
loading triple features from cache
done loading negative samplers
Running in hyperparameter evaluation mode
TWIG will be evaulaited on the validation set
and will not be tested each epoch on the validation set
running training and eval
TWIG_KGL_v0(
  (linear_struct_1): Linear(in_features=22, out_features=10, bias=True)
  (relu_1): ReLU()
  (dropout_1): Dropout(p=0.01, inplace=False)
  (linear_struct_2): Linear(in_features=10, out_features=10, bias=True)
  (relu_2): ReLU()
  (dropout_2): Dropout(p=0.01, inplace=False)
  (linear_final): Linear(in_features=10, out_features=1, bias=True)
  (sigmoid_final): Sigmoid()
)
REC: Training with epochs = 20
Epoch 1 -- batch 0 / 504 loss: 0.11247462034225464
batch 500 / 504 loss: 0.00015983713092282414
Epoch 2 -- batch 0 / 504 loss: 4.2314401071053e-05
batch 500 / 504 loss: 0.00012678188795689493
Epoch 3 -- batch 0 / 504 loss: 3.337532325531356e-05
batch 500 / 504 loss: 4.826332224183716e-05
Epoch 4 -- batch 0 / 504 loss: 3.2892618037294596e-05
batch 500 / 504 loss: 2.479526119714137e-05
Epoch 5 -- batch 0 / 504 loss: 6.624058732995763e-05
batch 500 / 504 loss: 4.716690000350354e-06
Saving checkpoint at epoch 5; prefix = chkpt-ID_7985933768107593
Epoch 6 -- batch 0 / 504 loss: 2.5320036002085544e-05
batch 500 / 504 loss: 2.4715554900467396e-05
Epoch 7 -- batch 0 / 504 loss: 3.014190497196978e-07
batch 500 / 504 loss: 1.7917462173500098e-05
Epoch 8 -- batch 0 / 504 loss: 0.0
batch 500 / 504 loss: 3.0233726647566073e-05
Epoch 9 -- batch 0 / 504 loss: 1.8949067452922463e-05
batch 500 / 504 loss: 1.7479165762779303e-05
Epoch 10 -- batch 0 / 504 loss: 0.0
batch 500 / 504 loss: 5.741395216318779e-05
Saving checkpoint at epoch 10; prefix = chkpt-ID_7985933768107593
Epoch 11 -- batch 0 / 504 loss: 5.767515176557936e-05
batch 500 / 504 loss: 2.75086349574849e-05
Epoch 12 -- batch 0 / 504 loss: 4.2929521441692486e-05
batch 500 / 504 loss: 3.256192212575115e-05
Epoch 13 -- batch 0 / 504 loss: 0.0
batch 500 / 504 loss: 7.050227577565238e-05
Epoch 14 -- batch 0 / 504 loss: 0.0
batch 500 / 504 loss: 1.4781669051444624e-05
Epoch 15 -- batch 0 / 504 loss: 3.90388049709145e-05
batch 500 / 504 loss: 2.7106638299301267e-05
Saving checkpoint at epoch 15; prefix = chkpt-ID_7985933768107593
Epoch 16 -- batch 0 / 504 loss: 0.0
batch 500 / 504 loss: 1.8622535208123736e-05
Epoch 17 -- batch 0 / 504 loss: 1.542297650303226e-05
batch 500 / 504 loss: 3.760390609386377e-05
Epoch 18 -- batch 0 / 504 loss: 2.4962508177850395e-05
batch 500 / 504 loss: 2.76921309705358e-05
Epoch 19 -- batch 0 / 504 loss: 1.2861197319580242e-05
batch 500 / 504 loss: 9.514741577731911e-06
Epoch 20 -- batch 0 / 504 loss: 0.0
batch 500 / 504 loss: 4.118357537663542e-05
Saving checkpoint at epoch 20; prefix = chkpt-ID_7985933768107593
Done Training!

==================================
Testing (cite this): dataloader for dataset DBpedia50
Testing (cite this): batch 0 / 2
Testing (cite this): batch 1 / 2
total number of ranks, torch.Size([123])
====== Ranks ======
ranks size: torch.Size([123])
test_loss: 0.12054672837257385
mr: 14091.748046875
mrr: 0.30604687333106995
h1: 0.2601625919342041
h3: 0.3333333432674408
h5: 0.3658536672592163
h10: 0.38211381435394287
==================================

Done Testing!
done with training and eval
Experiments took 415 seconds on 
