['run_exp.py', '0', 'WN18RR', '20', '5e-3', 'zscore', '128', '64', '30', '0', '1', 'simple', '1']
Creating a new model from scratch
loading NN
done loading NN
loading dataset
WN18RR
X_p: torch.Size([86835, 23])
X_p: torch.Size([2924, 23])
X_p: torch.Size([2824, 23])
done loading dataset
loading filters
done loading filters
loading negative samplers
loading triple features from cache
done loading negative samplers
Running in hyperparameter evaluation mode
TWIG will be evaulaited on the validation set
and will not be tested each epoch on the validation set
running training and eval
TWIG_KGL_v0(
  (linear_struct_1): Linear(in_features=22, out_features=10, bias=True)
  (relu_1): ReLU()
  (dropout_1): Dropout(p=0.01, inplace=False)
  (linear_struct_2): Linear(in_features=10, out_features=10, bias=True)
  (relu_2): ReLU()
  (dropout_2): Dropout(p=0.01, inplace=False)
  (linear_final): Linear(in_features=10, out_features=1, bias=True)
  (sigmoid_final): Sigmoid()
)
REC: Training with epochs = 20
Epoch 1 -- batch 0 / 679 loss: 0.14678747951984406
batch 500 / 679 loss: 1.9655120922834612e-05
Epoch 2 -- batch 0 / 679 loss: 3.126385126961395e-05
batch 500 / 679 loss: 5.234126729192212e-05
Epoch 3 -- batch 0 / 679 loss: 0.0
batch 500 / 679 loss: 4.123288090340793e-05
Epoch 4 -- batch 0 / 679 loss: 0.0
batch 500 / 679 loss: 4.694212111644447e-05
Epoch 5 -- batch 0 / 679 loss: 0.0
batch 500 / 679 loss: 0.0
Saving checkpoint at epoch 5; prefix = chkpt-ID_605806646253486
Epoch 6 -- batch 0 / 679 loss: 2.718950781854801e-05
batch 500 / 679 loss: 0.000133924389956519
Epoch 7 -- batch 0 / 679 loss: 8.711353075341322e-06
batch 500 / 679 loss: 2.4787828806438483e-05
Epoch 8 -- batch 0 / 679 loss: 0.0
batch 500 / 679 loss: 0.0
Epoch 9 -- batch 0 / 679 loss: 0.0
batch 500 / 679 loss: 3.688986907945946e-05
Epoch 10 -- batch 0 / 679 loss: 0.0
batch 500 / 679 loss: 0.0
Saving checkpoint at epoch 10; prefix = chkpt-ID_605806646253486
Epoch 11 -- batch 0 / 679 loss: 0.0
batch 500 / 679 loss: 2.6041669116239063e-05
Epoch 12 -- batch 0 / 679 loss: 0.0
batch 500 / 679 loss: 3.169538831571117e-05
Epoch 13 -- batch 0 / 679 loss: 0.0
batch 500 / 679 loss: 7.592820475110784e-05
Epoch 14 -- batch 0 / 679 loss: 0.0
batch 500 / 679 loss: 6.101352846599184e-05
Epoch 15 -- batch 0 / 679 loss: 0.0
batch 500 / 679 loss: 6.576047780981753e-06
Saving checkpoint at epoch 15; prefix = chkpt-ID_605806646253486
Epoch 16 -- batch 0 / 679 loss: 0.0
batch 500 / 679 loss: 0.0
Epoch 17 -- batch 0 / 679 loss: 0.0
batch 500 / 679 loss: 0.0
Epoch 18 -- batch 0 / 679 loss: 0.0
batch 500 / 679 loss: 2.7909683922189288e-05
Epoch 19 -- batch 0 / 679 loss: 0.0
batch 500 / 679 loss: 2.6041669116239063e-05
Epoch 20 -- batch 0 / 679 loss: 0.0
batch 500 / 679 loss: 5.614239853457548e-06
Saving checkpoint at epoch 20; prefix = chkpt-ID_605806646253486
Done Training!

==================================
Testing (cite this): dataloader for dataset WN18RR
Testing (cite this): batch 0 / 45
Testing (cite this): batch 1 / 45
Testing (cite this): batch 2 / 45
Testing (cite this): batch 3 / 45
Testing (cite this): batch 4 / 45
Testing (cite this): batch 5 / 45
Testing (cite this): batch 6 / 45
Testing (cite this): batch 7 / 45
Testing (cite this): batch 8 / 45
Testing (cite this): batch 9 / 45
Testing (cite this): batch 10 / 45
Testing (cite this): batch 11 / 45
Testing (cite this): batch 12 / 45
Testing (cite this): batch 13 / 45
Testing (cite this): batch 14 / 45
Testing (cite this): batch 15 / 45
Testing (cite this): batch 16 / 45
Testing (cite this): batch 17 / 45
Testing (cite this): batch 18 / 45
Testing (cite this): batch 19 / 45
Testing (cite this): batch 20 / 45
Testing (cite this): batch 21 / 45
Testing (cite this): batch 22 / 45
Testing (cite this): batch 23 / 45
Testing (cite this): batch 24 / 45
Testing (cite this): batch 25 / 45
Testing (cite this): batch 26 / 45
Testing (cite this): batch 27 / 45
Testing (cite this): batch 28 / 45
Testing (cite this): batch 29 / 45
Testing (cite this): batch 30 / 45
Testing (cite this): batch 31 / 45
Testing (cite this): batch 32 / 45
Testing (cite this): batch 33 / 45
Testing (cite this): batch 34 / 45
Testing (cite this): batch 35 / 45
Testing (cite this): batch 36 / 45
Testing (cite this): batch 37 / 45
Testing (cite this): batch 38 / 45
Testing (cite this): batch 39 / 45
Testing (cite this): batch 40 / 45
Testing (cite this): batch 41 / 45
Testing (cite this): batch 42 / 45
Testing (cite this): batch 43 / 45
Testing (cite this): batch 44 / 45
total number of ranks, torch.Size([2824])
====== Ranks ======
ranks size: torch.Size([2824])
test_loss: 4.447724021971226
mr: 52653.16015625
mrr: 0.009772607125341892
h1: 0.0074362605810165405
h3: 0.010623229667544365
h5: 0.012393767945468426
h10: 0.014518413692712784
==================================

Done Testing!
done with training and eval
Experiments took 1414 seconds on 
