['run_exp.py', '0', 'OpenEA', '20', '5e-5', 'zscore', '128', '64', '100', '0', '1', 'simple', '1']
Creating a new model from scratch
loading NN
done loading NN
loading dataset
OpenEA
X_p: torch.Size([30612, 23])
X_p: torch.Size([3826, 23])
X_p: torch.Size([3827, 23])
done loading dataset
loading filters
done loading filters
loading negative samplers
loading triple features from cache
done loading negative samplers
Running in hyperparameter evaluation mode
TWIG will be evaulaited on the validation set
and will not be tested each epoch on the validation set
running training and eval
TWIG_KGL_v0(
  (linear_struct_1): Linear(in_features=22, out_features=10, bias=True)
  (relu_1): ReLU()
  (dropout_1): Dropout(p=0.01, inplace=False)
  (linear_struct_2): Linear(in_features=10, out_features=10, bias=True)
  (relu_2): ReLU()
  (dropout_2): Dropout(p=0.01, inplace=False)
  (linear_final): Linear(in_features=10, out_features=1, bias=True)
  (sigmoid_final): Sigmoid()
)
REC: Training with epochs = 20
Epoch 1 -- batch 0 / 240 loss: 0.10698030889034271
Epoch 2 -- batch 0 / 240 loss: 0.09795145690441132
Epoch 3 -- batch 0 / 240 loss: 0.0875595360994339
Epoch 4 -- batch 0 / 240 loss: 0.07236684858798981
Epoch 5 -- batch 0 / 240 loss: 0.052671097218990326
Saving checkpoint at epoch 5; prefix = chkpt-ID_8911616672352053
Epoch 6 -- batch 0 / 240 loss: 0.03499935194849968
Epoch 7 -- batch 0 / 240 loss: 0.022145980969071388
Epoch 8 -- batch 0 / 240 loss: 0.015357302501797676
Epoch 9 -- batch 0 / 240 loss: 0.010749420151114464
Epoch 10 -- batch 0 / 240 loss: 0.008026320487260818
Saving checkpoint at epoch 10; prefix = chkpt-ID_8911616672352053
Epoch 11 -- batch 0 / 240 loss: 0.0064707063138484955
Epoch 12 -- batch 0 / 240 loss: 0.004616853781044483
Epoch 13 -- batch 0 / 240 loss: 0.003972597420215607
Epoch 14 -- batch 0 / 240 loss: 0.0037241436075419188
Epoch 15 -- batch 0 / 240 loss: 0.002987751504406333
Saving checkpoint at epoch 15; prefix = chkpt-ID_8911616672352053
Epoch 16 -- batch 0 / 240 loss: 0.002358177211135626
Epoch 17 -- batch 0 / 240 loss: 0.0016269027255475521
Epoch 18 -- batch 0 / 240 loss: 0.001577009679749608
Epoch 19 -- batch 0 / 240 loss: 0.001382848247885704
Epoch 20 -- batch 0 / 240 loss: 0.0012364271096885204
Saving checkpoint at epoch 20; prefix = chkpt-ID_8911616672352053
Done Training!

==================================
Testing (cite this): dataloader for dataset OpenEA
Testing (cite this): batch 0 / 60
Testing (cite this): batch 1 / 60
Testing (cite this): batch 2 / 60
Testing (cite this): batch 3 / 60
Testing (cite this): batch 4 / 60
Testing (cite this): batch 5 / 60
Testing (cite this): batch 6 / 60
Testing (cite this): batch 7 / 60
Testing (cite this): batch 8 / 60
Testing (cite this): batch 9 / 60
Testing (cite this): batch 10 / 60
Testing (cite this): batch 11 / 60
Testing (cite this): batch 12 / 60
Testing (cite this): batch 13 / 60
Testing (cite this): batch 14 / 60
Testing (cite this): batch 15 / 60
Testing (cite this): batch 16 / 60
Testing (cite this): batch 17 / 60
Testing (cite this): batch 18 / 60
Testing (cite this): batch 19 / 60
Testing (cite this): batch 20 / 60
Testing (cite this): batch 21 / 60
Testing (cite this): batch 22 / 60
Testing (cite this): batch 23 / 60
Testing (cite this): batch 24 / 60
Testing (cite this): batch 25 / 60
Testing (cite this): batch 26 / 60
Testing (cite this): batch 27 / 60
Testing (cite this): batch 28 / 60
Testing (cite this): batch 29 / 60
Testing (cite this): batch 30 / 60
Testing (cite this): batch 31 / 60
Testing (cite this): batch 32 / 60
Testing (cite this): batch 33 / 60
Testing (cite this): batch 34 / 60
Testing (cite this): batch 35 / 60
Testing (cite this): batch 36 / 60
Testing (cite this): batch 37 / 60
Testing (cite this): batch 38 / 60
Testing (cite this): batch 39 / 60
Testing (cite this): batch 40 / 60
Testing (cite this): batch 41 / 60
Testing (cite this): batch 42 / 60
Testing (cite this): batch 43 / 60
Testing (cite this): batch 44 / 60
Testing (cite this): batch 45 / 60
Testing (cite this): batch 46 / 60
Testing (cite this): batch 47 / 60
Testing (cite this): batch 48 / 60
Testing (cite this): batch 49 / 60
Testing (cite this): batch 50 / 60
Testing (cite this): batch 51 / 60
Testing (cite this): batch 52 / 60
Testing (cite this): batch 53 / 60
Testing (cite this): batch 54 / 60
Testing (cite this): batch 55 / 60
Testing (cite this): batch 56 / 60
Testing (cite this): batch 57 / 60
Testing (cite this): batch 58 / 60
Testing (cite this): batch 59 / 60
total number of ranks, torch.Size([3827])
====== Ranks ======
ranks size: torch.Size([3827])
test_loss: 3.635212566703558
mr: 8350.9853515625
mrr: 0.1656036525964737
h1: 0.125685915350914
h3: 0.18630781769752502
h5: 0.21165403723716736
h10: 0.24483929574489594
==================================

Done Testing!
done with training and eval
Experiments took 673 seconds on 
