['run_exp.py', '0', 'WN18RR', '20', '5e-4', 'zscore', '128', '64', '100', '0', '1', 'simple', '1']
Creating a new model from scratch
loading NN
done loading NN
loading dataset
WN18RR
X_p: torch.Size([86835, 23])
X_p: torch.Size([2924, 23])
X_p: torch.Size([2824, 23])
done loading dataset
loading filters
done loading filters
loading negative samplers
loading triple features from cache
done loading negative samplers
Running in hyperparameter evaluation mode
TWIG will be evaulaited on the validation set
and will not be tested each epoch on the validation set
running training and eval
TWIG_KGL_v0(
  (linear_struct_1): Linear(in_features=22, out_features=10, bias=True)
  (relu_1): ReLU()
  (dropout_1): Dropout(p=0.01, inplace=False)
  (linear_struct_2): Linear(in_features=10, out_features=10, bias=True)
  (relu_2): ReLU()
  (dropout_2): Dropout(p=0.01, inplace=False)
  (linear_final): Linear(in_features=10, out_features=1, bias=True)
  (sigmoid_final): Sigmoid()
)
REC: Training with epochs = 20
Epoch 1 -- batch 0 / 679 loss: 0.14660429954528809
batch 500 / 679 loss: 0.00032710813684388995
Epoch 2 -- batch 0 / 679 loss: 2.3241083908942528e-05
batch 500 / 679 loss: 0.00020737606973852962
Epoch 3 -- batch 0 / 679 loss: 1.2611928468686529e-05
batch 500 / 679 loss: 0.0001804702915251255
Epoch 4 -- batch 0 / 679 loss: 3.626773104770109e-05
batch 500 / 679 loss: 0.00011772008292609826
Epoch 5 -- batch 0 / 679 loss: 3.984147770097479e-05
batch 500 / 679 loss: 0.00012193884322186932
Saving checkpoint at epoch 5; prefix = chkpt-ID_3698678519432559
Epoch 6 -- batch 0 / 679 loss: 1.4711452422488946e-05
batch 500 / 679 loss: 0.00012196662282804027
Epoch 7 -- batch 0 / 679 loss: 1.7091449990402907e-05
batch 500 / 679 loss: 7.004812505329028e-05
Epoch 8 -- batch 0 / 679 loss: 2.0439403670025058e-05
batch 500 / 679 loss: 7.410089165205136e-05
Epoch 9 -- batch 0 / 679 loss: 1.9764229364227504e-05
batch 500 / 679 loss: 2.9614111554110423e-05
Epoch 10 -- batch 0 / 679 loss: 1.420463013346307e-05
batch 500 / 679 loss: 3.4034990676445886e-05
Saving checkpoint at epoch 10; prefix = chkpt-ID_3698678519432559
Epoch 11 -- batch 0 / 679 loss: 2.193379077652935e-05
batch 500 / 679 loss: 1.5835510566830635e-05
Epoch 12 -- batch 0 / 679 loss: 6.226334789971588e-06
batch 500 / 679 loss: 7.163554528233362e-06
Epoch 13 -- batch 0 / 679 loss: 2.229443271062337e-05
batch 500 / 679 loss: 3.432741141295992e-05
Epoch 14 -- batch 0 / 679 loss: 0.0
batch 500 / 679 loss: 2.3989514374989085e-05
Epoch 15 -- batch 0 / 679 loss: 7.378613645414589e-06
batch 500 / 679 loss: 1.6957988918875344e-05
Saving checkpoint at epoch 15; prefix = chkpt-ID_3698678519432559
Epoch 16 -- batch 0 / 679 loss: 7.404059033433441e-06
batch 500 / 679 loss: 1.5786947187734768e-05
Epoch 17 -- batch 0 / 679 loss: 0.0
batch 500 / 679 loss: 0.0
Epoch 18 -- batch 0 / 679 loss: 7.812500371073838e-06
batch 500 / 679 loss: 0.0
Epoch 19 -- batch 0 / 679 loss: 1.0580388334346935e-06
batch 500 / 679 loss: 3.385249510756694e-05
Epoch 20 -- batch 0 / 679 loss: 1.0883338291023392e-05
batch 500 / 679 loss: 2.5258843379560858e-05
Saving checkpoint at epoch 20; prefix = chkpt-ID_3698678519432559
Done Training!

==================================
Testing (cite this): dataloader for dataset WN18RR
Testing (cite this): batch 0 / 45
Testing (cite this): batch 1 / 45
Testing (cite this): batch 2 / 45
Testing (cite this): batch 3 / 45
Testing (cite this): batch 4 / 45
Testing (cite this): batch 5 / 45
Testing (cite this): batch 6 / 45
Testing (cite this): batch 7 / 45
Testing (cite this): batch 8 / 45
Testing (cite this): batch 9 / 45
Testing (cite this): batch 10 / 45
Testing (cite this): batch 11 / 45
Testing (cite this): batch 12 / 45
Testing (cite this): batch 13 / 45
Testing (cite this): batch 14 / 45
Testing (cite this): batch 15 / 45
Testing (cite this): batch 16 / 45
Testing (cite this): batch 17 / 45
Testing (cite this): batch 18 / 45
Testing (cite this): batch 19 / 45
Testing (cite this): batch 20 / 45
Testing (cite this): batch 21 / 45
Testing (cite this): batch 22 / 45
Testing (cite this): batch 23 / 45
Testing (cite this): batch 24 / 45
Testing (cite this): batch 25 / 45
Testing (cite this): batch 26 / 45
Testing (cite this): batch 27 / 45
Testing (cite this): batch 28 / 45
Testing (cite this): batch 29 / 45
Testing (cite this): batch 30 / 45
Testing (cite this): batch 31 / 45
Testing (cite this): batch 32 / 45
Testing (cite this): batch 33 / 45
Testing (cite this): batch 34 / 45
Testing (cite this): batch 35 / 45
Testing (cite this): batch 36 / 45
Testing (cite this): batch 37 / 45
Testing (cite this): batch 38 / 45
Testing (cite this): batch 39 / 45
Testing (cite this): batch 40 / 45
Testing (cite this): batch 41 / 45
Testing (cite this): batch 42 / 45
Testing (cite this): batch 43 / 45
Testing (cite this): batch 44 / 45
total number of ranks, torch.Size([2824])
====== Ranks ======
ranks size: torch.Size([2824])
test_loss: 4.4284513220191
mr: 56032.32421875
mrr: 0.010939295403659344
h1: 0.00141643057577312
h3: 0.009560906328260899
h5: 0.014164306223392487
h10: 0.027266288176178932
==================================

Done Testing!
done with training and eval
Experiments took 1873 seconds on 
