loading model settings from cache: checkpoints/chkpt-ID_5336826154703196.pkl
overriding original values for epochs. Was 100, now is 10
overriding original values for dataset_names. Was ['WN18RR'], now is ['DBpedia50']
overriding original values for batch_size. Was 128, now is 64
overriding original values for lr. Was 0.005, now is 5e-05
overriding original values for npp. Was 500, now is 100
overriding original values for hyp_validation_mode. Was False, now is 1
It will be trained for 10 more epochs now.
If you are loading a modle that was itself loaded from checkpoint, the number of epochs listed as already completed above will be incorrect
until I get around to fxing this, you will have to recursively go through logs to find the total number of epochs run
loadng TWIG-I model from disk at: checkpoints/chkpt-ID_5336826154703196_e40.pt
the full config being used is: {'version': 0, 'dataset_names': ['DBpedia50'], 'epochs': 10, 'lr': 5e-05, 'normalisation': 'zscore', 'batch_size': 64, 'batch_size_test': 64, 'npp': 100, 'sampler_type': 'simple', 'use_train_filter': False, 'use_valid_and_test_filters': True, 'hyp_validation_mode': 1}
Using provided pre-existing model
loading dataset
DBpedia50
X_p: torch.Size([32203, 23])
X_p: torch.Size([2095, 23])
X_p: torch.Size([123, 23])
done loading dataset
loading filters
done loading filters
loading negative samplers
loading triple features from cache
done loading negative samplers
Running in hyperparameter evaluation mode
TWIG will be evaulaited on the validation set
and will not be tested each epoch on the validation set
running training and eval
TWIG_KGL_v0(
  (linear_struct_1): Linear(in_features=22, out_features=10, bias=True)
  (relu_1): ReLU()
  (dropout_1): Dropout(p=0.01, inplace=False)
  (linear_struct_2): Linear(in_features=10, out_features=10, bias=True)
  (relu_2): ReLU()
  (dropout_2): Dropout(p=0.01, inplace=False)
  (linear_final): Linear(in_features=10, out_features=1, bias=True)
  (sigmoid_final): Sigmoid()
)
REC: Training with epochs = 10
Epoch 1 -- batch 0 / 504 loss: 0.017672568559646606
batch 500 / 504 loss: 0.014956521801650524
Epoch 2 -- batch 0 / 504 loss: 0.01544385775923729
batch 500 / 504 loss: 0.003668461460620165
Epoch 3 -- batch 0 / 504 loss: 0.004070520866662264
batch 500 / 504 loss: 0.0008561212453059852
Epoch 4 -- batch 0 / 504 loss: 0.0008604320464655757
batch 500 / 504 loss: 0.0007766850176267326
Epoch 5 -- batch 0 / 504 loss: 0.0010648295283317566
batch 500 / 504 loss: 0.0005102864815853536
Saving checkpoint at epoch 5; prefix = chkpt-ID_4850176989635550
Epoch 6 -- batch 0 / 504 loss: 0.0006613248260691762
batch 500 / 504 loss: 0.0004859220061916858
Epoch 7 -- batch 0 / 504 loss: 0.0006482719327323139
batch 500 / 504 loss: 0.00038367477827705443
Epoch 8 -- batch 0 / 504 loss: 0.00041607304592616856
batch 500 / 504 loss: 0.00022865920618642122
Epoch 9 -- batch 0 / 504 loss: 0.0004126992716919631
batch 500 / 504 loss: 0.00016242521815001965
Epoch 10 -- batch 0 / 504 loss: 0.00023889915610197932
batch 500 / 504 loss: 0.00017109721375163645
Saving checkpoint at epoch 10; prefix = chkpt-ID_4850176989635550
Done Training!

==================================
Testing (cite this): dataloader for dataset DBpedia50
Testing (cite this): batch 0 / 2
Testing (cite this): batch 1 / 2
total number of ranks, torch.Size([123])
====== Ranks ======
ranks size: torch.Size([123])
test_loss: 0.08610815182328224
mr: 8960.8662109375
mrr: 0.23306667804718018
h1: 0.19512194395065308
h3: 0.24390244483947754
h5: 0.2520325183868408
h10: 0.3008130192756653
==================================

Done Testing!
done with training and eval
Experiments took 268 seconds on 
