loading model settings from cache: checkpoints/chkpt-ID_2302135203951868.pkl
overriding original values for epochs. Was 100, now is 10
overriding original values for dataset_names. Was ['FB15k237'], now is ['DBpedia50']
overriding original values for batch_size. Was 128, now is 64
overriding original values for lr. Was 0.0005, now is 5e-05
overriding original values for npp. Was 100, now is 500
overriding original values for hyp_validation_mode. Was False, now is 1
It will be trained for 10 more epochs now.
If you are loading a modle that was itself loaded from checkpoint, the number of epochs listed as already completed above will be incorrect
until I get around to fxing this, you will have to recursively go through logs to find the total number of epochs run
loadng TWIG-I model from disk at: checkpoints/chkpt-ID_2302135203951868_e100.pt
the full config being used is: {'version': 0, 'dataset_names': ['DBpedia50'], 'epochs': 10, 'lr': 5e-05, 'normalisation': 'zscore', 'batch_size': 64, 'batch_size_test': 64, 'npp': 500, 'sampler_type': 'simple', 'use_train_filter': False, 'use_valid_and_test_filters': True, 'hyp_validation_mode': 1}
Using provided pre-existing model
loading dataset
DBpedia50
X_p: torch.Size([32203, 23])
X_p: torch.Size([2095, 23])
X_p: torch.Size([123, 23])
done loading dataset
loading filters
done loading filters
loading negative samplers
loading triple features from cache
done loading negative samplers
Running in hyperparameter evaluation mode
TWIG will be evaulaited on the validation set
and will not be tested each epoch on the validation set
running training and eval
TWIG_KGL_v0(
  (linear_struct_1): Linear(in_features=22, out_features=10, bias=True)
  (relu_1): ReLU()
  (dropout_1): Dropout(p=0.01, inplace=False)
  (linear_struct_2): Linear(in_features=10, out_features=10, bias=True)
  (relu_2): ReLU()
  (dropout_2): Dropout(p=0.01, inplace=False)
  (linear_final): Linear(in_features=10, out_features=1, bias=True)
  (sigmoid_final): Sigmoid()
)
REC: Training with epochs = 10
Epoch 1 -- batch 0 / 504 loss: 0.027226228266954422
batch 500 / 504 loss: 0.022208545356988907
Epoch 2 -- batch 0 / 504 loss: 0.014896095730364323
batch 500 / 504 loss: 0.019074833020567894
Epoch 3 -- batch 0 / 504 loss: 0.012576938606798649
batch 500 / 504 loss: 0.017744364216923714
Epoch 4 -- batch 0 / 504 loss: 0.012421938590705395
batch 500 / 504 loss: 0.01689418964087963
Epoch 5 -- batch 0 / 504 loss: 0.011323590762913227
batch 500 / 504 loss: 0.0010598747758194804
Saving checkpoint at epoch 5; prefix = chkpt-ID_5895420520066900
Epoch 6 -- batch 0 / 504 loss: 0.0007068939157761633
batch 500 / 504 loss: 0.0006784700672142208
Epoch 7 -- batch 0 / 504 loss: 0.0005042347474955022
batch 500 / 504 loss: 0.0005306132370606065
Epoch 8 -- batch 0 / 504 loss: 0.0003563160134945065
batch 500 / 504 loss: 0.0004522005619946867
Epoch 9 -- batch 0 / 504 loss: 0.0002902566338889301
batch 500 / 504 loss: 0.000337759469402954
Epoch 10 -- batch 0 / 504 loss: 0.0002483840216882527
batch 500 / 504 loss: 0.00031287153251469135
Saving checkpoint at epoch 10; prefix = chkpt-ID_5895420520066900
Done Training!

==================================
Testing (cite this): dataloader for dataset DBpedia50
Testing (cite this): batch 0 / 2
Testing (cite this): batch 1 / 2
total number of ranks, torch.Size([123])
====== Ranks ======
ranks size: torch.Size([123])
test_loss: 0.11227057874202728
mr: 5545.0205078125
mrr: 0.10220088809728622
h1: 0.008130080997943878
h3: 0.08130080997943878
h5: 0.2601625919342041
h10: 0.34959349036216736
==================================

Done Testing!
done with training and eval
Experiments took 595 seconds on 
