loading model settings from cache: checkpoints/chkpt-ID_5336826154703196.pkl
overriding original values for epochs. Was 100, now is 10
overriding original values for dataset_names. Was ['WN18RR'], now is ['DBpedia50']
overriding original values for batch_size. Was 128, now is 64
overriding original values for lr. Was 0.005, now is 0.0005
overriding original values for npp. Was 500, now is 30
overriding original values for hyp_validation_mode. Was False, now is 1
It will be trained for 10 more epochs now.
If you are loading a modle that was itself loaded from checkpoint, the number of epochs listed as already completed above will be incorrect
until I get around to fxing this, you will have to recursively go through logs to find the total number of epochs run
loadng TWIG-I model from disk at: checkpoints/chkpt-ID_5336826154703196_e40.pt
the full config being used is: {'version': 0, 'dataset_names': ['DBpedia50'], 'epochs': 10, 'lr': 0.0005, 'normalisation': 'zscore', 'batch_size': 64, 'batch_size_test': 64, 'npp': 30, 'sampler_type': 'simple', 'use_train_filter': False, 'use_valid_and_test_filters': True, 'hyp_validation_mode': 1}
Using provided pre-existing model
loading dataset
DBpedia50
X_p: torch.Size([32203, 23])
X_p: torch.Size([2095, 23])
X_p: torch.Size([123, 23])
done loading dataset
loading filters
done loading filters
loading negative samplers
loading triple features from cache
done loading negative samplers
Running in hyperparameter evaluation mode
TWIG will be evaulaited on the validation set
and will not be tested each epoch on the validation set
running training and eval
TWIG_KGL_v0(
  (linear_struct_1): Linear(in_features=22, out_features=10, bias=True)
  (relu_1): ReLU()
  (dropout_1): Dropout(p=0.01, inplace=False)
  (linear_struct_2): Linear(in_features=10, out_features=10, bias=True)
  (relu_2): ReLU()
  (dropout_2): Dropout(p=0.01, inplace=False)
  (linear_final): Linear(in_features=10, out_features=1, bias=True)
  (sigmoid_final): Sigmoid()
)
REC: Training with epochs = 10
Epoch 1 -- batch 0 / 504 loss: 0.016820859163999557
batch 500 / 504 loss: 0.0005487726302817464
Epoch 2 -- batch 0 / 504 loss: 0.0003224792017135769
batch 500 / 504 loss: 4.5446049625752494e-05
Epoch 3 -- batch 0 / 504 loss: 0.0
batch 500 / 504 loss: 4.299465217627585e-05
Epoch 4 -- batch 0 / 504 loss: 2.4797695004963316e-05
batch 500 / 504 loss: 7.407307566609234e-05
Epoch 5 -- batch 0 / 504 loss: 0.00014260142052080482
batch 500 / 504 loss: 0.00010648945317370817
Saving checkpoint at epoch 5; prefix = chkpt-ID_5972484852991791
Epoch 6 -- batch 0 / 504 loss: 0.0
batch 500 / 504 loss: 3.6932578950654715e-05
Epoch 7 -- batch 0 / 504 loss: 0.0
batch 500 / 504 loss: 0.0
Epoch 8 -- batch 0 / 504 loss: 0.0
batch 500 / 504 loss: 0.0
Epoch 9 -- batch 0 / 504 loss: 0.0
batch 500 / 504 loss: 0.0
Epoch 10 -- batch 0 / 504 loss: 0.0
batch 500 / 504 loss: 0.0
Saving checkpoint at epoch 10; prefix = chkpt-ID_5972484852991791
Done Training!

==================================
Testing (cite this): dataloader for dataset DBpedia50
Testing (cite this): batch 0 / 2
Testing (cite this): batch 1 / 2
total number of ranks, torch.Size([123])
====== Ranks ======
ranks size: torch.Size([123])
test_loss: 0.11334846913814545
mr: 13769.29296875
mrr: 0.4287402331829071
h1: 0.3983739912509918
h3: 0.4471544623374939
h5: 0.46341463923454285
h10: 0.49593496322631836
==================================

Done Testing!
done with training and eval
Experiments took 215 seconds on 
