loading model settings from cache: checkpoints/chkpt-ID_5336826154703196.pkl
overriding original values for epochs. Was 100, now is 10
overriding original values for dataset_names. Was ['WN18RR'], now is ['DBpedia50']
overriding original values for batch_size. Was 128, now is 64
overriding original values for lr. Was 0.005, now is 0.005
overriding original values for npp. Was 500, now is 100
overriding original values for hyp_validation_mode. Was False, now is 1
It will be trained for 10 more epochs now.
If you are loading a modle that was itself loaded from checkpoint, the number of epochs listed as already completed above will be incorrect
until I get around to fxing this, you will have to recursively go through logs to find the total number of epochs run
loadng TWIG-I model from disk at: checkpoints/chkpt-ID_5336826154703196_e40.pt
the full config being used is: {'version': 0, 'dataset_names': ['DBpedia50'], 'epochs': 10, 'lr': 0.005, 'normalisation': 'zscore', 'batch_size': 64, 'batch_size_test': 64, 'npp': 100, 'sampler_type': 'simple', 'use_train_filter': False, 'use_valid_and_test_filters': True, 'hyp_validation_mode': 1}
Using provided pre-existing model
loading dataset
DBpedia50
X_p: torch.Size([32203, 23])
X_p: torch.Size([2095, 23])
X_p: torch.Size([123, 23])
done loading dataset
loading filters
done loading filters
loading negative samplers
loading triple features from cache
done loading negative samplers
Running in hyperparameter evaluation mode
TWIG will be evaulaited on the validation set
and will not be tested each epoch on the validation set
running training and eval
TWIG_KGL_v0(
  (linear_struct_1): Linear(in_features=22, out_features=10, bias=True)
  (relu_1): ReLU()
  (dropout_1): Dropout(p=0.01, inplace=False)
  (linear_struct_2): Linear(in_features=10, out_features=10, bias=True)
  (relu_2): ReLU()
  (dropout_2): Dropout(p=0.01, inplace=False)
  (linear_final): Linear(in_features=10, out_features=1, bias=True)
  (sigmoid_final): Sigmoid()
)
REC: Training with epochs = 10
Epoch 1 -- batch 0 / 504 loss: 0.01848739944398403
batch 500 / 504 loss: 0.0
Epoch 2 -- batch 0 / 504 loss: 0.0
batch 500 / 504 loss: 1.0387577276560478e-05
Epoch 3 -- batch 0 / 504 loss: 5.09856290591415e-05
batch 500 / 504 loss: 2.094616138492711e-05
Epoch 4 -- batch 0 / 504 loss: 0.0
batch 500 / 504 loss: 1.2948406947543845e-05
Epoch 5 -- batch 0 / 504 loss: 0.0
batch 500 / 504 loss: 2.2269536202657036e-05
Saving checkpoint at epoch 5; prefix = chkpt-ID_331496841248790
Epoch 6 -- batch 0 / 504 loss: 1.0586144526314456e-05
batch 500 / 504 loss: 8.330697710334789e-06
Epoch 7 -- batch 0 / 504 loss: 1.4786865904170554e-05
batch 500 / 504 loss: 2.3627424525329843e-05
Epoch 8 -- batch 0 / 504 loss: 0.0
batch 500 / 504 loss: 0.0
Epoch 9 -- batch 0 / 504 loss: 2.792120085359784e-06
batch 500 / 504 loss: 0.0
Epoch 10 -- batch 0 / 504 loss: 1.487116878706729e-05
batch 500 / 504 loss: 1.8570359316072427e-05
Saving checkpoint at epoch 10; prefix = chkpt-ID_331496841248790
Done Training!

==================================
Testing (cite this): dataloader for dataset DBpedia50
Testing (cite this): batch 0 / 2
Testing (cite this): batch 1 / 2
total number of ranks, torch.Size([123])
====== Ranks ======
ranks size: torch.Size([123])
test_loss: 0.11243360117077827
mr: 12679.7314453125
mrr: 0.4283321797847748
h1: 0.4146341383457184
h3: 0.43089431524276733
h5: 0.4390243887901306
h10: 0.46341463923454285
==================================

Done Testing!
done with training and eval
Experiments took 229 seconds on 
