loading model settings from cache: checkpoints/chkpt-ID_5336826154703196.pkl
overriding original values for epochs. Was 100, now is 10
overriding original values for dataset_names. Was ['WN18RR'], now is ['DBpedia50']
overriding original values for batch_size. Was 128, now is 64
overriding original values for lr. Was 0.005, now is 0.0005
overriding original values for npp. Was 500, now is 100
overriding original values for hyp_validation_mode. Was False, now is 1
It will be trained for 10 more epochs now.
If you are loading a modle that was itself loaded from checkpoint, the number of epochs listed as already completed above will be incorrect
until I get around to fxing this, you will have to recursively go through logs to find the total number of epochs run
loadng TWIG-I model from disk at: checkpoints/chkpt-ID_5336826154703196_e40.pt
the full config being used is: {'version': 0, 'dataset_names': ['DBpedia50'], 'epochs': 10, 'lr': 0.0005, 'normalisation': 'zscore', 'batch_size': 64, 'batch_size_test': 64, 'npp': 100, 'sampler_type': 'simple', 'use_train_filter': False, 'use_valid_and_test_filters': True, 'hyp_validation_mode': 1}
Using provided pre-existing model
loading dataset
DBpedia50
X_p: torch.Size([32203, 23])
X_p: torch.Size([2095, 23])
X_p: torch.Size([123, 23])
done loading dataset
loading filters
done loading filters
loading negative samplers
loading triple features from cache
done loading negative samplers
Running in hyperparameter evaluation mode
TWIG will be evaulaited on the validation set
and will not be tested each epoch on the validation set
running training and eval
TWIG_KGL_v0(
  (linear_struct_1): Linear(in_features=22, out_features=10, bias=True)
  (relu_1): ReLU()
  (dropout_1): Dropout(p=0.01, inplace=False)
  (linear_struct_2): Linear(in_features=10, out_features=10, bias=True)
  (relu_2): ReLU()
  (dropout_2): Dropout(p=0.01, inplace=False)
  (linear_final): Linear(in_features=10, out_features=1, bias=True)
  (sigmoid_final): Sigmoid()
)
REC: Training with epochs = 10
Epoch 1 -- batch 0 / 504 loss: 0.017933325842022896
batch 500 / 504 loss: 0.00019745541794691235
Epoch 2 -- batch 0 / 504 loss: 0.00029929462471045554
batch 500 / 504 loss: 0.0
Epoch 3 -- batch 0 / 504 loss: 4.2056482925545424e-05
batch 500 / 504 loss: 7.117740460671484e-05
Epoch 4 -- batch 0 / 504 loss: 5.7767920225160196e-05
batch 500 / 504 loss: 0.000164777971804142
Epoch 5 -- batch 0 / 504 loss: 5.166899427422322e-05
batch 500 / 504 loss: 5.170290751266293e-05
Saving checkpoint at epoch 5; prefix = chkpt-ID_3047411703565339
Epoch 6 -- batch 0 / 504 loss: 0.0
batch 500 / 504 loss: 2.058846985164564e-05
Epoch 7 -- batch 0 / 504 loss: 2.2426007490139455e-05
batch 500 / 504 loss: 1.8327476936974563e-05
Epoch 8 -- batch 0 / 504 loss: 3.8395046431105584e-05
batch 500 / 504 loss: 5.02092188980896e-05
Epoch 9 -- batch 0 / 504 loss: 0.0
batch 500 / 504 loss: 7.923418706923258e-06
Epoch 10 -- batch 0 / 504 loss: 1.8294194887857884e-05
batch 500 / 504 loss: 2.712634886847809e-05
Saving checkpoint at epoch 10; prefix = chkpt-ID_3047411703565339
Done Training!

==================================
Testing (cite this): dataloader for dataset DBpedia50
Testing (cite this): batch 0 / 2
Testing (cite this): batch 1 / 2
total number of ranks, torch.Size([123])
====== Ranks ======
ranks size: torch.Size([123])
test_loss: 0.11420545354485512
mr: 13703.9677734375
mrr: 0.42227694392204285
h1: 0.3983739912509918
h3: 0.4471544623374939
h5: 0.4471544623374939
h10: 0.46341463923454285
==================================

Done Testing!
done with training and eval
Experiments took 256 seconds on 
