loading model settings from cache: checkpoints/chkpt-ID_2302135203951868.pkl
overriding original values for epochs. Was 100, now is 10
overriding original values for dataset_names. Was ['FB15k237'], now is ['DBpedia50']
overriding original values for batch_size. Was 128, now is 64
overriding original values for lr. Was 0.0005, now is 0.005
overriding original values for npp. Was 100, now is 500
overriding original values for hyp_validation_mode. Was False, now is 1
It will be trained for 10 more epochs now.
If you are loading a modle that was itself loaded from checkpoint, the number of epochs listed as already completed above will be incorrect
until I get around to fxing this, you will have to recursively go through logs to find the total number of epochs run
loadng TWIG-I model from disk at: checkpoints/chkpt-ID_2302135203951868_e100.pt
the full config being used is: {'version': 0, 'dataset_names': ['DBpedia50'], 'epochs': 10, 'lr': 0.005, 'normalisation': 'zscore', 'batch_size': 64, 'batch_size_test': 64, 'npp': 500, 'sampler_type': 'simple', 'use_train_filter': False, 'use_valid_and_test_filters': True, 'hyp_validation_mode': 1}
Using provided pre-existing model
loading dataset
DBpedia50
X_p: torch.Size([32203, 23])
X_p: torch.Size([2095, 23])
X_p: torch.Size([123, 23])
done loading dataset
loading filters
done loading filters
loading negative samplers
loading triple features from cache
done loading negative samplers
Running in hyperparameter evaluation mode
TWIG will be evaulaited on the validation set
and will not be tested each epoch on the validation set
running training and eval
TWIG_KGL_v0(
  (linear_struct_1): Linear(in_features=22, out_features=10, bias=True)
  (relu_1): ReLU()
  (dropout_1): Dropout(p=0.01, inplace=False)
  (linear_struct_2): Linear(in_features=10, out_features=10, bias=True)
  (relu_2): ReLU()
  (dropout_2): Dropout(p=0.01, inplace=False)
  (linear_final): Linear(in_features=10, out_features=1, bias=True)
  (sigmoid_final): Sigmoid()
)
REC: Training with epochs = 10
Epoch 1 -- batch 0 / 504 loss: 0.02719125710427761
batch 500 / 504 loss: 3.314200876047835e-05
Epoch 2 -- batch 0 / 504 loss: 2.7651771233649924e-05
batch 500 / 504 loss: 7.262844883371145e-05
Epoch 3 -- batch 0 / 504 loss: 7.160216046031564e-05
batch 500 / 504 loss: 1.3129078979545739e-05
Epoch 4 -- batch 0 / 504 loss: 1.636386696191039e-05
batch 500 / 504 loss: 1.821932710299734e-05
Epoch 5 -- batch 0 / 504 loss: 8.487428203807212e-06
batch 500 / 504 loss: 4.937395715387538e-05
Saving checkpoint at epoch 5; prefix = chkpt-ID_9874876596119270
Epoch 6 -- batch 0 / 504 loss: 1.6899155525607057e-05
batch 500 / 504 loss: 1.2106965186831076e-05
Epoch 7 -- batch 0 / 504 loss: 1.780764796421863e-05
batch 500 / 504 loss: 1.0229597137367819e-05
Epoch 8 -- batch 0 / 504 loss: 1.3393749213719275e-05
batch 500 / 504 loss: 6.06897583566024e-06
Epoch 9 -- batch 0 / 504 loss: 1.4091796401771717e-05
batch 500 / 504 loss: 9.122632945945952e-06
Epoch 10 -- batch 0 / 504 loss: 1.6052084902185015e-05
batch 500 / 504 loss: 7.4713866524689365e-06
Saving checkpoint at epoch 10; prefix = chkpt-ID_9874876596119270
Done Training!

==================================
Testing (cite this): dataloader for dataset DBpedia50
Testing (cite this): batch 0 / 2
Testing (cite this): batch 1 / 2
total number of ranks, torch.Size([123])
====== Ranks ======
ranks size: torch.Size([123])
test_loss: 0.12435944378376007
mr: 9030.5810546875
mrr: 0.32962605357170105
h1: 0.31707316637039185
h3: 0.3333333432674408
h5: 0.3414634168148041
h10: 0.3414634168148041
==================================

Done Testing!
done with training and eval
Experiments took 661 seconds on 
