loading model settings from cache: checkpoints/chkpt-ID_5336826154703196.pkl
overriding original values for epochs. Was 100, now is 10
overriding original values for dataset_names. Was ['WN18RR'], now is ['DBpedia50']
overriding original values for batch_size. Was 128, now is 64
overriding original values for lr. Was 0.005, now is 0.0005
overriding original values for npp. Was 500, now is 500
overriding original values for hyp_validation_mode. Was False, now is 1
It will be trained for 10 more epochs now.
If you are loading a modle that was itself loaded from checkpoint, the number of epochs listed as already completed above will be incorrect
until I get around to fxing this, you will have to recursively go through logs to find the total number of epochs run
loadng TWIG-I model from disk at: checkpoints/chkpt-ID_5336826154703196_e40.pt
the full config being used is: {'version': 0, 'dataset_names': ['DBpedia50'], 'epochs': 10, 'lr': 0.0005, 'normalisation': 'zscore', 'batch_size': 64, 'batch_size_test': 64, 'npp': 500, 'sampler_type': 'simple', 'use_train_filter': False, 'use_valid_and_test_filters': True, 'hyp_validation_mode': 1}
Using provided pre-existing model
loading dataset
DBpedia50
X_p: torch.Size([32203, 23])
X_p: torch.Size([2095, 23])
X_p: torch.Size([123, 23])
done loading dataset
loading filters
done loading filters
loading negative samplers
loading triple features from cache
done loading negative samplers
Running in hyperparameter evaluation mode
TWIG will be evaulaited on the validation set
and will not be tested each epoch on the validation set
running training and eval
TWIG_KGL_v0(
  (linear_struct_1): Linear(in_features=22, out_features=10, bias=True)
  (relu_1): ReLU()
  (dropout_1): Dropout(p=0.01, inplace=False)
  (linear_struct_2): Linear(in_features=10, out_features=10, bias=True)
  (relu_2): ReLU()
  (dropout_2): Dropout(p=0.01, inplace=False)
  (linear_final): Linear(in_features=10, out_features=1, bias=True)
  (sigmoid_final): Sigmoid()
)
REC: Training with epochs = 10
Epoch 1 -- batch 0 / 504 loss: 0.01826821081340313
batch 500 / 504 loss: 0.0002878062950912863
Epoch 2 -- batch 0 / 504 loss: 0.00032504077535122633
batch 500 / 504 loss: 7.758106221444905e-05
Epoch 3 -- batch 0 / 504 loss: 4.862037530983798e-05
batch 500 / 504 loss: 8.316140156239271e-05
Epoch 4 -- batch 0 / 504 loss: 7.371776882791892e-05
batch 500 / 504 loss: 8.004330447874963e-05
Epoch 5 -- batch 0 / 504 loss: 6.091282921261154e-05
batch 500 / 504 loss: 4.342632746556774e-05
Saving checkpoint at epoch 5; prefix = chkpt-ID_6530476676887510
Epoch 6 -- batch 0 / 504 loss: 3.580297197913751e-05
batch 500 / 504 loss: 2.75463389698416e-05
Epoch 7 -- batch 0 / 504 loss: 4.490131323109381e-05
batch 500 / 504 loss: 3.6613560951082036e-05
Epoch 8 -- batch 0 / 504 loss: 4.2369709262857214e-05
batch 500 / 504 loss: 3.2920903322519735e-05
Epoch 9 -- batch 0 / 504 loss: 3.6640743928728625e-05
batch 500 / 504 loss: 2.2143263777252287e-05
Epoch 10 -- batch 0 / 504 loss: 1.6697635146556422e-05
batch 500 / 504 loss: 3.373817162355408e-05
Saving checkpoint at epoch 10; prefix = chkpt-ID_6530476676887510
Done Training!

==================================
Testing (cite this): dataloader for dataset DBpedia50
Testing (cite this): batch 0 / 2
Testing (cite this): batch 1 / 2
total number of ranks, torch.Size([123])
====== Ranks ======
ranks size: torch.Size([123])
test_loss: 0.11506718024611473
mr: 13755.1298828125
mrr: 0.4226600229740143
h1: 0.4065040647983551
h3: 0.42276424169540405
h5: 0.4390243887901306
h10: 0.46341463923454285
==================================

Done Testing!
done with training and eval
Experiments took 695 seconds on 
