loading model settings from cache: checkpoints/FB15k237-pretrain-chkpt-ID_6385341367018417.pkl
Running job! The arguemnts recieved are:
	 dataset_names: CoDExSmall
	 model: TWIGI_Base(
  (linear_struct_1): Linear(in_features=21, out_features=10, bias=True)
  (relu_1): ReLU()
  (dropout_1): Dropout(p=0.01, inplace=False)
  (linear_struct_2): Linear(in_features=10, out_features=10, bias=True)
  (relu_2): ReLU()
  (dropout_2): Dropout(p=0.01, inplace=False)
  (linear_final): Linear(in_features=10, out_features=1, bias=True)
  (sigmoid_final): Sigmoid()
)
	 negative_sampler: simple
	 loss_function: margin-ranking(0.1)
	 early_stopper: None
	 optimizer: Adam (
Parameter Group 0
    amsgrad: False
    betas: (0.9, 0.999)
    capturable: False
    differentiable: False
    eps: 1e-08
    foreach: None
    fused: None
    lr: 0.0005
    maximize: False
    weight_decay: 0
)
	 optimizer_args: {'lr': 0.005}
	 data_args: {'normalisation': 'zscore', 'batch_size': 64, 'batch_size_test': 64, 'fts_blacklist': {'s_o_cofreq'}}
	 training_args: {'epochs': 10, 'npp': 100, 'hyp_validation_mode': False}
	 tag: FB15k237-to-CoDExSmall-from-chkpt-ID_6385341367018417_e10

loading dataset
CoDExSmall
X_p: torch.Size([32888, 22])
n_local: 21
X_p: torch.Size([1828, 22])
n_local: 21
X_p: torch.Size([1827, 22])
n_local: 21
Using a total of 21 features
done loading dataset
loading filters
done loading filters
loading negative samplers
init negative sampler with args
	fts_blacklist: {'s_o_cofreq'}
done loading negative samplers
running training and eval
TWIGI_Base(
  (linear_struct_1): Linear(in_features=21, out_features=10, bias=True)
  (relu_1): ReLU()
  (dropout_1): Dropout(p=0.01, inplace=False)
  (linear_struct_2): Linear(in_features=10, out_features=10, bias=True)
  (relu_2): ReLU()
  (dropout_2): Dropout(p=0.01, inplace=False)
  (linear_final): Linear(in_features=10, out_features=1, bias=True)
  (sigmoid_final): Sigmoid()
)
REC: Training with epochs = 10
Epoch 1 -- batch 0 / 514 loss: 0.037598803639411926
batch 500 / 514 loss: 0.07712459564208984
Epoch 2 -- batch 0 / 514 loss: 0.037332333624362946
batch 500 / 514 loss: 0.07616458833217621
Epoch 3 -- batch 0 / 514 loss: 0.038052648305892944
batch 500 / 514 loss: 0.07696948945522308
Epoch 4 -- batch 0 / 514 loss: 0.03757181763648987
batch 500 / 514 loss: 0.0758981704711914
Epoch 5 -- batch 0 / 514 loss: 0.03817898780107498
batch 500 / 514 loss: 0.07710781693458557
Saving checkpoint at epoch 5; prefix = FB15k237-to-CoDExSmall-from-chkpt-ID_6385341367018417_e10-chkpt-ID_6326419881543881

==================================
Validation: dataloader for dataset CoDExSmall
Validation: batch 0 / 29
batch 0 / 29 loss: 0.02630852535367012
Validation: batch 1 / 29
Validation: batch 2 / 29
Validation: batch 3 / 29
Validation: batch 4 / 29
Validation: batch 5 / 29
Validation: batch 6 / 29
Validation: batch 7 / 29
Validation: batch 8 / 29
Validation: batch 9 / 29
Validation: batch 10 / 29
Validation: batch 11 / 29
Validation: batch 12 / 29
Validation: batch 13 / 29
Validation: batch 14 / 29
Validation: batch 15 / 29
Validation: batch 16 / 29
Validation: batch 17 / 29
Validation: batch 18 / 29
Validation: batch 19 / 29
Validation: batch 20 / 29
Validation: batch 21 / 29
Validation: batch 22 / 29
Validation: batch 23 / 29
Validation: batch 24 / 29
Validation: batch 25 / 29
Validation: batch 26 / 29
Validation: batch 27 / 29
Validation: batch 28 / 29
total number of ranks, torch.Size([3654])
====== Ranks ======
ranks size: torch.Size([3654])
test_loss: 1.2506754789501429
mr: 204.28475952148438
mrr: 0.6560513377189636
h1: 0.6401203870773315
h3: 0.6546250581741333
h5: 0.6650246381759644
h10: 0.6841816902160645
==================================

Epoch 6 -- batch 0 / 514 loss: 0.03732161223888397
batch 500 / 514 loss: 0.07697072625160217
Epoch 7 -- batch 0 / 514 loss: 0.038537248969078064
batch 500 / 514 loss: 0.07767865806818008
Epoch 8 -- batch 0 / 514 loss: 0.03845585137605667
batch 500 / 514 loss: 0.07778224349021912
Epoch 9 -- batch 0 / 514 loss: 0.03807184472680092
batch 500 / 514 loss: 0.07744628936052322
Epoch 10 -- batch 0 / 514 loss: 0.03724212199449539
batch 500 / 514 loss: 0.07809063792228699
Saving checkpoint at epoch 10; prefix = FB15k237-to-CoDExSmall-from-chkpt-ID_6385341367018417_e10-chkpt-ID_6326419881543881
Done Training!

==================================
Testing (cite this): dataloader for dataset CoDExSmall
Testing (cite this): batch 0 / 29
batch 0 / 29 loss: 0.04515755549073219
Testing (cite this): batch 1 / 29
Testing (cite this): batch 2 / 29
Testing (cite this): batch 3 / 29
Testing (cite this): batch 4 / 29
Testing (cite this): batch 5 / 29
Testing (cite this): batch 6 / 29
Testing (cite this): batch 7 / 29
Testing (cite this): batch 8 / 29
Testing (cite this): batch 9 / 29
Testing (cite this): batch 10 / 29
Testing (cite this): batch 11 / 29
Testing (cite this): batch 12 / 29
Testing (cite this): batch 13 / 29
Testing (cite this): batch 14 / 29
Testing (cite this): batch 15 / 29
Testing (cite this): batch 16 / 29
Testing (cite this): batch 17 / 29
Testing (cite this): batch 18 / 29
Testing (cite this): batch 19 / 29
Testing (cite this): batch 20 / 29
Testing (cite this): batch 21 / 29
Testing (cite this): batch 22 / 29
Testing (cite this): batch 23 / 29
Testing (cite this): batch 24 / 29
Testing (cite this): batch 25 / 29
Testing (cite this): batch 26 / 29
Testing (cite this): batch 27 / 29
Testing (cite this): batch 28 / 29
total number of ranks, torch.Size([3656])
====== Ranks ======
ranks size: torch.Size([3656])
test_loss: 1.2276161182671785
mr: 213.92149353027344
mrr: 0.672471821308136
h1: 0.6559081077575684
h3: 0.6714988946914673
h5: 0.6857221126556396
h10: 0.7040481567382812
==================================

Done Testing!
done with training and eval
loading model settings from cache: checkpoints/FB15k237-pretrain-chkpt-ID_6385341367018417.pkl
Running job! The arguemnts recieved are:
	 dataset_names: DBpedia50
	 model: TWIGI_Base(
  (linear_struct_1): Linear(in_features=21, out_features=10, bias=True)
  (relu_1): ReLU()
  (dropout_1): Dropout(p=0.01, inplace=False)
  (linear_struct_2): Linear(in_features=10, out_features=10, bias=True)
  (relu_2): ReLU()
  (dropout_2): Dropout(p=0.01, inplace=False)
  (linear_final): Linear(in_features=10, out_features=1, bias=True)
  (sigmoid_final): Sigmoid()
)
	 negative_sampler: simple
	 loss_function: margin-ranking(0.1)
	 early_stopper: None
	 optimizer: Adam (
Parameter Group 0
    amsgrad: False
    betas: (0.9, 0.999)
    capturable: False
    differentiable: False
    eps: 1e-08
    foreach: None
    fused: None
    lr: 0.0005
    maximize: False
    weight_decay: 0
)
	 optimizer_args: {'lr': 0.005}
	 data_args: {'normalisation': 'zscore', 'batch_size': 128, 'batch_size_test': 64, 'fts_blacklist': {'s_o_cofreq'}}
	 training_args: {'epochs': 10, 'npp': 30, 'hyp_validation_mode': False}
	 tag: FB15k237-to-DBpedia50-from-chkpt-ID_6385341367018417_e10

loading dataset
DBpedia50
X_p: torch.Size([32203, 22])
n_local: 21
X_p: torch.Size([2095, 22])
n_local: 21
X_p: torch.Size([123, 22])
n_local: 21
Using a total of 21 features
done loading dataset
loading filters
done loading filters
loading negative samplers
init negative sampler with args
	fts_blacklist: {'s_o_cofreq'}
done loading negative samplers
running training and eval
TWIGI_Base(
  (linear_struct_1): Linear(in_features=21, out_features=10, bias=True)
  (relu_1): ReLU()
  (dropout_1): Dropout(p=0.01, inplace=False)
  (linear_struct_2): Linear(in_features=10, out_features=10, bias=True)
  (relu_2): ReLU()
  (dropout_2): Dropout(p=0.01, inplace=False)
  (linear_final): Linear(in_features=10, out_features=1, bias=True)
  (sigmoid_final): Sigmoid()
)
REC: Training with epochs = 10
Epoch 1 -- batch 0 / 252 loss: 0.029725205153226852
Epoch 2 -- batch 0 / 252 loss: 0.031234439462423325
Epoch 3 -- batch 0 / 252 loss: 0.03131106495857239
Epoch 4 -- batch 0 / 252 loss: 0.031026560813188553
Epoch 5 -- batch 0 / 252 loss: 0.030961981043219566
Saving checkpoint at epoch 5; prefix = FB15k237-to-DBpedia50-from-chkpt-ID_6385341367018417_e10-chkpt-ID_8362000134908123

==================================
Validation: dataloader for dataset DBpedia50
Validation: batch 0 / 2
batch 0 / 2 loss: 0.0642092227935791
Validation: batch 1 / 2
total number of ranks, torch.Size([246])
====== Ranks ======
ranks size: torch.Size([246])
test_loss: 0.1395319253206253
mr: 6973.951171875
mrr: 0.2848620116710663
h1: 0.22764228284358978
h3: 0.32926830649375916
h5: 0.33739838004112244
h10: 0.3739837408065796
==================================

Epoch 6 -- batch 0 / 252 loss: 0.03150183707475662
Epoch 7 -- batch 0 / 252 loss: 0.03196091204881668
Epoch 8 -- batch 0 / 252 loss: 0.030915966257452965
Epoch 9 -- batch 0 / 252 loss: 0.03067804127931595
Epoch 10 -- batch 0 / 252 loss: 0.03169562295079231
Saving checkpoint at epoch 10; prefix = FB15k237-to-DBpedia50-from-chkpt-ID_6385341367018417_e10-chkpt-ID_8362000134908123
Done Training!

==================================
Testing (cite this): dataloader for dataset DBpedia50
Testing (cite this): batch 0 / 33
batch 0 / 33 loss: 0.06147834286093712
Testing (cite this): batch 1 / 33
Testing (cite this): batch 2 / 33
Testing (cite this): batch 3 / 33
Testing (cite this): batch 4 / 33
Testing (cite this): batch 5 / 33
Testing (cite this): batch 6 / 33
Testing (cite this): batch 7 / 33
Testing (cite this): batch 8 / 33
Testing (cite this): batch 9 / 33
Testing (cite this): batch 10 / 33
Testing (cite this): batch 11 / 33
Testing (cite this): batch 12 / 33
Testing (cite this): batch 13 / 33
Testing (cite this): batch 14 / 33
Testing (cite this): batch 15 / 33
Testing (cite this): batch 16 / 33
Testing (cite this): batch 17 / 33
Testing (cite this): batch 18 / 33
Testing (cite this): batch 19 / 33
Testing (cite this): batch 20 / 33
Testing (cite this): batch 21 / 33
Testing (cite this): batch 22 / 33
Testing (cite this): batch 23 / 33
Testing (cite this): batch 24 / 33
Testing (cite this): batch 25 / 33
Testing (cite this): batch 26 / 33
Testing (cite this): batch 27 / 33
Testing (cite this): batch 28 / 33
Testing (cite this): batch 29 / 33
Testing (cite this): batch 30 / 33
Testing (cite this): batch 31 / 33
Testing (cite this): batch 32 / 33
total number of ranks, torch.Size([4190])
====== Ranks ======
ranks size: torch.Size([4190])
test_loss: 2.349060282111168
mr: 8327.3740234375
mrr: 0.28633779287338257
h1: 0.24486874043941498
h3: 0.3164677917957306
h5: 0.32649165391921997
h10: 0.3503580093383789
==================================

Done Testing!
done with training and eval
loading model settings from cache: checkpoints/FB15k237-pretrain-chkpt-ID_6385341367018417.pkl
Running job! The arguemnts recieved are:
	 dataset_names: WN18RR
	 model: TWIGI_Base(
  (linear_struct_1): Linear(in_features=21, out_features=10, bias=True)
  (relu_1): ReLU()
  (dropout_1): Dropout(p=0.01, inplace=False)
  (linear_struct_2): Linear(in_features=10, out_features=10, bias=True)
  (relu_2): ReLU()
  (dropout_2): Dropout(p=0.01, inplace=False)
  (linear_final): Linear(in_features=10, out_features=1, bias=True)
  (sigmoid_final): Sigmoid()
)
	 negative_sampler: simple
	 loss_function: margin-ranking(0.1)
	 early_stopper: None
	 optimizer: Adam (
Parameter Group 0
    amsgrad: False
    betas: (0.9, 0.999)
    capturable: False
    differentiable: False
    eps: 1e-08
    foreach: None
    fused: None
    lr: 0.0005
    maximize: False
    weight_decay: 0
)
	 optimizer_args: {'lr': 0.005}
	 data_args: {'normalisation': 'zscore', 'batch_size': 128, 'batch_size_test': 64, 'fts_blacklist': {'s_o_cofreq'}}
	 training_args: {'epochs': 10, 'npp': 500, 'hyp_validation_mode': False}
	 tag: FB15k237-to-WN18RR-from-chkpt-ID_6385341367018417_e10

loading dataset
WN18RR
X_p: torch.Size([86835, 22])
n_local: 21
X_p: torch.Size([2924, 22])
n_local: 21
X_p: torch.Size([2824, 22])
n_local: 21
Using a total of 21 features
done loading dataset
loading filters
done loading filters
loading negative samplers
init negative sampler with args
	fts_blacklist: {'s_o_cofreq'}
done loading negative samplers
running training and eval
TWIGI_Base(
  (linear_struct_1): Linear(in_features=21, out_features=10, bias=True)
  (relu_1): ReLU()
  (dropout_1): Dropout(p=0.01, inplace=False)
  (linear_struct_2): Linear(in_features=10, out_features=10, bias=True)
  (relu_2): ReLU()
  (dropout_2): Dropout(p=0.01, inplace=False)
  (linear_final): Linear(in_features=10, out_features=1, bias=True)
  (sigmoid_final): Sigmoid()
)
REC: Training with epochs = 10
Epoch 1 -- batch 0 / 679 loss: 0.08056043833494186
batch 500 / 679 loss: 0.07616882026195526
Epoch 2 -- batch 0 / 679 loss: 0.08077263832092285
batch 500 / 679 loss: 0.07684982568025589
Epoch 3 -- batch 0 / 679 loss: 0.08245864510536194
batch 500 / 679 loss: 0.07444192469120026
Epoch 4 -- batch 0 / 679 loss: 0.07956115156412125
batch 500 / 679 loss: 0.07662074267864227
Epoch 5 -- batch 0 / 679 loss: 0.08043719828128815
batch 500 / 679 loss: 0.07406014949083328
Saving checkpoint at epoch 5; prefix = FB15k237-to-WN18RR-from-chkpt-ID_6385341367018417_e10-chkpt-ID_7856004136327431

==================================
Validation: dataloader for dataset WN18RR
Validation: batch 0 / 45
batch 0 / 45 loss: 0.06895443052053452
Validation: batch 1 / 45
Validation: batch 2 / 45
Validation: batch 3 / 45
Validation: batch 4 / 45
Validation: batch 5 / 45
Validation: batch 6 / 45
Validation: batch 7 / 45
Validation: batch 8 / 45
Validation: batch 9 / 45
Validation: batch 10 / 45
Validation: batch 11 / 45
Validation: batch 12 / 45
Validation: batch 13 / 45
Validation: batch 14 / 45
Validation: batch 15 / 45
