loading model settings from cache: checkpoints/DBpedia50-pretrain-chkpt-ID_2429873403687784.pkl
Running job! The arguemnts recieved are:
	 dataset_names: DBpedia50
	 model: TWIGI_Base(
  (linear_struct_1): Linear(in_features=21, out_features=10, bias=True)
  (relu_1): ReLU()
  (dropout_1): Dropout(p=0.01, inplace=False)
  (linear_struct_2): Linear(in_features=10, out_features=10, bias=True)
  (relu_2): ReLU()
  (dropout_2): Dropout(p=0.01, inplace=False)
  (linear_final): Linear(in_features=10, out_features=1, bias=True)
  (sigmoid_final): Sigmoid()
)
	 negative_sampler: simple
	 loss_function: margin-ranking(0.1)
	 early_stopper: None
	 optimizer: Adam (
Parameter Group 0
    amsgrad: False
    betas: (0.9, 0.999)
    capturable: False
    differentiable: False
    eps: 1e-08
    foreach: None
    fused: None
    lr: 0.005
    maximize: False
    weight_decay: 0
)
	 optimizer_args: {'lr': 0.005}
	 data_args: {'normalisation': 'zscore', 'batch_size': 128, 'batch_size_test': 64, 'fts_blacklist': {'s_o_cofreq'}}
	 training_args: {'epochs': 0, 'npp': 30, 'hyp_validation_mode': False, 'valid_every_n': -1}
	 tag: DBpedia50-e10-eval-from-chkpt-ID_2429873403687784_e10

loading dataset
DBpedia50
X_p: torch.Size([32203, 22])
n_local: 21
X_p: torch.Size([2095, 22])
n_local: 21
X_p: torch.Size([123, 22])
n_local: 21
Using a total of 21 features
done loading dataset
loading filters
done loading filters
loading negative samplers
init negative sampler with args
	fts_blacklist: {'s_o_cofreq'}
done loading negative samplers
running training and eval
TWIGI_Base(
  (linear_struct_1): Linear(in_features=21, out_features=10, bias=True)
  (relu_1): ReLU()
  (dropout_1): Dropout(p=0.01, inplace=False)
  (linear_struct_2): Linear(in_features=10, out_features=10, bias=True)
  (relu_2): ReLU()
  (dropout_2): Dropout(p=0.01, inplace=False)
  (linear_final): Linear(in_features=10, out_features=1, bias=True)
  (sigmoid_final): Sigmoid()
)
REC: Training with epochs = 0
Done Training!

==================================
Testing (cite this): dataloader for dataset DBpedia50
Testing (cite this): batch 0 / 33
batch 0 / 33 loss: 0.08041498064994812
Testing (cite this): batch 1 / 33
Testing (cite this): batch 2 / 33
Testing (cite this): batch 3 / 33
Testing (cite this): batch 4 / 33
Testing (cite this): batch 5 / 33
Testing (cite this): batch 6 / 33
Testing (cite this): batch 7 / 33
