Arguments received: ['run_exp.py', 'base', 'WN18RR', '20', '5e-3', 'zscore', '128', '128', '500', '0', '1', 'simple', '1', 'o_p_cofreq', '1']
loading dataset
WN18RR
X_p: torch.Size([86835, 22])
n_local: 21
X_p: torch.Size([2924, 22])
n_local: 21
X_p: torch.Size([2824, 22])
n_local: 21
Using a total of 21 features
done loading dataset
loading filters
done loading filters
loading negative samplers
init negative sampler with args
	use_2_hop_fts: True
	fts_blacklist: {'o_p_cofreq'}
done loading negative samplers
Running in hyperparameter evaluation mode
TWIG will be evaulaited on the validation set
and will not be tested each epoch on the validation set
Creating a new model from scratch
loading NN
done loading NN
running training and eval
TWIGI_Base(
  (linear_struct_1): Linear(in_features=21, out_features=10, bias=True)
  (relu_1): ReLU()
  (dropout_1): Dropout(p=0.01, inplace=False)
  (linear_struct_2): Linear(in_features=10, out_features=10, bias=True)
  (relu_2): ReLU()
  (dropout_2): Dropout(p=0.01, inplace=False)
  (linear_final): Linear(in_features=10, out_features=1, bias=True)
  (sigmoid_final): Sigmoid()
)
REC: Training with epochs = 20
Epoch 1 -- batch 0 / 679 loss: 0.0009635562892071903
batch 500 / 679 loss: 0.00011781524517573416
Epoch 2 -- batch 0 / 679 loss: 6.351163847284624e-06
batch 500 / 679 loss: 0.00018549671221990138
Epoch 3 -- batch 0 / 679 loss: 1.4295688743004575e-05
batch 500 / 679 loss: 0.00017749195103533566
Epoch 4 -- batch 0 / 679 loss: 1.6231912013608962e-05
batch 500 / 679 loss: 0.00011716918379534036
Epoch 5 -- batch 0 / 679 loss: 2.1695972463930957e-05
batch 500 / 679 loss: 2.5336838007206097e-05
Saving checkpoint at epoch 5; prefix = chkpt-ID_4180396377821698
Epoch 6 -- batch 0 / 679 loss: 1.461172359995544e-05
batch 500 / 679 loss: 2.631308962008916e-05
Epoch 7 -- batch 0 / 679 loss: 1.473698557674652e-05
batch 500 / 679 loss: 2.2502226784126833e-05
Epoch 8 -- batch 0 / 679 loss: 1.154779238277115e-05
batch 500 / 679 loss: 2.7911995857721195e-05
Epoch 9 -- batch 0 / 679 loss: 1.0864184332604054e-05
batch 500 / 679 loss: 2.791122460621409e-05
Epoch 10 -- batch 0 / 679 loss: 1.606974910828285e-05
batch 500 / 679 loss: 2.2892321794643067e-05
Saving checkpoint at epoch 10; prefix = chkpt-ID_4180396377821698
Epoch 11 -- batch 0 / 679 loss: 7.115002972568618e-06
batch 500 / 679 loss: 1.983788752113469e-05
Epoch 12 -- batch 0 / 679 loss: 1.2239244824741036e-05
batch 500 / 679 loss: 2.6114546926692128e-05
Epoch 13 -- batch 0 / 679 loss: 1.2669808711507358e-05
batch 500 / 679 loss: 1.953982427949086e-05
Epoch 14 -- batch 0 / 679 loss: 1.1212014214834198e-05
batch 500 / 679 loss: 2.084082007058896e-05
Epoch 15 -- batch 0 / 679 loss: 1.3328111890587024e-05
batch 500 / 679 loss: 3.166471651638858e-05
Saving checkpoint at epoch 15; prefix = chkpt-ID_4180396377821698
Epoch 16 -- batch 0 / 679 loss: 7.890577762736939e-06
batch 500 / 679 loss: 0.00014571748033631593
Epoch 17 -- batch 0 / 679 loss: 1.202738167194184e-05
batch 500 / 679 loss: 2.8456990548875183e-05
Epoch 18 -- batch 0 / 679 loss: 1.141918073699344e-05
batch 500 / 679 loss: 6.415309326257557e-05
Epoch 19 -- batch 0 / 679 loss: 1.1339509001118131e-05
batch 500 / 679 loss: 2.869952550099697e-05
Epoch 20 -- batch 0 / 679 loss: 7.910121894383337e-06
batch 500 / 679 loss: 2.574781683506444e-05
Saving checkpoint at epoch 20; prefix = chkpt-ID_4180396377821698
Done Training!

==================================
Testing (cite this): dataloader for dataset WN18RR
Testing (cite this): batch 0 / 23
batch 0 / 23 loss: 0.1000523567199707
Testing (cite this): batch 1 / 23
Testing (cite this): batch 2 / 23
Testing (cite this): batch 3 / 23
Testing (cite this): batch 4 / 23
Testing (cite this): batch 5 / 23
Testing (cite this): batch 6 / 23
Testing (cite this): batch 7 / 23
Testing (cite this): batch 8 / 23
Testing (cite this): batch 9 / 23
Testing (cite this): batch 10 / 23
Testing (cite this): batch 11 / 23
Testing (cite this): batch 12 / 23
Testing (cite this): batch 13 / 23
Testing (cite this): batch 14 / 23
Testing (cite this): batch 15 / 23
Testing (cite this): batch 16 / 23
Testing (cite this): batch 17 / 23
Testing (cite this): batch 18 / 23
Testing (cite this): batch 19 / 23
Testing (cite this): batch 20 / 23
Testing (cite this): batch 21 / 23
Testing (cite this): batch 22 / 23
total number of ranks, torch.Size([5648])
====== Ranks ======
ranks size: torch.Size([5648])
test_loss: 2.276974596083164
mr: 14278.6630859375
mrr: 0.02198249101638794
h1: 0.012924929149448872
h3: 0.02620396576821804
h5: 0.03487960249185562
h10: 0.04143059626221657
==================================

Done Testing!
done with training and eval
Experiments took 9395 seconds on 
