Arguments received: ['run_exp.py', 'base', 'WN18RR', '20', '5e-3', 'zscore', '128', '128', '500', '0', '1', 'simple', '1', 'o_num_neighbours s_num_neighbours', '1']
loading dataset
WN18RR
X_p: torch.Size([86835, 21])
n_local: 20
X_p: torch.Size([2924, 21])
n_local: 20
X_p: torch.Size([2824, 21])
n_local: 20
Using a total of 20 features
done loading dataset
loading filters
done loading filters
loading negative samplers
init negative sampler with args
	use_2_hop_fts: True
	fts_blacklist: {'s_num_neighbours', 'o_num_neighbours'}
done loading negative samplers
Running in hyperparameter evaluation mode
TWIG will be evaulaited on the validation set
and will not be tested each epoch on the validation set
Creating a new model from scratch
loading NN
done loading NN
running training and eval
TWIGI_Base(
  (linear_struct_1): Linear(in_features=20, out_features=10, bias=True)
  (relu_1): ReLU()
  (dropout_1): Dropout(p=0.01, inplace=False)
  (linear_struct_2): Linear(in_features=10, out_features=10, bias=True)
  (relu_2): ReLU()
  (dropout_2): Dropout(p=0.01, inplace=False)
  (linear_final): Linear(in_features=10, out_features=1, bias=True)
  (sigmoid_final): Sigmoid()
)
REC: Training with epochs = 20
Epoch 1 -- batch 0 / 679 loss: 0.07982692122459412
batch 500 / 679 loss: 0.0001398784515913576
Epoch 2 -- batch 0 / 679 loss: 1.609854916750919e-05
batch 500 / 679 loss: 0.0001702627632766962
Epoch 3 -- batch 0 / 679 loss: 6.782266154914396e-06
batch 500 / 679 loss: 0.0001398346503265202
Epoch 4 -- batch 0 / 679 loss: 1.3866416338714771e-05
batch 500 / 679 loss: 0.00014829132123850286
Epoch 5 -- batch 0 / 679 loss: 1.5792351405252703e-05
batch 500 / 679 loss: 0.00014940973778720945
Saving checkpoint at epoch 5; prefix = chkpt-ID_6030941088054599
Epoch 6 -- batch 0 / 679 loss: 7.180301508924458e-06
batch 500 / 679 loss: 0.0001694012898951769
Epoch 7 -- batch 0 / 679 loss: 1.7667234715190716e-05
batch 500 / 679 loss: 0.00016624823911115527
Epoch 8 -- batch 0 / 679 loss: 1.7943628336070105e-05
batch 500 / 679 loss: 0.00018701462249737233
Epoch 9 -- batch 0 / 679 loss: 1.1632913810899481e-05
batch 500 / 679 loss: 0.0001614848297322169
Epoch 10 -- batch 0 / 679 loss: 1.9507750039338134e-05
batch 500 / 679 loss: 0.0001697771076578647
Saving checkpoint at epoch 10; prefix = chkpt-ID_6030941088054599
Epoch 11 -- batch 0 / 679 loss: 6.272376140259439e-06
batch 500 / 679 loss: 0.00018854359223041683
Epoch 12 -- batch 0 / 679 loss: 2.227750519523397e-05
batch 500 / 679 loss: 0.00018367408483754843
Epoch 13 -- batch 0 / 679 loss: 1.4459908925346099e-05
batch 500 / 679 loss: 0.00014393197488971055
Epoch 14 -- batch 0 / 679 loss: 4.2773654058692046e-06
batch 500 / 679 loss: 0.00018157791055273265
Epoch 15 -- batch 0 / 679 loss: 5.381721621233737e-06
batch 500 / 679 loss: 0.00015651437570340931
Saving checkpoint at epoch 15; prefix = chkpt-ID_6030941088054599
Epoch 16 -- batch 0 / 679 loss: 1.3440600014291704e-05
batch 500 / 679 loss: 0.00015545616042800248
Epoch 17 -- batch 0 / 679 loss: 1.1705653378157876e-05
batch 500 / 679 loss: 0.00015642569633200765
Epoch 18 -- batch 0 / 679 loss: 4.345838988228934e-06
batch 500 / 679 loss: 0.00015952441026456654
Epoch 19 -- batch 0 / 679 loss: 1.846540362748783e-05
batch 500 / 679 loss: 0.00016598096408415586
Epoch 20 -- batch 0 / 679 loss: 1.2618475921044592e-05
batch 500 / 679 loss: 0.00016930773563217372
Saving checkpoint at epoch 20; prefix = chkpt-ID_6030941088054599
Done Training!

==================================
Testing (cite this): dataloader for dataset WN18RR
Testing (cite this): batch 0 / 23
batch 0 / 23 loss: 0.10714961588382721
Testing (cite this): batch 1 / 23
Testing (cite this): batch 2 / 23
Testing (cite this): batch 3 / 23
Testing (cite this): batch 4 / 23
Testing (cite this): batch 5 / 23
Testing (cite this): batch 6 / 23
Testing (cite this): batch 7 / 23
Testing (cite this): batch 8 / 23
Testing (cite this): batch 9 / 23
Testing (cite this): batch 10 / 23
Testing (cite this): batch 11 / 23
Testing (cite this): batch 12 / 23
Testing (cite this): batch 13 / 23
Testing (cite this): batch 14 / 23
Testing (cite this): batch 15 / 23
Testing (cite this): batch 16 / 23
Testing (cite this): batch 17 / 23
Testing (cite this): batch 18 / 23
Testing (cite this): batch 19 / 23
Testing (cite this): batch 20 / 23
Testing (cite this): batch 21 / 23
Testing (cite this): batch 22 / 23
total number of ranks, torch.Size([5648])
====== Ranks ======
ranks size: torch.Size([5648])
test_loss: 2.4397702142596245
mr: 27238.19921875
mrr: 0.012898271903395653
h1: 0.005488668568432331
h3: 0.018236543983221054
h5: 0.02106940560042858
h10: 0.024079320952296257
==================================

Done Testing!
done with training and eval
Experiments took 9206 seconds on 
