Arguments received: ['run_exp.py', 'base', 'WN18RR', '20', '5e-3', 'zscore', '128', '128', '500', '0', '1', 'simple', '1', 'o_max_deg_neighbour s_max_deg_neighbour', '1']
loading dataset
WN18RR
X_p: torch.Size([86835, 21])
n_local: 20
X_p: torch.Size([2924, 21])
n_local: 20
X_p: torch.Size([2824, 21])
n_local: 20
Using a total of 20 features
done loading dataset
loading filters
done loading filters
loading negative samplers
init negative sampler with args
	use_2_hop_fts: True
	fts_blacklist: {'o_max_deg_neighbour', 's_max_deg_neighbour'}
done loading negative samplers
Running in hyperparameter evaluation mode
TWIG will be evaulaited on the validation set
and will not be tested each epoch on the validation set
Creating a new model from scratch
loading NN
done loading NN
running training and eval
TWIGI_Base(
  (linear_struct_1): Linear(in_features=20, out_features=10, bias=True)
  (relu_1): ReLU()
  (dropout_1): Dropout(p=0.01, inplace=False)
  (linear_struct_2): Linear(in_features=10, out_features=10, bias=True)
  (relu_2): ReLU()
  (dropout_2): Dropout(p=0.01, inplace=False)
  (linear_final): Linear(in_features=10, out_features=1, bias=True)
  (sigmoid_final): Sigmoid()
)
REC: Training with epochs = 20
Epoch 1 -- batch 0 / 679 loss: 0.08044242858886719
batch 500 / 679 loss: 0.0001661059504840523
Epoch 2 -- batch 0 / 679 loss: 3.490300878183916e-05
batch 500 / 679 loss: 0.00016614908236078918
Epoch 3 -- batch 0 / 679 loss: 1.0693178410292603e-05
batch 500 / 679 loss: 0.0001511017035227269
Epoch 4 -- batch 0 / 679 loss: 2.5057543098228052e-05
batch 500 / 679 loss: 0.00014116885722614825
Epoch 5 -- batch 0 / 679 loss: 1.1660358723020181e-05
batch 500 / 679 loss: 0.00015774951316416264
Saving checkpoint at epoch 5; prefix = chkpt-ID_4134146172292219
Epoch 6 -- batch 0 / 679 loss: 2.2820389858679846e-05
batch 500 / 679 loss: 5.686636723112315e-05
Epoch 7 -- batch 0 / 679 loss: 2.0956676962669007e-05
batch 500 / 679 loss: 4.283466478227638e-05
Epoch 8 -- batch 0 / 679 loss: 2.7891934223589487e-05
batch 500 / 679 loss: 1.9793056708294898e-05
Epoch 9 -- batch 0 / 679 loss: 2.715954906307161e-05
batch 500 / 679 loss: 1.544285987620242e-05
Epoch 10 -- batch 0 / 679 loss: 1.0152653885597829e-05
batch 500 / 679 loss: 2.0565783415804617e-05
Saving checkpoint at epoch 10; prefix = chkpt-ID_4134146172292219
Epoch 11 -- batch 0 / 679 loss: 1.0420723810966592e-05
batch 500 / 679 loss: 2.3846809199312702e-05
Epoch 12 -- batch 0 / 679 loss: 1.4770943380426615e-05
batch 500 / 679 loss: 9.540160135657061e-06
Epoch 13 -- batch 0 / 679 loss: 0.0002844553964678198
batch 500 / 679 loss: 2.676184885785915e-05
Epoch 14 -- batch 0 / 679 loss: 6.301275789155625e-06
batch 500 / 679 loss: 1.7369162378599867e-05
Epoch 15 -- batch 0 / 679 loss: 4.66368055640487e-06
batch 500 / 679 loss: 1.8760796592687257e-05
Saving checkpoint at epoch 15; prefix = chkpt-ID_4134146172292219
Epoch 16 -- batch 0 / 679 loss: 4.428212378115859e-06
batch 500 / 679 loss: 2.5457589799771085e-05
Epoch 17 -- batch 0 / 679 loss: 1.649298246775288e-05
batch 500 / 679 loss: 1.7159527487820014e-05
Epoch 18 -- batch 0 / 679 loss: 2.6464482289156877e-05
batch 500 / 679 loss: 2.650545138749294e-05
Epoch 19 -- batch 0 / 679 loss: 1.3958109775558114e-05
batch 500 / 679 loss: 1.2076610801159404e-05
Epoch 20 -- batch 0 / 679 loss: 1.082825747289462e-05
batch 500 / 679 loss: 9.421101822226774e-06
Saving checkpoint at epoch 20; prefix = chkpt-ID_4134146172292219
Done Training!

==================================
Testing (cite this): dataloader for dataset WN18RR
Testing (cite this): batch 0 / 23
batch 0 / 23 loss: 0.09856607019901276
Testing (cite this): batch 1 / 23
Testing (cite this): batch 2 / 23
Testing (cite this): batch 3 / 23
Testing (cite this): batch 4 / 23
Testing (cite this): batch 5 / 23
Testing (cite this): batch 6 / 23
Testing (cite this): batch 7 / 23
Testing (cite this): batch 8 / 23
Testing (cite this): batch 9 / 23
Testing (cite this): batch 10 / 23
Testing (cite this): batch 11 / 23
Testing (cite this): batch 12 / 23
Testing (cite this): batch 13 / 23
Testing (cite this): batch 14 / 23
Testing (cite this): batch 15 / 23
Testing (cite this): batch 16 / 23
Testing (cite this): batch 17 / 23
Testing (cite this): batch 18 / 23
Testing (cite this): batch 19 / 23
Testing (cite this): batch 20 / 23
Testing (cite this): batch 21 / 23
Testing (cite this): batch 22 / 23
total number of ranks, torch.Size([5648])
====== Ranks ======
ranks size: torch.Size([5648])
test_loss: 2.227868914604187
mr: 27569.873046875
mrr: 0.03683038055896759
h1: 0.03009914979338646
h3: 0.041961755603551865
h5: 0.045502834022045135
h10: 0.04833569377660751
==================================

Done Testing!
done with training and eval
Experiments took 9073 seconds on 
