Arguments received: ['run_exp.py', 'base', 'WN18RR', '20', '5e-3', 'zscore', '128', '128', '500', '0', '1', 'simple', '1', 'None', '1']
loading dataset
WN18RR
X_p: torch.Size([86835, 23])
n_local: 22
X_p: torch.Size([2924, 23])
n_local: 22
X_p: torch.Size([2824, 23])
n_local: 22
Using a total of 22 features
done loading dataset
loading filters
done loading filters
loading negative samplers
init negative sampler with args
	use_2_hop_fts: True
	fts_blacklist: {'None'}
done loading negative samplers
Running in hyperparameter evaluation mode
TWIG will be evaulaited on the validation set
and will not be tested each epoch on the validation set
Creating a new model from scratch
loading NN
done loading NN
running training and eval
TWIGI_Base(
  (linear_struct_1): Linear(in_features=22, out_features=10, bias=True)
  (relu_1): ReLU()
  (dropout_1): Dropout(p=0.01, inplace=False)
  (linear_struct_2): Linear(in_features=10, out_features=10, bias=True)
  (relu_2): ReLU()
  (dropout_2): Dropout(p=0.01, inplace=False)
  (linear_final): Linear(in_features=10, out_features=1, bias=True)
  (sigmoid_final): Sigmoid()
)
REC: Training with epochs = 20
Epoch 1 -- batch 0 / 679 loss: 0.14691275358200073
batch 500 / 679 loss: 0.00019610508752521127
Epoch 2 -- batch 0 / 679 loss: 1.7481917893746868e-05
batch 500 / 679 loss: 0.00018827278108801693
Epoch 3 -- batch 0 / 679 loss: 1.133485602622386e-05
batch 500 / 679 loss: 0.00017575439414940774
Epoch 4 -- batch 0 / 679 loss: 1.591858199390117e-05
batch 500 / 679 loss: 0.00014952135097701102
Epoch 5 -- batch 0 / 679 loss: 2.9951501346658915e-05
batch 500 / 679 loss: 0.0001401311019435525
Saving checkpoint at epoch 5; prefix = chkpt-ID_5876559551348378
Epoch 6 -- batch 0 / 679 loss: 7.82552069722442e-06
batch 500 / 679 loss: 0.00011105113662779331
Epoch 7 -- batch 0 / 679 loss: 1.3696064343093894e-05
batch 500 / 679 loss: 6.979409954510629e-05
Epoch 8 -- batch 0 / 679 loss: 1.9158003851771355e-05
batch 500 / 679 loss: 1.750421324686613e-05
Epoch 9 -- batch 0 / 679 loss: 5.885932750970824e-06
batch 500 / 679 loss: 2.178219256165903e-05
Epoch 10 -- batch 0 / 679 loss: 2.234434214187786e-05
batch 500 / 679 loss: 3.543275670381263e-05
Saving checkpoint at epoch 10; prefix = chkpt-ID_5876559551348378
Epoch 11 -- batch 0 / 679 loss: 1.6931484424276277e-05
batch 500 / 679 loss: 2.3242944735102355e-05
Epoch 12 -- batch 0 / 679 loss: 1.3455364751280285e-05
batch 500 / 679 loss: 1.9012108168681152e-05
Epoch 13 -- batch 0 / 679 loss: 1.2639718988793902e-05
batch 500 / 679 loss: 1.9889388568117283e-05
Epoch 14 -- batch 0 / 679 loss: 6.406060947483638e-06
batch 500 / 679 loss: 2.4840119294822216e-05
Epoch 15 -- batch 0 / 679 loss: 5.65307436772855e-06
batch 500 / 679 loss: 1.8352877305005677e-05
Saving checkpoint at epoch 15; prefix = chkpt-ID_5876559551348378
Epoch 16 -- batch 0 / 679 loss: 2.011521064559929e-05
batch 500 / 679 loss: 1.7076603398891166e-05
Epoch 17 -- batch 0 / 679 loss: 1.0261157513014041e-05
batch 500 / 679 loss: 2.626836248964537e-05
Epoch 18 -- batch 0 / 679 loss: 1.6686539311194792e-05
batch 500 / 679 loss: 1.1242243999731727e-05
Epoch 19 -- batch 0 / 679 loss: 1.1957647984672803e-05
batch 500 / 679 loss: 2.6931687898468226e-05
Epoch 20 -- batch 0 / 679 loss: 5.409505320130847e-06
batch 500 / 679 loss: 1.763443651725538e-05
Saving checkpoint at epoch 20; prefix = chkpt-ID_5876559551348378
Done Training!

==================================
Testing (cite this): dataloader for dataset WN18RR
Testing (cite this): batch 0 / 23
batch 0 / 23 loss: 0.09925024956464767
Testing (cite this): batch 1 / 23
Testing (cite this): batch 2 / 23
Testing (cite this): batch 3 / 23
Testing (cite this): batch 4 / 23
Testing (cite this): batch 5 / 23
Testing (cite this): batch 6 / 23
Testing (cite this): batch 7 / 23
Testing (cite this): batch 8 / 23
Testing (cite this): batch 9 / 23
Testing (cite this): batch 10 / 23
Testing (cite this): batch 11 / 23
Testing (cite this): batch 12 / 23
Testing (cite this): batch 13 / 23
Testing (cite this): batch 14 / 23
Testing (cite this): batch 15 / 23
Testing (cite this): batch 16 / 23
Testing (cite this): batch 17 / 23
Testing (cite this): batch 18 / 23
Testing (cite this): batch 19 / 23
Testing (cite this): batch 20 / 23
Testing (cite this): batch 21 / 23
Testing (cite this): batch 22 / 23
total number of ranks, torch.Size([5648])
====== Ranks ======
ranks size: torch.Size([5648])
test_loss: 2.2171925604343414
mr: 11753.609375
mrr: 0.029430611059069633
h1: 0.021777620539069176
h3: 0.03346317261457443
h5: 0.03665013983845711
h10: 0.04125354066491127
==================================

Done Testing!
done with training and eval
Experiments took 9002 seconds on 
