Arguments received: ['run_exp.py', 'base', 'WN18RR', '20', '5e-3', 'zscore', '128', '128', '500', '0', '1', 'simple', '1', 'o_min_deg_neighbour s_min_deg_neighbour', '1']
loading dataset
WN18RR
X_p: torch.Size([86835, 21])
n_local: 20
X_p: torch.Size([2924, 21])
n_local: 20
X_p: torch.Size([2824, 21])
n_local: 20
Using a total of 20 features
done loading dataset
loading filters
done loading filters
loading negative samplers
init negative sampler with args
	use_2_hop_fts: True
	fts_blacklist: {'s_min_deg_neighbour', 'o_min_deg_neighbour'}
done loading negative samplers
Running in hyperparameter evaluation mode
TWIG will be evaulaited on the validation set
and will not be tested each epoch on the validation set
Creating a new model from scratch
loading NN
done loading NN
running training and eval
TWIGI_Base(
  (linear_struct_1): Linear(in_features=20, out_features=10, bias=True)
  (relu_1): ReLU()
  (dropout_1): Dropout(p=0.01, inplace=False)
  (linear_struct_2): Linear(in_features=10, out_features=10, bias=True)
  (relu_2): ReLU()
  (dropout_2): Dropout(p=0.01, inplace=False)
  (linear_final): Linear(in_features=10, out_features=1, bias=True)
  (sigmoid_final): Sigmoid()
)
REC: Training with epochs = 20
Epoch 1 -- batch 0 / 679 loss: 0.07940013706684113
batch 500 / 679 loss: 0.00014928661403246224
Epoch 2 -- batch 0 / 679 loss: 2.389950714132283e-05
batch 500 / 679 loss: 0.00016345310723409057
Epoch 3 -- batch 0 / 679 loss: 1.1593141607590951e-05
batch 500 / 679 loss: 0.00018802625709213316
Epoch 4 -- batch 0 / 679 loss: 8.675637218402699e-06
batch 500 / 679 loss: 0.00017951670452021062
Epoch 5 -- batch 0 / 679 loss: 1.6704438166925684e-05
batch 500 / 679 loss: 0.00011982809519395232
Saving checkpoint at epoch 5; prefix = chkpt-ID_6101281012023136
Epoch 6 -- batch 0 / 679 loss: 2.241240508737974e-05
batch 500 / 679 loss: 2.0593581211869605e-05
Epoch 7 -- batch 0 / 679 loss: 1.3704632692679297e-05
batch 500 / 679 loss: 2.2078682377468795e-05
Epoch 8 -- batch 0 / 679 loss: 5.68038603887544e-06
batch 500 / 679 loss: 1.3362449863052461e-05
Epoch 9 -- batch 0 / 679 loss: 1.5381498087663203e-05
batch 500 / 679 loss: 1.4554192603100091e-05
Epoch 10 -- batch 0 / 679 loss: 1.495736614742782e-05
batch 500 / 679 loss: 1.8680528228287585e-05
Saving checkpoint at epoch 10; prefix = chkpt-ID_6101281012023136
Epoch 11 -- batch 0 / 679 loss: 1.7797179680201225e-05
batch 500 / 679 loss: 2.6594258088152856e-05
Epoch 12 -- batch 0 / 679 loss: 1.1125315722892992e-05
batch 500 / 679 loss: 2.4669458071002737e-05
Epoch 13 -- batch 0 / 679 loss: 7.085874131007586e-06
batch 500 / 679 loss: 2.40203535213368e-05
Epoch 14 -- batch 0 / 679 loss: 4.807140157936374e-06
batch 500 / 679 loss: 4.153777990723029e-05
Epoch 15 -- batch 0 / 679 loss: 2.326180492673302e-06
batch 500 / 679 loss: 1.6751291695982218e-05
Saving checkpoint at epoch 15; prefix = chkpt-ID_6101281012023136
Epoch 16 -- batch 0 / 679 loss: 1.813120979932137e-05
batch 500 / 679 loss: 3.382346039870754e-05
Epoch 17 -- batch 0 / 679 loss: 3.483357886580052e-06
batch 500 / 679 loss: 9.262472303817049e-06
Epoch 18 -- batch 0 / 679 loss: 1.7562153516337276e-05
batch 500 / 679 loss: 1.7468097212258726e-05
Epoch 19 -- batch 0 / 679 loss: 7.396164619422052e-06
batch 500 / 679 loss: 2.626297646202147e-05
Epoch 20 -- batch 0 / 679 loss: 4.591573997458909e-06
batch 500 / 679 loss: 2.707683597691357e-05
Saving checkpoint at epoch 20; prefix = chkpt-ID_6101281012023136
Done Training!

==================================
Testing (cite this): dataloader for dataset WN18RR
Testing (cite this): batch 0 / 23
batch 0 / 23 loss: 0.09881092607975006
Testing (cite this): batch 1 / 23
Testing (cite this): batch 2 / 23
Testing (cite this): batch 3 / 23
Testing (cite this): batch 4 / 23
Testing (cite this): batch 5 / 23
Testing (cite this): batch 6 / 23
Testing (cite this): batch 7 / 23
Testing (cite this): batch 8 / 23
Testing (cite this): batch 9 / 23
Testing (cite this): batch 10 / 23
Testing (cite this): batch 11 / 23
Testing (cite this): batch 12 / 23
Testing (cite this): batch 13 / 23
Testing (cite this): batch 14 / 23
Testing (cite this): batch 15 / 23
Testing (cite this): batch 16 / 23
Testing (cite this): batch 17 / 23
Testing (cite this): batch 18 / 23
Testing (cite this): batch 19 / 23
Testing (cite this): batch 20 / 23
Testing (cite this): batch 21 / 23
Testing (cite this): batch 22 / 23
total number of ranks, torch.Size([5648])
====== Ranks ======
ranks size: torch.Size([5648])
test_loss: 2.1672493070364
mr: 26277.603515625
mrr: 0.0804748386144638
h1: 0.07046741992235184
h3: 0.08888102322816849
h5: 0.09295325726270676
h10: 0.09649433195590973
==================================

Done Testing!
done with training and eval
Experiments took 9603 seconds on 
